[2023-06-26T03:08:22.508+0000] {taskinstance.py:1090} INFO - Dependencies all met for dep_context=non-requeueable deps ti=<TaskInstance: sample_dag.greet scheduled__2023-06-23T00:00:00+00:00 [queued]>
[2023-06-26T03:08:22.520+0000] {taskinstance.py:1090} INFO - Dependencies all met for dep_context=requeueable deps ti=<TaskInstance: sample_dag.greet scheduled__2023-06-23T00:00:00+00:00 [queued]>
[2023-06-26T03:08:22.520+0000] {taskinstance.py:1288} INFO - 
--------------------------------------------------------------------------------
[2023-06-26T03:08:22.520+0000] {taskinstance.py:1289} INFO - Starting attempt 1 of 2
[2023-06-26T03:08:22.520+0000] {taskinstance.py:1290} INFO - 
--------------------------------------------------------------------------------
[2023-06-26T03:08:22.534+0000] {taskinstance.py:1309} INFO - Executing <Task(PythonOperator): greet> on 2023-06-23 00:00:00+00:00
[2023-06-26T03:08:22.536+0000] {standard_task_runner.py:55} INFO - Started process 106 to run task
[2023-06-26T03:08:22.538+0000] {standard_task_runner.py:82} INFO - Running: ['***', 'tasks', 'run', 'sample_dag', 'greet', 'scheduled__2023-06-23T00:00:00+00:00', '--job-id', '234', '--raw', '--subdir', 'DAGS_FOLDER/test_dag.py', '--cfg-path', '/tmp/tmpehdoisfi']
[2023-06-26T03:08:22.539+0000] {standard_task_runner.py:83} INFO - Job 234: Subtask greet
[2023-06-26T03:08:23.064+0000] {task_command.py:389} INFO - Running <TaskInstance: sample_dag.greet scheduled__2023-06-23T00:00:00+00:00 [running]> on host sample-dag-greet-39c45247e93449beb041ac185b06f29f
[2023-06-26T03:08:23.811+0000] {logging_mixin.py:137} WARNING - /home/***/.local/lib/python3.8/site-packages/***/kubernetes/kube_config.py:58 DeprecationWarning: The namespace option in [kubernetes] has been moved to the namespace option in [kubernetes_executor] - the old setting has been used, but please update your config.
[2023-06-26T03:08:23.812+0000] {logging_mixin.py:137} WARNING - /home/***/.local/lib/python3.8/site-packages/***/kubernetes/kube_config.py:64 DeprecationWarning: The namespace option in [kubernetes] has been moved to the namespace option in [kubernetes_executor] - the old setting has been used, but please update your config.
[2023-06-26T03:08:23.813+0000] {pod_generator.py:424} WARNING - Model file /opt/***/pod_templates/pod_template.yaml does not exist
[2023-06-26T03:08:23.854+0000] {taskinstance.py:1516} INFO - Exporting the following env vars:
AIRFLOW_CTX_DAG_OWNER=***
AIRFLOW_CTX_DAG_ID=sample_dag
AIRFLOW_CTX_TASK_ID=greet
AIRFLOW_CTX_EXECUTION_DATE=2023-06-23T00:00:00+00:00
AIRFLOW_CTX_TRY_NUMBER=1
AIRFLOW_CTX_DAG_RUN_ID=scheduled__2023-06-23T00:00:00+00:00
[2023-06-26T03:08:23.855+0000] {logging_mixin.py:137} INFO - Hello, John!
[2023-06-26T03:08:33.865+0000] {python.py:177} INFO - Done. Returned value was: None
[2023-06-26T03:08:33.895+0000] {taskinstance.py:1327} INFO - Marking task as SUCCESS. dag_id=sample_dag, task_id=greet, execution_date=20230623T000000, start_date=20230626T030822, end_date=20230626T030833
[2023-06-26T03:08:33.948+0000] {local_task_job.py:212} INFO - Task exited with return code 0
[2023-06-26T03:08:33.990+0000] {taskinstance.py:2596} INFO - 0 downstream tasks scheduled from follow-on schedule check
