[2023-07-03T05:08:05.709+0000] {taskinstance.py:1090} INFO - Dependencies all met for dep_context=non-requeueable deps ti=<TaskInstance: yolov5_ml_pipeline.detect_images manual__2023-07-03T05:07:25.390010+00:00 [queued]>
[2023-07-03T05:08:05.721+0000] {taskinstance.py:1090} INFO - Dependencies all met for dep_context=requeueable deps ti=<TaskInstance: yolov5_ml_pipeline.detect_images manual__2023-07-03T05:07:25.390010+00:00 [queued]>
[2023-07-03T05:08:05.721+0000] {taskinstance.py:1288} INFO - 
--------------------------------------------------------------------------------
[2023-07-03T05:08:05.722+0000] {taskinstance.py:1289} INFO - Starting attempt 1 of 1
[2023-07-03T05:08:05.722+0000] {taskinstance.py:1290} INFO - 
--------------------------------------------------------------------------------
[2023-07-03T05:08:05.739+0000] {taskinstance.py:1309} INFO - Executing <Task(KubernetesPodOperator): detect_images> on 2023-07-03 05:07:25.390010+00:00
[2023-07-03T05:08:05.744+0000] {standard_task_runner.py:55} INFO - Started process 106 to run task
[2023-07-03T05:08:05.746+0000] {standard_task_runner.py:82} INFO - Running: ['***', 'tasks', 'run', 'yolov5_ml_pipeline', 'detect_images', 'manual__2023-07-03T05:07:25.390010+00:00', '--job-id', '289', '--raw', '--subdir', 'DAGS_FOLDER/yolov5_pipe.py', '--cfg-path', '/tmp/tmp_o8xlv5j']
[2023-07-03T05:08:05.747+0000] {standard_task_runner.py:83} INFO - Job 289: Subtask detect_images
[2023-07-03T05:08:06.348+0000] {task_command.py:389} INFO - Running <TaskInstance: yolov5_ml_pipeline.detect_images manual__2023-07-03T05:07:25.390010+00:00 [running]> on host yolov5-ml-pipeline-detect-imag-4866e379977144dba529475743fe48ef
[2023-07-03T05:08:07.197+0000] {logging_mixin.py:137} WARNING - /home/***/.local/lib/python3.8/site-packages/***/kubernetes/kube_config.py:58 DeprecationWarning: The namespace option in [kubernetes] has been moved to the namespace option in [kubernetes_executor] - the old setting has been used, but please update your config.
[2023-07-03T05:08:07.198+0000] {logging_mixin.py:137} WARNING - /home/***/.local/lib/python3.8/site-packages/***/kubernetes/kube_config.py:64 DeprecationWarning: The namespace option in [kubernetes] has been moved to the namespace option in [kubernetes_executor] - the old setting has been used, but please update your config.
[2023-07-03T05:08:07.199+0000] {pod_generator.py:424} WARNING - Model file /opt/***/pod_templates/pod_template.yaml does not exist
[2023-07-03T05:08:07.237+0000] {taskinstance.py:1516} INFO - Exporting the following env vars:
AIRFLOW_CTX_DAG_OWNER=***
AIRFLOW_CTX_DAG_ID=yolov5_ml_pipeline
AIRFLOW_CTX_TASK_ID=detect_images
AIRFLOW_CTX_EXECUTION_DATE=2023-07-03T05:07:25.390010+00:00
AIRFLOW_CTX_TRY_NUMBER=1
AIRFLOW_CTX_DAG_RUN_ID=manual__2023-07-03T05:07:25.390010+00:00
[2023-07-03T05:08:07.240+0000] {kubernetes_pod.py:815} INFO - Building pod detect-images-9dgij1sm with labels: {'dag_id': 'yolov5_ml_pipeline', 'task_id': 'detect_images', 'run_id': 'manual__2023-07-03T050725.3900100000-c72943d1f', 'kubernetes_pod_operator': 'True', 'try_number': '1'}
[2023-07-03T05:08:07.321+0000] {kubernetes_pod.py:476} INFO - Found matching pod detect-images-9dgij1sm with labels {'airflow_kpo_in_cluster': 'True', 'airflow_version': '2.5.3', 'app': 'my_app', 'dag_id': 'yolov5_ml_pipeline', 'kubernetes_pod_operator': 'True', 'run_id': 'manual__2023-07-03T050725.3900100000-c72943d1f', 'task_id': 'detect_images', 'try_number': '1'}
[2023-07-03T05:08:07.321+0000] {kubernetes_pod.py:477} INFO - `try_number` of task_instance: 1
[2023-07-03T05:08:07.322+0000] {kubernetes_pod.py:478} INFO - `try_number` of pod: 1
[2023-07-03T05:08:07.330+0000] {pod_manager.py:187} WARNING - Pod not yet started: detect-images-9dgij1sm
[2023-07-03T05:08:08.343+0000] {pod_manager.py:187} WARNING - Pod not yet started: detect-images-9dgij1sm
[2023-07-03T05:08:09.352+0000] {pod_manager.py:187} WARNING - Pod not yet started: detect-images-9dgij1sm
[2023-07-03T05:08:10.363+0000] {pod_manager.py:187} WARNING - Pod not yet started: detect-images-9dgij1sm
[2023-07-03T05:08:13.734+0000] {pod_manager.py:235} INFO - [34m[1mdetect: [0mweights=['yolov5s.pt'], source=/data/input/, data=data/coco128.yaml, imgsz=[640, 640], conf_thres=0.25, iou_thres=0.45, max_det=1000, device=, view_img=False, save_txt=False, save_conf=False, save_crop=False, nosave=False, classes=None, agnostic_nms=False, augment=False, visualize=False, update=False, project=/data/output/, name=exp, exist_ok=False, line_thickness=3, hide_labels=False, hide_conf=False, half=False, dnn=False, vid_stride=1
[2023-07-03T05:08:14.054+0000] {pod_manager.py:235} INFO - YOLOv5 🚀 v7.0-188-gd19439a Python-3.10.9 torch-2.0.0 CUDA:0 (NVIDIA GeForce RTX 3090, 24267MiB)
[2023-07-03T05:08:14.054+0000] {pod_manager.py:235} INFO - 
[2023-07-03T05:08:14.429+0000] {pod_manager.py:235} INFO - Downloading https://github.com/ultralytics/yolov5/releases/download/v7.0/yolov5s.pt to yolov5s.pt...
[2023-07-03T05:08:15.179+0000] {pod_manager.py:235} INFO -   0%|          | 0.00/14.1M [00:00<?, ?B/s] 75%|███████▌  | 10.6M/14.1M [00:00<00:00, 111MB/s]100%|██████████| 14.1M/14.1M [00:00<00:00, 112MB/s]
[2023-07-03T05:08:15.180+0000] {pod_manager.py:235} INFO - 
[2023-07-03T05:08:16.198+0000] {pod_manager.py:235} INFO - Fusing layers...
[2023-07-03T05:08:17.602+0000] {pod_manager.py:235} INFO - YOLOv5s summary: 213 layers, 7225885 parameters, 0 gradients
[2023-07-03T05:08:17.764+0000] {pod_manager.py:235} INFO - image 1/2 /data/input/bus.jpg: 640x480 4 persons, 1 bus, 48.7ms
[2023-07-03T05:08:17.862+0000] {pod_manager.py:235} INFO - image 2/2 /data/input/zidane.jpg: 384x640 2 persons, 2 ties, 52.7ms
[2023-07-03T05:08:17.862+0000] {pod_manager.py:235} INFO - Speed: 0.3ms pre-process, 50.7ms inference, 0.8ms NMS per image at shape (1, 3, 640, 640)
[2023-07-03T05:08:17.863+0000] {pod_manager.py:235} INFO - Results saved to [1m/data/output/exp[0m
[2023-07-03T05:08:18.891+0000] {pod_manager.py:260} WARNING - Pod detect-images-9dgij1sm log read interrupted but container base still running
[2023-07-03T05:08:19.899+0000] {pod_manager.py:235} INFO - YOLOv5s summary: 213 layers, 7225885 parameters, 0 gradients
[2023-07-03T05:08:19.899+0000] {pod_manager.py:235} INFO - image 1/2 /data/input/bus.jpg: 640x480 4 persons, 1 bus, 48.7ms
[2023-07-03T05:08:19.899+0000] {pod_manager.py:235} INFO - image 2/2 /data/input/zidane.jpg: 384x640 2 persons, 2 ties, 52.7ms
[2023-07-03T05:08:19.899+0000] {pod_manager.py:235} INFO - Speed: 0.3ms pre-process, 50.7ms inference, 0.8ms NMS per image at shape (1, 3, 640, 640)
[2023-07-03T05:08:19.899+0000] {pod_manager.py:235} INFO - Results saved to [1m/data/output/exp[0m
[2023-07-03T05:08:19.929+0000] {pod_manager.py:288} INFO - Pod detect-images-9dgij1sm has phase Running
[2023-07-03T05:08:21.946+0000] {kubernetes_pod.py:688} INFO - Deleting pod: detect-images-9dgij1sm
[2023-07-03T05:08:22.032+0000] {taskinstance.py:1327} INFO - Marking task as SUCCESS. dag_id=yolov5_ml_pipeline, task_id=detect_images, execution_date=20230703T050725, start_date=20230703T050805, end_date=20230703T050822
[2023-07-03T05:08:22.053+0000] {local_task_job.py:212} INFO - Task exited with return code 0
[2023-07-03T05:08:22.069+0000] {taskinstance.py:2596} INFO - 0 downstream tasks scheduled from follow-on schedule check
