[2023-07-09T12:00:33.017+0000] {taskinstance.py:1090} INFO - Dependencies all met for dep_context=non-requeueable deps ti=<TaskInstance: yolov5_ml_pipeline.detect_images scheduled__2023-07-08T12:00:00+00:00 [queued]>
[2023-07-09T12:00:33.031+0000] {taskinstance.py:1090} INFO - Dependencies all met for dep_context=requeueable deps ti=<TaskInstance: yolov5_ml_pipeline.detect_images scheduled__2023-07-08T12:00:00+00:00 [queued]>
[2023-07-09T12:00:33.031+0000] {taskinstance.py:1288} INFO - 
--------------------------------------------------------------------------------
[2023-07-09T12:00:33.031+0000] {taskinstance.py:1289} INFO - Starting attempt 1 of 1
[2023-07-09T12:00:33.031+0000] {taskinstance.py:1290} INFO - 
--------------------------------------------------------------------------------
[2023-07-09T12:00:33.060+0000] {taskinstance.py:1309} INFO - Executing <Task(KubernetesPodOperator): detect_images> on 2023-07-08 12:00:00+00:00
[2023-07-09T12:00:33.064+0000] {standard_task_runner.py:55} INFO - Started process 162 to run task
[2023-07-09T12:00:33.069+0000] {standard_task_runner.py:82} INFO - Running: ['***', 'tasks', 'run', 'yolov5_ml_pipeline', 'detect_images', 'scheduled__2023-07-08T12:00:00+00:00', '--job-id', '304', '--raw', '--subdir', 'DAGS_FOLDER/yolov5_pipe.py', '--cfg-path', '/tmp/tmprwlb88fz']
[2023-07-09T12:00:33.072+0000] {standard_task_runner.py:83} INFO - Job 304: Subtask detect_images
[2023-07-09T12:00:33.748+0000] {task_command.py:389} INFO - Running <TaskInstance: yolov5_ml_pipeline.detect_images scheduled__2023-07-08T12:00:00+00:00 [running]> on host yolov5-ml-pipeline-detect-imag-8bd2454d3f0c406086b0ca41b6a3e60e
[2023-07-09T12:00:34.603+0000] {logging_mixin.py:137} WARNING - /home/***/.local/lib/python3.8/site-packages/***/kubernetes/kube_config.py:58 DeprecationWarning: The namespace option in [kubernetes] has been moved to the namespace option in [kubernetes_executor] - the old setting has been used, but please update your config.
[2023-07-09T12:00:34.605+0000] {logging_mixin.py:137} WARNING - /home/***/.local/lib/python3.8/site-packages/***/kubernetes/kube_config.py:64 DeprecationWarning: The namespace option in [kubernetes] has been moved to the namespace option in [kubernetes_executor] - the old setting has been used, but please update your config.
[2023-07-09T12:00:34.607+0000] {pod_generator.py:424} WARNING - Model file /opt/***/pod_templates/pod_template.yaml does not exist
[2023-07-09T12:00:34.666+0000] {taskinstance.py:1516} INFO - Exporting the following env vars:
AIRFLOW_CTX_DAG_OWNER=***
AIRFLOW_CTX_DAG_ID=yolov5_ml_pipeline
AIRFLOW_CTX_TASK_ID=detect_images
AIRFLOW_CTX_EXECUTION_DATE=2023-07-08T12:00:00+00:00
AIRFLOW_CTX_TRY_NUMBER=1
AIRFLOW_CTX_DAG_RUN_ID=scheduled__2023-07-08T12:00:00+00:00
[2023-07-09T12:00:34.673+0000] {kubernetes_pod.py:815} INFO - Building pod detect-images-4abj3gj8 with labels: {'dag_id': 'yolov5_ml_pipeline', 'task_id': 'detect_images', 'run_id': 'scheduled__2023-07-08T1200000000-3fa309622', 'kubernetes_pod_operator': 'True', 'try_number': '1'}
[2023-07-09T12:00:34.766+0000] {kubernetes_pod.py:476} INFO - Found matching pod detect-images-4abj3gj8 with labels {'airflow_kpo_in_cluster': 'True', 'airflow_version': '2.5.3', 'app': 'my_app', 'dag_id': 'yolov5_ml_pipeline', 'kubernetes_pod_operator': 'True', 'run_id': 'scheduled__2023-07-08T1200000000-3fa309622', 'task_id': 'detect_images', 'try_number': '1'}
[2023-07-09T12:00:34.767+0000] {kubernetes_pod.py:477} INFO - `try_number` of task_instance: 1
[2023-07-09T12:00:34.767+0000] {kubernetes_pod.py:478} INFO - `try_number` of pod: 1
[2023-07-09T12:00:34.785+0000] {pod_manager.py:187} WARNING - Pod not yet started: detect-images-4abj3gj8
[2023-07-09T12:00:35.808+0000] {pod_manager.py:187} WARNING - Pod not yet started: detect-images-4abj3gj8
[2023-07-09T12:00:36.832+0000] {pod_manager.py:187} WARNING - Pod not yet started: detect-images-4abj3gj8
[2023-07-09T12:00:37.854+0000] {pod_manager.py:187} WARNING - Pod not yet started: detect-images-4abj3gj8
[2023-07-09T12:00:41.192+0000] {pod_manager.py:235} INFO - [34m[1mdetect: [0mweights=['yolov5s.pt'], source=/data/input/, data=data/coco128.yaml, imgsz=[640, 640], conf_thres=0.25, iou_thres=0.45, max_det=1000, device=, view_img=False, save_txt=False, save_conf=False, save_crop=False, nosave=False, classes=None, agnostic_nms=False, augment=False, visualize=False, update=False, project=/data/output/, name=exp, exist_ok=False, line_thickness=3, hide_labels=False, hide_conf=False, half=False, dnn=False, vid_stride=1
[2023-07-09T12:00:41.460+0000] {pod_manager.py:235} INFO - YOLOv5 ðŸš€ v7.0-192-g459dd49 Python-3.10.9 torch-2.0.0 CPU
[2023-07-09T12:00:41.461+0000] {pod_manager.py:235} INFO - 
[2023-07-09T12:00:41.832+0000] {pod_manager.py:235} INFO - Downloading https://github.com/ultralytics/yolov5/releases/download/v7.0/yolov5s.pt to yolov5s.pt...
[2023-07-09T12:00:44.034+0000] {pod_manager.py:235} INFO -   0%|          | 0.00/14.1M [00:00<?, ?B/s]  6%|â–Œ         | 864k/14.1M [00:00<00:01, 8.85MB/s] 12%|â–ˆâ–        | 1.69M/14.1M [00:00<00:04, 2.61MB/s] 16%|â–ˆâ–Œ        | 2.26M/14.1M [00:00<00:04, 2.93MB/s] 28%|â–ˆâ–ˆâ–Š       | 3.95M/14.1M [00:00<00:01, 5.93MB/s] 34%|â–ˆâ–ˆâ–ˆâ–      | 4.87M/14.1M [00:00<00:01, 6.58MB/s] 48%|â–ˆâ–ˆâ–ˆâ–ˆâ–Š     | 6.77M/14.1M [00:01<00:00, 9.76MB/s] 64%|â–ˆâ–ˆâ–ˆâ–ˆâ–ˆâ–ˆâ–Ž   | 8.99M/14.1M [00:01<00:00, 13.2MB/s] 77%|â–ˆâ–ˆâ–ˆâ–ˆâ–ˆâ–ˆâ–ˆâ–‹  | 10.9M/14.1M [00:01<00:00, 15.1MB/s] 93%|â–ˆâ–ˆâ–ˆâ–ˆâ–ˆâ–ˆâ–ˆâ–ˆâ–ˆâ–Ž| 13.1M/14.1M [00:01<00:00, 17.1MB/s]100%|â–ˆâ–ˆâ–ˆâ–ˆâ–ˆâ–ˆâ–ˆâ–ˆâ–ˆâ–ˆ| 14.1M/14.1M [00:01<00:00, 10.3MB/s]
[2023-07-09T12:00:44.034+0000] {pod_manager.py:235} INFO - 
[2023-07-09T12:00:44.129+0000] {pod_manager.py:235} INFO - Fusing layers...
[2023-07-09T12:00:44.265+0000] {pod_manager.py:235} INFO - YOLOv5s summary: 213 layers, 7225885 parameters, 0 gradients
[2023-07-09T12:00:44.476+0000] {pod_manager.py:235} INFO - image 1/2 /data/input/bus.jpg: 640x480 4 persons, 1 bus, 152.2ms
[2023-07-09T12:00:44.642+0000] {pod_manager.py:235} INFO - image 2/2 /data/input/zidane.jpg: 384x640 2 persons, 2 ties, 113.8ms
[2023-07-09T12:00:44.642+0000] {pod_manager.py:235} INFO - Speed: 1.1ms pre-process, 133.0ms inference, 0.8ms NMS per image at shape (1, 3, 640, 640)
[2023-07-09T12:00:44.643+0000] {pod_manager.py:235} INFO - Results saved to [1m/data/output/exp12[0m
[2023-07-09T12:00:45.696+0000] {pod_manager.py:288} INFO - Pod detect-images-4abj3gj8 has phase Running
[2023-07-09T12:00:47.724+0000] {kubernetes_pod.py:688} INFO - Deleting pod: detect-images-4abj3gj8
[2023-07-09T12:00:47.816+0000] {taskinstance.py:1327} INFO - Marking task as SUCCESS. dag_id=yolov5_ml_pipeline, task_id=detect_images, execution_date=20230708T120000, start_date=20230709T120033, end_date=20230709T120047
[2023-07-09T12:00:47.853+0000] {local_task_job.py:212} INFO - Task exited with return code 0
[2023-07-09T12:00:47.883+0000] {taskinstance.py:2596} INFO - 0 downstream tasks scheduled from follow-on schedule check
