[2023-06-23T06:10:53.027+0000] {taskinstance.py:1090} INFO - Dependencies all met for dep_context=non-requeueable deps ti=<TaskInstance: text_hello.hello_task manual__2023-06-23T06:07:31.686460+00:00 [queued]>
[2023-06-23T06:10:53.036+0000] {taskinstance.py:1090} INFO - Dependencies all met for dep_context=requeueable deps ti=<TaskInstance: text_hello.hello_task manual__2023-06-23T06:07:31.686460+00:00 [queued]>
[2023-06-23T06:10:53.036+0000] {taskinstance.py:1288} INFO - 
--------------------------------------------------------------------------------
[2023-06-23T06:10:53.036+0000] {taskinstance.py:1289} INFO - Starting attempt 1 of 1
[2023-06-23T06:10:53.036+0000] {taskinstance.py:1290} INFO - 
--------------------------------------------------------------------------------
[2023-06-23T06:10:53.052+0000] {taskinstance.py:1309} INFO - Executing <Task(KubernetesPodOperator): hello_task> on 2023-06-23 06:07:31.686460+00:00
[2023-06-23T06:10:53.055+0000] {standard_task_runner.py:55} INFO - Started process 106 to run task
[2023-06-23T06:10:53.057+0000] {standard_task_runner.py:82} INFO - Running: ['***', 'tasks', 'run', 'text_hello', 'hello_task', 'manual__2023-06-23T06:07:31.686460+00:00', '--job-id', '217', '--raw', '--subdir', 'DAGS_FOLDER/kubernetesExecutor_sample.py', '--cfg-path', '/tmp/tmp58pvsydk']
[2023-06-23T06:10:53.059+0000] {standard_task_runner.py:83} INFO - Job 217: Subtask hello_task
[2023-06-23T06:10:53.606+0000] {task_command.py:389} INFO - Running <TaskInstance: text_hello.hello_task manual__2023-06-23T06:07:31.686460+00:00 [running]> on host text-hello-hello-task-573c4b23dc56414f933d2f055d749f98
[2023-06-23T06:10:54.313+0000] {logging_mixin.py:137} WARNING - /home/***/.local/lib/python3.8/site-packages/***/kubernetes/kube_config.py:58 DeprecationWarning: The namespace option in [kubernetes] has been moved to the namespace option in [kubernetes_executor] - the old setting has been used, but please update your config.
[2023-06-23T06:10:54.314+0000] {logging_mixin.py:137} WARNING - /home/***/.local/lib/python3.8/site-packages/***/kubernetes/kube_config.py:64 DeprecationWarning: The namespace option in [kubernetes] has been moved to the namespace option in [kubernetes_executor] - the old setting has been used, but please update your config.
[2023-06-23T06:10:54.315+0000] {pod_generator.py:424} WARNING - Model file /opt/***/pod_templates/pod_template.yaml does not exist
[2023-06-23T06:10:54.412+0000] {taskinstance.py:1516} INFO - Exporting the following env vars:
AIRFLOW_CTX_DAG_OWNER=***
AIRFLOW_CTX_DAG_ID=text_hello
AIRFLOW_CTX_TASK_ID=hello_task
AIRFLOW_CTX_EXECUTION_DATE=2023-06-23T06:07:31.686460+00:00
AIRFLOW_CTX_TRY_NUMBER=1
AIRFLOW_CTX_DAG_RUN_ID=manual__2023-06-23T06:07:31.686460+00:00
[2023-06-23T06:10:54.424+0000] {kubernetes_pod.py:815} INFO - Building pod text-hello-pod-mleso9c3 with labels: {'dag_id': 'text_hello', 'task_id': 'hello_task', 'run_id': 'manual__2023-06-23T060731.6864600000-a985e343f', 'kubernetes_pod_operator': 'True', 'try_number': '1'}
[2023-06-23T06:10:54.510+0000] {kubernetes_pod.py:476} INFO - Found matching pod text-hello-pod-mleso9c3 with labels {'airflow_kpo_in_cluster': 'True', 'airflow_version': '2.5.3', 'dag_id': 'text_hello', 'kubernetes_pod_operator': 'True', 'run_id': 'manual__2023-06-23T060731.6864600000-a985e343f', 'task_id': 'hello_task', 'try_number': '1'}
[2023-06-23T06:10:54.511+0000] {kubernetes_pod.py:477} INFO - `try_number` of task_instance: 1
[2023-06-23T06:10:54.511+0000] {kubernetes_pod.py:478} INFO - `try_number` of pod: 1
[2023-06-23T06:10:54.519+0000] {pod_manager.py:187} WARNING - Pod not yet started: text-hello-pod-mleso9c3
[2023-06-23T06:10:55.549+0000] {pod_manager.py:187} WARNING - Pod not yet started: text-hello-pod-mleso9c3
[2023-06-23T06:10:56.580+0000] {pod_manager.py:187} WARNING - Pod not yet started: text-hello-pod-mleso9c3
[2023-06-23T06:10:57.596+0000] {pod_manager.py:187} WARNING - Pod not yet started: text-hello-pod-mleso9c3
[2023-06-23T06:10:58.613+0000] {pod_manager.py:187} WARNING - Pod not yet started: text-hello-pod-mleso9c3
[2023-06-23T06:10:59.643+0000] {pod_manager.py:187} WARNING - Pod not yet started: text-hello-pod-mleso9c3
[2023-06-23T06:11:00.670+0000] {pod_manager.py:187} WARNING - Pod not yet started: text-hello-pod-mleso9c3
[2023-06-23T06:11:01.689+0000] {pod_manager.py:187} WARNING - Pod not yet started: text-hello-pod-mleso9c3
[2023-06-23T06:11:02.705+0000] {pod_manager.py:187} WARNING - Pod not yet started: text-hello-pod-mleso9c3
[2023-06-23T06:11:03.733+0000] {pod_manager.py:187} WARNING - Pod not yet started: text-hello-pod-mleso9c3
[2023-06-23T06:11:04.751+0000] {pod_manager.py:187} WARNING - Pod not yet started: text-hello-pod-mleso9c3
[2023-06-23T06:11:05.770+0000] {pod_manager.py:187} WARNING - Pod not yet started: text-hello-pod-mleso9c3
[2023-06-23T06:11:06.793+0000] {pod_manager.py:187} WARNING - Pod not yet started: text-hello-pod-mleso9c3
[2023-06-23T06:11:07.823+0000] {pod_manager.py:187} WARNING - Pod not yet started: text-hello-pod-mleso9c3
[2023-06-23T06:11:08.839+0000] {pod_manager.py:187} WARNING - Pod not yet started: text-hello-pod-mleso9c3
[2023-06-23T06:11:09.861+0000] {pod_manager.py:187} WARNING - Pod not yet started: text-hello-pod-mleso9c3
[2023-06-23T06:11:10.888+0000] {pod_manager.py:187} WARNING - Pod not yet started: text-hello-pod-mleso9c3
[2023-06-23T06:11:11.910+0000] {pod_manager.py:187} WARNING - Pod not yet started: text-hello-pod-mleso9c3
[2023-06-23T06:11:12.931+0000] {pod_manager.py:187} WARNING - Pod not yet started: text-hello-pod-mleso9c3
[2023-06-23T06:11:13.950+0000] {pod_manager.py:187} WARNING - Pod not yet started: text-hello-pod-mleso9c3
[2023-06-23T06:11:14.966+0000] {pod_manager.py:187} WARNING - Pod not yet started: text-hello-pod-mleso9c3
[2023-06-23T06:11:15.985+0000] {pod_manager.py:187} WARNING - Pod not yet started: text-hello-pod-mleso9c3
[2023-06-23T06:11:17.013+0000] {pod_manager.py:187} WARNING - Pod not yet started: text-hello-pod-mleso9c3
[2023-06-23T06:11:18.028+0000] {pod_manager.py:187} WARNING - Pod not yet started: text-hello-pod-mleso9c3
[2023-06-23T06:11:19.062+0000] {pod_manager.py:187} WARNING - Pod not yet started: text-hello-pod-mleso9c3
[2023-06-23T06:11:20.080+0000] {pod_manager.py:187} WARNING - Pod not yet started: text-hello-pod-mleso9c3
[2023-06-23T06:11:21.104+0000] {pod_manager.py:187} WARNING - Pod not yet started: text-hello-pod-mleso9c3
[2023-06-23T06:11:22.125+0000] {pod_manager.py:187} WARNING - Pod not yet started: text-hello-pod-mleso9c3
[2023-06-23T06:11:23.150+0000] {pod_manager.py:187} WARNING - Pod not yet started: text-hello-pod-mleso9c3
[2023-06-23T06:11:24.159+0000] {pod_manager.py:187} WARNING - Pod not yet started: text-hello-pod-mleso9c3
[2023-06-23T06:11:25.177+0000] {pod_manager.py:187} WARNING - Pod not yet started: text-hello-pod-mleso9c3
[2023-06-23T06:11:26.203+0000] {pod_manager.py:187} WARNING - Pod not yet started: text-hello-pod-mleso9c3
[2023-06-23T06:11:27.220+0000] {pod_manager.py:187} WARNING - Pod not yet started: text-hello-pod-mleso9c3
[2023-06-23T06:11:28.253+0000] {pod_manager.py:187} WARNING - Pod not yet started: text-hello-pod-mleso9c3
[2023-06-23T06:11:29.283+0000] {pod_manager.py:187} WARNING - Pod not yet started: text-hello-pod-mleso9c3
[2023-06-23T06:11:30.310+0000] {pod_manager.py:187} WARNING - Pod not yet started: text-hello-pod-mleso9c3
[2023-06-23T06:11:31.337+0000] {pod_manager.py:187} WARNING - Pod not yet started: text-hello-pod-mleso9c3
[2023-06-23T06:11:32.370+0000] {pod_manager.py:187} WARNING - Pod not yet started: text-hello-pod-mleso9c3
[2023-06-23T06:11:33.380+0000] {pod_manager.py:187} WARNING - Pod not yet started: text-hello-pod-mleso9c3
[2023-06-23T06:11:34.409+0000] {pod_manager.py:187} WARNING - Pod not yet started: text-hello-pod-mleso9c3
[2023-06-23T06:11:35.436+0000] {pod_manager.py:187} WARNING - Pod not yet started: text-hello-pod-mleso9c3
[2023-06-23T06:11:36.460+0000] {pod_manager.py:187} WARNING - Pod not yet started: text-hello-pod-mleso9c3
[2023-06-23T06:11:37.488+0000] {pod_manager.py:187} WARNING - Pod not yet started: text-hello-pod-mleso9c3
[2023-06-23T06:11:38.502+0000] {pod_manager.py:187} WARNING - Pod not yet started: text-hello-pod-mleso9c3
[2023-06-23T06:11:39.536+0000] {pod_manager.py:187} WARNING - Pod not yet started: text-hello-pod-mleso9c3
[2023-06-23T06:11:40.551+0000] {pod_manager.py:187} WARNING - Pod not yet started: text-hello-pod-mleso9c3
[2023-06-23T06:11:41.575+0000] {pod_manager.py:187} WARNING - Pod not yet started: text-hello-pod-mleso9c3
[2023-06-23T06:11:42.600+0000] {pod_manager.py:187} WARNING - Pod not yet started: text-hello-pod-mleso9c3
[2023-06-23T06:11:43.637+0000] {pod_manager.py:187} WARNING - Pod not yet started: text-hello-pod-mleso9c3
[2023-06-23T06:11:44.652+0000] {pod_manager.py:187} WARNING - Pod not yet started: text-hello-pod-mleso9c3
[2023-06-23T06:11:45.673+0000] {pod_manager.py:187} WARNING - Pod not yet started: text-hello-pod-mleso9c3
[2023-06-23T06:11:46.682+0000] {pod_manager.py:187} WARNING - Pod not yet started: text-hello-pod-mleso9c3
[2023-06-23T06:11:47.710+0000] {pod_manager.py:187} WARNING - Pod not yet started: text-hello-pod-mleso9c3
[2023-06-23T06:11:48.727+0000] {pod_manager.py:187} WARNING - Pod not yet started: text-hello-pod-mleso9c3
[2023-06-23T06:11:49.753+0000] {pod_manager.py:187} WARNING - Pod not yet started: text-hello-pod-mleso9c3
[2023-06-23T06:11:50.776+0000] {pod_manager.py:187} WARNING - Pod not yet started: text-hello-pod-mleso9c3
[2023-06-23T06:11:51.825+0000] {pod_manager.py:187} WARNING - Pod not yet started: text-hello-pod-mleso9c3
[2023-06-23T06:11:52.841+0000] {pod_manager.py:187} WARNING - Pod not yet started: text-hello-pod-mleso9c3
[2023-06-23T06:11:53.871+0000] {pod_manager.py:187} WARNING - Pod not yet started: text-hello-pod-mleso9c3
[2023-06-23T06:11:54.895+0000] {pod_manager.py:187} WARNING - Pod not yet started: text-hello-pod-mleso9c3
[2023-06-23T06:11:55.912+0000] {pod_manager.py:187} WARNING - Pod not yet started: text-hello-pod-mleso9c3
[2023-06-23T06:11:56.927+0000] {pod_manager.py:187} WARNING - Pod not yet started: text-hello-pod-mleso9c3
[2023-06-23T06:11:57.941+0000] {pod_manager.py:187} WARNING - Pod not yet started: text-hello-pod-mleso9c3
[2023-06-23T06:11:58.956+0000] {pod_manager.py:187} WARNING - Pod not yet started: text-hello-pod-mleso9c3
[2023-06-23T06:11:59.986+0000] {pod_manager.py:187} WARNING - Pod not yet started: text-hello-pod-mleso9c3
[2023-06-23T06:12:01.017+0000] {pod_manager.py:187} WARNING - Pod not yet started: text-hello-pod-mleso9c3
[2023-06-23T06:12:02.037+0000] {pod_manager.py:187} WARNING - Pod not yet started: text-hello-pod-mleso9c3
[2023-06-23T06:12:03.052+0000] {pod_manager.py:187} WARNING - Pod not yet started: text-hello-pod-mleso9c3
[2023-06-23T06:12:04.073+0000] {pod_manager.py:187} WARNING - Pod not yet started: text-hello-pod-mleso9c3
[2023-06-23T06:12:05.094+0000] {pod_manager.py:187} WARNING - Pod not yet started: text-hello-pod-mleso9c3
[2023-06-23T06:12:06.122+0000] {pod_manager.py:187} WARNING - Pod not yet started: text-hello-pod-mleso9c3
[2023-06-23T06:12:07.152+0000] {pod_manager.py:187} WARNING - Pod not yet started: text-hello-pod-mleso9c3
[2023-06-23T06:12:08.182+0000] {pod_manager.py:187} WARNING - Pod not yet started: text-hello-pod-mleso9c3
[2023-06-23T06:12:09.208+0000] {pod_manager.py:187} WARNING - Pod not yet started: text-hello-pod-mleso9c3
[2023-06-23T06:12:10.227+0000] {pod_manager.py:187} WARNING - Pod not yet started: text-hello-pod-mleso9c3
[2023-06-23T06:12:11.286+0000] {pod_manager.py:187} WARNING - Pod not yet started: text-hello-pod-mleso9c3
[2023-06-23T06:12:12.310+0000] {pod_manager.py:187} WARNING - Pod not yet started: text-hello-pod-mleso9c3
[2023-06-23T06:12:13.328+0000] {pod_manager.py:187} WARNING - Pod not yet started: text-hello-pod-mleso9c3
[2023-06-23T06:12:14.347+0000] {pod_manager.py:187} WARNING - Pod not yet started: text-hello-pod-mleso9c3
[2023-06-23T06:12:15.364+0000] {pod_manager.py:187} WARNING - Pod not yet started: text-hello-pod-mleso9c3
[2023-06-23T06:12:16.384+0000] {pod_manager.py:187} WARNING - Pod not yet started: text-hello-pod-mleso9c3
[2023-06-23T06:12:17.409+0000] {pod_manager.py:187} WARNING - Pod not yet started: text-hello-pod-mleso9c3
[2023-06-23T06:12:18.426+0000] {pod_manager.py:187} WARNING - Pod not yet started: text-hello-pod-mleso9c3
[2023-06-23T06:12:19.466+0000] {pod_manager.py:187} WARNING - Pod not yet started: text-hello-pod-mleso9c3
[2023-06-23T06:12:20.485+0000] {pod_manager.py:187} WARNING - Pod not yet started: text-hello-pod-mleso9c3
[2023-06-23T06:12:21.511+0000] {pod_manager.py:187} WARNING - Pod not yet started: text-hello-pod-mleso9c3
[2023-06-23T06:12:22.531+0000] {pod_manager.py:187} WARNING - Pod not yet started: text-hello-pod-mleso9c3
[2023-06-23T06:12:23.548+0000] {pod_manager.py:187} WARNING - Pod not yet started: text-hello-pod-mleso9c3
[2023-06-23T06:12:24.563+0000] {pod_manager.py:187} WARNING - Pod not yet started: text-hello-pod-mleso9c3
[2023-06-23T06:12:25.589+0000] {pod_manager.py:187} WARNING - Pod not yet started: text-hello-pod-mleso9c3
[2023-06-23T06:12:26.618+0000] {pod_manager.py:187} WARNING - Pod not yet started: text-hello-pod-mleso9c3
[2023-06-23T06:12:27.634+0000] {pod_manager.py:187} WARNING - Pod not yet started: text-hello-pod-mleso9c3
[2023-06-23T06:12:28.651+0000] {pod_manager.py:187} WARNING - Pod not yet started: text-hello-pod-mleso9c3
[2023-06-23T06:12:29.681+0000] {pod_manager.py:187} WARNING - Pod not yet started: text-hello-pod-mleso9c3
[2023-06-23T06:12:30.710+0000] {pod_manager.py:187} WARNING - Pod not yet started: text-hello-pod-mleso9c3
[2023-06-23T06:12:31.729+0000] {pod_manager.py:187} WARNING - Pod not yet started: text-hello-pod-mleso9c3
[2023-06-23T06:12:32.753+0000] {pod_manager.py:187} WARNING - Pod not yet started: text-hello-pod-mleso9c3
[2023-06-23T06:12:33.769+0000] {pod_manager.py:187} WARNING - Pod not yet started: text-hello-pod-mleso9c3
[2023-06-23T06:12:34.789+0000] {pod_manager.py:187} WARNING - Pod not yet started: text-hello-pod-mleso9c3
[2023-06-23T06:12:35.815+0000] {pod_manager.py:187} WARNING - Pod not yet started: text-hello-pod-mleso9c3
[2023-06-23T06:12:36.845+0000] {pod_manager.py:187} WARNING - Pod not yet started: text-hello-pod-mleso9c3
[2023-06-23T06:12:37.872+0000] {pod_manager.py:187} WARNING - Pod not yet started: text-hello-pod-mleso9c3
[2023-06-23T06:12:38.886+0000] {pod_manager.py:187} WARNING - Pod not yet started: text-hello-pod-mleso9c3
[2023-06-23T06:12:39.914+0000] {pod_manager.py:187} WARNING - Pod not yet started: text-hello-pod-mleso9c3
[2023-06-23T06:12:40.934+0000] {pod_manager.py:187} WARNING - Pod not yet started: text-hello-pod-mleso9c3
[2023-06-23T06:12:41.962+0000] {pod_manager.py:187} WARNING - Pod not yet started: text-hello-pod-mleso9c3
[2023-06-23T06:12:42.985+0000] {pod_manager.py:187} WARNING - Pod not yet started: text-hello-pod-mleso9c3
[2023-06-23T06:12:44.005+0000] {pod_manager.py:187} WARNING - Pod not yet started: text-hello-pod-mleso9c3
[2023-06-23T06:12:45.030+0000] {pod_manager.py:187} WARNING - Pod not yet started: text-hello-pod-mleso9c3
[2023-06-23T06:12:46.050+0000] {pod_manager.py:187} WARNING - Pod not yet started: text-hello-pod-mleso9c3
[2023-06-23T06:12:47.072+0000] {pod_manager.py:187} WARNING - Pod not yet started: text-hello-pod-mleso9c3
[2023-06-23T06:12:48.104+0000] {pod_manager.py:187} WARNING - Pod not yet started: text-hello-pod-mleso9c3
[2023-06-23T06:12:49.130+0000] {pod_manager.py:187} WARNING - Pod not yet started: text-hello-pod-mleso9c3
[2023-06-23T06:12:50.156+0000] {pod_manager.py:187} WARNING - Pod not yet started: text-hello-pod-mleso9c3
[2023-06-23T06:12:51.179+0000] {pod_manager.py:187} WARNING - Pod not yet started: text-hello-pod-mleso9c3
[2023-06-23T06:12:52.201+0000] {pod_manager.py:187} WARNING - Pod not yet started: text-hello-pod-mleso9c3
[2023-06-23T06:12:53.219+0000] {pod_manager.py:187} WARNING - Pod not yet started: text-hello-pod-mleso9c3
[2023-06-23T06:12:54.241+0000] {pod_manager.py:187} WARNING - Pod not yet started: text-hello-pod-mleso9c3
[2023-06-23T06:12:55.266+0000] {pod_manager.py:187} WARNING - Pod not yet started: text-hello-pod-mleso9c3
[2023-06-23T06:12:55.297+0000] {kubernetes_pod.py:688} INFO - Deleting pod: text-hello-pod-mleso9c3
[2023-06-23T06:12:55.352+0000] {taskinstance.py:1776} ERROR - Task failed with exception
Traceback (most recent call last):
  File "/home/airflow/.local/lib/python3.8/site-packages/airflow/providers/cncf/kubernetes/operators/kubernetes_pod.py", line 527, in execute_sync
    self.await_pod_start(pod=self.pod)
  File "/home/airflow/.local/lib/python3.8/site-packages/airflow/providers/cncf/kubernetes/operators/kubernetes_pod.py", line 494, in await_pod_start
    self.pod_manager.await_pod_start(pod=pod, startup_timeout=self.startup_timeout_seconds)
  File "/home/airflow/.local/lib/python3.8/site-packages/airflow/providers/cncf/kubernetes/utils/pod_manager.py", line 194, in await_pod_start
    raise PodLaunchFailedException(msg)
airflow.providers.cncf.kubernetes.utils.pod_manager.PodLaunchFailedException: Pod took longer than 120 seconds to start. Check the pod events in kubernetes to determine why.

During handling of the above exception, another exception occurred:

Traceback (most recent call last):
  File "/home/airflow/.local/lib/python3.8/site-packages/airflow/providers/cncf/kubernetes/operators/kubernetes_pod.py", line 516, in execute
    return self.execute_sync(context)
  File "/home/airflow/.local/lib/python3.8/site-packages/airflow/providers/cncf/kubernetes/operators/kubernetes_pod.py", line 545, in execute_sync
    self.cleanup(
  File "/home/airflow/.local/lib/python3.8/site-packages/airflow/providers/cncf/kubernetes/operators/kubernetes_pod.py", line 671, in cleanup
    raise AirflowException(
airflow.exceptions.AirflowException: Pod text-hello-pod-mleso9c3 returned a failure:

remote_pod: {'api_version': None,
 'kind': None,
 'metadata': {'annotations': None,
              'cluster_name': None,
              'creation_timestamp': datetime.datetime(2023, 6, 23, 6, 10, 54, tzinfo=tzlocal()),
              'deletion_grace_period_seconds': None,
              'deletion_timestamp': None,
              'finalizers': None,
              'generate_name': None,
              'generation': None,
              'labels': {'***_kpo_in_cluster': 'True',
                         '***_version': '2.5.3',
                         'dag_id': 'text_hello',
                         'kubernetes_pod_operator': 'True',
                         'run_id': 'manual__2023-06-23T060731.6864600000-a985e343f',
                         'task_id': 'hello_task',
                         'try_number': '1'},
              'managed_fields': [{'api_version': 'v1',
                                  'fields_type': 'FieldsV1',
                                  'fields_v1': {'f:metadata': {'f:labels': {'.': {},
                                                                            'f:***_kpo_in_cluster': {},
                                                                            'f:***_version': {},
                                                                            'f:dag_id': {},
                                                                            'f:kubernetes_pod_operator': {},
                                                                            'f:run_id': {},
                                                                            'f:task_id': {},
                                                                            'f:try_number': {}}},
                                                'f:spec': {'f:affinity': {},
                                                           'f:containers': {'k:{"name":"base"}': {'.': {},
                                                                                                  'f:args': {},
                                                                                                  'f:command': {},
                                                                                                  'f:image': {},
                                                                                                  'f:imagePullPolicy': {},
                                                                                                  'f:name': {},
                                                                                                  'f:resources': {},
                                                                                                  'f:terminationMessagePath': {},
                                                                                                  'f:terminationMessagePolicy': {}}},
                                                           'f:dnsPolicy': {},
                                                           'f:enableServiceLinks': {},
                                                           'f:restartPolicy': {},
                                                           'f:schedulerName': {},
                                                           'f:securityContext': {},
                                                           'f:terminationGracePeriodSeconds': {}}},
                                  'manager': 'OpenAPI-Generator',
                                  'operation': 'Update',
                                  'subresource': None,
                                  'time': datetime.datetime(2023, 6, 23, 6, 10, 54, tzinfo=tzlocal())}],
              'name': 'text-hello-pod-mleso9c3',
              'namespace': '***-cluster',
              'owner_references': None,
              'resource_version': '18681189',
              'self_link': None,
              'uid': 'f3d3a307-0e7f-464a-8b44-1b97a564e5a5'},
 'spec': {'active_deadline_seconds': None,
          'affinity': {'node_affinity': None,
                       'pod_affinity': None,
                       'pod_anti_affinity': None},
          'automount_service_account_token': None,
          'containers': [{'args': ['\n'
                                   '        print("Run this command!!!")\n'
                                   '        # import time\n'
                                   '        # from datetime import datetime\n'
                                   '        # now = datetime.now()  # current '
                                   'date and time\n'
                                   '        # with '
                                   'open("/data/hello_world.txt", "w") as f:\n'
                                   '        #     f.write(f"Hello World, '
                                   "Current Time: {now.strftime('%Y-%m-%d "
                                   '%H:%M:%S\')}")\n'
                                   '        # time.sleep(120)  # Sleep for 60 '
                                   'seconds\n'
                                   '        '],
                          'command': ['python', '-c'],
                          'env': None,
                          'env_from': None,
                          'image': 'text_hello:v0.1',
                          'image_pull_policy': 'IfNotPresent',
                          'lifecycle': None,
                          'liveness_probe': None,
                          'name': 'base',
                          'ports': None,
                          'readiness_probe': None,
                          'resources': {'limits': None, 'requests': None},
                          'security_context': None,
                          'startup_probe': None,
                          'stdin': None,
                          'stdin_once': None,
                          'termination_message_path': '/dev/termination-log',
                          'termination_message_policy': 'File',
                          'tty': None,
                          'volume_devices': None,
                          'volume_mounts': [{'mount_path': '/var/run/secrets/kubernetes.io/serviceaccount',
                                             'mount_propagation': None,
                                             'name': 'kube-api-access-7m29b',
                                             'read_only': True,
                                             'sub_path': None,
                                             'sub_path_expr': None}],
                          'working_dir': None}],
          'dns_config': None,
          'dns_policy': 'ClusterFirst',
          'enable_service_links': True,
          'ephemeral_containers': None,
          'host_aliases': None,
          'host_ipc': None,
          'host_network': None,
          'host_pid': None,
          'hostname': None,
          'image_pull_secrets': None,
          'init_containers': None,
          'node_name': None,
          'node_selector': None,
          'os': None,
          'overhead': None,
          'preemption_policy': 'PreemptLowerPriority',
          'priority': 0,
          'priority_class_name': None,
          'readiness_gates': None,
          'restart_policy': 'Never',
          'runtime_class_name': None,
          'scheduler_name': 'default-scheduler',
          'security_context': {'fs_group': None,
                               'fs_group_change_policy': None,
                               'run_as_group': None,
                               'run_as_non_root': None,
                               'run_as_user': None,
                               'se_linux_options': None,
                               'seccomp_profile': None,
                               'supplemental_groups': None,
                               'sysctls': None,
                               'windows_options': None},
          'service_account': 'default',
          'service_account_name': 'default',
          'set_hostname_as_fqdn': None,
          'share_process_namespace': None,
          'subdomain': None,
          'termination_grace_period_seconds': 30,
          'tolerations': [{'effect': 'NoExecute',
                           'key': 'node.kubernetes.io/not-ready',
                           'operator': 'Exists',
                           'toleration_seconds': 300,
                           'value': None},
                          {'effect': 'NoExecute',
                           'key': 'node.kubernetes.io/unreachable',
                           'operator': 'Exists',
                           'toleration_seconds': 300,
                           'value': None}],
          'topology_spread_constraints': None,
          'volumes': [{'aws_elastic_block_store': None,
                       'azure_disk': None,
                       'azure_file': None,
                       'cephfs': None,
                       'cinder': None,
                       'config_map': None,
                       'csi': None,
                       'downward_api': None,
                       'empty_dir': None,
                       'ephemeral': None,
                       'fc': None,
                       'flex_volume': None,
                       'flocker': None,
                       'gce_persistent_disk': None,
                       'git_repo': None,
                       'glusterfs': None,
                       'host_path': None,
                       'iscsi': None,
                       'name': 'kube-api-access-7m29b',
                       'nfs': None,
                       'persistent_volume_claim': None,
                       'photon_persistent_disk': None,
                       'portworx_volume': None,
                       'projected': {'default_mode': 420,
                                     'sources': [{'config_map': None,
                                                  'downward_api': None,
                                                  'secret': None,
                                                  'service_account_token': {'audience': None,
                                                                            'expiration_seconds': 3607,
                                                                            'path': 'token'}},
                                                 {'config_map': {'items': [{'key': 'ca.crt',
                                                                            'mode': None,
                                                                            'path': 'ca.crt'}],
                                                                 'name': 'kube-root-ca.crt',
                                                                 'optional': None},
                                                  'downward_api': None,
                                                  'secret': None,
                                                  'service_account_token': None},
                                                 {'config_map': None,
                                                  'downward_api': {'items': [{'field_ref': {'api_version': 'v1',
                                                                                            'field_path': 'metadata.namespace'},
                                                                              'mode': None,
                                                                              'path': 'namespace',
                                                                              'resource_field_ref': None}]},
                                                  'secret': None,
                                                  'service_account_token': None}]},
                       'quobyte': None,
                       'rbd': None,
                       'scale_io': None,
                       'secret': None,
                       'storageos': None,
                       'vsphere_volume': None}]},
 'status': {'conditions': None,
            'container_statuses': None,
            'ephemeral_container_statuses': None,
            'host_ip': None,
            'init_container_statuses': None,
            'message': None,
            'nominated_node_name': None,
            'phase': 'Pending',
            'pod_i_ps': None,
            'pod_ip': None,
            'qos_class': 'BestEffort',
            'reason': None,
            'start_time': None}}
[2023-06-23T06:12:55.357+0000] {taskinstance.py:1327} INFO - Marking task as FAILED. dag_id=text_hello, task_id=hello_task, execution_date=20230623T060731, start_date=20230623T061053, end_date=20230623T061255
[2023-06-23T06:12:55.369+0000] {standard_task_runner.py:100} ERROR - Failed to execute job 217 for task hello_task (Pod text-hello-pod-mleso9c3 returned a failure:

remote_pod: {'api_version': None,
 'kind': None,
 'metadata': {'annotations': None,
              'cluster_name': None,
              'creation_timestamp': datetime.datetime(2023, 6, 23, 6, 10, 54, tzinfo=tzlocal()),
              'deletion_grace_period_seconds': None,
              'deletion_timestamp': None,
              'finalizers': None,
              'generate_name': None,
              'generation': None,
              'labels': {'***_kpo_in_cluster': 'True',
                         '***_version': '2.5.3',
                         'dag_id': 'text_hello',
                         'kubernetes_pod_operator': 'True',
                         'run_id': 'manual__2023-06-23T060731.6864600000-a985e343f',
                         'task_id': 'hello_task',
                         'try_number': '1'},
              'managed_fields': [{'api_version': 'v1',
                                  'fields_type': 'FieldsV1',
                                  'fields_v1': {'f:metadata': {'f:labels': {'.': {},
                                                                            'f:***_kpo_in_cluster': {},
                                                                            'f:***_version': {},
                                                                            'f:dag_id': {},
                                                                            'f:kubernetes_pod_operator': {},
                                                                            'f:run_id': {},
                                                                            'f:task_id': {},
                                                                            'f:try_number': {}}},
                                                'f:spec': {'f:affinity': {},
                                                           'f:containers': {'k:{"name":"base"}': {'.': {},
                                                                                                  'f:args': {},
                                                                                                  'f:command': {},
                                                                                                  'f:image': {},
                                                                                                  'f:imagePullPolicy': {},
                                                                                                  'f:name': {},
                                                                                                  'f:resources': {},
                                                                                                  'f:terminationMessagePath': {},
                                                                                                  'f:terminationMessagePolicy': {}}},
                                                           'f:dnsPolicy': {},
                                                           'f:enableServiceLinks': {},
                                                           'f:restartPolicy': {},
                                                           'f:schedulerName': {},
                                                           'f:securityContext': {},
                                                           'f:terminationGracePeriodSeconds': {}}},
                                  'manager': 'OpenAPI-Generator',
                                  'operation': 'Update',
                                  'subresource': None,
                                  'time': datetime.datetime(2023, 6, 23, 6, 10, 54, tzinfo=tzlocal())}],
              'name': 'text-hello-pod-mleso9c3',
              'namespace': '***-cluster',
              'owner_references': None,
              'resource_version': '18681189',
              'self_link': None,
              'uid': 'f3d3a307-0e7f-464a-8b44-1b97a564e5a5'},
 'spec': {'active_deadline_seconds': None,
          'affinity': {'node_affinity': None,
                       'pod_affinity': None,
                       'pod_anti_affinity': None},
          'automount_service_account_token': None,
          'containers': [{'args': ['\n'
                                   '        print("Run this command!!!")\n'
                                   '        # import time\n'
                                   '        # from datetime import datetime\n'
                                   '        # now = datetime.now()  # current '
                                   'date and time\n'
                                   '        # with '
                                   'open("/data/hello_world.txt", "w") as f:\n'
                                   '        #     f.write(f"Hello World, '
                                   "Current Time: {now.strftime('%Y-%m-%d "
                                   '%H:%M:%S\')}")\n'
                                   '        # time.sleep(120)  # Sleep for 60 '
                                   'seconds\n'
                                   '        '],
                          'command': ['python', '-c'],
                          'env': None,
                          'env_from': None,
                          'image': 'text_hello:v0.1',
                          'image_pull_policy': 'IfNotPresent',
                          'lifecycle': None,
                          'liveness_probe': None,
                          'name': 'base',
                          'ports': None,
                          'readiness_probe': None,
                          'resources': {'limits': None, 'requests': None},
                          'security_context': None,
                          'startup_probe': None,
                          'stdin': None,
                          'stdin_once': None,
                          'termination_message_path': '/dev/termination-log',
                          'termination_message_policy': 'File',
                          'tty': None,
                          'volume_devices': None,
                          'volume_mounts': [{'mount_path': '/var/run/secrets/kubernetes.io/serviceaccount',
                                             'mount_propagation': None,
                                             'name': 'kube-api-access-7m29b',
                                             'read_only': True,
                                             'sub_path': None,
                                             'sub_path_expr': None}],
                          'working_dir': None}],
          'dns_config': None,
          'dns_policy': 'ClusterFirst',
          'enable_service_links': True,
          'ephemeral_containers': None,
          'host_aliases': None,
          'host_ipc': None,
          'host_network': None,
          'host_pid': None,
          'hostname': None,
          'image_pull_secrets': None,
          'init_containers': None,
          'node_name': None,
          'node_selector': None,
          'os': None,
          'overhead': None,
          'preemption_policy': 'PreemptLowerPriority',
          'priority': 0,
          'priority_class_name': None,
          'readiness_gates': None,
          'restart_policy': 'Never',
          'runtime_class_name': None,
          'scheduler_name': 'default-scheduler',
          'security_context': {'fs_group': None,
                               'fs_group_change_policy': None,
                               'run_as_group': None,
                               'run_as_non_root': None,
                               'run_as_user': None,
                               'se_linux_options': None,
                               'seccomp_profile': None,
                               'supplemental_groups': None,
                               'sysctls': None,
                               'windows_options': None},
          'service_account': 'default',
          'service_account_name': 'default',
          'set_hostname_as_fqdn': None,
          'share_process_namespace': None,
          'subdomain': None,
          'termination_grace_period_seconds': 30,
          'tolerations': [{'effect': 'NoExecute',
                           'key': 'node.kubernetes.io/not-ready',
                           'operator': 'Exists',
                           'toleration_seconds': 300,
                           'value': None},
                          {'effect': 'NoExecute',
                           'key': 'node.kubernetes.io/unreachable',
                           'operator': 'Exists',
                           'toleration_seconds': 300,
                           'value': None}],
          'topology_spread_constraints': None,
          'volumes': [{'aws_elastic_block_store': None,
                       'azure_disk': None,
                       'azure_file': None,
                       'cephfs': None,
                       'cinder': None,
                       'config_map': None,
                       'csi': None,
                       'downward_api': None,
                       'empty_dir': None,
                       'ephemeral': None,
                       'fc': None,
                       'flex_volume': None,
                       'flocker': None,
                       'gce_persistent_disk': None,
                       'git_repo': None,
                       'glusterfs': None,
                       'host_path': None,
                       'iscsi': None,
                       'name': 'kube-api-access-7m29b',
                       'nfs': None,
                       'persistent_volume_claim': None,
                       'photon_persistent_disk': None,
                       'portworx_volume': None,
                       'projected': {'default_mode': 420,
                                     'sources': [{'config_map': None,
                                                  'downward_api': None,
                                                  'secret': None,
                                                  'service_account_token': {'audience': None,
                                                                            'expiration_seconds': 3607,
                                                                            'path': 'token'}},
                                                 {'config_map': {'items': [{'key': 'ca.crt',
                                                                            'mode': None,
                                                                            'path': 'ca.crt'}],
                                                                 'name': 'kube-root-ca.crt',
                                                                 'optional': None},
                                                  'downward_api': None,
                                                  'secret': None,
                                                  'service_account_token': None},
                                                 {'config_map': None,
                                                  'downward_api': {'items': [{'field_ref': {'api_version': 'v1',
                                                                                            'field_path': 'metadata.namespace'},
                                                                              'mode': None,
                                                                              'path': 'namespace',
                                                                              'resource_field_ref': None}]},
                                                  'secret': None,
                                                  'service_account_token': None}]},
                       'quobyte': None,
                       'rbd': None,
                       'scale_io': None,
                       'secret': None,
                       'storageos': None,
                       'vsphere_volume': None}]},
 'status': {'conditions': None,
            'container_statuses': None,
            'ephemeral_container_statuses': None,
            'host_ip': None,
            'init_container_statuses': None,
            'message': None,
            'nominated_node_name': None,
            'phase': 'Pending',
            'pod_i_ps': None,
            'pod_ip': None,
            'qos_class': 'BestEffort',
            'reason': None,
            'start_time': None}}; 106)
[2023-06-23T06:12:55.385+0000] {local_task_job.py:212} INFO - Task exited with return code 1
[2023-06-23T06:12:55.413+0000] {taskinstance.py:2596} INFO - 0 downstream tasks scheduled from follow-on schedule check
