[2023-06-27T08:33:51.981+0000] {taskinstance.py:1090} INFO - Dependencies all met for dep_context=non-requeueable deps ti=<TaskInstance: yolov5_ml_pipeline.detect_images manual__2023-06-27T08:33:13.547771+00:00 [queued]>
[2023-06-27T08:33:51.988+0000] {taskinstance.py:1090} INFO - Dependencies all met for dep_context=requeueable deps ti=<TaskInstance: yolov5_ml_pipeline.detect_images manual__2023-06-27T08:33:13.547771+00:00 [queued]>
[2023-06-27T08:33:51.988+0000] {taskinstance.py:1288} INFO - 
--------------------------------------------------------------------------------
[2023-06-27T08:33:51.988+0000] {taskinstance.py:1289} INFO - Starting attempt 1 of 1
[2023-06-27T08:33:51.988+0000] {taskinstance.py:1290} INFO - 
--------------------------------------------------------------------------------
[2023-06-27T08:33:52.000+0000] {taskinstance.py:1309} INFO - Executing <Task(KubernetesPodOperator): detect_images> on 2023-06-27 08:33:13.547771+00:00
[2023-06-27T08:33:52.003+0000] {standard_task_runner.py:55} INFO - Started process 106 to run task
[2023-06-27T08:33:52.006+0000] {standard_task_runner.py:82} INFO - Running: ['***', 'tasks', 'run', 'yolov5_ml_pipeline', 'detect_images', 'manual__2023-06-27T08:33:13.547771+00:00', '--job-id', '255', '--raw', '--subdir', 'DAGS_FOLDER/yolov5_pipe.py', '--cfg-path', '/tmp/tmpmf9r98jp']
[2023-06-27T08:33:52.007+0000] {standard_task_runner.py:83} INFO - Job 255: Subtask detect_images
[2023-06-27T08:33:52.530+0000] {task_command.py:389} INFO - Running <TaskInstance: yolov5_ml_pipeline.detect_images manual__2023-06-27T08:33:13.547771+00:00 [running]> on host yolov5-ml-pipeline-detect-imag-08eb4d4e44a24d3a8ca4917ffec6946c
[2023-06-27T08:33:53.248+0000] {logging_mixin.py:137} WARNING - /home/***/.local/lib/python3.8/site-packages/***/kubernetes/kube_config.py:58 DeprecationWarning: The namespace option in [kubernetes] has been moved to the namespace option in [kubernetes_executor] - the old setting has been used, but please update your config.
[2023-06-27T08:33:53.250+0000] {logging_mixin.py:137} WARNING - /home/***/.local/lib/python3.8/site-packages/***/kubernetes/kube_config.py:64 DeprecationWarning: The namespace option in [kubernetes] has been moved to the namespace option in [kubernetes_executor] - the old setting has been used, but please update your config.
[2023-06-27T08:33:53.250+0000] {pod_generator.py:424} WARNING - Model file /opt/***/pod_templates/pod_template.yaml does not exist
[2023-06-27T08:33:53.297+0000] {taskinstance.py:1516} INFO - Exporting the following env vars:
AIRFLOW_CTX_DAG_OWNER=***
AIRFLOW_CTX_DAG_ID=yolov5_ml_pipeline
AIRFLOW_CTX_TASK_ID=detect_images
AIRFLOW_CTX_EXECUTION_DATE=2023-06-27T08:33:13.547771+00:00
AIRFLOW_CTX_TRY_NUMBER=1
AIRFLOW_CTX_DAG_RUN_ID=manual__2023-06-27T08:33:13.547771+00:00
[2023-06-27T08:33:53.301+0000] {kubernetes_pod.py:815} INFO - Building pod detect-images-e5lca4gm with labels: {'dag_id': 'yolov5_ml_pipeline', 'task_id': 'detect_images', 'run_id': 'manual__2023-06-27T083313.5477710000-121b1c3a2', 'kubernetes_pod_operator': 'True', 'try_number': '1'}
[2023-06-27T08:33:53.367+0000] {kubernetes_pod.py:476} INFO - Found matching pod detect-images-e5lca4gm with labels {'airflow_kpo_in_cluster': 'True', 'airflow_version': '2.5.3', 'app': 'my_app', 'dag_id': 'yolov5_ml_pipeline', 'kubernetes_pod_operator': 'True', 'run_id': 'manual__2023-06-27T083313.5477710000-121b1c3a2', 'task_id': 'detect_images', 'try_number': '1'}
[2023-06-27T08:33:53.367+0000] {kubernetes_pod.py:477} INFO - `try_number` of task_instance: 1
[2023-06-27T08:33:53.367+0000] {kubernetes_pod.py:478} INFO - `try_number` of pod: 1
[2023-06-27T08:33:53.383+0000] {pod_manager.py:187} WARNING - Pod not yet started: detect-images-e5lca4gm
[2023-06-27T08:33:54.413+0000] {pod_manager.py:187} WARNING - Pod not yet started: detect-images-e5lca4gm
[2023-06-27T08:33:55.432+0000] {pod_manager.py:187} WARNING - Pod not yet started: detect-images-e5lca4gm
[2023-06-27T08:33:56.454+0000] {pod_manager.py:187} WARNING - Pod not yet started: detect-images-e5lca4gm
[2023-06-27T08:33:57.468+0000] {pod_manager.py:187} WARNING - Pod not yet started: detect-images-e5lca4gm
[2023-06-27T08:33:58.478+0000] {pod_manager.py:187} WARNING - Pod not yet started: detect-images-e5lca4gm
[2023-06-27T08:33:59.523+0000] {pod_manager.py:187} WARNING - Pod not yet started: detect-images-e5lca4gm
[2023-06-27T08:34:00.538+0000] {pod_manager.py:187} WARNING - Pod not yet started: detect-images-e5lca4gm
[2023-06-27T08:34:01.561+0000] {pod_manager.py:187} WARNING - Pod not yet started: detect-images-e5lca4gm
[2023-06-27T08:34:02.595+0000] {pod_manager.py:187} WARNING - Pod not yet started: detect-images-e5lca4gm
[2023-06-27T08:34:03.615+0000] {pod_manager.py:187} WARNING - Pod not yet started: detect-images-e5lca4gm
[2023-06-27T08:34:04.631+0000] {pod_manager.py:187} WARNING - Pod not yet started: detect-images-e5lca4gm
[2023-06-27T08:34:05.644+0000] {pod_manager.py:187} WARNING - Pod not yet started: detect-images-e5lca4gm
[2023-06-27T08:34:06.658+0000] {pod_manager.py:187} WARNING - Pod not yet started: detect-images-e5lca4gm
[2023-06-27T08:34:07.676+0000] {pod_manager.py:187} WARNING - Pod not yet started: detect-images-e5lca4gm
[2023-06-27T08:34:08.689+0000] {pod_manager.py:187} WARNING - Pod not yet started: detect-images-e5lca4gm
[2023-06-27T08:34:09.698+0000] {pod_manager.py:187} WARNING - Pod not yet started: detect-images-e5lca4gm
[2023-06-27T08:34:10.711+0000] {pod_manager.py:187} WARNING - Pod not yet started: detect-images-e5lca4gm
[2023-06-27T08:34:11.731+0000] {pod_manager.py:187} WARNING - Pod not yet started: detect-images-e5lca4gm
[2023-06-27T08:34:12.745+0000] {pod_manager.py:187} WARNING - Pod not yet started: detect-images-e5lca4gm
[2023-06-27T08:34:13.756+0000] {pod_manager.py:187} WARNING - Pod not yet started: detect-images-e5lca4gm
[2023-06-27T08:34:14.803+0000] {pod_manager.py:187} WARNING - Pod not yet started: detect-images-e5lca4gm
[2023-06-27T08:34:15.817+0000] {pod_manager.py:187} WARNING - Pod not yet started: detect-images-e5lca4gm
[2023-06-27T08:34:16.839+0000] {pod_manager.py:187} WARNING - Pod not yet started: detect-images-e5lca4gm
[2023-06-27T08:34:17.849+0000] {pod_manager.py:187} WARNING - Pod not yet started: detect-images-e5lca4gm
[2023-06-27T08:34:18.862+0000] {pod_manager.py:187} WARNING - Pod not yet started: detect-images-e5lca4gm
[2023-06-27T08:34:19.894+0000] {pod_manager.py:187} WARNING - Pod not yet started: detect-images-e5lca4gm
[2023-06-27T08:34:20.935+0000] {pod_manager.py:187} WARNING - Pod not yet started: detect-images-e5lca4gm
[2023-06-27T08:34:21.954+0000] {pod_manager.py:187} WARNING - Pod not yet started: detect-images-e5lca4gm
[2023-06-27T08:34:23.322+0000] {pod_manager.py:187} WARNING - Pod not yet started: detect-images-e5lca4gm
[2023-06-27T08:34:24.339+0000] {pod_manager.py:187} WARNING - Pod not yet started: detect-images-e5lca4gm
[2023-06-27T08:34:25.348+0000] {pod_manager.py:187} WARNING - Pod not yet started: detect-images-e5lca4gm
[2023-06-27T08:34:26.368+0000] {pod_manager.py:187} WARNING - Pod not yet started: detect-images-e5lca4gm
[2023-06-27T08:34:27.395+0000] {pod_manager.py:187} WARNING - Pod not yet started: detect-images-e5lca4gm
[2023-06-27T08:34:28.426+0000] {pod_manager.py:187} WARNING - Pod not yet started: detect-images-e5lca4gm
[2023-06-27T08:34:29.441+0000] {pod_manager.py:187} WARNING - Pod not yet started: detect-images-e5lca4gm
[2023-06-27T08:34:30.455+0000] {pod_manager.py:187} WARNING - Pod not yet started: detect-images-e5lca4gm
[2023-06-27T08:34:31.470+0000] {pod_manager.py:187} WARNING - Pod not yet started: detect-images-e5lca4gm
[2023-06-27T08:34:32.486+0000] {pod_manager.py:187} WARNING - Pod not yet started: detect-images-e5lca4gm
[2023-06-27T08:34:33.495+0000] {pod_manager.py:187} WARNING - Pod not yet started: detect-images-e5lca4gm
[2023-06-27T08:34:34.510+0000] {pod_manager.py:187} WARNING - Pod not yet started: detect-images-e5lca4gm
[2023-06-27T08:34:35.560+0000] {pod_manager.py:187} WARNING - Pod not yet started: detect-images-e5lca4gm
[2023-06-27T08:34:36.573+0000] {pod_manager.py:187} WARNING - Pod not yet started: detect-images-e5lca4gm
[2023-06-27T08:34:37.581+0000] {pod_manager.py:187} WARNING - Pod not yet started: detect-images-e5lca4gm
[2023-06-27T08:34:38.600+0000] {pod_manager.py:187} WARNING - Pod not yet started: detect-images-e5lca4gm
[2023-06-27T08:34:39.610+0000] {pod_manager.py:187} WARNING - Pod not yet started: detect-images-e5lca4gm
[2023-06-27T08:34:40.618+0000] {pod_manager.py:187} WARNING - Pod not yet started: detect-images-e5lca4gm
[2023-06-27T08:34:41.632+0000] {pod_manager.py:187} WARNING - Pod not yet started: detect-images-e5lca4gm
[2023-06-27T08:34:42.646+0000] {pod_manager.py:187} WARNING - Pod not yet started: detect-images-e5lca4gm
[2023-06-27T08:34:43.659+0000] {pod_manager.py:187} WARNING - Pod not yet started: detect-images-e5lca4gm
[2023-06-27T08:34:44.685+0000] {pod_manager.py:187} WARNING - Pod not yet started: detect-images-e5lca4gm
[2023-06-27T08:34:45.717+0000] {pod_manager.py:187} WARNING - Pod not yet started: detect-images-e5lca4gm
[2023-06-27T08:34:46.730+0000] {pod_manager.py:187} WARNING - Pod not yet started: detect-images-e5lca4gm
[2023-06-27T08:34:47.747+0000] {pod_manager.py:187} WARNING - Pod not yet started: detect-images-e5lca4gm
[2023-06-27T08:34:48.757+0000] {pod_manager.py:187} WARNING - Pod not yet started: detect-images-e5lca4gm
[2023-06-27T08:34:49.783+0000] {pod_manager.py:187} WARNING - Pod not yet started: detect-images-e5lca4gm
[2023-06-27T08:34:50.829+0000] {pod_manager.py:187} WARNING - Pod not yet started: detect-images-e5lca4gm
[2023-06-27T08:34:51.843+0000] {pod_manager.py:187} WARNING - Pod not yet started: detect-images-e5lca4gm
[2023-06-27T08:34:52.857+0000] {pod_manager.py:187} WARNING - Pod not yet started: detect-images-e5lca4gm
[2023-06-27T08:34:53.884+0000] {pod_manager.py:187} WARNING - Pod not yet started: detect-images-e5lca4gm
[2023-06-27T08:34:54.904+0000] {pod_manager.py:187} WARNING - Pod not yet started: detect-images-e5lca4gm
[2023-06-27T08:34:55.935+0000] {pod_manager.py:187} WARNING - Pod not yet started: detect-images-e5lca4gm
[2023-06-27T08:34:56.950+0000] {pod_manager.py:187} WARNING - Pod not yet started: detect-images-e5lca4gm
[2023-06-27T08:34:57.962+0000] {pod_manager.py:187} WARNING - Pod not yet started: detect-images-e5lca4gm
[2023-06-27T08:34:59.012+0000] {pod_manager.py:187} WARNING - Pod not yet started: detect-images-e5lca4gm
[2023-06-27T08:35:00.023+0000] {pod_manager.py:187} WARNING - Pod not yet started: detect-images-e5lca4gm
[2023-06-27T08:35:01.040+0000] {pod_manager.py:187} WARNING - Pod not yet started: detect-images-e5lca4gm
[2023-06-27T08:35:02.051+0000] {pod_manager.py:187} WARNING - Pod not yet started: detect-images-e5lca4gm
[2023-06-27T08:35:03.060+0000] {pod_manager.py:187} WARNING - Pod not yet started: detect-images-e5lca4gm
[2023-06-27T08:35:04.071+0000] {pod_manager.py:187} WARNING - Pod not yet started: detect-images-e5lca4gm
[2023-06-27T08:35:05.082+0000] {pod_manager.py:187} WARNING - Pod not yet started: detect-images-e5lca4gm
[2023-06-27T08:35:06.098+0000] {pod_manager.py:187} WARNING - Pod not yet started: detect-images-e5lca4gm
[2023-06-27T08:35:07.128+0000] {pod_manager.py:187} WARNING - Pod not yet started: detect-images-e5lca4gm
[2023-06-27T08:35:08.140+0000] {pod_manager.py:187} WARNING - Pod not yet started: detect-images-e5lca4gm
[2023-06-27T08:35:09.155+0000] {pod_manager.py:187} WARNING - Pod not yet started: detect-images-e5lca4gm
[2023-06-27T08:35:10.164+0000] {pod_manager.py:187} WARNING - Pod not yet started: detect-images-e5lca4gm
[2023-06-27T08:35:11.196+0000] {pod_manager.py:187} WARNING - Pod not yet started: detect-images-e5lca4gm
[2023-06-27T08:35:12.206+0000] {pod_manager.py:187} WARNING - Pod not yet started: detect-images-e5lca4gm
[2023-06-27T08:35:13.214+0000] {pod_manager.py:187} WARNING - Pod not yet started: detect-images-e5lca4gm
[2023-06-27T08:35:14.235+0000] {pod_manager.py:187} WARNING - Pod not yet started: detect-images-e5lca4gm
[2023-06-27T08:35:15.314+0000] {pod_manager.py:187} WARNING - Pod not yet started: detect-images-e5lca4gm
[2023-06-27T08:35:16.333+0000] {pod_manager.py:187} WARNING - Pod not yet started: detect-images-e5lca4gm
[2023-06-27T08:35:17.352+0000] {pod_manager.py:187} WARNING - Pod not yet started: detect-images-e5lca4gm
[2023-06-27T08:35:18.362+0000] {pod_manager.py:187} WARNING - Pod not yet started: detect-images-e5lca4gm
[2023-06-27T08:35:19.372+0000] {pod_manager.py:187} WARNING - Pod not yet started: detect-images-e5lca4gm
[2023-06-27T08:35:20.403+0000] {pod_manager.py:187} WARNING - Pod not yet started: detect-images-e5lca4gm
[2023-06-27T08:35:21.429+0000] {pod_manager.py:187} WARNING - Pod not yet started: detect-images-e5lca4gm
[2023-06-27T08:35:22.442+0000] {pod_manager.py:187} WARNING - Pod not yet started: detect-images-e5lca4gm
[2023-06-27T08:35:23.465+0000] {pod_manager.py:187} WARNING - Pod not yet started: detect-images-e5lca4gm
[2023-06-27T08:35:24.493+0000] {pod_manager.py:187} WARNING - Pod not yet started: detect-images-e5lca4gm
[2023-06-27T08:35:25.504+0000] {pod_manager.py:187} WARNING - Pod not yet started: detect-images-e5lca4gm
[2023-06-27T08:35:26.517+0000] {pod_manager.py:187} WARNING - Pod not yet started: detect-images-e5lca4gm
[2023-06-27T08:35:27.538+0000] {pod_manager.py:187} WARNING - Pod not yet started: detect-images-e5lca4gm
[2023-06-27T08:35:28.567+0000] {pod_manager.py:187} WARNING - Pod not yet started: detect-images-e5lca4gm
[2023-06-27T08:35:29.613+0000] {pod_manager.py:187} WARNING - Pod not yet started: detect-images-e5lca4gm
[2023-06-27T08:35:30.631+0000] {pod_manager.py:187} WARNING - Pod not yet started: detect-images-e5lca4gm
[2023-06-27T08:35:31.649+0000] {pod_manager.py:187} WARNING - Pod not yet started: detect-images-e5lca4gm
[2023-06-27T08:35:32.665+0000] {pod_manager.py:187} WARNING - Pod not yet started: detect-images-e5lca4gm
[2023-06-27T08:35:33.683+0000] {pod_manager.py:187} WARNING - Pod not yet started: detect-images-e5lca4gm
[2023-06-27T08:35:34.694+0000] {pod_manager.py:187} WARNING - Pod not yet started: detect-images-e5lca4gm
[2023-06-27T08:35:35.709+0000] {pod_manager.py:187} WARNING - Pod not yet started: detect-images-e5lca4gm
[2023-06-27T08:35:36.723+0000] {pod_manager.py:187} WARNING - Pod not yet started: detect-images-e5lca4gm
[2023-06-27T08:35:37.739+0000] {pod_manager.py:187} WARNING - Pod not yet started: detect-images-e5lca4gm
[2023-06-27T08:35:38.751+0000] {pod_manager.py:187} WARNING - Pod not yet started: detect-images-e5lca4gm
[2023-06-27T08:35:39.762+0000] {pod_manager.py:187} WARNING - Pod not yet started: detect-images-e5lca4gm
[2023-06-27T08:35:40.771+0000] {pod_manager.py:187} WARNING - Pod not yet started: detect-images-e5lca4gm
[2023-06-27T08:35:41.815+0000] {pod_manager.py:187} WARNING - Pod not yet started: detect-images-e5lca4gm
[2023-06-27T08:35:42.834+0000] {pod_manager.py:187} WARNING - Pod not yet started: detect-images-e5lca4gm
[2023-06-27T08:35:43.846+0000] {pod_manager.py:187} WARNING - Pod not yet started: detect-images-e5lca4gm
[2023-06-27T08:35:44.876+0000] {pod_manager.py:187} WARNING - Pod not yet started: detect-images-e5lca4gm
[2023-06-27T08:35:45.913+0000] {pod_manager.py:187} WARNING - Pod not yet started: detect-images-e5lca4gm
[2023-06-27T08:35:46.943+0000] {pod_manager.py:187} WARNING - Pod not yet started: detect-images-e5lca4gm
[2023-06-27T08:35:47.953+0000] {pod_manager.py:187} WARNING - Pod not yet started: detect-images-e5lca4gm
[2023-06-27T08:35:48.961+0000] {pod_manager.py:187} WARNING - Pod not yet started: detect-images-e5lca4gm
[2023-06-27T08:35:49.977+0000] {pod_manager.py:187} WARNING - Pod not yet started: detect-images-e5lca4gm
[2023-06-27T08:35:51.006+0000] {pod_manager.py:187} WARNING - Pod not yet started: detect-images-e5lca4gm
[2023-06-27T08:35:52.036+0000] {pod_manager.py:187} WARNING - Pod not yet started: detect-images-e5lca4gm
[2023-06-27T08:35:53.047+0000] {pod_manager.py:187} WARNING - Pod not yet started: detect-images-e5lca4gm
[2023-06-27T08:35:54.070+0000] {pod_manager.py:187} WARNING - Pod not yet started: detect-images-e5lca4gm
[2023-06-27T08:35:54.098+0000] {kubernetes_pod.py:688} INFO - Deleting pod: detect-images-e5lca4gm
[2023-06-27T08:35:54.162+0000] {taskinstance.py:1776} ERROR - Task failed with exception
Traceback (most recent call last):
  File "/home/airflow/.local/lib/python3.8/site-packages/airflow/providers/cncf/kubernetes/operators/kubernetes_pod.py", line 527, in execute_sync
    self.await_pod_start(pod=self.pod)
  File "/home/airflow/.local/lib/python3.8/site-packages/airflow/providers/cncf/kubernetes/operators/kubernetes_pod.py", line 494, in await_pod_start
    self.pod_manager.await_pod_start(pod=pod, startup_timeout=self.startup_timeout_seconds)
  File "/home/airflow/.local/lib/python3.8/site-packages/airflow/providers/cncf/kubernetes/utils/pod_manager.py", line 194, in await_pod_start
    raise PodLaunchFailedException(msg)
airflow.providers.cncf.kubernetes.utils.pod_manager.PodLaunchFailedException: Pod took longer than 120 seconds to start. Check the pod events in kubernetes to determine why.

During handling of the above exception, another exception occurred:

Traceback (most recent call last):
  File "/home/airflow/.local/lib/python3.8/site-packages/airflow/providers/cncf/kubernetes/operators/kubernetes_pod.py", line 516, in execute
    return self.execute_sync(context)
  File "/home/airflow/.local/lib/python3.8/site-packages/airflow/providers/cncf/kubernetes/operators/kubernetes_pod.py", line 545, in execute_sync
    self.cleanup(
  File "/home/airflow/.local/lib/python3.8/site-packages/airflow/providers/cncf/kubernetes/operators/kubernetes_pod.py", line 671, in cleanup
    raise AirflowException(
airflow.exceptions.AirflowException: Pod detect-images-e5lca4gm returned a failure:

remote_pod: {'api_version': None,
 'kind': None,
 'metadata': {'annotations': None,
              'cluster_name': None,
              'creation_timestamp': datetime.datetime(2023, 6, 27, 8, 33, 53, tzinfo=tzlocal()),
              'deletion_grace_period_seconds': None,
              'deletion_timestamp': None,
              'finalizers': None,
              'generate_name': None,
              'generation': None,
              'labels': {'***_kpo_in_cluster': 'True',
                         '***_version': '2.5.3',
                         'app': 'my_app',
                         'dag_id': 'yolov5_ml_pipeline',
                         'kubernetes_pod_operator': 'True',
                         'run_id': 'manual__2023-06-27T083313.5477710000-121b1c3a2',
                         'task_id': 'detect_images',
                         'try_number': '1'},
              'managed_fields': [{'api_version': 'v1',
                                  'fields_type': 'FieldsV1',
                                  'fields_v1': {'f:metadata': {'f:labels': {'.': {},
                                                                            'f:***_kpo_in_cluster': {},
                                                                            'f:***_version': {},
                                                                            'f:app': {},
                                                                            'f:dag_id': {},
                                                                            'f:kubernetes_pod_operator': {},
                                                                            'f:run_id': {},
                                                                            'f:task_id': {},
                                                                            'f:try_number': {}}},
                                                'f:spec': {'f:affinity': {},
                                                           'f:containers': {'k:{"name":"base"}': {'.': {},
                                                                                                  'f:args': {},
                                                                                                  'f:command': {},
                                                                                                  'f:image': {},
                                                                                                  'f:imagePullPolicy': {},
                                                                                                  'f:name': {},
                                                                                                  'f:resources': {'.': {},
                                                                                                                  'f:limits': {'.': {},
                                                                                                                               'f:cpu': {},
                                                                                                                               'f:memory': {}},
                                                                                                                  'f:requests': {'.': {},
                                                                                                                                 'f:cpu': {},
                                                                                                                                 'f:memory': {}}},
                                                                                                  'f:terminationMessagePath': {},
                                                                                                  'f:terminationMessagePolicy': {},
                                                                                                  'f:volumeMounts': {'.': {},
                                                                                                                     'k:{"mountPath":"/data/input"}': {'.': {},
                                                                                                                                                       'f:mountPath': {},
                                                                                                                                                       'f:name': {}},
                                                                                                                     'k:{"mountPath":"/data/output"}': {'.': {},
                                                                                                                                                        'f:mountPath': {},
                                                                                                                                                        'f:name': {}}}}},
                                                           'f:dnsPolicy': {},
                                                           'f:enableServiceLinks': {},
                                                           'f:imagePullSecrets': {'.': {},
                                                                                  'k:{"name":"c2hcred"}': {}},
                                                           'f:restartPolicy': {},
                                                           'f:schedulerName': {},
                                                           'f:securityContext': {},
                                                           'f:terminationGracePeriodSeconds': {},
                                                           'f:volumes': {'.': {},
                                                                         'k:{"name":"data-volume"}': {'.': {},
                                                                                                      'f:name': {},
                                                                                                      'f:persistentVolumeClaim': {'.': {},
                                                                                                                                  'f:claimName': {}}}}}},
                                  'manager': 'OpenAPI-Generator',
                                  'operation': 'Update',
                                  'subresource': None,
                                  'time': datetime.datetime(2023, 6, 27, 8, 33, 53, tzinfo=tzlocal())}],
              'name': 'detect-images-e5lca4gm',
              'namespace': '***-cluster',
              'owner_references': None,
              'resource_version': '19500651',
              'self_link': None,
              'uid': '0eca7167-8024-46c9-959b-93619c50b597'},
 'spec': {'active_deadline_seconds': None,
          'affinity': {'node_affinity': None,
                       'pod_affinity': None,
                       'pod_anti_affinity': None},
          'automount_service_account_token': None,
          'containers': [{'args': ['--weights',
                                   'yolov5s.pt',
                                   '--source',
                                   '/data/input/'],
                          'command': ['python', 'detect.py'],
                          'env': None,
                          'env_from': None,
                          'image': 'ultralytics/yolov5:latest',
                          'image_pull_policy': 'Always',
                          'lifecycle': None,
                          'liveness_probe': None,
                          'name': 'base',
                          'ports': None,
                          'readiness_probe': None,
                          'resources': {'limits': {'cpu': '2', 'memory': '2Gi'},
                                        'requests': {'cpu': '1',
                                                     'memory': '1Gi'}},
                          'security_context': None,
                          'startup_probe': None,
                          'stdin': None,
                          'stdin_once': None,
                          'termination_message_path': '/dev/termination-log',
                          'termination_message_policy': 'File',
                          'tty': None,
                          'volume_devices': None,
                          'volume_mounts': [{'mount_path': '/data/input',
                                             'mount_propagation': None,
                                             'name': 'data-volume',
                                             'read_only': None,
                                             'sub_path': None,
                                             'sub_path_expr': None},
                                            {'mount_path': '/data/output',
                                             'mount_propagation': None,
                                             'name': 'data-volume',
                                             'read_only': None,
                                             'sub_path': None,
                                             'sub_path_expr': None},
                                            {'mount_path': '/var/run/secrets/kubernetes.io/serviceaccount',
                                             'mount_propagation': None,
                                             'name': 'kube-api-access-5vtzq',
                                             'read_only': True,
                                             'sub_path': None,
                                             'sub_path_expr': None}],
                          'working_dir': None}],
          'dns_config': None,
          'dns_policy': 'ClusterFirst',
          'enable_service_links': True,
          'ephemeral_containers': None,
          'host_aliases': None,
          'host_ipc': None,
          'host_network': None,
          'host_pid': None,
          'hostname': None,
          'image_pull_secrets': [{'name': 'c2hcred'}],
          'init_containers': None,
          'node_name': 'desk2',
          'node_selector': None,
          'os': None,
          'overhead': None,
          'preemption_policy': 'PreemptLowerPriority',
          'priority': 0,
          'priority_class_name': None,
          'readiness_gates': None,
          'restart_policy': 'Never',
          'runtime_class_name': None,
          'scheduler_name': 'default-scheduler',
          'security_context': {'fs_group': None,
                               'fs_group_change_policy': None,
                               'run_as_group': None,
                               'run_as_non_root': None,
                               'run_as_user': None,
                               'se_linux_options': None,
                               'seccomp_profile': None,
                               'supplemental_groups': None,
                               'sysctls': None,
                               'windows_options': None},
          'service_account': 'default',
          'service_account_name': 'default',
          'set_hostname_as_fqdn': None,
          'share_process_namespace': None,
          'subdomain': None,
          'termination_grace_period_seconds': 30,
          'tolerations': [{'effect': 'NoExecute',
                           'key': 'node.kubernetes.io/not-ready',
                           'operator': 'Exists',
                           'toleration_seconds': 300,
                           'value': None},
                          {'effect': 'NoExecute',
                           'key': 'node.kubernetes.io/unreachable',
                           'operator': 'Exists',
                           'toleration_seconds': 300,
                           'value': None}],
          'topology_spread_constraints': None,
          'volumes': [{'aws_elastic_block_store': None,
                       'azure_disk': None,
                       'azure_file': None,
                       'cephfs': None,
                       'cinder': None,
                       'config_map': None,
                       'csi': None,
                       'downward_api': None,
                       'empty_dir': None,
                       'ephemeral': None,
                       'fc': None,
                       'flex_volume': None,
                       'flocker': None,
                       'gce_persistent_disk': None,
                       'git_repo': None,
                       'glusterfs': None,
                       'host_path': None,
                       'iscsi': None,
                       'name': 'data-volume',
                       'nfs': None,
                       'persistent_volume_claim': {'claim_name': 'data-pvc',
                                                   'read_only': None},
                       'photon_persistent_disk': None,
                       'portworx_volume': None,
                       'projected': None,
                       'quobyte': None,
                       'rbd': None,
                       'scale_io': None,
                       'secret': None,
                       'storageos': None,
                       'vsphere_volume': None},
                      {'aws_elastic_block_store': None,
                       'azure_disk': None,
                       'azure_file': None,
                       'cephfs': None,
                       'cinder': None,
                       'config_map': None,
                       'csi': None,
                       'downward_api': None,
                       'empty_dir': None,
                       'ephemeral': None,
                       'fc': None,
                       'flex_volume': None,
                       'flocker': None,
                       'gce_persistent_disk': None,
                       'git_repo': None,
                       'glusterfs': None,
                       'host_path': None,
                       'iscsi': None,
                       'name': 'kube-api-access-5vtzq',
                       'nfs': None,
                       'persistent_volume_claim': None,
                       'photon_persistent_disk': None,
                       'portworx_volume': None,
                       'projected': {'default_mode': 420,
                                     'sources': [{'config_map': None,
                                                  'downward_api': None,
                                                  'secret': None,
                                                  'service_account_token': {'audience': None,
                                                                            'expiration_seconds': 3607,
                                                                            'path': 'token'}},
                                                 {'config_map': {'items': [{'key': 'ca.crt',
                                                                            'mode': None,
                                                                            'path': 'ca.crt'}],
                                                                 'name': 'kube-root-ca.crt',
                                                                 'optional': None},
                                                  'downward_api': None,
                                                  'secret': None,
                                                  'service_account_token': None},
                                                 {'config_map': None,
                                                  'downward_api': {'items': [{'field_ref': {'api_version': 'v1',
                                                                                            'field_path': 'metadata.namespace'},
                                                                              'mode': None,
                                                                              'path': 'namespace',
                                                                              'resource_field_ref': None}]},
                                                  'secret': None,
                                                  'service_account_token': None}]},
                       'quobyte': None,
                       'rbd': None,
                       'scale_io': None,
                       'secret': None,
                       'storageos': None,
                       'vsphere_volume': None}]},
 'status': {'conditions': [{'last_probe_time': None,
                            'last_transition_time': datetime.datetime(2023, 6, 27, 8, 33, 53, tzinfo=tzlocal()),
                            'message': None,
                            'reason': None,
                            'status': 'True',
                            'type': 'PodScheduled'}],
            'container_statuses': None,
            'ephemeral_container_statuses': None,
            'host_ip': None,
            'init_container_statuses': None,
            'message': None,
            'nominated_node_name': None,
            'phase': 'Pending',
            'pod_i_ps': None,
            'pod_ip': None,
            'qos_class': 'Burstable',
            'reason': None,
            'start_time': None}}
[2023-06-27T08:35:54.168+0000] {taskinstance.py:1327} INFO - Marking task as FAILED. dag_id=yolov5_ml_pipeline, task_id=detect_images, execution_date=20230627T083313, start_date=20230627T083351, end_date=20230627T083554
[2023-06-27T08:35:54.185+0000] {standard_task_runner.py:100} ERROR - Failed to execute job 255 for task detect_images (Pod detect-images-e5lca4gm returned a failure:

remote_pod: {'api_version': None,
 'kind': None,
 'metadata': {'annotations': None,
              'cluster_name': None,
              'creation_timestamp': datetime.datetime(2023, 6, 27, 8, 33, 53, tzinfo=tzlocal()),
              'deletion_grace_period_seconds': None,
              'deletion_timestamp': None,
              'finalizers': None,
              'generate_name': None,
              'generation': None,
              'labels': {'***_kpo_in_cluster': 'True',
                         '***_version': '2.5.3',
                         'app': 'my_app',
                         'dag_id': 'yolov5_ml_pipeline',
                         'kubernetes_pod_operator': 'True',
                         'run_id': 'manual__2023-06-27T083313.5477710000-121b1c3a2',
                         'task_id': 'detect_images',
                         'try_number': '1'},
              'managed_fields': [{'api_version': 'v1',
                                  'fields_type': 'FieldsV1',
                                  'fields_v1': {'f:metadata': {'f:labels': {'.': {},
                                                                            'f:***_kpo_in_cluster': {},
                                                                            'f:***_version': {},
                                                                            'f:app': {},
                                                                            'f:dag_id': {},
                                                                            'f:kubernetes_pod_operator': {},
                                                                            'f:run_id': {},
                                                                            'f:task_id': {},
                                                                            'f:try_number': {}}},
                                                'f:spec': {'f:affinity': {},
                                                           'f:containers': {'k:{"name":"base"}': {'.': {},
                                                                                                  'f:args': {},
                                                                                                  'f:command': {},
                                                                                                  'f:image': {},
                                                                                                  'f:imagePullPolicy': {},
                                                                                                  'f:name': {},
                                                                                                  'f:resources': {'.': {},
                                                                                                                  'f:limits': {'.': {},
                                                                                                                               'f:cpu': {},
                                                                                                                               'f:memory': {}},
                                                                                                                  'f:requests': {'.': {},
                                                                                                                                 'f:cpu': {},
                                                                                                                                 'f:memory': {}}},
                                                                                                  'f:terminationMessagePath': {},
                                                                                                  'f:terminationMessagePolicy': {},
                                                                                                  'f:volumeMounts': {'.': {},
                                                                                                                     'k:{"mountPath":"/data/input"}': {'.': {},
                                                                                                                                                       'f:mountPath': {},
                                                                                                                                                       'f:name': {}},
                                                                                                                     'k:{"mountPath":"/data/output"}': {'.': {},
                                                                                                                                                        'f:mountPath': {},
                                                                                                                                                        'f:name': {}}}}},
                                                           'f:dnsPolicy': {},
                                                           'f:enableServiceLinks': {},
                                                           'f:imagePullSecrets': {'.': {},
                                                                                  'k:{"name":"c2hcred"}': {}},
                                                           'f:restartPolicy': {},
                                                           'f:schedulerName': {},
                                                           'f:securityContext': {},
                                                           'f:terminationGracePeriodSeconds': {},
                                                           'f:volumes': {'.': {},
                                                                         'k:{"name":"data-volume"}': {'.': {},
                                                                                                      'f:name': {},
                                                                                                      'f:persistentVolumeClaim': {'.': {},
                                                                                                                                  'f:claimName': {}}}}}},
                                  'manager': 'OpenAPI-Generator',
                                  'operation': 'Update',
                                  'subresource': None,
                                  'time': datetime.datetime(2023, 6, 27, 8, 33, 53, tzinfo=tzlocal())}],
              'name': 'detect-images-e5lca4gm',
              'namespace': '***-cluster',
              'owner_references': None,
              'resource_version': '19500651',
              'self_link': None,
              'uid': '0eca7167-8024-46c9-959b-93619c50b597'},
 'spec': {'active_deadline_seconds': None,
          'affinity': {'node_affinity': None,
                       'pod_affinity': None,
                       'pod_anti_affinity': None},
          'automount_service_account_token': None,
          'containers': [{'args': ['--weights',
                                   'yolov5s.pt',
                                   '--source',
                                   '/data/input/'],
                          'command': ['python', 'detect.py'],
                          'env': None,
                          'env_from': None,
                          'image': 'ultralytics/yolov5:latest',
                          'image_pull_policy': 'Always',
                          'lifecycle': None,
                          'liveness_probe': None,
                          'name': 'base',
                          'ports': None,
                          'readiness_probe': None,
                          'resources': {'limits': {'cpu': '2', 'memory': '2Gi'},
                                        'requests': {'cpu': '1',
                                                     'memory': '1Gi'}},
                          'security_context': None,
                          'startup_probe': None,
                          'stdin': None,
                          'stdin_once': None,
                          'termination_message_path': '/dev/termination-log',
                          'termination_message_policy': 'File',
                          'tty': None,
                          'volume_devices': None,
                          'volume_mounts': [{'mount_path': '/data/input',
                                             'mount_propagation': None,
                                             'name': 'data-volume',
                                             'read_only': None,
                                             'sub_path': None,
                                             'sub_path_expr': None},
                                            {'mount_path': '/data/output',
                                             'mount_propagation': None,
                                             'name': 'data-volume',
                                             'read_only': None,
                                             'sub_path': None,
                                             'sub_path_expr': None},
                                            {'mount_path': '/var/run/secrets/kubernetes.io/serviceaccount',
                                             'mount_propagation': None,
                                             'name': 'kube-api-access-5vtzq',
                                             'read_only': True,
                                             'sub_path': None,
                                             'sub_path_expr': None}],
                          'working_dir': None}],
          'dns_config': None,
          'dns_policy': 'ClusterFirst',
          'enable_service_links': True,
          'ephemeral_containers': None,
          'host_aliases': None,
          'host_ipc': None,
          'host_network': None,
          'host_pid': None,
          'hostname': None,
          'image_pull_secrets': [{'name': 'c2hcred'}],
          'init_containers': None,
          'node_name': 'desk2',
          'node_selector': None,
          'os': None,
          'overhead': None,
          'preemption_policy': 'PreemptLowerPriority',
          'priority': 0,
          'priority_class_name': None,
          'readiness_gates': None,
          'restart_policy': 'Never',
          'runtime_class_name': None,
          'scheduler_name': 'default-scheduler',
          'security_context': {'fs_group': None,
                               'fs_group_change_policy': None,
                               'run_as_group': None,
                               'run_as_non_root': None,
                               'run_as_user': None,
                               'se_linux_options': None,
                               'seccomp_profile': None,
                               'supplemental_groups': None,
                               'sysctls': None,
                               'windows_options': None},
          'service_account': 'default',
          'service_account_name': 'default',
          'set_hostname_as_fqdn': None,
          'share_process_namespace': None,
          'subdomain': None,
          'termination_grace_period_seconds': 30,
          'tolerations': [{'effect': 'NoExecute',
                           'key': 'node.kubernetes.io/not-ready',
                           'operator': 'Exists',
                           'toleration_seconds': 300,
                           'value': None},
                          {'effect': 'NoExecute',
                           'key': 'node.kubernetes.io/unreachable',
                           'operator': 'Exists',
                           'toleration_seconds': 300,
                           'value': None}],
          'topology_spread_constraints': None,
          'volumes': [{'aws_elastic_block_store': None,
                       'azure_disk': None,
                       'azure_file': None,
                       'cephfs': None,
                       'cinder': None,
                       'config_map': None,
                       'csi': None,
                       'downward_api': None,
                       'empty_dir': None,
                       'ephemeral': None,
                       'fc': None,
                       'flex_volume': None,
                       'flocker': None,
                       'gce_persistent_disk': None,
                       'git_repo': None,
                       'glusterfs': None,
                       'host_path': None,
                       'iscsi': None,
                       'name': 'data-volume',
                       'nfs': None,
                       'persistent_volume_claim': {'claim_name': 'data-pvc',
                                                   'read_only': None},
                       'photon_persistent_disk': None,
                       'portworx_volume': None,
                       'projected': None,
                       'quobyte': None,
                       'rbd': None,
                       'scale_io': None,
                       'secret': None,
                       'storageos': None,
                       'vsphere_volume': None},
                      {'aws_elastic_block_store': None,
                       'azure_disk': None,
                       'azure_file': None,
                       'cephfs': None,
                       'cinder': None,
                       'config_map': None,
                       'csi': None,
                       'downward_api': None,
                       'empty_dir': None,
                       'ephemeral': None,
                       'fc': None,
                       'flex_volume': None,
                       'flocker': None,
                       'gce_persistent_disk': None,
                       'git_repo': None,
                       'glusterfs': None,
                       'host_path': None,
                       'iscsi': None,
                       'name': 'kube-api-access-5vtzq',
                       'nfs': None,
                       'persistent_volume_claim': None,
                       'photon_persistent_disk': None,
                       'portworx_volume': None,
                       'projected': {'default_mode': 420,
                                     'sources': [{'config_map': None,
                                                  'downward_api': None,
                                                  'secret': None,
                                                  'service_account_token': {'audience': None,
                                                                            'expiration_seconds': 3607,
                                                                            'path': 'token'}},
                                                 {'config_map': {'items': [{'key': 'ca.crt',
                                                                            'mode': None,
                                                                            'path': 'ca.crt'}],
                                                                 'name': 'kube-root-ca.crt',
                                                                 'optional': None},
                                                  'downward_api': None,
                                                  'secret': None,
                                                  'service_account_token': None},
                                                 {'config_map': None,
                                                  'downward_api': {'items': [{'field_ref': {'api_version': 'v1',
                                                                                            'field_path': 'metadata.namespace'},
                                                                              'mode': None,
                                                                              'path': 'namespace',
                                                                              'resource_field_ref': None}]},
                                                  'secret': None,
                                                  'service_account_token': None}]},
                       'quobyte': None,
                       'rbd': None,
                       'scale_io': None,
                       'secret': None,
                       'storageos': None,
                       'vsphere_volume': None}]},
 'status': {'conditions': [{'last_probe_time': None,
                            'last_transition_time': datetime.datetime(2023, 6, 27, 8, 33, 53, tzinfo=tzlocal()),
                            'message': None,
                            'reason': None,
                            'status': 'True',
                            'type': 'PodScheduled'}],
            'container_statuses': None,
            'ephemeral_container_statuses': None,
            'host_ip': None,
            'init_container_statuses': None,
            'message': None,
            'nominated_node_name': None,
            'phase': 'Pending',
            'pod_i_ps': None,
            'pod_ip': None,
            'qos_class': 'Burstable',
            'reason': None,
            'start_time': None}}; 106)
[2023-06-27T08:35:54.231+0000] {local_task_job.py:212} INFO - Task exited with return code 1
[2023-06-27T08:35:54.282+0000] {taskinstance.py:2596} INFO - 0 downstream tasks scheduled from follow-on schedule check
