[2023-06-26T12:00:38.184+0000] {taskinstance.py:1090} INFO - Dependencies all met for dep_context=non-requeueable deps ti=<TaskInstance: text_hello.hello_task scheduled__2023-06-25T12:00:00+00:00 [queued]>
[2023-06-26T12:00:38.194+0000] {taskinstance.py:1090} INFO - Dependencies all met for dep_context=requeueable deps ti=<TaskInstance: text_hello.hello_task scheduled__2023-06-25T12:00:00+00:00 [queued]>
[2023-06-26T12:00:38.194+0000] {taskinstance.py:1288} INFO - 
--------------------------------------------------------------------------------
[2023-06-26T12:00:38.194+0000] {taskinstance.py:1289} INFO - Starting attempt 1 of 1
[2023-06-26T12:00:38.194+0000] {taskinstance.py:1290} INFO - 
--------------------------------------------------------------------------------
[2023-06-26T12:00:38.211+0000] {taskinstance.py:1309} INFO - Executing <Task(KubernetesPodOperator): hello_task> on 2023-06-25 12:00:00+00:00
[2023-06-26T12:00:38.215+0000] {standard_task_runner.py:55} INFO - Started process 106 to run task
[2023-06-26T12:00:38.217+0000] {standard_task_runner.py:82} INFO - Running: ['***', 'tasks', 'run', 'text_hello', 'hello_task', 'scheduled__2023-06-25T12:00:00+00:00', '--job-id', '241', '--raw', '--subdir', 'DAGS_FOLDER/kubernetesExecutor_sample.py', '--cfg-path', '/tmp/tmpw7eqmyju']
[2023-06-26T12:00:38.218+0000] {standard_task_runner.py:83} INFO - Job 241: Subtask hello_task
[2023-06-26T12:00:38.760+0000] {task_command.py:389} INFO - Running <TaskInstance: text_hello.hello_task scheduled__2023-06-25T12:00:00+00:00 [running]> on host text-hello-hello-task-e3024cccfdd3418e8836a843043e7b9a
[2023-06-26T12:00:39.544+0000] {logging_mixin.py:137} WARNING - /home/***/.local/lib/python3.8/site-packages/***/kubernetes/kube_config.py:58 DeprecationWarning: The namespace option in [kubernetes] has been moved to the namespace option in [kubernetes_executor] - the old setting has been used, but please update your config.
[2023-06-26T12:00:39.545+0000] {logging_mixin.py:137} WARNING - /home/***/.local/lib/python3.8/site-packages/***/kubernetes/kube_config.py:64 DeprecationWarning: The namespace option in [kubernetes] has been moved to the namespace option in [kubernetes_executor] - the old setting has been used, but please update your config.
[2023-06-26T12:00:39.546+0000] {pod_generator.py:424} WARNING - Model file /opt/***/pod_templates/pod_template.yaml does not exist
[2023-06-26T12:00:39.591+0000] {taskinstance.py:1516} INFO - Exporting the following env vars:
AIRFLOW_CTX_DAG_OWNER=***
AIRFLOW_CTX_DAG_ID=text_hello
AIRFLOW_CTX_TASK_ID=hello_task
AIRFLOW_CTX_EXECUTION_DATE=2023-06-25T12:00:00+00:00
AIRFLOW_CTX_TRY_NUMBER=1
AIRFLOW_CTX_DAG_RUN_ID=scheduled__2023-06-25T12:00:00+00:00
[2023-06-26T12:00:39.594+0000] {kubernetes_pod.py:815} INFO - Building pod text-hello-pod-q8ogn4qa with labels: {'dag_id': 'text_hello', 'task_id': 'hello_task', 'run_id': 'scheduled__2023-06-25T1200000000-a1dc9be73', 'kubernetes_pod_operator': 'True', 'try_number': '1'}
[2023-06-26T12:00:39.651+0000] {kubernetes_pod.py:476} INFO - Found matching pod text-hello-pod-q8ogn4qa with labels {'airflow_kpo_in_cluster': 'True', 'airflow_version': '2.5.3', 'dag_id': 'text_hello', 'kubernetes_pod_operator': 'True', 'run_id': 'scheduled__2023-06-25T1200000000-a1dc9be73', 'task_id': 'hello_task', 'try_number': '1'}
[2023-06-26T12:00:39.651+0000] {kubernetes_pod.py:477} INFO - `try_number` of task_instance: 1
[2023-06-26T12:00:39.651+0000] {kubernetes_pod.py:478} INFO - `try_number` of pod: 1
[2023-06-26T12:00:39.659+0000] {pod_manager.py:187} WARNING - Pod not yet started: text-hello-pod-q8ogn4qa
[2023-06-26T12:00:40.672+0000] {pod_manager.py:187} WARNING - Pod not yet started: text-hello-pod-q8ogn4qa
[2023-06-26T12:02:41.962+0000] {pod_manager.py:288} INFO - Pod text-hello-pod-q8ogn4qa has phase Running
[2023-06-26T12:02:43.979+0000] {kubernetes_pod.py:688} INFO - Deleting pod: text-hello-pod-q8ogn4qa
[2023-06-26T12:02:44.041+0000] {taskinstance.py:1327} INFO - Marking task as SUCCESS. dag_id=text_hello, task_id=hello_task, execution_date=20230625T120000, start_date=20230626T120038, end_date=20230626T120244
[2023-06-26T12:02:44.073+0000] {local_task_job.py:212} INFO - Task exited with return code 0
[2023-06-26T12:02:44.088+0000] {taskinstance.py:2596} INFO - 0 downstream tasks scheduled from follow-on schedule check
