[2023-07-03T02:24:41.887+0000] {taskinstance.py:1090} INFO - Dependencies all met for dep_context=non-requeueable deps ti=<TaskInstance: text_hello.hello_task scheduled__2023-07-01T12:00:00+00:00 [queued]>
[2023-07-03T02:24:41.897+0000] {taskinstance.py:1090} INFO - Dependencies all met for dep_context=requeueable deps ti=<TaskInstance: text_hello.hello_task scheduled__2023-07-01T12:00:00+00:00 [queued]>
[2023-07-03T02:24:41.897+0000] {taskinstance.py:1288} INFO - 
--------------------------------------------------------------------------------
[2023-07-03T02:24:41.897+0000] {taskinstance.py:1289} INFO - Starting attempt 1 of 1
[2023-07-03T02:24:41.897+0000] {taskinstance.py:1290} INFO - 
--------------------------------------------------------------------------------
[2023-07-03T02:24:41.910+0000] {taskinstance.py:1309} INFO - Executing <Task(KubernetesPodOperator): hello_task> on 2023-07-01 12:00:00+00:00
[2023-07-03T02:24:41.913+0000] {standard_task_runner.py:55} INFO - Started process 106 to run task
[2023-07-03T02:24:41.915+0000] {standard_task_runner.py:82} INFO - Running: ['***', 'tasks', 'run', 'text_hello', 'hello_task', 'scheduled__2023-07-01T12:00:00+00:00', '--job-id', '284', '--raw', '--subdir', 'DAGS_FOLDER/kubernetesExecutor_sample.py', '--cfg-path', '/tmp/tmp7d8fjp64']
[2023-07-03T02:24:41.916+0000] {standard_task_runner.py:83} INFO - Job 284: Subtask hello_task
[2023-07-03T02:24:42.450+0000] {task_command.py:389} INFO - Running <TaskInstance: text_hello.hello_task scheduled__2023-07-01T12:00:00+00:00 [running]> on host text-hello-hello-task-b187a7b949b546cabdc4da16efb997e8
[2023-07-03T02:24:43.192+0000] {logging_mixin.py:137} WARNING - /home/***/.local/lib/python3.8/site-packages/***/kubernetes/kube_config.py:58 DeprecationWarning: The namespace option in [kubernetes] has been moved to the namespace option in [kubernetes_executor] - the old setting has been used, but please update your config.
[2023-07-03T02:24:43.193+0000] {logging_mixin.py:137} WARNING - /home/***/.local/lib/python3.8/site-packages/***/kubernetes/kube_config.py:64 DeprecationWarning: The namespace option in [kubernetes] has been moved to the namespace option in [kubernetes_executor] - the old setting has been used, but please update your config.
[2023-07-03T02:24:43.194+0000] {pod_generator.py:424} WARNING - Model file /opt/***/pod_templates/pod_template.yaml does not exist
[2023-07-03T02:24:43.239+0000] {taskinstance.py:1516} INFO - Exporting the following env vars:
AIRFLOW_CTX_DAG_OWNER=***
AIRFLOW_CTX_DAG_ID=text_hello
AIRFLOW_CTX_TASK_ID=hello_task
AIRFLOW_CTX_EXECUTION_DATE=2023-07-01T12:00:00+00:00
AIRFLOW_CTX_TRY_NUMBER=1
AIRFLOW_CTX_DAG_RUN_ID=scheduled__2023-07-01T12:00:00+00:00
[2023-07-03T02:24:43.244+0000] {kubernetes_pod.py:815} INFO - Building pod text-hello-pod-tir0spmh with labels: {'dag_id': 'text_hello', 'task_id': 'hello_task', 'run_id': 'scheduled__2023-07-01T1200000000-43af6c73e', 'kubernetes_pod_operator': 'True', 'try_number': '1'}
[2023-07-03T02:24:43.294+0000] {kubernetes_pod.py:476} INFO - Found matching pod text-hello-pod-tir0spmh with labels {'airflow_kpo_in_cluster': 'True', 'airflow_version': '2.5.3', 'dag_id': 'text_hello', 'kubernetes_pod_operator': 'True', 'run_id': 'scheduled__2023-07-01T1200000000-43af6c73e', 'task_id': 'hello_task', 'try_number': '1'}
[2023-07-03T02:24:43.294+0000] {kubernetes_pod.py:477} INFO - `try_number` of task_instance: 1
[2023-07-03T02:24:43.294+0000] {kubernetes_pod.py:478} INFO - `try_number` of pod: 1
[2023-07-03T02:24:43.300+0000] {pod_manager.py:187} WARNING - Pod not yet started: text-hello-pod-tir0spmh
[2023-07-03T02:24:44.322+0000] {pod_manager.py:187} WARNING - Pod not yet started: text-hello-pod-tir0spmh
[2023-07-03T02:26:45.639+0000] {pod_manager.py:288} INFO - Pod text-hello-pod-tir0spmh has phase Running
[2023-07-03T02:26:47.657+0000] {kubernetes_pod.py:688} INFO - Deleting pod: text-hello-pod-tir0spmh
[2023-07-03T02:26:47.750+0000] {taskinstance.py:1327} INFO - Marking task as SUCCESS. dag_id=text_hello, task_id=hello_task, execution_date=20230701T120000, start_date=20230703T022441, end_date=20230703T022647
[2023-07-03T02:26:47.767+0000] {local_task_job.py:212} INFO - Task exited with return code 0
[2023-07-03T02:26:47.782+0000] {taskinstance.py:2596} INFO - 0 downstream tasks scheduled from follow-on schedule check
