[2023-07-06T12:00:34.884+0000] {taskinstance.py:1090} INFO - Dependencies all met for dep_context=non-requeueable deps ti=<TaskInstance: yolov5_ml_pipeline.detect_images scheduled__2023-07-05T12:00:00+00:00 [queued]>
[2023-07-06T12:00:34.896+0000] {taskinstance.py:1090} INFO - Dependencies all met for dep_context=requeueable deps ti=<TaskInstance: yolov5_ml_pipeline.detect_images scheduled__2023-07-05T12:00:00+00:00 [queued]>
[2023-07-06T12:00:34.896+0000] {taskinstance.py:1288} INFO - 
--------------------------------------------------------------------------------
[2023-07-06T12:00:34.896+0000] {taskinstance.py:1289} INFO - Starting attempt 1 of 1
[2023-07-06T12:00:34.896+0000] {taskinstance.py:1290} INFO - 
--------------------------------------------------------------------------------
[2023-07-06T12:00:34.913+0000] {taskinstance.py:1309} INFO - Executing <Task(KubernetesPodOperator): detect_images> on 2023-07-05 12:00:00+00:00
[2023-07-06T12:00:34.918+0000] {standard_task_runner.py:55} INFO - Started process 162 to run task
[2023-07-06T12:00:34.923+0000] {standard_task_runner.py:82} INFO - Running: ['***', 'tasks', 'run', 'yolov5_ml_pipeline', 'detect_images', 'scheduled__2023-07-05T12:00:00+00:00', '--job-id', '293', '--raw', '--subdir', 'DAGS_FOLDER/yolov5_pipe.py', '--cfg-path', '/tmp/tmp8uej6k8i']
[2023-07-06T12:00:34.926+0000] {standard_task_runner.py:83} INFO - Job 293: Subtask detect_images
[2023-07-06T12:00:35.572+0000] {task_command.py:389} INFO - Running <TaskInstance: yolov5_ml_pipeline.detect_images scheduled__2023-07-05T12:00:00+00:00 [running]> on host yolov5-ml-pipeline-detect-imag-a7d7217ff8034d3091c1d49af9efaa3c
[2023-07-06T12:00:36.388+0000] {logging_mixin.py:137} WARNING - /home/***/.local/lib/python3.8/site-packages/***/kubernetes/kube_config.py:58 DeprecationWarning: The namespace option in [kubernetes] has been moved to the namespace option in [kubernetes_executor] - the old setting has been used, but please update your config.
[2023-07-06T12:00:36.390+0000] {logging_mixin.py:137} WARNING - /home/***/.local/lib/python3.8/site-packages/***/kubernetes/kube_config.py:64 DeprecationWarning: The namespace option in [kubernetes] has been moved to the namespace option in [kubernetes_executor] - the old setting has been used, but please update your config.
[2023-07-06T12:00:36.392+0000] {pod_generator.py:424} WARNING - Model file /opt/***/pod_templates/pod_template.yaml does not exist
[2023-07-06T12:00:36.485+0000] {taskinstance.py:1516} INFO - Exporting the following env vars:
AIRFLOW_CTX_DAG_OWNER=***
AIRFLOW_CTX_DAG_ID=yolov5_ml_pipeline
AIRFLOW_CTX_TASK_ID=detect_images
AIRFLOW_CTX_EXECUTION_DATE=2023-07-05T12:00:00+00:00
AIRFLOW_CTX_TRY_NUMBER=1
AIRFLOW_CTX_DAG_RUN_ID=scheduled__2023-07-05T12:00:00+00:00
[2023-07-06T12:00:36.494+0000] {kubernetes_pod.py:815} INFO - Building pod detect-images-cgc4asj3 with labels: {'dag_id': 'yolov5_ml_pipeline', 'task_id': 'detect_images', 'run_id': 'scheduled__2023-07-05T1200000000-7d3411217', 'kubernetes_pod_operator': 'True', 'try_number': '1'}
[2023-07-06T12:00:36.574+0000] {kubernetes_pod.py:476} INFO - Found matching pod detect-images-cgc4asj3 with labels {'airflow_kpo_in_cluster': 'True', 'airflow_version': '2.5.3', 'app': 'my_app', 'dag_id': 'yolov5_ml_pipeline', 'kubernetes_pod_operator': 'True', 'run_id': 'scheduled__2023-07-05T1200000000-7d3411217', 'task_id': 'detect_images', 'try_number': '1'}
[2023-07-06T12:00:36.575+0000] {kubernetes_pod.py:477} INFO - `try_number` of task_instance: 1
[2023-07-06T12:00:36.575+0000] {kubernetes_pod.py:478} INFO - `try_number` of pod: 1
[2023-07-06T12:00:36.588+0000] {pod_manager.py:187} WARNING - Pod not yet started: detect-images-cgc4asj3
[2023-07-06T12:00:37.610+0000] {pod_manager.py:187} WARNING - Pod not yet started: detect-images-cgc4asj3
[2023-07-06T12:00:38.630+0000] {pod_manager.py:187} WARNING - Pod not yet started: detect-images-cgc4asj3
[2023-07-06T12:00:39.652+0000] {pod_manager.py:187} WARNING - Pod not yet started: detect-images-cgc4asj3
[2023-07-06T12:00:42.983+0000] {pod_manager.py:235} INFO - [34m[1mdetect: [0mweights=['yolov5s.pt'], source=/data/input/, data=data/coco128.yaml, imgsz=[640, 640], conf_thres=0.25, iou_thres=0.45, max_det=1000, device=, view_img=False, save_txt=False, save_conf=False, save_crop=False, nosave=False, classes=None, agnostic_nms=False, augment=False, visualize=False, update=False, project=/data/output/, name=exp, exist_ok=False, line_thickness=3, hide_labels=False, hide_conf=False, half=False, dnn=False, vid_stride=1
[2023-07-06T12:00:43.314+0000] {pod_manager.py:235} INFO - YOLOv5 ðŸš€ v7.0-192-g459dd49 Python-3.10.9 torch-2.0.0 CUDA:0 (NVIDIA RTX A6000, 48685MiB)
[2023-07-06T12:00:43.315+0000] {pod_manager.py:235} INFO - 
[2023-07-06T12:00:43.724+0000] {pod_manager.py:235} INFO - Downloading https://github.com/ultralytics/yolov5/releases/download/v7.0/yolov5s.pt to yolov5s.pt...
[2023-07-06T12:00:46.124+0000] {pod_manager.py:235} INFO -   0%|          | 0.00/14.1M [00:00<?, ?B/s]  1%|          | 136k/14.1M [00:00<00:11, 1.33MB/s]  2%|â–         | 272k/14.1M [00:00<00:16, 907kB/s]   3%|â–Ž         | 416k/14.1M [00:00<00:13, 1.08MB/s]  4%|â–         | 632k/14.1M [00:00<00:09, 1.45MB/s]  6%|â–Œ         | 864k/14.1M [00:00<00:07, 1.75MB/s]  9%|â–‰         | 1.27M/14.1M [00:00<00:05, 2.61MB/s] 13%|â–ˆâ–Ž        | 1.79M/14.1M [00:00<00:03, 3.45MB/s] 18%|â–ˆâ–Š        | 2.52M/14.1M [00:00<00:02, 4.72MB/s] 26%|â–ˆâ–ˆâ–Œ       | 3.64M/14.1M [00:01<00:01, 6.86MB/s] 31%|â–ˆâ–ˆâ–ˆ       | 4.31M/14.1M [00:01<00:01, 6.40MB/s] 35%|â–ˆâ–ˆâ–ˆâ–Œ      | 4.95M/14.1M [00:01<00:01, 4.84MB/s] 86%|â–ˆâ–ˆâ–ˆâ–ˆâ–ˆâ–ˆâ–ˆâ–ˆâ–Œ | 12.2M/14.1M [00:01<00:00, 20.9MB/s]100%|â–ˆâ–ˆâ–ˆâ–ˆâ–ˆâ–ˆâ–ˆâ–ˆâ–ˆâ–ˆ| 14.1M/14.1M [00:01<00:00, 9.52MB/s]
[2023-07-06T12:00:46.124+0000] {pod_manager.py:235} INFO - 
[2023-07-06T12:00:47.298+0000] {pod_manager.py:235} INFO - Fusing layers...
[2023-07-06T12:00:48.919+0000] {pod_manager.py:235} INFO - YOLOv5s summary: 213 layers, 7225885 parameters, 0 gradients
[2023-07-06T12:00:49.087+0000] {pod_manager.py:235} INFO - image 1/2 /data/input/bus.jpg: 640x480 4 persons, 1 bus, 54.3ms
[2023-07-06T12:00:49.193+0000] {pod_manager.py:235} INFO - image 2/2 /data/input/zidane.jpg: 384x640 2 persons, 2 ties, 52.2ms
[2023-07-06T12:00:49.194+0000] {pod_manager.py:235} INFO - Speed: 0.4ms pre-process, 53.2ms inference, 1.4ms NMS per image at shape (1, 3, 640, 640)
[2023-07-06T12:00:49.194+0000] {pod_manager.py:235} INFO - Results saved to [1m/data/output/exp5[0m
[2023-07-06T12:00:51.248+0000] {pod_manager.py:288} INFO - Pod detect-images-cgc4asj3 has phase Running
[2023-07-06T12:00:53.272+0000] {kubernetes_pod.py:688} INFO - Deleting pod: detect-images-cgc4asj3
[2023-07-06T12:00:53.422+0000] {taskinstance.py:1327} INFO - Marking task as SUCCESS. dag_id=yolov5_ml_pipeline, task_id=detect_images, execution_date=20230705T120000, start_date=20230706T120034, end_date=20230706T120053
[2023-07-06T12:00:53.472+0000] {local_task_job.py:212} INFO - Task exited with return code 0
[2023-07-06T12:00:53.525+0000] {taskinstance.py:2596} INFO - 0 downstream tasks scheduled from follow-on schedule check
