[2023-06-20T03:15:20.452+0000] {taskinstance.py:1090} INFO - Dependencies all met for dep_context=non-requeueable deps ti=<TaskInstance: sample_dag.print_date scheduled__2023-05-24T00:00:00+00:00 [queued]>
[2023-06-20T03:15:20.459+0000] {taskinstance.py:1090} INFO - Dependencies all met for dep_context=requeueable deps ti=<TaskInstance: sample_dag.print_date scheduled__2023-05-24T00:00:00+00:00 [queued]>
[2023-06-20T03:15:20.459+0000] {taskinstance.py:1288} INFO - 
--------------------------------------------------------------------------------
[2023-06-20T03:15:20.459+0000] {taskinstance.py:1289} INFO - Starting attempt 1 of 2
[2023-06-20T03:15:20.459+0000] {taskinstance.py:1290} INFO - 
--------------------------------------------------------------------------------
[2023-06-20T03:15:20.473+0000] {taskinstance.py:1309} INFO - Executing <Task(BashOperator): print_date> on 2023-05-24 00:00:00+00:00
[2023-06-20T03:15:20.476+0000] {standard_task_runner.py:55} INFO - Started process 106 to run task
[2023-06-20T03:15:20.478+0000] {standard_task_runner.py:82} INFO - Running: ['***', 'tasks', 'run', 'sample_dag', 'print_date', 'scheduled__2023-05-24T00:00:00+00:00', '--job-id', '144', '--raw', '--subdir', 'DAGS_FOLDER/test_dag.py', '--cfg-path', '/tmp/tmp9ynqr6no']
[2023-06-20T03:15:20.479+0000] {standard_task_runner.py:83} INFO - Job 144: Subtask print_date
[2023-06-20T03:15:21.027+0000] {task_command.py:389} INFO - Running <TaskInstance: sample_dag.print_date scheduled__2023-05-24T00:00:00+00:00 [running]> on host sample-dag-print-date-163aad6fd84e45d2b26aafc6c0bc519b
[2023-06-20T03:15:21.770+0000] {logging_mixin.py:137} WARNING - /home/***/.local/lib/python3.8/site-packages/***/kubernetes/kube_config.py:58 DeprecationWarning: The namespace option in [kubernetes] has been moved to the namespace option in [kubernetes_executor] - the old setting has been used, but please update your config.
[2023-06-20T03:15:21.771+0000] {logging_mixin.py:137} WARNING - /home/***/.local/lib/python3.8/site-packages/***/kubernetes/kube_config.py:64 DeprecationWarning: The namespace option in [kubernetes] has been moved to the namespace option in [kubernetes_executor] - the old setting has been used, but please update your config.
[2023-06-20T03:15:21.771+0000] {pod_generator.py:424} WARNING - Model file /opt/***/pod_templates/pod_template.yaml does not exist
[2023-06-20T03:15:21.813+0000] {taskinstance.py:1516} INFO - Exporting the following env vars:
AIRFLOW_CTX_DAG_OWNER=***
AIRFLOW_CTX_DAG_ID=sample_dag
AIRFLOW_CTX_TASK_ID=print_date
AIRFLOW_CTX_EXECUTION_DATE=2023-05-24T00:00:00+00:00
AIRFLOW_CTX_TRY_NUMBER=1
AIRFLOW_CTX_DAG_RUN_ID=scheduled__2023-05-24T00:00:00+00:00
[2023-06-20T03:15:21.814+0000] {subprocess.py:63} INFO - Tmp dir root location: 
 /tmp
[2023-06-20T03:15:21.814+0000] {subprocess.py:75} INFO - Running command: ['/bin/bash', '-c', 'date']
[2023-06-20T03:15:21.826+0000] {subprocess.py:86} INFO - Output:
[2023-06-20T03:15:21.829+0000] {subprocess.py:93} INFO - Tue Jun 20 03:15:21 UTC 2023
[2023-06-20T03:15:21.829+0000] {subprocess.py:97} INFO - Command exited with return code 0
[2023-06-20T03:15:21.858+0000] {taskinstance.py:1327} INFO - Marking task as SUCCESS. dag_id=sample_dag, task_id=print_date, execution_date=20230524T000000, start_date=20230620T031520, end_date=20230620T031521
[2023-06-20T03:15:21.893+0000] {local_task_job.py:212} INFO - Task exited with return code 0
[2023-06-20T03:15:21.913+0000] {taskinstance.py:2596} INFO - 1 downstream tasks scheduled from follow-on schedule check
