[2023-07-07T02:15:55.378+0000] {taskinstance.py:1090} INFO - Dependencies all met for dep_context=non-requeueable deps ti=<TaskInstance: yolov5_ml_pipeline.detect_images manual__2023-07-07T02:15:21.744834+00:00 [queued]>
[2023-07-07T02:15:55.392+0000] {taskinstance.py:1090} INFO - Dependencies all met for dep_context=requeueable deps ti=<TaskInstance: yolov5_ml_pipeline.detect_images manual__2023-07-07T02:15:21.744834+00:00 [queued]>
[2023-07-07T02:15:55.392+0000] {taskinstance.py:1288} INFO - 
--------------------------------------------------------------------------------
[2023-07-07T02:15:55.392+0000] {taskinstance.py:1289} INFO - Starting attempt 1 of 1
[2023-07-07T02:15:55.392+0000] {taskinstance.py:1290} INFO - 
--------------------------------------------------------------------------------
[2023-07-07T02:15:55.415+0000] {taskinstance.py:1309} INFO - Executing <Task(KubernetesPodOperator): detect_images> on 2023-07-07 02:15:21.744834+00:00
[2023-07-07T02:15:55.419+0000] {standard_task_runner.py:55} INFO - Started process 162 to run task
[2023-07-07T02:15:55.424+0000] {standard_task_runner.py:82} INFO - Running: ['***', 'tasks', 'run', 'yolov5_ml_pipeline', 'detect_images', 'manual__2023-07-07T02:15:21.744834+00:00', '--job-id', '296', '--raw', '--subdir', 'DAGS_FOLDER/yolov5_pipe.py', '--cfg-path', '/tmp/tmphatg1krh']
[2023-07-07T02:15:55.427+0000] {standard_task_runner.py:83} INFO - Job 296: Subtask detect_images
[2023-07-07T02:15:56.088+0000] {task_command.py:389} INFO - Running <TaskInstance: yolov5_ml_pipeline.detect_images manual__2023-07-07T02:15:21.744834+00:00 [running]> on host yolov5-ml-pipeline-detect-imag-feaed15a26ec4985a0118cf7b3849d39
[2023-07-07T02:15:56.955+0000] {logging_mixin.py:137} WARNING - /home/***/.local/lib/python3.8/site-packages/***/kubernetes/kube_config.py:58 DeprecationWarning: The namespace option in [kubernetes] has been moved to the namespace option in [kubernetes_executor] - the old setting has been used, but please update your config.
[2023-07-07T02:15:56.958+0000] {logging_mixin.py:137} WARNING - /home/***/.local/lib/python3.8/site-packages/***/kubernetes/kube_config.py:64 DeprecationWarning: The namespace option in [kubernetes] has been moved to the namespace option in [kubernetes_executor] - the old setting has been used, but please update your config.
[2023-07-07T02:15:56.960+0000] {pod_generator.py:424} WARNING - Model file /opt/***/pod_templates/pod_template.yaml does not exist
[2023-07-07T02:15:57.011+0000] {taskinstance.py:1516} INFO - Exporting the following env vars:
AIRFLOW_CTX_DAG_OWNER=***
AIRFLOW_CTX_DAG_ID=yolov5_ml_pipeline
AIRFLOW_CTX_TASK_ID=detect_images
AIRFLOW_CTX_EXECUTION_DATE=2023-07-07T02:15:21.744834+00:00
AIRFLOW_CTX_TRY_NUMBER=1
AIRFLOW_CTX_DAG_RUN_ID=manual__2023-07-07T02:15:21.744834+00:00
[2023-07-07T02:15:57.016+0000] {kubernetes_pod.py:815} INFO - Building pod detect-images-grfw28cz with labels: {'dag_id': 'yolov5_ml_pipeline', 'task_id': 'detect_images', 'run_id': 'manual__2023-07-07T021521.7448340000-d41db48d2', 'kubernetes_pod_operator': 'True', 'try_number': '1'}
[2023-07-07T02:15:57.096+0000] {kubernetes_pod.py:476} INFO - Found matching pod detect-images-grfw28cz with labels {'airflow_kpo_in_cluster': 'True', 'airflow_version': '2.5.3', 'app': 'my_app', 'dag_id': 'yolov5_ml_pipeline', 'kubernetes_pod_operator': 'True', 'run_id': 'manual__2023-07-07T021521.7448340000-d41db48d2', 'task_id': 'detect_images', 'try_number': '1'}
[2023-07-07T02:15:57.097+0000] {kubernetes_pod.py:477} INFO - `try_number` of task_instance: 1
[2023-07-07T02:15:57.097+0000] {kubernetes_pod.py:478} INFO - `try_number` of pod: 1
[2023-07-07T02:15:57.110+0000] {pod_manager.py:187} WARNING - Pod not yet started: detect-images-grfw28cz
[2023-07-07T02:15:58.132+0000] {pod_manager.py:187} WARNING - Pod not yet started: detect-images-grfw28cz
[2023-07-07T02:15:59.154+0000] {pod_manager.py:187} WARNING - Pod not yet started: detect-images-grfw28cz
[2023-07-07T02:16:00.177+0000] {pod_manager.py:187} WARNING - Pod not yet started: detect-images-grfw28cz
[2023-07-07T02:16:03.606+0000] {pod_manager.py:235} INFO - [34m[1mdetect: [0mweights=['yolov5s.pt'], source=/data/input/, data=data/coco128.yaml, imgsz=[640, 640], conf_thres=0.25, iou_thres=0.45, max_det=1000, device=, view_img=False, save_txt=False, save_conf=False, save_crop=False, nosave=False, classes=None, agnostic_nms=False, augment=False, visualize=False, update=False, project=/data/output/, name=exp, exist_ok=False, line_thickness=3, hide_labels=False, hide_conf=False, half=False, dnn=False, vid_stride=1
[2023-07-07T02:16:03.950+0000] {pod_manager.py:235} INFO - YOLOv5 ðŸš€ v7.0-192-g459dd49 Python-3.10.9 torch-2.0.0 CUDA:0 (NVIDIA RTX A6000, 48685MiB)
[2023-07-07T02:16:03.950+0000] {pod_manager.py:235} INFO - 
[2023-07-07T02:16:04.329+0000] {pod_manager.py:235} INFO - Downloading https://github.com/ultralytics/yolov5/releases/download/v7.0/yolov5s.pt to yolov5s.pt...
[2023-07-07T02:16:06.968+0000] {pod_manager.py:235} INFO -   0%|          | 0.00/14.1M [00:00<?, ?B/s]  1%|          | 112k/14.1M [00:00<00:13, 1.12MB/s]  2%|â–         | 224k/14.1M [00:00<00:15, 938kB/s]   3%|â–Ž         | 368k/14.1M [00:00<00:12, 1.11MB/s]  4%|â–         | 576k/14.1M [00:00<00:09, 1.47MB/s]  6%|â–Œ         | 848k/14.1M [00:00<00:07, 1.91MB/s]  8%|â–Š         | 1.19M/14.1M [00:00<00:05, 2.51MB/s] 12%|â–ˆâ–        | 1.76M/14.1M [00:00<00:03, 3.60MB/s] 17%|â–ˆâ–‹        | 2.44M/14.1M [00:00<00:02, 4.68MB/s] 25%|â–ˆâ–ˆâ–       | 3.48M/14.1M [00:00<00:01, 6.61MB/s] 35%|â–ˆâ–ˆâ–ˆâ–Œ      | 4.98M/14.1M [00:01<00:01, 9.36MB/s] 49%|â–ˆâ–ˆâ–ˆâ–ˆâ–‰     | 6.97M/14.1M [00:01<00:00, 12.8MB/s] 63%|â–ˆâ–ˆâ–ˆâ–ˆâ–ˆâ–ˆâ–Ž   | 8.92M/14.1M [00:01<00:00, 15.1MB/s] 77%|â–ˆâ–ˆâ–ˆâ–ˆâ–ˆâ–ˆâ–ˆâ–‹  | 10.9M/14.1M [00:01<00:00, 16.7MB/s] 91%|â–ˆâ–ˆâ–ˆâ–ˆâ–ˆâ–ˆâ–ˆâ–ˆâ–ˆâ–| 12.9M/14.1M [00:01<00:00, 17.9MB/s]100%|â–ˆâ–ˆâ–ˆâ–ˆâ–ˆâ–ˆâ–ˆâ–ˆâ–ˆâ–ˆ| 14.1M/14.1M [00:01<00:00, 9.74MB/s]
[2023-07-07T02:16:06.969+0000] {pod_manager.py:235} INFO - 
[2023-07-07T02:16:08.141+0000] {pod_manager.py:235} INFO - Fusing layers...
[2023-07-07T02:16:09.744+0000] {pod_manager.py:235} INFO - YOLOv5s summary: 213 layers, 7225885 parameters, 0 gradients
[2023-07-07T02:16:09.916+0000] {pod_manager.py:235} INFO - image 1/2 /data/input/bus.jpg: 640x480 4 persons, 1 bus, 54.0ms
[2023-07-07T02:16:10.024+0000] {pod_manager.py:235} INFO - image 2/2 /data/input/zidane.jpg: 384x640 2 persons, 2 ties, 53.0ms
[2023-07-07T02:16:10.024+0000] {pod_manager.py:235} INFO - Speed: 0.4ms pre-process, 53.5ms inference, 1.4ms NMS per image at shape (1, 3, 640, 640)
[2023-07-07T02:16:10.025+0000] {pod_manager.py:235} INFO - Results saved to [1m/data/output/exp8[0m
[2023-07-07T02:16:12.075+0000] {pod_manager.py:288} INFO - Pod detect-images-grfw28cz has phase Running
[2023-07-07T02:16:14.101+0000] {kubernetes_pod.py:688} INFO - Deleting pod: detect-images-grfw28cz
[2023-07-07T02:16:14.244+0000] {taskinstance.py:1327} INFO - Marking task as SUCCESS. dag_id=yolov5_ml_pipeline, task_id=detect_images, execution_date=20230707T021521, start_date=20230707T021555, end_date=20230707T021614
[2023-07-07T02:16:14.299+0000] {local_task_job.py:212} INFO - Task exited with return code 0
[2023-07-07T02:16:14.343+0000] {taskinstance.py:2596} INFO - 0 downstream tasks scheduled from follow-on schedule check
