[2023-06-23T06:08:08.519+0000] {taskinstance.py:1090} INFO - Dependencies all met for dep_context=non-requeueable deps ti=<TaskInstance: text_hello.hello_task scheduled__2023-06-21T12:00:00+00:00 [queued]>
[2023-06-23T06:08:08.528+0000] {taskinstance.py:1090} INFO - Dependencies all met for dep_context=requeueable deps ti=<TaskInstance: text_hello.hello_task scheduled__2023-06-21T12:00:00+00:00 [queued]>
[2023-06-23T06:08:08.528+0000] {taskinstance.py:1288} INFO - 
--------------------------------------------------------------------------------
[2023-06-23T06:08:08.528+0000] {taskinstance.py:1289} INFO - Starting attempt 1 of 1
[2023-06-23T06:08:08.528+0000] {taskinstance.py:1290} INFO - 
--------------------------------------------------------------------------------
[2023-06-23T06:08:08.539+0000] {taskinstance.py:1309} INFO - Executing <Task(KubernetesPodOperator): hello_task> on 2023-06-21 12:00:00+00:00
[2023-06-23T06:08:08.542+0000] {standard_task_runner.py:55} INFO - Started process 106 to run task
[2023-06-23T06:08:08.544+0000] {standard_task_runner.py:82} INFO - Running: ['***', 'tasks', 'run', 'text_hello', 'hello_task', 'scheduled__2023-06-21T12:00:00+00:00', '--job-id', '216', '--raw', '--subdir', 'DAGS_FOLDER/kubernetesExecutor_sample.py', '--cfg-path', '/tmp/tmpu4u7kxgo']
[2023-06-23T06:08:08.546+0000] {standard_task_runner.py:83} INFO - Job 216: Subtask hello_task
[2023-06-23T06:08:09.240+0000] {task_command.py:389} INFO - Running <TaskInstance: text_hello.hello_task scheduled__2023-06-21T12:00:00+00:00 [running]> on host text-hello-hello-task-c75bea6459404d448be5ca58f1fd8fff
[2023-06-23T06:08:10.059+0000] {logging_mixin.py:137} WARNING - /home/***/.local/lib/python3.8/site-packages/***/kubernetes/kube_config.py:58 DeprecationWarning: The namespace option in [kubernetes] has been moved to the namespace option in [kubernetes_executor] - the old setting has been used, but please update your config.
[2023-06-23T06:08:10.061+0000] {logging_mixin.py:137} WARNING - /home/***/.local/lib/python3.8/site-packages/***/kubernetes/kube_config.py:64 DeprecationWarning: The namespace option in [kubernetes] has been moved to the namespace option in [kubernetes_executor] - the old setting has been used, but please update your config.
[2023-06-23T06:08:10.062+0000] {pod_generator.py:424} WARNING - Model file /opt/***/pod_templates/pod_template.yaml does not exist
[2023-06-23T06:08:10.113+0000] {taskinstance.py:1516} INFO - Exporting the following env vars:
AIRFLOW_CTX_DAG_OWNER=***
AIRFLOW_CTX_DAG_ID=text_hello
AIRFLOW_CTX_TASK_ID=hello_task
AIRFLOW_CTX_EXECUTION_DATE=2023-06-21T12:00:00+00:00
AIRFLOW_CTX_TRY_NUMBER=1
AIRFLOW_CTX_DAG_RUN_ID=scheduled__2023-06-21T12:00:00+00:00
[2023-06-23T06:08:10.117+0000] {kubernetes_pod.py:815} INFO - Building pod text-hello-pod-23u8alnx with labels: {'dag_id': 'text_hello', 'task_id': 'hello_task', 'run_id': 'scheduled__2023-06-21T1200000000-0902dc9bf', 'kubernetes_pod_operator': 'True', 'try_number': '1'}
[2023-06-23T06:08:10.211+0000] {kubernetes_pod.py:476} INFO - Found matching pod text-hello-pod-23u8alnx with labels {'airflow_kpo_in_cluster': 'True', 'airflow_version': '2.5.3', 'dag_id': 'text_hello', 'kubernetes_pod_operator': 'True', 'run_id': 'scheduled__2023-06-21T1200000000-0902dc9bf', 'task_id': 'hello_task', 'try_number': '1'}
[2023-06-23T06:08:10.211+0000] {kubernetes_pod.py:477} INFO - `try_number` of task_instance: 1
[2023-06-23T06:08:10.212+0000] {kubernetes_pod.py:478} INFO - `try_number` of pod: 1
[2023-06-23T06:08:10.222+0000] {pod_manager.py:187} WARNING - Pod not yet started: text-hello-pod-23u8alnx
[2023-06-23T06:08:11.248+0000] {pod_manager.py:187} WARNING - Pod not yet started: text-hello-pod-23u8alnx
[2023-06-23T06:08:12.273+0000] {pod_manager.py:187} WARNING - Pod not yet started: text-hello-pod-23u8alnx
[2023-06-23T06:08:13.281+0000] {pod_manager.py:187} WARNING - Pod not yet started: text-hello-pod-23u8alnx
[2023-06-23T06:08:14.291+0000] {pod_manager.py:187} WARNING - Pod not yet started: text-hello-pod-23u8alnx
[2023-06-23T06:08:15.318+0000] {pod_manager.py:187} WARNING - Pod not yet started: text-hello-pod-23u8alnx
[2023-06-23T06:08:16.335+0000] {pod_manager.py:187} WARNING - Pod not yet started: text-hello-pod-23u8alnx
[2023-06-23T06:08:17.349+0000] {pod_manager.py:187} WARNING - Pod not yet started: text-hello-pod-23u8alnx
[2023-06-23T06:08:18.374+0000] {pod_manager.py:187} WARNING - Pod not yet started: text-hello-pod-23u8alnx
[2023-06-23T06:08:19.404+0000] {pod_manager.py:187} WARNING - Pod not yet started: text-hello-pod-23u8alnx
[2023-06-23T06:08:20.426+0000] {pod_manager.py:187} WARNING - Pod not yet started: text-hello-pod-23u8alnx
[2023-06-23T06:08:21.445+0000] {pod_manager.py:187} WARNING - Pod not yet started: text-hello-pod-23u8alnx
[2023-06-23T06:08:22.456+0000] {pod_manager.py:187} WARNING - Pod not yet started: text-hello-pod-23u8alnx
[2023-06-23T06:08:23.468+0000] {pod_manager.py:187} WARNING - Pod not yet started: text-hello-pod-23u8alnx
[2023-06-23T06:08:24.487+0000] {pod_manager.py:187} WARNING - Pod not yet started: text-hello-pod-23u8alnx
[2023-06-23T06:08:25.513+0000] {pod_manager.py:187} WARNING - Pod not yet started: text-hello-pod-23u8alnx
[2023-06-23T06:08:26.532+0000] {pod_manager.py:187} WARNING - Pod not yet started: text-hello-pod-23u8alnx
[2023-06-23T06:08:27.545+0000] {pod_manager.py:187} WARNING - Pod not yet started: text-hello-pod-23u8alnx
[2023-06-23T06:08:28.592+0000] {pod_manager.py:187} WARNING - Pod not yet started: text-hello-pod-23u8alnx
[2023-06-23T06:08:29.611+0000] {pod_manager.py:187} WARNING - Pod not yet started: text-hello-pod-23u8alnx
[2023-06-23T06:08:30.640+0000] {pod_manager.py:187} WARNING - Pod not yet started: text-hello-pod-23u8alnx
[2023-06-23T06:08:31.656+0000] {pod_manager.py:187} WARNING - Pod not yet started: text-hello-pod-23u8alnx
[2023-06-23T06:08:32.670+0000] {pod_manager.py:187} WARNING - Pod not yet started: text-hello-pod-23u8alnx
[2023-06-23T06:08:33.685+0000] {pod_manager.py:187} WARNING - Pod not yet started: text-hello-pod-23u8alnx
[2023-06-23T06:08:34.697+0000] {pod_manager.py:187} WARNING - Pod not yet started: text-hello-pod-23u8alnx
[2023-06-23T06:08:35.721+0000] {pod_manager.py:187} WARNING - Pod not yet started: text-hello-pod-23u8alnx
[2023-06-23T06:08:36.732+0000] {pod_manager.py:187} WARNING - Pod not yet started: text-hello-pod-23u8alnx
[2023-06-23T06:08:37.745+0000] {pod_manager.py:187} WARNING - Pod not yet started: text-hello-pod-23u8alnx
[2023-06-23T06:08:38.762+0000] {pod_manager.py:187} WARNING - Pod not yet started: text-hello-pod-23u8alnx
[2023-06-23T06:08:39.774+0000] {pod_manager.py:187} WARNING - Pod not yet started: text-hello-pod-23u8alnx
[2023-06-23T06:08:40.791+0000] {pod_manager.py:187} WARNING - Pod not yet started: text-hello-pod-23u8alnx
[2023-06-23T06:08:41.820+0000] {pod_manager.py:187} WARNING - Pod not yet started: text-hello-pod-23u8alnx
[2023-06-23T06:08:42.836+0000] {pod_manager.py:187} WARNING - Pod not yet started: text-hello-pod-23u8alnx
[2023-06-23T06:08:43.847+0000] {pod_manager.py:187} WARNING - Pod not yet started: text-hello-pod-23u8alnx
[2023-06-23T06:08:44.862+0000] {pod_manager.py:187} WARNING - Pod not yet started: text-hello-pod-23u8alnx
[2023-06-23T06:08:45.892+0000] {pod_manager.py:187} WARNING - Pod not yet started: text-hello-pod-23u8alnx
[2023-06-23T06:08:46.930+0000] {pod_manager.py:187} WARNING - Pod not yet started: text-hello-pod-23u8alnx
[2023-06-23T06:08:47.944+0000] {pod_manager.py:187} WARNING - Pod not yet started: text-hello-pod-23u8alnx
[2023-06-23T06:08:48.953+0000] {pod_manager.py:187} WARNING - Pod not yet started: text-hello-pod-23u8alnx
[2023-06-23T06:08:49.970+0000] {pod_manager.py:187} WARNING - Pod not yet started: text-hello-pod-23u8alnx
[2023-06-23T06:08:50.980+0000] {pod_manager.py:187} WARNING - Pod not yet started: text-hello-pod-23u8alnx
[2023-06-23T06:08:52.010+0000] {pod_manager.py:187} WARNING - Pod not yet started: text-hello-pod-23u8alnx
[2023-06-23T06:08:53.019+0000] {pod_manager.py:187} WARNING - Pod not yet started: text-hello-pod-23u8alnx
[2023-06-23T06:08:54.035+0000] {pod_manager.py:187} WARNING - Pod not yet started: text-hello-pod-23u8alnx
[2023-06-23T06:08:55.050+0000] {pod_manager.py:187} WARNING - Pod not yet started: text-hello-pod-23u8alnx
[2023-06-23T06:08:56.064+0000] {pod_manager.py:187} WARNING - Pod not yet started: text-hello-pod-23u8alnx
[2023-06-23T06:08:57.076+0000] {pod_manager.py:187} WARNING - Pod not yet started: text-hello-pod-23u8alnx
[2023-06-23T06:08:58.092+0000] {pod_manager.py:187} WARNING - Pod not yet started: text-hello-pod-23u8alnx
[2023-06-23T06:08:59.129+0000] {pod_manager.py:187} WARNING - Pod not yet started: text-hello-pod-23u8alnx
[2023-06-23T06:09:00.149+0000] {pod_manager.py:187} WARNING - Pod not yet started: text-hello-pod-23u8alnx
[2023-06-23T06:09:01.160+0000] {pod_manager.py:187} WARNING - Pod not yet started: text-hello-pod-23u8alnx
[2023-06-23T06:09:02.172+0000] {pod_manager.py:187} WARNING - Pod not yet started: text-hello-pod-23u8alnx
[2023-06-23T06:09:03.185+0000] {pod_manager.py:187} WARNING - Pod not yet started: text-hello-pod-23u8alnx
[2023-06-23T06:09:04.198+0000] {pod_manager.py:187} WARNING - Pod not yet started: text-hello-pod-23u8alnx
[2023-06-23T06:09:05.207+0000] {pod_manager.py:187} WARNING - Pod not yet started: text-hello-pod-23u8alnx
[2023-06-23T06:09:06.221+0000] {pod_manager.py:187} WARNING - Pod not yet started: text-hello-pod-23u8alnx
[2023-06-23T06:09:07.236+0000] {pod_manager.py:187} WARNING - Pod not yet started: text-hello-pod-23u8alnx
[2023-06-23T06:09:08.248+0000] {pod_manager.py:187} WARNING - Pod not yet started: text-hello-pod-23u8alnx
[2023-06-23T06:09:09.258+0000] {pod_manager.py:187} WARNING - Pod not yet started: text-hello-pod-23u8alnx
[2023-06-23T06:09:10.276+0000] {pod_manager.py:187} WARNING - Pod not yet started: text-hello-pod-23u8alnx
[2023-06-23T06:09:11.308+0000] {pod_manager.py:187} WARNING - Pod not yet started: text-hello-pod-23u8alnx
[2023-06-23T06:09:12.331+0000] {pod_manager.py:187} WARNING - Pod not yet started: text-hello-pod-23u8alnx
[2023-06-23T06:09:13.344+0000] {pod_manager.py:187} WARNING - Pod not yet started: text-hello-pod-23u8alnx
[2023-06-23T06:09:14.356+0000] {pod_manager.py:187} WARNING - Pod not yet started: text-hello-pod-23u8alnx
[2023-06-23T06:09:15.398+0000] {pod_manager.py:187} WARNING - Pod not yet started: text-hello-pod-23u8alnx
[2023-06-23T06:09:16.434+0000] {pod_manager.py:187} WARNING - Pod not yet started: text-hello-pod-23u8alnx
[2023-06-23T06:09:17.446+0000] {pod_manager.py:187} WARNING - Pod not yet started: text-hello-pod-23u8alnx
[2023-06-23T06:09:18.458+0000] {pod_manager.py:187} WARNING - Pod not yet started: text-hello-pod-23u8alnx
[2023-06-23T06:09:19.472+0000] {pod_manager.py:187} WARNING - Pod not yet started: text-hello-pod-23u8alnx
[2023-06-23T06:09:20.504+0000] {pod_manager.py:187} WARNING - Pod not yet started: text-hello-pod-23u8alnx
[2023-06-23T06:09:21.526+0000] {pod_manager.py:187} WARNING - Pod not yet started: text-hello-pod-23u8alnx
[2023-06-23T06:09:22.542+0000] {pod_manager.py:187} WARNING - Pod not yet started: text-hello-pod-23u8alnx
[2023-06-23T06:09:23.554+0000] {pod_manager.py:187} WARNING - Pod not yet started: text-hello-pod-23u8alnx
[2023-06-23T06:09:24.581+0000] {pod_manager.py:187} WARNING - Pod not yet started: text-hello-pod-23u8alnx
[2023-06-23T06:09:25.620+0000] {pod_manager.py:187} WARNING - Pod not yet started: text-hello-pod-23u8alnx
[2023-06-23T06:09:26.629+0000] {pod_manager.py:187} WARNING - Pod not yet started: text-hello-pod-23u8alnx
[2023-06-23T06:09:27.641+0000] {pod_manager.py:187} WARNING - Pod not yet started: text-hello-pod-23u8alnx
[2023-06-23T06:09:28.653+0000] {pod_manager.py:187} WARNING - Pod not yet started: text-hello-pod-23u8alnx
[2023-06-23T06:09:29.669+0000] {pod_manager.py:187} WARNING - Pod not yet started: text-hello-pod-23u8alnx
[2023-06-23T06:09:30.698+0000] {pod_manager.py:187} WARNING - Pod not yet started: text-hello-pod-23u8alnx
[2023-06-23T06:09:31.713+0000] {pod_manager.py:187} WARNING - Pod not yet started: text-hello-pod-23u8alnx
[2023-06-23T06:09:32.727+0000] {pod_manager.py:187} WARNING - Pod not yet started: text-hello-pod-23u8alnx
[2023-06-23T06:09:33.739+0000] {pod_manager.py:187} WARNING - Pod not yet started: text-hello-pod-23u8alnx
[2023-06-23T06:09:34.749+0000] {pod_manager.py:187} WARNING - Pod not yet started: text-hello-pod-23u8alnx
[2023-06-23T06:09:35.760+0000] {pod_manager.py:187} WARNING - Pod not yet started: text-hello-pod-23u8alnx
[2023-06-23T06:09:36.786+0000] {pod_manager.py:187} WARNING - Pod not yet started: text-hello-pod-23u8alnx
[2023-06-23T06:09:37.797+0000] {pod_manager.py:187} WARNING - Pod not yet started: text-hello-pod-23u8alnx
[2023-06-23T06:09:38.810+0000] {pod_manager.py:187} WARNING - Pod not yet started: text-hello-pod-23u8alnx
[2023-06-23T06:09:39.829+0000] {pod_manager.py:187} WARNING - Pod not yet started: text-hello-pod-23u8alnx
[2023-06-23T06:09:40.842+0000] {pod_manager.py:187} WARNING - Pod not yet started: text-hello-pod-23u8alnx
[2023-06-23T06:09:41.853+0000] {pod_manager.py:187} WARNING - Pod not yet started: text-hello-pod-23u8alnx
[2023-06-23T06:09:42.865+0000] {pod_manager.py:187} WARNING - Pod not yet started: text-hello-pod-23u8alnx
[2023-06-23T06:09:43.875+0000] {pod_manager.py:187} WARNING - Pod not yet started: text-hello-pod-23u8alnx
[2023-06-23T06:09:44.903+0000] {pod_manager.py:187} WARNING - Pod not yet started: text-hello-pod-23u8alnx
[2023-06-23T06:09:45.932+0000] {pod_manager.py:187} WARNING - Pod not yet started: text-hello-pod-23u8alnx
[2023-06-23T06:09:46.965+0000] {pod_manager.py:187} WARNING - Pod not yet started: text-hello-pod-23u8alnx
[2023-06-23T06:09:47.990+0000] {pod_manager.py:187} WARNING - Pod not yet started: text-hello-pod-23u8alnx
[2023-06-23T06:09:49.004+0000] {pod_manager.py:187} WARNING - Pod not yet started: text-hello-pod-23u8alnx
[2023-06-23T06:09:50.020+0000] {pod_manager.py:187} WARNING - Pod not yet started: text-hello-pod-23u8alnx
[2023-06-23T06:09:51.038+0000] {pod_manager.py:187} WARNING - Pod not yet started: text-hello-pod-23u8alnx
[2023-06-23T06:09:52.050+0000] {pod_manager.py:187} WARNING - Pod not yet started: text-hello-pod-23u8alnx
[2023-06-23T06:09:53.059+0000] {pod_manager.py:187} WARNING - Pod not yet started: text-hello-pod-23u8alnx
[2023-06-23T06:09:54.099+0000] {pod_manager.py:187} WARNING - Pod not yet started: text-hello-pod-23u8alnx
[2023-06-23T06:09:55.126+0000] {pod_manager.py:187} WARNING - Pod not yet started: text-hello-pod-23u8alnx
[2023-06-23T06:09:56.141+0000] {pod_manager.py:187} WARNING - Pod not yet started: text-hello-pod-23u8alnx
[2023-06-23T06:09:57.155+0000] {pod_manager.py:187} WARNING - Pod not yet started: text-hello-pod-23u8alnx
[2023-06-23T06:09:58.167+0000] {pod_manager.py:187} WARNING - Pod not yet started: text-hello-pod-23u8alnx
[2023-06-23T06:09:59.180+0000] {pod_manager.py:187} WARNING - Pod not yet started: text-hello-pod-23u8alnx
[2023-06-23T06:10:00.224+0000] {pod_manager.py:187} WARNING - Pod not yet started: text-hello-pod-23u8alnx
[2023-06-23T06:10:01.267+0000] {pod_manager.py:187} WARNING - Pod not yet started: text-hello-pod-23u8alnx
[2023-06-23T06:10:02.288+0000] {pod_manager.py:187} WARNING - Pod not yet started: text-hello-pod-23u8alnx
[2023-06-23T06:10:03.300+0000] {pod_manager.py:187} WARNING - Pod not yet started: text-hello-pod-23u8alnx
[2023-06-23T06:10:04.311+0000] {pod_manager.py:187} WARNING - Pod not yet started: text-hello-pod-23u8alnx
[2023-06-23T06:10:05.324+0000] {pod_manager.py:187} WARNING - Pod not yet started: text-hello-pod-23u8alnx
[2023-06-23T06:10:06.335+0000] {pod_manager.py:187} WARNING - Pod not yet started: text-hello-pod-23u8alnx
[2023-06-23T06:10:07.351+0000] {pod_manager.py:187} WARNING - Pod not yet started: text-hello-pod-23u8alnx
[2023-06-23T06:10:08.367+0000] {pod_manager.py:187} WARNING - Pod not yet started: text-hello-pod-23u8alnx
[2023-06-23T06:10:09.381+0000] {pod_manager.py:187} WARNING - Pod not yet started: text-hello-pod-23u8alnx
[2023-06-23T06:10:10.395+0000] {pod_manager.py:187} WARNING - Pod not yet started: text-hello-pod-23u8alnx
[2023-06-23T06:10:10.413+0000] {kubernetes_pod.py:688} INFO - Deleting pod: text-hello-pod-23u8alnx
[2023-06-23T06:10:10.444+0000] {taskinstance.py:1776} ERROR - Task failed with exception
Traceback (most recent call last):
  File "/home/airflow/.local/lib/python3.8/site-packages/airflow/providers/cncf/kubernetes/operators/kubernetes_pod.py", line 527, in execute_sync
    self.await_pod_start(pod=self.pod)
  File "/home/airflow/.local/lib/python3.8/site-packages/airflow/providers/cncf/kubernetes/operators/kubernetes_pod.py", line 494, in await_pod_start
    self.pod_manager.await_pod_start(pod=pod, startup_timeout=self.startup_timeout_seconds)
  File "/home/airflow/.local/lib/python3.8/site-packages/airflow/providers/cncf/kubernetes/utils/pod_manager.py", line 194, in await_pod_start
    raise PodLaunchFailedException(msg)
airflow.providers.cncf.kubernetes.utils.pod_manager.PodLaunchFailedException: Pod took longer than 120 seconds to start. Check the pod events in kubernetes to determine why.

During handling of the above exception, another exception occurred:

Traceback (most recent call last):
  File "/home/airflow/.local/lib/python3.8/site-packages/airflow/providers/cncf/kubernetes/operators/kubernetes_pod.py", line 516, in execute
    return self.execute_sync(context)
  File "/home/airflow/.local/lib/python3.8/site-packages/airflow/providers/cncf/kubernetes/operators/kubernetes_pod.py", line 545, in execute_sync
    self.cleanup(
  File "/home/airflow/.local/lib/python3.8/site-packages/airflow/providers/cncf/kubernetes/operators/kubernetes_pod.py", line 671, in cleanup
    raise AirflowException(
airflow.exceptions.AirflowException: Pod text-hello-pod-23u8alnx returned a failure:

remote_pod: {'api_version': None,
 'kind': None,
 'metadata': {'annotations': None,
              'cluster_name': None,
              'creation_timestamp': datetime.datetime(2023, 6, 23, 6, 8, 10, tzinfo=tzlocal()),
              'deletion_grace_period_seconds': None,
              'deletion_timestamp': None,
              'finalizers': None,
              'generate_name': None,
              'generation': None,
              'labels': {'***_kpo_in_cluster': 'True',
                         '***_version': '2.5.3',
                         'dag_id': 'text_hello',
                         'kubernetes_pod_operator': 'True',
                         'run_id': 'scheduled__2023-06-21T1200000000-0902dc9bf',
                         'task_id': 'hello_task',
                         'try_number': '1'},
              'managed_fields': [{'api_version': 'v1',
                                  'fields_type': 'FieldsV1',
                                  'fields_v1': {'f:metadata': {'f:labels': {'.': {},
                                                                            'f:***_kpo_in_cluster': {},
                                                                            'f:***_version': {},
                                                                            'f:dag_id': {},
                                                                            'f:kubernetes_pod_operator': {},
                                                                            'f:run_id': {},
                                                                            'f:task_id': {},
                                                                            'f:try_number': {}}},
                                                'f:spec': {'f:affinity': {},
                                                           'f:containers': {'k:{"name":"base"}': {'.': {},
                                                                                                  'f:args': {},
                                                                                                  'f:command': {},
                                                                                                  'f:image': {},
                                                                                                  'f:imagePullPolicy': {},
                                                                                                  'f:name': {},
                                                                                                  'f:resources': {},
                                                                                                  'f:terminationMessagePath': {},
                                                                                                  'f:terminationMessagePolicy': {}}},
                                                           'f:dnsPolicy': {},
                                                           'f:enableServiceLinks': {},
                                                           'f:restartPolicy': {},
                                                           'f:schedulerName': {},
                                                           'f:securityContext': {},
                                                           'f:terminationGracePeriodSeconds': {}}},
                                  'manager': 'OpenAPI-Generator',
                                  'operation': 'Update',
                                  'subresource': None,
                                  'time': datetime.datetime(2023, 6, 23, 6, 8, 10, tzinfo=tzlocal())}],
              'name': 'text-hello-pod-23u8alnx',
              'namespace': '***-cluster',
              'owner_references': None,
              'resource_version': '18680735',
              'self_link': None,
              'uid': '05a33d4a-e362-4b62-b87e-3ea262cc2738'},
 'spec': {'active_deadline_seconds': None,
          'affinity': {'node_affinity': None,
                       'pod_affinity': None,
                       'pod_anti_affinity': None},
          'automount_service_account_token': None,
          'containers': [{'args': ['\n'
                                   '        print("Run this command!!!")\n'
                                   '        # import time\n'
                                   '        # from datetime import datetime\n'
                                   '        # now = datetime.now()  # current '
                                   'date and time\n'
                                   '        # with '
                                   'open("/data/hello_world.txt", "w") as f:\n'
                                   '        #     f.write(f"Hello World, '
                                   "Current Time: {now.strftime('%Y-%m-%d "
                                   '%H:%M:%S\')}")\n'
                                   '        # time.sleep(120)  # Sleep for 60 '
                                   'seconds\n'
                                   '        '],
                          'command': ['python', '-c'],
                          'env': None,
                          'env_from': None,
                          'image': 'text_hello:v0.1',
                          'image_pull_policy': 'IfNotPresent',
                          'lifecycle': None,
                          'liveness_probe': None,
                          'name': 'base',
                          'ports': None,
                          'readiness_probe': None,
                          'resources': {'limits': None, 'requests': None},
                          'security_context': None,
                          'startup_probe': None,
                          'stdin': None,
                          'stdin_once': None,
                          'termination_message_path': '/dev/termination-log',
                          'termination_message_policy': 'File',
                          'tty': None,
                          'volume_devices': None,
                          'volume_mounts': [{'mount_path': '/var/run/secrets/kubernetes.io/serviceaccount',
                                             'mount_propagation': None,
                                             'name': 'kube-api-access-wdb79',
                                             'read_only': True,
                                             'sub_path': None,
                                             'sub_path_expr': None}],
                          'working_dir': None}],
          'dns_config': None,
          'dns_policy': 'ClusterFirst',
          'enable_service_links': True,
          'ephemeral_containers': None,
          'host_aliases': None,
          'host_ipc': None,
          'host_network': None,
          'host_pid': None,
          'hostname': None,
          'image_pull_secrets': None,
          'init_containers': None,
          'node_name': 'desk2',
          'node_selector': None,
          'os': None,
          'overhead': None,
          'preemption_policy': 'PreemptLowerPriority',
          'priority': 0,
          'priority_class_name': None,
          'readiness_gates': None,
          'restart_policy': 'Never',
          'runtime_class_name': None,
          'scheduler_name': 'default-scheduler',
          'security_context': {'fs_group': None,
                               'fs_group_change_policy': None,
                               'run_as_group': None,
                               'run_as_non_root': None,
                               'run_as_user': None,
                               'se_linux_options': None,
                               'seccomp_profile': None,
                               'supplemental_groups': None,
                               'sysctls': None,
                               'windows_options': None},
          'service_account': 'default',
          'service_account_name': 'default',
          'set_hostname_as_fqdn': None,
          'share_process_namespace': None,
          'subdomain': None,
          'termination_grace_period_seconds': 30,
          'tolerations': [{'effect': 'NoExecute',
                           'key': 'node.kubernetes.io/not-ready',
                           'operator': 'Exists',
                           'toleration_seconds': 300,
                           'value': None},
                          {'effect': 'NoExecute',
                           'key': 'node.kubernetes.io/unreachable',
                           'operator': 'Exists',
                           'toleration_seconds': 300,
                           'value': None}],
          'topology_spread_constraints': None,
          'volumes': [{'aws_elastic_block_store': None,
                       'azure_disk': None,
                       'azure_file': None,
                       'cephfs': None,
                       'cinder': None,
                       'config_map': None,
                       'csi': None,
                       'downward_api': None,
                       'empty_dir': None,
                       'ephemeral': None,
                       'fc': None,
                       'flex_volume': None,
                       'flocker': None,
                       'gce_persistent_disk': None,
                       'git_repo': None,
                       'glusterfs': None,
                       'host_path': None,
                       'iscsi': None,
                       'name': 'kube-api-access-wdb79',
                       'nfs': None,
                       'persistent_volume_claim': None,
                       'photon_persistent_disk': None,
                       'portworx_volume': None,
                       'projected': {'default_mode': 420,
                                     'sources': [{'config_map': None,
                                                  'downward_api': None,
                                                  'secret': None,
                                                  'service_account_token': {'audience': None,
                                                                            'expiration_seconds': 3607,
                                                                            'path': 'token'}},
                                                 {'config_map': {'items': [{'key': 'ca.crt',
                                                                            'mode': None,
                                                                            'path': 'ca.crt'}],
                                                                 'name': 'kube-root-ca.crt',
                                                                 'optional': None},
                                                  'downward_api': None,
                                                  'secret': None,
                                                  'service_account_token': None},
                                                 {'config_map': None,
                                                  'downward_api': {'items': [{'field_ref': {'api_version': 'v1',
                                                                                            'field_path': 'metadata.namespace'},
                                                                              'mode': None,
                                                                              'path': 'namespace',
                                                                              'resource_field_ref': None}]},
                                                  'secret': None,
                                                  'service_account_token': None}]},
                       'quobyte': None,
                       'rbd': None,
                       'scale_io': None,
                       'secret': None,
                       'storageos': None,
                       'vsphere_volume': None}]},
 'status': {'conditions': [{'last_probe_time': None,
                            'last_transition_time': datetime.datetime(2023, 6, 23, 6, 8, 10, tzinfo=tzlocal()),
                            'message': None,
                            'reason': None,
                            'status': 'True',
                            'type': 'PodScheduled'}],
            'container_statuses': None,
            'ephemeral_container_statuses': None,
            'host_ip': None,
            'init_container_statuses': None,
            'message': None,
            'nominated_node_name': None,
            'phase': 'Pending',
            'pod_i_ps': None,
            'pod_ip': None,
            'qos_class': 'BestEffort',
            'reason': None,
            'start_time': None}}
[2023-06-23T06:10:10.447+0000] {taskinstance.py:1327} INFO - Marking task as FAILED. dag_id=text_hello, task_id=hello_task, execution_date=20230621T120000, start_date=20230623T060808, end_date=20230623T061010
[2023-06-23T06:10:10.457+0000] {standard_task_runner.py:100} ERROR - Failed to execute job 216 for task hello_task (Pod text-hello-pod-23u8alnx returned a failure:

remote_pod: {'api_version': None,
 'kind': None,
 'metadata': {'annotations': None,
              'cluster_name': None,
              'creation_timestamp': datetime.datetime(2023, 6, 23, 6, 8, 10, tzinfo=tzlocal()),
              'deletion_grace_period_seconds': None,
              'deletion_timestamp': None,
              'finalizers': None,
              'generate_name': None,
              'generation': None,
              'labels': {'***_kpo_in_cluster': 'True',
                         '***_version': '2.5.3',
                         'dag_id': 'text_hello',
                         'kubernetes_pod_operator': 'True',
                         'run_id': 'scheduled__2023-06-21T1200000000-0902dc9bf',
                         'task_id': 'hello_task',
                         'try_number': '1'},
              'managed_fields': [{'api_version': 'v1',
                                  'fields_type': 'FieldsV1',
                                  'fields_v1': {'f:metadata': {'f:labels': {'.': {},
                                                                            'f:***_kpo_in_cluster': {},
                                                                            'f:***_version': {},
                                                                            'f:dag_id': {},
                                                                            'f:kubernetes_pod_operator': {},
                                                                            'f:run_id': {},
                                                                            'f:task_id': {},
                                                                            'f:try_number': {}}},
                                                'f:spec': {'f:affinity': {},
                                                           'f:containers': {'k:{"name":"base"}': {'.': {},
                                                                                                  'f:args': {},
                                                                                                  'f:command': {},
                                                                                                  'f:image': {},
                                                                                                  'f:imagePullPolicy': {},
                                                                                                  'f:name': {},
                                                                                                  'f:resources': {},
                                                                                                  'f:terminationMessagePath': {},
                                                                                                  'f:terminationMessagePolicy': {}}},
                                                           'f:dnsPolicy': {},
                                                           'f:enableServiceLinks': {},
                                                           'f:restartPolicy': {},
                                                           'f:schedulerName': {},
                                                           'f:securityContext': {},
                                                           'f:terminationGracePeriodSeconds': {}}},
                                  'manager': 'OpenAPI-Generator',
                                  'operation': 'Update',
                                  'subresource': None,
                                  'time': datetime.datetime(2023, 6, 23, 6, 8, 10, tzinfo=tzlocal())}],
              'name': 'text-hello-pod-23u8alnx',
              'namespace': '***-cluster',
              'owner_references': None,
              'resource_version': '18680735',
              'self_link': None,
              'uid': '05a33d4a-e362-4b62-b87e-3ea262cc2738'},
 'spec': {'active_deadline_seconds': None,
          'affinity': {'node_affinity': None,
                       'pod_affinity': None,
                       'pod_anti_affinity': None},
          'automount_service_account_token': None,
          'containers': [{'args': ['\n'
                                   '        print("Run this command!!!")\n'
                                   '        # import time\n'
                                   '        # from datetime import datetime\n'
                                   '        # now = datetime.now()  # current '
                                   'date and time\n'
                                   '        # with '
                                   'open("/data/hello_world.txt", "w") as f:\n'
                                   '        #     f.write(f"Hello World, '
                                   "Current Time: {now.strftime('%Y-%m-%d "
                                   '%H:%M:%S\')}")\n'
                                   '        # time.sleep(120)  # Sleep for 60 '
                                   'seconds\n'
                                   '        '],
                          'command': ['python', '-c'],
                          'env': None,
                          'env_from': None,
                          'image': 'text_hello:v0.1',
                          'image_pull_policy': 'IfNotPresent',
                          'lifecycle': None,
                          'liveness_probe': None,
                          'name': 'base',
                          'ports': None,
                          'readiness_probe': None,
                          'resources': {'limits': None, 'requests': None},
                          'security_context': None,
                          'startup_probe': None,
                          'stdin': None,
                          'stdin_once': None,
                          'termination_message_path': '/dev/termination-log',
                          'termination_message_policy': 'File',
                          'tty': None,
                          'volume_devices': None,
                          'volume_mounts': [{'mount_path': '/var/run/secrets/kubernetes.io/serviceaccount',
                                             'mount_propagation': None,
                                             'name': 'kube-api-access-wdb79',
                                             'read_only': True,
                                             'sub_path': None,
                                             'sub_path_expr': None}],
                          'working_dir': None}],
          'dns_config': None,
          'dns_policy': 'ClusterFirst',
          'enable_service_links': True,
          'ephemeral_containers': None,
          'host_aliases': None,
          'host_ipc': None,
          'host_network': None,
          'host_pid': None,
          'hostname': None,
          'image_pull_secrets': None,
          'init_containers': None,
          'node_name': 'desk2',
          'node_selector': None,
          'os': None,
          'overhead': None,
          'preemption_policy': 'PreemptLowerPriority',
          'priority': 0,
          'priority_class_name': None,
          'readiness_gates': None,
          'restart_policy': 'Never',
          'runtime_class_name': None,
          'scheduler_name': 'default-scheduler',
          'security_context': {'fs_group': None,
                               'fs_group_change_policy': None,
                               'run_as_group': None,
                               'run_as_non_root': None,
                               'run_as_user': None,
                               'se_linux_options': None,
                               'seccomp_profile': None,
                               'supplemental_groups': None,
                               'sysctls': None,
                               'windows_options': None},
          'service_account': 'default',
          'service_account_name': 'default',
          'set_hostname_as_fqdn': None,
          'share_process_namespace': None,
          'subdomain': None,
          'termination_grace_period_seconds': 30,
          'tolerations': [{'effect': 'NoExecute',
                           'key': 'node.kubernetes.io/not-ready',
                           'operator': 'Exists',
                           'toleration_seconds': 300,
                           'value': None},
                          {'effect': 'NoExecute',
                           'key': 'node.kubernetes.io/unreachable',
                           'operator': 'Exists',
                           'toleration_seconds': 300,
                           'value': None}],
          'topology_spread_constraints': None,
          'volumes': [{'aws_elastic_block_store': None,
                       'azure_disk': None,
                       'azure_file': None,
                       'cephfs': None,
                       'cinder': None,
                       'config_map': None,
                       'csi': None,
                       'downward_api': None,
                       'empty_dir': None,
                       'ephemeral': None,
                       'fc': None,
                       'flex_volume': None,
                       'flocker': None,
                       'gce_persistent_disk': None,
                       'git_repo': None,
                       'glusterfs': None,
                       'host_path': None,
                       'iscsi': None,
                       'name': 'kube-api-access-wdb79',
                       'nfs': None,
                       'persistent_volume_claim': None,
                       'photon_persistent_disk': None,
                       'portworx_volume': None,
                       'projected': {'default_mode': 420,
                                     'sources': [{'config_map': None,
                                                  'downward_api': None,
                                                  'secret': None,
                                                  'service_account_token': {'audience': None,
                                                                            'expiration_seconds': 3607,
                                                                            'path': 'token'}},
                                                 {'config_map': {'items': [{'key': 'ca.crt',
                                                                            'mode': None,
                                                                            'path': 'ca.crt'}],
                                                                 'name': 'kube-root-ca.crt',
                                                                 'optional': None},
                                                  'downward_api': None,
                                                  'secret': None,
                                                  'service_account_token': None},
                                                 {'config_map': None,
                                                  'downward_api': {'items': [{'field_ref': {'api_version': 'v1',
                                                                                            'field_path': 'metadata.namespace'},
                                                                              'mode': None,
                                                                              'path': 'namespace',
                                                                              'resource_field_ref': None}]},
                                                  'secret': None,
                                                  'service_account_token': None}]},
                       'quobyte': None,
                       'rbd': None,
                       'scale_io': None,
                       'secret': None,
                       'storageos': None,
                       'vsphere_volume': None}]},
 'status': {'conditions': [{'last_probe_time': None,
                            'last_transition_time': datetime.datetime(2023, 6, 23, 6, 8, 10, tzinfo=tzlocal()),
                            'message': None,
                            'reason': None,
                            'status': 'True',
                            'type': 'PodScheduled'}],
            'container_statuses': None,
            'ephemeral_container_statuses': None,
            'host_ip': None,
            'init_container_statuses': None,
            'message': None,
            'nominated_node_name': None,
            'phase': 'Pending',
            'pod_i_ps': None,
            'pod_ip': None,
            'qos_class': 'BestEffort',
            'reason': None,
            'start_time': None}}; 106)
[2023-06-23T06:10:10.503+0000] {local_task_job.py:212} INFO - Task exited with return code 1
[2023-06-23T06:10:10.530+0000] {taskinstance.py:2596} INFO - 0 downstream tasks scheduled from follow-on schedule check
