[2023-06-27T08:03:53.577+0000] {taskinstance.py:1090} INFO - Dependencies all met for dep_context=non-requeueable deps ti=<TaskInstance: yolov5_ml_pipeline.detect_images manual__2023-06-27T08:03:14.850672+00:00 [queued]>
[2023-06-27T08:03:53.584+0000] {taskinstance.py:1090} INFO - Dependencies all met for dep_context=requeueable deps ti=<TaskInstance: yolov5_ml_pipeline.detect_images manual__2023-06-27T08:03:14.850672+00:00 [queued]>
[2023-06-27T08:03:53.584+0000] {taskinstance.py:1288} INFO - 
--------------------------------------------------------------------------------
[2023-06-27T08:03:53.584+0000] {taskinstance.py:1289} INFO - Starting attempt 1 of 1
[2023-06-27T08:03:53.584+0000] {taskinstance.py:1290} INFO - 
--------------------------------------------------------------------------------
[2023-06-27T08:03:53.611+0000] {taskinstance.py:1309} INFO - Executing <Task(KubernetesPodOperator): detect_images> on 2023-06-27 08:03:14.850672+00:00
[2023-06-27T08:03:53.638+0000] {standard_task_runner.py:55} INFO - Started process 106 to run task
[2023-06-27T08:03:53.641+0000] {standard_task_runner.py:82} INFO - Running: ['***', 'tasks', 'run', 'yolov5_ml_pipeline', 'detect_images', 'manual__2023-06-27T08:03:14.850672+00:00', '--job-id', '246', '--raw', '--subdir', 'DAGS_FOLDER/yolov5_pipe.py', '--cfg-path', '/tmp/tmpgrvxerb2']
[2023-06-27T08:03:53.643+0000] {standard_task_runner.py:83} INFO - Job 246: Subtask detect_images
[2023-06-27T08:03:54.302+0000] {task_command.py:389} INFO - Running <TaskInstance: yolov5_ml_pipeline.detect_images manual__2023-06-27T08:03:14.850672+00:00 [running]> on host yolov5-ml-pipeline-detect-imag-0e9be17961ee4878a5b50d2906e559a8
[2023-06-27T08:03:55.048+0000] {logging_mixin.py:137} WARNING - /home/***/.local/lib/python3.8/site-packages/***/kubernetes/kube_config.py:58 DeprecationWarning: The namespace option in [kubernetes] has been moved to the namespace option in [kubernetes_executor] - the old setting has been used, but please update your config.
[2023-06-27T08:03:55.049+0000] {logging_mixin.py:137} WARNING - /home/***/.local/lib/python3.8/site-packages/***/kubernetes/kube_config.py:64 DeprecationWarning: The namespace option in [kubernetes] has been moved to the namespace option in [kubernetes_executor] - the old setting has been used, but please update your config.
[2023-06-27T08:03:55.050+0000] {pod_generator.py:424} WARNING - Model file /opt/***/pod_templates/pod_template.yaml does not exist
[2023-06-27T08:03:55.087+0000] {taskinstance.py:1516} INFO - Exporting the following env vars:
AIRFLOW_CTX_DAG_OWNER=***
AIRFLOW_CTX_DAG_ID=yolov5_ml_pipeline
AIRFLOW_CTX_TASK_ID=detect_images
AIRFLOW_CTX_EXECUTION_DATE=2023-06-27T08:03:14.850672+00:00
AIRFLOW_CTX_TRY_NUMBER=1
AIRFLOW_CTX_DAG_RUN_ID=manual__2023-06-27T08:03:14.850672+00:00
[2023-06-27T08:03:55.091+0000] {kubernetes_pod.py:815} INFO - Building pod detect-images-fr0a3vle with labels: {'dag_id': 'yolov5_ml_pipeline', 'task_id': 'detect_images', 'run_id': 'manual__2023-06-27T080314.8506720000-8c6e3efaa', 'kubernetes_pod_operator': 'True', 'try_number': '1'}
[2023-06-27T08:03:55.144+0000] {kubernetes_pod.py:476} INFO - Found matching pod detect-images-fr0a3vle with labels {'airflow_kpo_in_cluster': 'True', 'airflow_version': '2.5.3', 'app': 'my_app', 'dag_id': 'yolov5_ml_pipeline', 'kubernetes_pod_operator': 'True', 'run_id': 'manual__2023-06-27T080314.8506720000-8c6e3efaa', 'task_id': 'detect_images', 'try_number': '1'}
[2023-06-27T08:03:55.145+0000] {kubernetes_pod.py:477} INFO - `try_number` of task_instance: 1
[2023-06-27T08:03:55.145+0000] {kubernetes_pod.py:478} INFO - `try_number` of pod: 1
[2023-06-27T08:03:55.151+0000] {pod_manager.py:187} WARNING - Pod not yet started: detect-images-fr0a3vle
[2023-06-27T08:03:56.165+0000] {pod_manager.py:187} WARNING - Pod not yet started: detect-images-fr0a3vle
[2023-06-27T08:03:57.175+0000] {pod_manager.py:187} WARNING - Pod not yet started: detect-images-fr0a3vle
[2023-06-27T08:03:58.188+0000] {pod_manager.py:187} WARNING - Pod not yet started: detect-images-fr0a3vle
[2023-06-27T08:03:59.219+0000] {pod_manager.py:187} WARNING - Pod not yet started: detect-images-fr0a3vle
[2023-06-27T08:04:00.236+0000] {pod_manager.py:187} WARNING - Pod not yet started: detect-images-fr0a3vle
[2023-06-27T08:04:01.278+0000] {pod_manager.py:187} WARNING - Pod not yet started: detect-images-fr0a3vle
[2023-06-27T08:04:02.292+0000] {pod_manager.py:187} WARNING - Pod not yet started: detect-images-fr0a3vle
[2023-06-27T08:04:03.307+0000] {pod_manager.py:187} WARNING - Pod not yet started: detect-images-fr0a3vle
[2023-06-27T08:04:04.326+0000] {pod_manager.py:187} WARNING - Pod not yet started: detect-images-fr0a3vle
[2023-06-27T08:04:05.336+0000] {pod_manager.py:187} WARNING - Pod not yet started: detect-images-fr0a3vle
[2023-06-27T08:04:06.351+0000] {pod_manager.py:187} WARNING - Pod not yet started: detect-images-fr0a3vle
[2023-06-27T08:04:07.362+0000] {pod_manager.py:187} WARNING - Pod not yet started: detect-images-fr0a3vle
[2023-06-27T08:04:08.373+0000] {pod_manager.py:187} WARNING - Pod not yet started: detect-images-fr0a3vle
[2023-06-27T08:04:09.383+0000] {pod_manager.py:187} WARNING - Pod not yet started: detect-images-fr0a3vle
[2023-06-27T08:04:10.399+0000] {pod_manager.py:187} WARNING - Pod not yet started: detect-images-fr0a3vle
[2023-06-27T08:04:11.424+0000] {pod_manager.py:187} WARNING - Pod not yet started: detect-images-fr0a3vle
[2023-06-27T08:04:12.436+0000] {pod_manager.py:187} WARNING - Pod not yet started: detect-images-fr0a3vle
[2023-06-27T08:04:13.447+0000] {pod_manager.py:187} WARNING - Pod not yet started: detect-images-fr0a3vle
[2023-06-27T08:04:14.478+0000] {pod_manager.py:187} WARNING - Pod not yet started: detect-images-fr0a3vle
[2023-06-27T08:04:15.517+0000] {pod_manager.py:187} WARNING - Pod not yet started: detect-images-fr0a3vle
[2023-06-27T08:04:16.533+0000] {pod_manager.py:187} WARNING - Pod not yet started: detect-images-fr0a3vle
[2023-06-27T08:04:17.543+0000] {pod_manager.py:187} WARNING - Pod not yet started: detect-images-fr0a3vle
[2023-06-27T08:04:18.557+0000] {pod_manager.py:187} WARNING - Pod not yet started: detect-images-fr0a3vle
[2023-06-27T08:04:19.569+0000] {pod_manager.py:187} WARNING - Pod not yet started: detect-images-fr0a3vle
[2023-06-27T08:04:20.597+0000] {pod_manager.py:187} WARNING - Pod not yet started: detect-images-fr0a3vle
[2023-06-27T08:04:21.627+0000] {pod_manager.py:187} WARNING - Pod not yet started: detect-images-fr0a3vle
[2023-06-27T08:04:22.646+0000] {pod_manager.py:187} WARNING - Pod not yet started: detect-images-fr0a3vle
[2023-06-27T08:04:23.656+0000] {pod_manager.py:187} WARNING - Pod not yet started: detect-images-fr0a3vle
[2023-06-27T08:04:24.670+0000] {pod_manager.py:187} WARNING - Pod not yet started: detect-images-fr0a3vle
[2023-06-27T08:04:25.683+0000] {pod_manager.py:187} WARNING - Pod not yet started: detect-images-fr0a3vle
[2023-06-27T08:04:26.698+0000] {pod_manager.py:187} WARNING - Pod not yet started: detect-images-fr0a3vle
[2023-06-27T08:04:27.864+0000] {pod_manager.py:187} WARNING - Pod not yet started: detect-images-fr0a3vle
[2023-06-27T08:04:28.892+0000] {pod_manager.py:187} WARNING - Pod not yet started: detect-images-fr0a3vle
[2023-06-27T08:04:29.934+0000] {pod_manager.py:187} WARNING - Pod not yet started: detect-images-fr0a3vle
[2023-06-27T08:04:30.948+0000] {pod_manager.py:187} WARNING - Pod not yet started: detect-images-fr0a3vle
[2023-06-27T08:04:31.962+0000] {pod_manager.py:187} WARNING - Pod not yet started: detect-images-fr0a3vle
[2023-06-27T08:04:32.975+0000] {pod_manager.py:187} WARNING - Pod not yet started: detect-images-fr0a3vle
[2023-06-27T08:04:33.990+0000] {pod_manager.py:187} WARNING - Pod not yet started: detect-images-fr0a3vle
[2023-06-27T08:04:35.003+0000] {pod_manager.py:187} WARNING - Pod not yet started: detect-images-fr0a3vle
[2023-06-27T08:04:36.015+0000] {pod_manager.py:187} WARNING - Pod not yet started: detect-images-fr0a3vle
[2023-06-27T08:04:37.029+0000] {pod_manager.py:187} WARNING - Pod not yet started: detect-images-fr0a3vle
[2023-06-27T08:04:38.048+0000] {pod_manager.py:187} WARNING - Pod not yet started: detect-images-fr0a3vle
[2023-06-27T08:04:39.060+0000] {pod_manager.py:187} WARNING - Pod not yet started: detect-images-fr0a3vle
[2023-06-27T08:04:40.072+0000] {pod_manager.py:187} WARNING - Pod not yet started: detect-images-fr0a3vle
[2023-06-27T08:04:41.110+0000] {pod_manager.py:187} WARNING - Pod not yet started: detect-images-fr0a3vle
[2023-06-27T08:04:42.136+0000] {pod_manager.py:187} WARNING - Pod not yet started: detect-images-fr0a3vle
[2023-06-27T08:04:43.151+0000] {pod_manager.py:187} WARNING - Pod not yet started: detect-images-fr0a3vle
[2023-06-27T08:04:44.174+0000] {pod_manager.py:187} WARNING - Pod not yet started: detect-images-fr0a3vle
[2023-06-27T08:04:45.195+0000] {pod_manager.py:187} WARNING - Pod not yet started: detect-images-fr0a3vle
[2023-06-27T08:04:46.224+0000] {pod_manager.py:187} WARNING - Pod not yet started: detect-images-fr0a3vle
[2023-06-27T08:04:47.243+0000] {pod_manager.py:187} WARNING - Pod not yet started: detect-images-fr0a3vle
[2023-06-27T08:04:48.264+0000] {pod_manager.py:187} WARNING - Pod not yet started: detect-images-fr0a3vle
[2023-06-27T08:04:49.283+0000] {pod_manager.py:187} WARNING - Pod not yet started: detect-images-fr0a3vle
[2023-06-27T08:04:50.584+0000] {pod_manager.py:187} WARNING - Pod not yet started: detect-images-fr0a3vle
[2023-06-27T08:04:51.599+0000] {pod_manager.py:187} WARNING - Pod not yet started: detect-images-fr0a3vle
[2023-06-27T08:04:52.630+0000] {pod_manager.py:187} WARNING - Pod not yet started: detect-images-fr0a3vle
[2023-06-27T08:04:53.650+0000] {pod_manager.py:187} WARNING - Pod not yet started: detect-images-fr0a3vle
[2023-06-27T08:04:54.663+0000] {pod_manager.py:187} WARNING - Pod not yet started: detect-images-fr0a3vle
[2023-06-27T08:04:55.682+0000] {pod_manager.py:187} WARNING - Pod not yet started: detect-images-fr0a3vle
[2023-06-27T08:04:56.698+0000] {pod_manager.py:187} WARNING - Pod not yet started: detect-images-fr0a3vle
[2023-06-27T08:04:57.708+0000] {pod_manager.py:187} WARNING - Pod not yet started: detect-images-fr0a3vle
[2023-06-27T08:04:58.734+0000] {pod_manager.py:187} WARNING - Pod not yet started: detect-images-fr0a3vle
[2023-06-27T08:04:59.787+0000] {pod_manager.py:187} WARNING - Pod not yet started: detect-images-fr0a3vle
[2023-06-27T08:05:00.801+0000] {pod_manager.py:187} WARNING - Pod not yet started: detect-images-fr0a3vle
[2023-06-27T08:05:01.820+0000] {pod_manager.py:187} WARNING - Pod not yet started: detect-images-fr0a3vle
[2023-06-27T08:05:02.834+0000] {pod_manager.py:187} WARNING - Pod not yet started: detect-images-fr0a3vle
[2023-06-27T08:05:03.854+0000] {pod_manager.py:187} WARNING - Pod not yet started: detect-images-fr0a3vle
[2023-06-27T08:05:04.871+0000] {pod_manager.py:187} WARNING - Pod not yet started: detect-images-fr0a3vle
[2023-06-27T08:05:05.887+0000] {pod_manager.py:187} WARNING - Pod not yet started: detect-images-fr0a3vle
[2023-06-27T08:05:06.918+0000] {pod_manager.py:187} WARNING - Pod not yet started: detect-images-fr0a3vle
[2023-06-27T08:05:07.941+0000] {pod_manager.py:187} WARNING - Pod not yet started: detect-images-fr0a3vle
[2023-06-27T08:05:08.956+0000] {pod_manager.py:187} WARNING - Pod not yet started: detect-images-fr0a3vle
[2023-06-27T08:05:09.978+0000] {pod_manager.py:187} WARNING - Pod not yet started: detect-images-fr0a3vle
[2023-06-27T08:05:10.993+0000] {pod_manager.py:187} WARNING - Pod not yet started: detect-images-fr0a3vle
[2023-06-27T08:05:12.021+0000] {pod_manager.py:187} WARNING - Pod not yet started: detect-images-fr0a3vle
[2023-06-27T08:05:13.031+0000] {pod_manager.py:187} WARNING - Pod not yet started: detect-images-fr0a3vle
[2023-06-27T08:05:14.047+0000] {pod_manager.py:187} WARNING - Pod not yet started: detect-images-fr0a3vle
[2023-06-27T08:05:15.063+0000] {pod_manager.py:187} WARNING - Pod not yet started: detect-images-fr0a3vle
[2023-06-27T08:05:16.077+0000] {pod_manager.py:187} WARNING - Pod not yet started: detect-images-fr0a3vle
[2023-06-27T08:05:17.092+0000] {pod_manager.py:187} WARNING - Pod not yet started: detect-images-fr0a3vle
[2023-06-27T08:05:18.108+0000] {pod_manager.py:187} WARNING - Pod not yet started: detect-images-fr0a3vle
[2023-06-27T08:05:19.129+0000] {pod_manager.py:187} WARNING - Pod not yet started: detect-images-fr0a3vle
[2023-06-27T08:05:20.138+0000] {pod_manager.py:187} WARNING - Pod not yet started: detect-images-fr0a3vle
[2023-06-27T08:05:21.149+0000] {pod_manager.py:187} WARNING - Pod not yet started: detect-images-fr0a3vle
[2023-06-27T08:05:22.166+0000] {pod_manager.py:187} WARNING - Pod not yet started: detect-images-fr0a3vle
[2023-06-27T08:05:23.178+0000] {pod_manager.py:187} WARNING - Pod not yet started: detect-images-fr0a3vle
[2023-06-27T08:05:24.192+0000] {pod_manager.py:187} WARNING - Pod not yet started: detect-images-fr0a3vle
[2023-06-27T08:05:25.234+0000] {pod_manager.py:187} WARNING - Pod not yet started: detect-images-fr0a3vle
[2023-06-27T08:05:26.249+0000] {pod_manager.py:187} WARNING - Pod not yet started: detect-images-fr0a3vle
[2023-06-27T08:05:27.262+0000] {pod_manager.py:187} WARNING - Pod not yet started: detect-images-fr0a3vle
[2023-06-27T08:05:28.271+0000] {pod_manager.py:187} WARNING - Pod not yet started: detect-images-fr0a3vle
[2023-06-27T08:05:29.304+0000] {pod_manager.py:187} WARNING - Pod not yet started: detect-images-fr0a3vle
[2023-06-27T08:05:30.345+0000] {pod_manager.py:187} WARNING - Pod not yet started: detect-images-fr0a3vle
[2023-06-27T08:05:31.369+0000] {pod_manager.py:187} WARNING - Pod not yet started: detect-images-fr0a3vle
[2023-06-27T08:05:32.377+0000] {pod_manager.py:187} WARNING - Pod not yet started: detect-images-fr0a3vle
[2023-06-27T08:05:33.389+0000] {pod_manager.py:187} WARNING - Pod not yet started: detect-images-fr0a3vle
[2023-06-27T08:05:34.406+0000] {pod_manager.py:187} WARNING - Pod not yet started: detect-images-fr0a3vle
[2023-06-27T08:05:35.420+0000] {pod_manager.py:187} WARNING - Pod not yet started: detect-images-fr0a3vle
[2023-06-27T08:05:36.451+0000] {pod_manager.py:187} WARNING - Pod not yet started: detect-images-fr0a3vle
[2023-06-27T08:05:37.479+0000] {pod_manager.py:187} WARNING - Pod not yet started: detect-images-fr0a3vle
[2023-06-27T08:05:38.490+0000] {pod_manager.py:187} WARNING - Pod not yet started: detect-images-fr0a3vle
[2023-06-27T08:05:39.505+0000] {pod_manager.py:187} WARNING - Pod not yet started: detect-images-fr0a3vle
[2023-06-27T08:05:40.514+0000] {pod_manager.py:187} WARNING - Pod not yet started: detect-images-fr0a3vle
[2023-06-27T08:05:41.532+0000] {pod_manager.py:187} WARNING - Pod not yet started: detect-images-fr0a3vle
[2023-06-27T08:05:42.545+0000] {pod_manager.py:187} WARNING - Pod not yet started: detect-images-fr0a3vle
[2023-06-27T08:05:43.561+0000] {pod_manager.py:187} WARNING - Pod not yet started: detect-images-fr0a3vle
[2023-06-27T08:05:44.570+0000] {pod_manager.py:187} WARNING - Pod not yet started: detect-images-fr0a3vle
[2023-06-27T08:05:45.598+0000] {pod_manager.py:187} WARNING - Pod not yet started: detect-images-fr0a3vle
[2023-06-27T08:05:46.612+0000] {pod_manager.py:187} WARNING - Pod not yet started: detect-images-fr0a3vle
[2023-06-27T08:05:47.633+0000] {pod_manager.py:187} WARNING - Pod not yet started: detect-images-fr0a3vle
[2023-06-27T08:05:48.643+0000] {pod_manager.py:187} WARNING - Pod not yet started: detect-images-fr0a3vle
[2023-06-27T08:05:49.657+0000] {pod_manager.py:187} WARNING - Pod not yet started: detect-images-fr0a3vle
[2023-06-27T08:05:50.665+0000] {pod_manager.py:187} WARNING - Pod not yet started: detect-images-fr0a3vle
[2023-06-27T08:05:51.695+0000] {pod_manager.py:187} WARNING - Pod not yet started: detect-images-fr0a3vle
[2023-06-27T08:05:52.720+0000] {pod_manager.py:187} WARNING - Pod not yet started: detect-images-fr0a3vle
[2023-06-27T08:05:53.735+0000] {pod_manager.py:187} WARNING - Pod not yet started: detect-images-fr0a3vle
[2023-06-27T08:05:54.748+0000] {pod_manager.py:187} WARNING - Pod not yet started: detect-images-fr0a3vle
[2023-06-27T08:05:55.767+0000] {pod_manager.py:187} WARNING - Pod not yet started: detect-images-fr0a3vle
[2023-06-27T08:05:55.806+0000] {kubernetes_pod.py:688} INFO - Deleting pod: detect-images-fr0a3vle
[2023-06-27T08:05:55.853+0000] {taskinstance.py:1776} ERROR - Task failed with exception
Traceback (most recent call last):
  File "/home/airflow/.local/lib/python3.8/site-packages/airflow/providers/cncf/kubernetes/operators/kubernetes_pod.py", line 527, in execute_sync
    self.await_pod_start(pod=self.pod)
  File "/home/airflow/.local/lib/python3.8/site-packages/airflow/providers/cncf/kubernetes/operators/kubernetes_pod.py", line 494, in await_pod_start
    self.pod_manager.await_pod_start(pod=pod, startup_timeout=self.startup_timeout_seconds)
  File "/home/airflow/.local/lib/python3.8/site-packages/airflow/providers/cncf/kubernetes/utils/pod_manager.py", line 194, in await_pod_start
    raise PodLaunchFailedException(msg)
airflow.providers.cncf.kubernetes.utils.pod_manager.PodLaunchFailedException: Pod took longer than 120 seconds to start. Check the pod events in kubernetes to determine why.

During handling of the above exception, another exception occurred:

Traceback (most recent call last):
  File "/home/airflow/.local/lib/python3.8/site-packages/airflow/providers/cncf/kubernetes/operators/kubernetes_pod.py", line 516, in execute
    return self.execute_sync(context)
  File "/home/airflow/.local/lib/python3.8/site-packages/airflow/providers/cncf/kubernetes/operators/kubernetes_pod.py", line 545, in execute_sync
    self.cleanup(
  File "/home/airflow/.local/lib/python3.8/site-packages/airflow/providers/cncf/kubernetes/operators/kubernetes_pod.py", line 671, in cleanup
    raise AirflowException(
airflow.exceptions.AirflowException: Pod detect-images-fr0a3vle returned a failure:

remote_pod: {'api_version': None,
 'kind': None,
 'metadata': {'annotations': None,
              'cluster_name': None,
              'creation_timestamp': datetime.datetime(2023, 6, 27, 8, 3, 55, tzinfo=tzlocal()),
              'deletion_grace_period_seconds': None,
              'deletion_timestamp': None,
              'finalizers': None,
              'generate_name': None,
              'generation': None,
              'labels': {'***_kpo_in_cluster': 'True',
                         '***_version': '2.5.3',
                         'app': 'my_app',
                         'dag_id': 'yolov5_ml_pipeline',
                         'kubernetes_pod_operator': 'True',
                         'run_id': 'manual__2023-06-27T080314.8506720000-8c6e3efaa',
                         'task_id': 'detect_images',
                         'try_number': '1'},
              'managed_fields': [{'api_version': 'v1',
                                  'fields_type': 'FieldsV1',
                                  'fields_v1': {'f:metadata': {'f:labels': {'.': {},
                                                                            'f:***_kpo_in_cluster': {},
                                                                            'f:***_version': {},
                                                                            'f:app': {},
                                                                            'f:dag_id': {},
                                                                            'f:kubernetes_pod_operator': {},
                                                                            'f:run_id': {},
                                                                            'f:task_id': {},
                                                                            'f:try_number': {}}},
                                                'f:spec': {'f:affinity': {},
                                                           'f:containers': {'k:{"name":"base"}': {'.': {},
                                                                                                  'f:args': {},
                                                                                                  'f:command': {},
                                                                                                  'f:image': {},
                                                                                                  'f:imagePullPolicy': {},
                                                                                                  'f:name': {},
                                                                                                  'f:resources': {},
                                                                                                  'f:terminationMessagePath': {},
                                                                                                  'f:terminationMessagePolicy': {},
                                                                                                  'f:volumeMounts': {'.': {},
                                                                                                                     'k:{"mountPath":"/data/input"}': {'.': {},
                                                                                                                                                       'f:mountPath': {},
                                                                                                                                                       'f:name': {}},
                                                                                                                     'k:{"mountPath":"/data/output"}': {'.': {},
                                                                                                                                                        'f:mountPath': {},
                                                                                                                                                        'f:name': {}}}}},
                                                           'f:dnsPolicy': {},
                                                           'f:enableServiceLinks': {},
                                                           'f:imagePullSecrets': {'.': {},
                                                                                  'k:{"name":"c2hcred"}': {}},
                                                           'f:restartPolicy': {},
                                                           'f:schedulerName': {},
                                                           'f:securityContext': {},
                                                           'f:terminationGracePeriodSeconds': {},
                                                           'f:volumes': {'.': {},
                                                                         'k:{"name":"data-volume"}': {'.': {},
                                                                                                      'f:name': {},
                                                                                                      'f:persistentVolumeClaim': {'.': {},
                                                                                                                                  'f:claimName': {}}}}}},
                                  'manager': 'OpenAPI-Generator',
                                  'operation': 'Update',
                                  'subresource': None,
                                  'time': datetime.datetime(2023, 6, 27, 8, 3, 55, tzinfo=tzlocal())}],
              'name': 'detect-images-fr0a3vle',
              'namespace': '***-cluster',
              'owner_references': None,
              'resource_version': '19496101',
              'self_link': None,
              'uid': 'ee4c08db-9d50-49eb-b541-4a0621f51298'},
 'spec': {'active_deadline_seconds': None,
          'affinity': {'node_affinity': None,
                       'pod_affinity': None,
                       'pod_anti_affinity': None},
          'automount_service_account_token': None,
          'containers': [{'args': ['--source',
                                   '/data/input/',
                                   '--weights',
                                   'yolov5s.pt',
                                   '--output',
                                   '/data/output/',
                                   '--img',
                                   '640'],
                          'command': ['python', 'detect.py'],
                          'env': None,
                          'env_from': None,
                          'image': 'ultralytics/yolov5:v5.0',
                          'image_pull_policy': 'IfNotPresent',
                          'lifecycle': None,
                          'liveness_probe': None,
                          'name': 'base',
                          'ports': None,
                          'readiness_probe': None,
                          'resources': {'limits': None, 'requests': None},
                          'security_context': None,
                          'startup_probe': None,
                          'stdin': None,
                          'stdin_once': None,
                          'termination_message_path': '/dev/termination-log',
                          'termination_message_policy': 'File',
                          'tty': None,
                          'volume_devices': None,
                          'volume_mounts': [{'mount_path': '/data/input',
                                             'mount_propagation': None,
                                             'name': 'data-volume',
                                             'read_only': None,
                                             'sub_path': None,
                                             'sub_path_expr': None},
                                            {'mount_path': '/data/output',
                                             'mount_propagation': None,
                                             'name': 'data-volume',
                                             'read_only': None,
                                             'sub_path': None,
                                             'sub_path_expr': None},
                                            {'mount_path': '/var/run/secrets/kubernetes.io/serviceaccount',
                                             'mount_propagation': None,
                                             'name': 'kube-api-access-j2l2g',
                                             'read_only': True,
                                             'sub_path': None,
                                             'sub_path_expr': None}],
                          'working_dir': None}],
          'dns_config': None,
          'dns_policy': 'ClusterFirst',
          'enable_service_links': True,
          'ephemeral_containers': None,
          'host_aliases': None,
          'host_ipc': None,
          'host_network': None,
          'host_pid': None,
          'hostname': None,
          'image_pull_secrets': [{'name': 'c2hcred'}],
          'init_containers': None,
          'node_name': None,
          'node_selector': None,
          'os': None,
          'overhead': None,
          'preemption_policy': 'PreemptLowerPriority',
          'priority': 0,
          'priority_class_name': None,
          'readiness_gates': None,
          'restart_policy': 'Never',
          'runtime_class_name': None,
          'scheduler_name': 'default-scheduler',
          'security_context': {'fs_group': None,
                               'fs_group_change_policy': None,
                               'run_as_group': None,
                               'run_as_non_root': None,
                               'run_as_user': None,
                               'se_linux_options': None,
                               'seccomp_profile': None,
                               'supplemental_groups': None,
                               'sysctls': None,
                               'windows_options': None},
          'service_account': 'default',
          'service_account_name': 'default',
          'set_hostname_as_fqdn': None,
          'share_process_namespace': None,
          'subdomain': None,
          'termination_grace_period_seconds': 30,
          'tolerations': [{'effect': 'NoExecute',
                           'key': 'node.kubernetes.io/not-ready',
                           'operator': 'Exists',
                           'toleration_seconds': 300,
                           'value': None},
                          {'effect': 'NoExecute',
                           'key': 'node.kubernetes.io/unreachable',
                           'operator': 'Exists',
                           'toleration_seconds': 300,
                           'value': None}],
          'topology_spread_constraints': None,
          'volumes': [{'aws_elastic_block_store': None,
                       'azure_disk': None,
                       'azure_file': None,
                       'cephfs': None,
                       'cinder': None,
                       'config_map': None,
                       'csi': None,
                       'downward_api': None,
                       'empty_dir': None,
                       'ephemeral': None,
                       'fc': None,
                       'flex_volume': None,
                       'flocker': None,
                       'gce_persistent_disk': None,
                       'git_repo': None,
                       'glusterfs': None,
                       'host_path': None,
                       'iscsi': None,
                       'name': 'data-volume',
                       'nfs': None,
                       'persistent_volume_claim': {'claim_name': 'data-pvc',
                                                   'read_only': None},
                       'photon_persistent_disk': None,
                       'portworx_volume': None,
                       'projected': None,
                       'quobyte': None,
                       'rbd': None,
                       'scale_io': None,
                       'secret': None,
                       'storageos': None,
                       'vsphere_volume': None},
                      {'aws_elastic_block_store': None,
                       'azure_disk': None,
                       'azure_file': None,
                       'cephfs': None,
                       'cinder': None,
                       'config_map': None,
                       'csi': None,
                       'downward_api': None,
                       'empty_dir': None,
                       'ephemeral': None,
                       'fc': None,
                       'flex_volume': None,
                       'flocker': None,
                       'gce_persistent_disk': None,
                       'git_repo': None,
                       'glusterfs': None,
                       'host_path': None,
                       'iscsi': None,
                       'name': 'kube-api-access-j2l2g',
                       'nfs': None,
                       'persistent_volume_claim': None,
                       'photon_persistent_disk': None,
                       'portworx_volume': None,
                       'projected': {'default_mode': 420,
                                     'sources': [{'config_map': None,
                                                  'downward_api': None,
                                                  'secret': None,
                                                  'service_account_token': {'audience': None,
                                                                            'expiration_seconds': 3607,
                                                                            'path': 'token'}},
                                                 {'config_map': {'items': [{'key': 'ca.crt',
                                                                            'mode': None,
                                                                            'path': 'ca.crt'}],
                                                                 'name': 'kube-root-ca.crt',
                                                                 'optional': None},
                                                  'downward_api': None,
                                                  'secret': None,
                                                  'service_account_token': None},
                                                 {'config_map': None,
                                                  'downward_api': {'items': [{'field_ref': {'api_version': 'v1',
                                                                                            'field_path': 'metadata.namespace'},
                                                                              'mode': None,
                                                                              'path': 'namespace',
                                                                              'resource_field_ref': None}]},
                                                  'secret': None,
                                                  'service_account_token': None}]},
                       'quobyte': None,
                       'rbd': None,
                       'scale_io': None,
                       'secret': None,
                       'storageos': None,
                       'vsphere_volume': None}]},
 'status': {'conditions': None,
            'container_statuses': None,
            'ephemeral_container_statuses': None,
            'host_ip': None,
            'init_container_statuses': None,
            'message': None,
            'nominated_node_name': None,
            'phase': 'Pending',
            'pod_i_ps': None,
            'pod_ip': None,
            'qos_class': 'BestEffort',
            'reason': None,
            'start_time': None}}
[2023-06-27T08:05:55.856+0000] {taskinstance.py:1327} INFO - Marking task as FAILED. dag_id=yolov5_ml_pipeline, task_id=detect_images, execution_date=20230627T080314, start_date=20230627T080353, end_date=20230627T080555
[2023-06-27T08:05:55.865+0000] {standard_task_runner.py:100} ERROR - Failed to execute job 246 for task detect_images (Pod detect-images-fr0a3vle returned a failure:

remote_pod: {'api_version': None,
 'kind': None,
 'metadata': {'annotations': None,
              'cluster_name': None,
              'creation_timestamp': datetime.datetime(2023, 6, 27, 8, 3, 55, tzinfo=tzlocal()),
              'deletion_grace_period_seconds': None,
              'deletion_timestamp': None,
              'finalizers': None,
              'generate_name': None,
              'generation': None,
              'labels': {'***_kpo_in_cluster': 'True',
                         '***_version': '2.5.3',
                         'app': 'my_app',
                         'dag_id': 'yolov5_ml_pipeline',
                         'kubernetes_pod_operator': 'True',
                         'run_id': 'manual__2023-06-27T080314.8506720000-8c6e3efaa',
                         'task_id': 'detect_images',
                         'try_number': '1'},
              'managed_fields': [{'api_version': 'v1',
                                  'fields_type': 'FieldsV1',
                                  'fields_v1': {'f:metadata': {'f:labels': {'.': {},
                                                                            'f:***_kpo_in_cluster': {},
                                                                            'f:***_version': {},
                                                                            'f:app': {},
                                                                            'f:dag_id': {},
                                                                            'f:kubernetes_pod_operator': {},
                                                                            'f:run_id': {},
                                                                            'f:task_id': {},
                                                                            'f:try_number': {}}},
                                                'f:spec': {'f:affinity': {},
                                                           'f:containers': {'k:{"name":"base"}': {'.': {},
                                                                                                  'f:args': {},
                                                                                                  'f:command': {},
                                                                                                  'f:image': {},
                                                                                                  'f:imagePullPolicy': {},
                                                                                                  'f:name': {},
                                                                                                  'f:resources': {},
                                                                                                  'f:terminationMessagePath': {},
                                                                                                  'f:terminationMessagePolicy': {},
                                                                                                  'f:volumeMounts': {'.': {},
                                                                                                                     'k:{"mountPath":"/data/input"}': {'.': {},
                                                                                                                                                       'f:mountPath': {},
                                                                                                                                                       'f:name': {}},
                                                                                                                     'k:{"mountPath":"/data/output"}': {'.': {},
                                                                                                                                                        'f:mountPath': {},
                                                                                                                                                        'f:name': {}}}}},
                                                           'f:dnsPolicy': {},
                                                           'f:enableServiceLinks': {},
                                                           'f:imagePullSecrets': {'.': {},
                                                                                  'k:{"name":"c2hcred"}': {}},
                                                           'f:restartPolicy': {},
                                                           'f:schedulerName': {},
                                                           'f:securityContext': {},
                                                           'f:terminationGracePeriodSeconds': {},
                                                           'f:volumes': {'.': {},
                                                                         'k:{"name":"data-volume"}': {'.': {},
                                                                                                      'f:name': {},
                                                                                                      'f:persistentVolumeClaim': {'.': {},
                                                                                                                                  'f:claimName': {}}}}}},
                                  'manager': 'OpenAPI-Generator',
                                  'operation': 'Update',
                                  'subresource': None,
                                  'time': datetime.datetime(2023, 6, 27, 8, 3, 55, tzinfo=tzlocal())}],
              'name': 'detect-images-fr0a3vle',
              'namespace': '***-cluster',
              'owner_references': None,
              'resource_version': '19496101',
              'self_link': None,
              'uid': 'ee4c08db-9d50-49eb-b541-4a0621f51298'},
 'spec': {'active_deadline_seconds': None,
          'affinity': {'node_affinity': None,
                       'pod_affinity': None,
                       'pod_anti_affinity': None},
          'automount_service_account_token': None,
          'containers': [{'args': ['--source',
                                   '/data/input/',
                                   '--weights',
                                   'yolov5s.pt',
                                   '--output',
                                   '/data/output/',
                                   '--img',
                                   '640'],
                          'command': ['python', 'detect.py'],
                          'env': None,
                          'env_from': None,
                          'image': 'ultralytics/yolov5:v5.0',
                          'image_pull_policy': 'IfNotPresent',
                          'lifecycle': None,
                          'liveness_probe': None,
                          'name': 'base',
                          'ports': None,
                          'readiness_probe': None,
                          'resources': {'limits': None, 'requests': None},
                          'security_context': None,
                          'startup_probe': None,
                          'stdin': None,
                          'stdin_once': None,
                          'termination_message_path': '/dev/termination-log',
                          'termination_message_policy': 'File',
                          'tty': None,
                          'volume_devices': None,
                          'volume_mounts': [{'mount_path': '/data/input',
                                             'mount_propagation': None,
                                             'name': 'data-volume',
                                             'read_only': None,
                                             'sub_path': None,
                                             'sub_path_expr': None},
                                            {'mount_path': '/data/output',
                                             'mount_propagation': None,
                                             'name': 'data-volume',
                                             'read_only': None,
                                             'sub_path': None,
                                             'sub_path_expr': None},
                                            {'mount_path': '/var/run/secrets/kubernetes.io/serviceaccount',
                                             'mount_propagation': None,
                                             'name': 'kube-api-access-j2l2g',
                                             'read_only': True,
                                             'sub_path': None,
                                             'sub_path_expr': None}],
                          'working_dir': None}],
          'dns_config': None,
          'dns_policy': 'ClusterFirst',
          'enable_service_links': True,
          'ephemeral_containers': None,
          'host_aliases': None,
          'host_ipc': None,
          'host_network': None,
          'host_pid': None,
          'hostname': None,
          'image_pull_secrets': [{'name': 'c2hcred'}],
          'init_containers': None,
          'node_name': None,
          'node_selector': None,
          'os': None,
          'overhead': None,
          'preemption_policy': 'PreemptLowerPriority',
          'priority': 0,
          'priority_class_name': None,
          'readiness_gates': None,
          'restart_policy': 'Never',
          'runtime_class_name': None,
          'scheduler_name': 'default-scheduler',
          'security_context': {'fs_group': None,
                               'fs_group_change_policy': None,
                               'run_as_group': None,
                               'run_as_non_root': None,
                               'run_as_user': None,
                               'se_linux_options': None,
                               'seccomp_profile': None,
                               'supplemental_groups': None,
                               'sysctls': None,
                               'windows_options': None},
          'service_account': 'default',
          'service_account_name': 'default',
          'set_hostname_as_fqdn': None,
          'share_process_namespace': None,
          'subdomain': None,
          'termination_grace_period_seconds': 30,
          'tolerations': [{'effect': 'NoExecute',
                           'key': 'node.kubernetes.io/not-ready',
                           'operator': 'Exists',
                           'toleration_seconds': 300,
                           'value': None},
                          {'effect': 'NoExecute',
                           'key': 'node.kubernetes.io/unreachable',
                           'operator': 'Exists',
                           'toleration_seconds': 300,
                           'value': None}],
          'topology_spread_constraints': None,
          'volumes': [{'aws_elastic_block_store': None,
                       'azure_disk': None,
                       'azure_file': None,
                       'cephfs': None,
                       'cinder': None,
                       'config_map': None,
                       'csi': None,
                       'downward_api': None,
                       'empty_dir': None,
                       'ephemeral': None,
                       'fc': None,
                       'flex_volume': None,
                       'flocker': None,
                       'gce_persistent_disk': None,
                       'git_repo': None,
                       'glusterfs': None,
                       'host_path': None,
                       'iscsi': None,
                       'name': 'data-volume',
                       'nfs': None,
                       'persistent_volume_claim': {'claim_name': 'data-pvc',
                                                   'read_only': None},
                       'photon_persistent_disk': None,
                       'portworx_volume': None,
                       'projected': None,
                       'quobyte': None,
                       'rbd': None,
                       'scale_io': None,
                       'secret': None,
                       'storageos': None,
                       'vsphere_volume': None},
                      {'aws_elastic_block_store': None,
                       'azure_disk': None,
                       'azure_file': None,
                       'cephfs': None,
                       'cinder': None,
                       'config_map': None,
                       'csi': None,
                       'downward_api': None,
                       'empty_dir': None,
                       'ephemeral': None,
                       'fc': None,
                       'flex_volume': None,
                       'flocker': None,
                       'gce_persistent_disk': None,
                       'git_repo': None,
                       'glusterfs': None,
                       'host_path': None,
                       'iscsi': None,
                       'name': 'kube-api-access-j2l2g',
                       'nfs': None,
                       'persistent_volume_claim': None,
                       'photon_persistent_disk': None,
                       'portworx_volume': None,
                       'projected': {'default_mode': 420,
                                     'sources': [{'config_map': None,
                                                  'downward_api': None,
                                                  'secret': None,
                                                  'service_account_token': {'audience': None,
                                                                            'expiration_seconds': 3607,
                                                                            'path': 'token'}},
                                                 {'config_map': {'items': [{'key': 'ca.crt',
                                                                            'mode': None,
                                                                            'path': 'ca.crt'}],
                                                                 'name': 'kube-root-ca.crt',
                                                                 'optional': None},
                                                  'downward_api': None,
                                                  'secret': None,
                                                  'service_account_token': None},
                                                 {'config_map': None,
                                                  'downward_api': {'items': [{'field_ref': {'api_version': 'v1',
                                                                                            'field_path': 'metadata.namespace'},
                                                                              'mode': None,
                                                                              'path': 'namespace',
                                                                              'resource_field_ref': None}]},
                                                  'secret': None,
                                                  'service_account_token': None}]},
                       'quobyte': None,
                       'rbd': None,
                       'scale_io': None,
                       'secret': None,
                       'storageos': None,
                       'vsphere_volume': None}]},
 'status': {'conditions': None,
            'container_statuses': None,
            'ephemeral_container_statuses': None,
            'host_ip': None,
            'init_container_statuses': None,
            'message': None,
            'nominated_node_name': None,
            'phase': 'Pending',
            'pod_i_ps': None,
            'pod_ip': None,
            'qos_class': 'BestEffort',
            'reason': None,
            'start_time': None}}; 106)
[2023-06-27T08:05:55.897+0000] {local_task_job.py:212} INFO - Task exited with return code 1
[2023-06-27T08:05:55.927+0000] {taskinstance.py:2596} INFO - 0 downstream tasks scheduled from follow-on schedule check
