[2023-06-20T03:25:14.572+0000] {taskinstance.py:1090} INFO - Dependencies all met for dep_context=non-requeueable deps ti=<TaskInstance: sample_dag.greet scheduled__2023-05-30T00:00:00+00:00 [queued]>
[2023-06-20T03:25:14.579+0000] {taskinstance.py:1090} INFO - Dependencies all met for dep_context=requeueable deps ti=<TaskInstance: sample_dag.greet scheduled__2023-05-30T00:00:00+00:00 [queued]>
[2023-06-20T03:25:14.580+0000] {taskinstance.py:1288} INFO - 
--------------------------------------------------------------------------------
[2023-06-20T03:25:14.580+0000] {taskinstance.py:1289} INFO - Starting attempt 1 of 2
[2023-06-20T03:25:14.580+0000] {taskinstance.py:1290} INFO - 
--------------------------------------------------------------------------------
[2023-06-20T03:25:14.594+0000] {taskinstance.py:1309} INFO - Executing <Task(PythonOperator): greet> on 2023-05-30 00:00:00+00:00
[2023-06-20T03:25:14.597+0000] {standard_task_runner.py:55} INFO - Started process 106 to run task
[2023-06-20T03:25:14.599+0000] {standard_task_runner.py:82} INFO - Running: ['***', 'tasks', 'run', 'sample_dag', 'greet', 'scheduled__2023-05-30T00:00:00+00:00', '--job-id', '157', '--raw', '--subdir', 'DAGS_FOLDER/test_dag.py', '--cfg-path', '/tmp/tmpyulc3_zh']
[2023-06-20T03:25:14.600+0000] {standard_task_runner.py:83} INFO - Job 157: Subtask greet
[2023-06-20T03:25:15.121+0000] {task_command.py:389} INFO - Running <TaskInstance: sample_dag.greet scheduled__2023-05-30T00:00:00+00:00 [running]> on host sample-dag-greet-9fbb61bf3b8a46e084bc23c9fa6ed7a5
[2023-06-20T03:25:15.870+0000] {logging_mixin.py:137} WARNING - /home/***/.local/lib/python3.8/site-packages/***/kubernetes/kube_config.py:58 DeprecationWarning: The namespace option in [kubernetes] has been moved to the namespace option in [kubernetes_executor] - the old setting has been used, but please update your config.
[2023-06-20T03:25:15.871+0000] {logging_mixin.py:137} WARNING - /home/***/.local/lib/python3.8/site-packages/***/kubernetes/kube_config.py:64 DeprecationWarning: The namespace option in [kubernetes] has been moved to the namespace option in [kubernetes_executor] - the old setting has been used, but please update your config.
[2023-06-20T03:25:15.872+0000] {pod_generator.py:424} WARNING - Model file /opt/***/pod_templates/pod_template.yaml does not exist
[2023-06-20T03:25:15.912+0000] {taskinstance.py:1516} INFO - Exporting the following env vars:
AIRFLOW_CTX_DAG_OWNER=***
AIRFLOW_CTX_DAG_ID=sample_dag
AIRFLOW_CTX_TASK_ID=greet
AIRFLOW_CTX_EXECUTION_DATE=2023-05-30T00:00:00+00:00
AIRFLOW_CTX_TRY_NUMBER=1
AIRFLOW_CTX_DAG_RUN_ID=scheduled__2023-05-30T00:00:00+00:00
[2023-06-20T03:25:15.913+0000] {logging_mixin.py:137} INFO - Hello, John!
[2023-06-20T03:25:25.921+0000] {python.py:177} INFO - Done. Returned value was: None
[2023-06-20T03:25:25.932+0000] {taskinstance.py:1327} INFO - Marking task as SUCCESS. dag_id=sample_dag, task_id=greet, execution_date=20230530T000000, start_date=20230620T032514, end_date=20230620T032525
[2023-06-20T03:25:25.965+0000] {local_task_job.py:212} INFO - Task exited with return code 0
[2023-06-20T03:25:26.022+0000] {taskinstance.py:2596} INFO - 0 downstream tasks scheduled from follow-on schedule check
