[2023-06-20T02:13:49.170+0000] {taskinstance.py:1090} INFO - Dependencies all met for dep_context=non-requeueable deps ti=<TaskInstance: sample_dag.greet manual__2023-06-19T09:07:46.660738+00:00 [queued]>
[2023-06-20T02:13:49.177+0000] {taskinstance.py:1090} INFO - Dependencies all met for dep_context=requeueable deps ti=<TaskInstance: sample_dag.greet manual__2023-06-19T09:07:46.660738+00:00 [queued]>
[2023-06-20T02:13:49.177+0000] {taskinstance.py:1288} INFO - 
--------------------------------------------------------------------------------
[2023-06-20T02:13:49.177+0000] {taskinstance.py:1289} INFO - Starting attempt 1 of 2
[2023-06-20T02:13:49.177+0000] {taskinstance.py:1290} INFO - 
--------------------------------------------------------------------------------
[2023-06-20T02:13:49.188+0000] {taskinstance.py:1309} INFO - Executing <Task(PythonOperator): greet> on 2023-06-19 09:07:46.660738+00:00
[2023-06-20T02:13:49.190+0000] {standard_task_runner.py:55} INFO - Started process 106 to run task
[2023-06-20T02:13:49.192+0000] {standard_task_runner.py:82} INFO - Running: ['***', 'tasks', 'run', 'sample_dag', 'greet', 'manual__2023-06-19T09:07:46.660738+00:00', '--job-id', '71', '--raw', '--subdir', 'DAGS_FOLDER/test_dag.py', '--cfg-path', '/tmp/tmp7bo7iqzh']
[2023-06-20T02:13:49.193+0000] {standard_task_runner.py:83} INFO - Job 71: Subtask greet
[2023-06-20T02:13:49.710+0000] {task_command.py:389} INFO - Running <TaskInstance: sample_dag.greet manual__2023-06-19T09:07:46.660738+00:00 [running]> on host sample-dag-greet-1bb22c283a1c402988de350091765c70
[2023-06-20T02:13:50.444+0000] {logging_mixin.py:137} WARNING - /home/***/.local/lib/python3.8/site-packages/***/kubernetes/kube_config.py:58 DeprecationWarning: The namespace option in [kubernetes] has been moved to the namespace option in [kubernetes_executor] - the old setting has been used, but please update your config.
[2023-06-20T02:13:50.447+0000] {logging_mixin.py:137} WARNING - /home/***/.local/lib/python3.8/site-packages/***/kubernetes/kube_config.py:64 DeprecationWarning: The namespace option in [kubernetes] has been moved to the namespace option in [kubernetes_executor] - the old setting has been used, but please update your config.
[2023-06-20T02:13:50.448+0000] {pod_generator.py:424} WARNING - Model file /opt/***/pod_templates/pod_template.yaml does not exist
[2023-06-20T02:13:50.485+0000] {taskinstance.py:1516} INFO - Exporting the following env vars:
AIRFLOW_CTX_DAG_OWNER=***
AIRFLOW_CTX_DAG_ID=sample_dag
AIRFLOW_CTX_TASK_ID=greet
AIRFLOW_CTX_EXECUTION_DATE=2023-06-19T09:07:46.660738+00:00
AIRFLOW_CTX_TRY_NUMBER=1
AIRFLOW_CTX_DAG_RUN_ID=manual__2023-06-19T09:07:46.660738+00:00
[2023-06-20T02:13:50.485+0000] {logging_mixin.py:137} INFO - Hello, John!
[2023-06-20T02:13:50.485+0000] {python.py:177} INFO - Done. Returned value was: None
[2023-06-20T02:13:50.495+0000] {taskinstance.py:1327} INFO - Marking task as SUCCESS. dag_id=sample_dag, task_id=greet, execution_date=20230619T090746, start_date=20230620T021349, end_date=20230620T021350
[2023-06-20T02:13:50.527+0000] {local_task_job.py:212} INFO - Task exited with return code 0
[2023-06-20T02:13:50.542+0000] {taskinstance.py:2596} INFO - 0 downstream tasks scheduled from follow-on schedule check
