[2023-06-20T07:02:09.399+0000] {taskinstance.py:1090} INFO - Dependencies all met for dep_context=non-requeueable deps ti=<TaskInstance: hello_world.hello_task manual__2023-06-20T06:59:58.159612+00:00 [queued]>
[2023-06-20T07:02:09.406+0000] {taskinstance.py:1090} INFO - Dependencies all met for dep_context=requeueable deps ti=<TaskInstance: hello_world.hello_task manual__2023-06-20T06:59:58.159612+00:00 [queued]>
[2023-06-20T07:02:09.406+0000] {taskinstance.py:1288} INFO - 
--------------------------------------------------------------------------------
[2023-06-20T07:02:09.406+0000] {taskinstance.py:1289} INFO - Starting attempt 1 of 1
[2023-06-20T07:02:09.406+0000] {taskinstance.py:1290} INFO - 
--------------------------------------------------------------------------------
[2023-06-20T07:02:09.419+0000] {taskinstance.py:1309} INFO - Executing <Task(PythonOperator): hello_task> on 2023-06-20 06:59:58.159612+00:00
[2023-06-20T07:02:09.422+0000] {standard_task_runner.py:55} INFO - Started process 106 to run task
[2023-06-20T07:02:09.424+0000] {standard_task_runner.py:82} INFO - Running: ['***', 'tasks', 'run', 'hello_world', 'hello_task', 'manual__2023-06-20T06:59:58.159612+00:00', '--job-id', '202', '--raw', '--subdir', 'DAGS_FOLDER/test.py', '--cfg-path', '/tmp/tmpet7a893q']
[2023-06-20T07:02:09.425+0000] {standard_task_runner.py:83} INFO - Job 202: Subtask hello_task
[2023-06-20T07:02:10.052+0000] {task_command.py:389} INFO - Running <TaskInstance: hello_world.hello_task manual__2023-06-20T06:59:58.159612+00:00 [running]> on host hello-world-hello-task-02d408cdadae41dda1ac72dce7ef2bf4
[2023-06-20T07:02:10.918+0000] {logging_mixin.py:137} WARNING - /home/***/.local/lib/python3.8/site-packages/***/kubernetes/kube_config.py:58 DeprecationWarning: The namespace option in [kubernetes] has been moved to the namespace option in [kubernetes_executor] - the old setting has been used, but please update your config.
[2023-06-20T07:02:10.920+0000] {logging_mixin.py:137} WARNING - /home/***/.local/lib/python3.8/site-packages/***/kubernetes/kube_config.py:64 DeprecationWarning: The namespace option in [kubernetes] has been moved to the namespace option in [kubernetes_executor] - the old setting has been used, but please update your config.
[2023-06-20T07:02:10.922+0000] {pod_generator.py:424} WARNING - Model file /opt/***/pod_templates/pod_template.yaml does not exist
[2023-06-20T07:02:10.975+0000] {taskinstance.py:1516} INFO - Exporting the following env vars:
AIRFLOW_CTX_DAG_OWNER=***
AIRFLOW_CTX_DAG_ID=hello_world
AIRFLOW_CTX_TASK_ID=hello_task
AIRFLOW_CTX_EXECUTION_DATE=2023-06-20T06:59:58.159612+00:00
AIRFLOW_CTX_TRY_NUMBER=1
AIRFLOW_CTX_DAG_RUN_ID=manual__2023-06-20T06:59:58.159612+00:00
[2023-06-20T07:02:10.975+0000] {logging_mixin.py:137} INFO - 
CCC
CCC
 Hello World
[2023-06-20T07:04:11.073+0000] {python.py:177} INFO - Done. Returned value was: None
[2023-06-20T07:04:11.086+0000] {taskinstance.py:1327} INFO - Marking task as SUCCESS. dag_id=hello_world, task_id=hello_task, execution_date=20230620T065958, start_date=20230620T070209, end_date=20230620T070411
[2023-06-20T07:04:11.124+0000] {local_task_job.py:212} INFO - Task exited with return code 0
[2023-06-20T07:04:11.147+0000] {taskinstance.py:2596} INFO - 0 downstream tasks scheduled from follow-on schedule check
