[2023-07-03T01:09:35.288+0000] {taskinstance.py:1090} INFO - Dependencies all met for dep_context=non-requeueable deps ti=<TaskInstance: sample_dag.greet scheduled__2023-06-26T00:00:00+00:00 [queued]>
[2023-07-03T01:09:35.296+0000] {taskinstance.py:1090} INFO - Dependencies all met for dep_context=requeueable deps ti=<TaskInstance: sample_dag.greet scheduled__2023-06-26T00:00:00+00:00 [queued]>
[2023-07-03T01:09:35.296+0000] {taskinstance.py:1288} INFO - 
--------------------------------------------------------------------------------
[2023-07-03T01:09:35.296+0000] {taskinstance.py:1289} INFO - Starting attempt 1 of 2
[2023-07-03T01:09:35.296+0000] {taskinstance.py:1290} INFO - 
--------------------------------------------------------------------------------
[2023-07-03T01:09:35.313+0000] {taskinstance.py:1309} INFO - Executing <Task(PythonOperator): greet> on 2023-06-26 00:00:00+00:00
[2023-07-03T01:09:35.315+0000] {standard_task_runner.py:55} INFO - Started process 106 to run task
[2023-07-03T01:09:35.317+0000] {standard_task_runner.py:82} INFO - Running: ['***', 'tasks', 'run', 'sample_dag', 'greet', 'scheduled__2023-06-26T00:00:00+00:00', '--job-id', '269', '--raw', '--subdir', 'DAGS_FOLDER/test_dag.py', '--cfg-path', '/tmp/tmpp_k9l1pi']
[2023-07-03T01:09:35.318+0000] {standard_task_runner.py:83} INFO - Job 269: Subtask greet
[2023-07-03T01:09:35.818+0000] {task_command.py:389} INFO - Running <TaskInstance: sample_dag.greet scheduled__2023-06-26T00:00:00+00:00 [running]> on host sample-dag-greet-65a6c27eb8774a368c1e47b0a51c1097
[2023-07-03T01:09:36.534+0000] {logging_mixin.py:137} WARNING - /home/***/.local/lib/python3.8/site-packages/***/kubernetes/kube_config.py:58 DeprecationWarning: The namespace option in [kubernetes] has been moved to the namespace option in [kubernetes_executor] - the old setting has been used, but please update your config.
[2023-07-03T01:09:36.535+0000] {logging_mixin.py:137} WARNING - /home/***/.local/lib/python3.8/site-packages/***/kubernetes/kube_config.py:64 DeprecationWarning: The namespace option in [kubernetes] has been moved to the namespace option in [kubernetes_executor] - the old setting has been used, but please update your config.
[2023-07-03T01:09:36.535+0000] {pod_generator.py:424} WARNING - Model file /opt/***/pod_templates/pod_template.yaml does not exist
[2023-07-03T01:09:36.622+0000] {taskinstance.py:1516} INFO - Exporting the following env vars:
AIRFLOW_CTX_DAG_OWNER=***
AIRFLOW_CTX_DAG_ID=sample_dag
AIRFLOW_CTX_TASK_ID=greet
AIRFLOW_CTX_EXECUTION_DATE=2023-06-26T00:00:00+00:00
AIRFLOW_CTX_TRY_NUMBER=1
AIRFLOW_CTX_DAG_RUN_ID=scheduled__2023-06-26T00:00:00+00:00
[2023-07-03T01:09:36.625+0000] {logging_mixin.py:137} INFO - Hello, John!
[2023-07-03T01:09:46.635+0000] {python.py:177} INFO - Done. Returned value was: None
[2023-07-03T01:09:46.662+0000] {taskinstance.py:1327} INFO - Marking task as SUCCESS. dag_id=sample_dag, task_id=greet, execution_date=20230626T000000, start_date=20230703T010935, end_date=20230703T010946
[2023-07-03T01:09:46.741+0000] {local_task_job.py:212} INFO - Task exited with return code 0
[2023-07-03T01:09:46.785+0000] {taskinstance.py:2596} INFO - 0 downstream tasks scheduled from follow-on schedule check
