[2023-07-03T05:04:14.545+0000] {taskinstance.py:1090} INFO - Dependencies all met for dep_context=non-requeueable deps ti=<TaskInstance: yolov5_ml_pipeline.detect_images manual__2023-07-03T05:03:35.258616+00:00 [queued]>
[2023-07-03T05:04:14.551+0000] {taskinstance.py:1090} INFO - Dependencies all met for dep_context=requeueable deps ti=<TaskInstance: yolov5_ml_pipeline.detect_images manual__2023-07-03T05:03:35.258616+00:00 [queued]>
[2023-07-03T05:04:14.552+0000] {taskinstance.py:1288} INFO - 
--------------------------------------------------------------------------------
[2023-07-03T05:04:14.552+0000] {taskinstance.py:1289} INFO - Starting attempt 1 of 1
[2023-07-03T05:04:14.552+0000] {taskinstance.py:1290} INFO - 
--------------------------------------------------------------------------------
[2023-07-03T05:04:14.563+0000] {taskinstance.py:1309} INFO - Executing <Task(KubernetesPodOperator): detect_images> on 2023-07-03 05:03:35.258616+00:00
[2023-07-03T05:04:14.565+0000] {standard_task_runner.py:55} INFO - Started process 105 to run task
[2023-07-03T05:04:14.567+0000] {standard_task_runner.py:82} INFO - Running: ['***', 'tasks', 'run', 'yolov5_ml_pipeline', 'detect_images', 'manual__2023-07-03T05:03:35.258616+00:00', '--job-id', '288', '--raw', '--subdir', 'DAGS_FOLDER/yolov5_pipe.py', '--cfg-path', '/tmp/tmpfwsko4g7']
[2023-07-03T05:04:14.569+0000] {standard_task_runner.py:83} INFO - Job 288: Subtask detect_images
[2023-07-03T05:04:15.103+0000] {task_command.py:389} INFO - Running <TaskInstance: yolov5_ml_pipeline.detect_images manual__2023-07-03T05:03:35.258616+00:00 [running]> on host yolov5-ml-pipeline-detect-imag-1ead36abd3024a62b3e1fc9b7c42191e
[2023-07-03T05:04:15.813+0000] {logging_mixin.py:137} WARNING - /home/***/.local/lib/python3.8/site-packages/***/kubernetes/kube_config.py:58 DeprecationWarning: The namespace option in [kubernetes] has been moved to the namespace option in [kubernetes_executor] - the old setting has been used, but please update your config.
[2023-07-03T05:04:15.814+0000] {logging_mixin.py:137} WARNING - /home/***/.local/lib/python3.8/site-packages/***/kubernetes/kube_config.py:64 DeprecationWarning: The namespace option in [kubernetes] has been moved to the namespace option in [kubernetes_executor] - the old setting has been used, but please update your config.
[2023-07-03T05:04:15.815+0000] {pod_generator.py:424} WARNING - Model file /opt/***/pod_templates/pod_template.yaml does not exist
[2023-07-03T05:04:15.853+0000] {taskinstance.py:1516} INFO - Exporting the following env vars:
AIRFLOW_CTX_DAG_OWNER=***
AIRFLOW_CTX_DAG_ID=yolov5_ml_pipeline
AIRFLOW_CTX_TASK_ID=detect_images
AIRFLOW_CTX_EXECUTION_DATE=2023-07-03T05:03:35.258616+00:00
AIRFLOW_CTX_TRY_NUMBER=1
AIRFLOW_CTX_DAG_RUN_ID=manual__2023-07-03T05:03:35.258616+00:00
[2023-07-03T05:04:15.858+0000] {kubernetes_pod.py:815} INFO - Building pod detect-images-zlidpzmf with labels: {'dag_id': 'yolov5_ml_pipeline', 'task_id': 'detect_images', 'run_id': 'manual__2023-07-03T050335.2586160000-e81c072fd', 'kubernetes_pod_operator': 'True', 'try_number': '1'}
[2023-07-03T05:04:15.935+0000] {kubernetes_pod.py:476} INFO - Found matching pod detect-images-zlidpzmf with labels {'airflow_kpo_in_cluster': 'True', 'airflow_version': '2.5.3', 'app': 'my_app', 'dag_id': 'yolov5_ml_pipeline', 'kubernetes_pod_operator': 'True', 'run_id': 'manual__2023-07-03T050335.2586160000-e81c072fd', 'task_id': 'detect_images', 'try_number': '1'}
[2023-07-03T05:04:15.935+0000] {kubernetes_pod.py:477} INFO - `try_number` of task_instance: 1
[2023-07-03T05:04:15.935+0000] {kubernetes_pod.py:478} INFO - `try_number` of pod: 1
[2023-07-03T05:04:15.945+0000] {pod_manager.py:187} WARNING - Pod not yet started: detect-images-zlidpzmf
[2023-07-03T05:04:16.973+0000] {pod_manager.py:187} WARNING - Pod not yet started: detect-images-zlidpzmf
[2023-07-03T05:04:18.016+0000] {pod_manager.py:187} WARNING - Pod not yet started: detect-images-zlidpzmf
[2023-07-03T05:04:19.041+0000] {pod_manager.py:187} WARNING - Pod not yet started: detect-images-zlidpzmf
[2023-07-03T05:04:22.049+0000] {pod_manager.py:235} INFO - [34m[1mdetect: [0mweights=['yolov5s.pt'], source=/data/input/, data=data/coco128.yaml, imgsz=[640, 640], conf_thres=0.25, iou_thres=0.45, max_det=1000, device=, view_img=False, save_txt=False, save_conf=False, save_crop=False, nosave=False, classes=None, agnostic_nms=False, augment=False, visualize=False, update=False, project=/data/output/, name=exp, exist_ok=False, line_thickness=3, hide_labels=False, hide_conf=False, half=False, dnn=False, vid_stride=1
[2023-07-03T05:04:22.376+0000] {pod_manager.py:235} INFO - YOLOv5 🚀 v7.0-188-gd19439a Python-3.10.9 torch-2.0.0 CUDA:0 (NVIDIA GeForce RTX 3090, 24267MiB)
[2023-07-03T05:04:22.377+0000] {pod_manager.py:235} INFO - 
[2023-07-03T05:04:22.791+0000] {pod_manager.py:235} INFO - Downloading https://github.com/ultralytics/yolov5/releases/download/v7.0/yolov5s.pt to yolov5s.pt...
[2023-07-03T05:04:24.671+0000] {pod_manager.py:235} INFO -   0%|          | 0.00/14.1M [00:00<?, ?B/s] 16%|█▌        | 2.20M/14.1M [00:00<00:00, 23.0MB/s] 31%|███       | 4.40M/14.1M [00:00<00:00, 22.2MB/s] 46%|████▌     | 6.52M/14.1M [00:00<00:00, 22.1MB/s] 61%|██████    | 8.63M/14.1M [00:00<00:00, 21.8MB/s] 76%|███████▌  | 10.7M/14.1M [00:00<00:00, 21.8MB/s] 91%|█████████ | 12.8M/14.1M [00:00<00:00, 21.8MB/s]100%|██████████| 14.1M/14.1M [00:00<00:00, 21.9MB/s]
[2023-07-03T05:04:24.672+0000] {pod_manager.py:235} INFO - 
[2023-07-03T05:04:25.734+0000] {pod_manager.py:235} INFO - Fusing layers...
[2023-07-03T05:04:27.166+0000] {pod_manager.py:235} INFO - YOLOv5s summary: 213 layers, 7225885 parameters, 0 gradients
[2023-07-03T05:04:27.169+0000] {pod_manager.py:235} INFO - Traceback (most recent call last):
[2023-07-03T05:04:27.169+0000] {pod_manager.py:235} INFO -   File "/usr/src/app/detect.py", line 261, in <module>
[2023-07-03T05:04:27.169+0000] {pod_manager.py:235} INFO -     main(opt)
[2023-07-03T05:04:27.170+0000] {pod_manager.py:235} INFO -   File "/usr/src/app/detect.py", line 256, in main
[2023-07-03T05:04:27.170+0000] {pod_manager.py:235} INFO -     run(**vars(opt))
[2023-07-03T05:04:27.170+0000] {pod_manager.py:235} INFO -   File "/opt/conda/lib/python3.10/site-packages/torch/utils/_contextlib.py", line 115, in decorate_context
[2023-07-03T05:04:27.170+0000] {pod_manager.py:235} INFO -     return func(*args, **kwargs)
[2023-07-03T05:04:27.170+0000] {pod_manager.py:235} INFO -   File "/usr/src/app/detect.py", line 111, in run
[2023-07-03T05:04:27.170+0000] {pod_manager.py:235} INFO -     dataset = LoadImages(source, img_size=imgsz, stride=stride, auto=pt, vid_stride=vid_stride)
[2023-07-03T05:04:27.170+0000] {pod_manager.py:235} INFO -   File "/usr/src/app/utils/dataloaders.py", line 273, in __init__
[2023-07-03T05:04:27.170+0000] {pod_manager.py:235} INFO -     assert self.nf > 0, f'No images or videos found in {p}. ' \
[2023-07-03T05:04:27.171+0000] {pod_manager.py:235} INFO - AssertionError: No images or videos found in /data/input. Supported formats are:
[2023-07-03T05:04:27.171+0000] {pod_manager.py:235} INFO - images: ('bmp', 'dng', 'jpeg', 'jpg', 'mpo', 'png', 'tif', 'tiff', 'webp', 'pfm')
[2023-07-03T05:04:27.171+0000] {pod_manager.py:235} INFO - videos: ('asf', 'avi', 'gif', 'm4v', 'mkv', 'mov', 'mp4', 'mpeg', 'mpg', 'ts', 'wmv')
[2023-07-03T05:04:28.205+0000] {pod_manager.py:260} WARNING - Pod detect-images-zlidpzmf log read interrupted but container base still running
[2023-07-03T05:04:29.216+0000] {pod_manager.py:235} INFO - YOLOv5s summary: 213 layers, 7225885 parameters, 0 gradients
[2023-07-03T05:04:29.217+0000] {pod_manager.py:235} INFO - Traceback (most recent call last):
[2023-07-03T05:04:29.217+0000] {pod_manager.py:235} INFO -   File "/usr/src/app/detect.py", line 261, in <module>
[2023-07-03T05:04:29.218+0000] {pod_manager.py:235} INFO -     main(opt)
[2023-07-03T05:04:29.218+0000] {pod_manager.py:235} INFO -   File "/usr/src/app/detect.py", line 256, in main
[2023-07-03T05:04:29.219+0000] {pod_manager.py:235} INFO -     run(**vars(opt))
[2023-07-03T05:04:29.219+0000] {pod_manager.py:235} INFO -   File "/opt/conda/lib/python3.10/site-packages/torch/utils/_contextlib.py", line 115, in decorate_context
[2023-07-03T05:04:29.220+0000] {pod_manager.py:235} INFO -     return func(*args, **kwargs)
[2023-07-03T05:04:29.220+0000] {pod_manager.py:235} INFO -   File "/usr/src/app/detect.py", line 111, in run
[2023-07-03T05:04:29.220+0000] {pod_manager.py:235} INFO -     dataset = LoadImages(source, img_size=imgsz, stride=stride, auto=pt, vid_stride=vid_stride)
[2023-07-03T05:04:29.221+0000] {pod_manager.py:235} INFO -   File "/usr/src/app/utils/dataloaders.py", line 273, in __init__
[2023-07-03T05:04:29.221+0000] {pod_manager.py:235} INFO -     assert self.nf > 0, f'No images or videos found in {p}. ' \
[2023-07-03T05:04:29.221+0000] {pod_manager.py:235} INFO - AssertionError: No images or videos found in /data/input. Supported formats are:
[2023-07-03T05:04:29.222+0000] {pod_manager.py:235} INFO - images: ('bmp', 'dng', 'jpeg', 'jpg', 'mpo', 'png', 'tif', 'tiff', 'webp', 'pfm')
[2023-07-03T05:04:29.222+0000] {pod_manager.py:235} INFO - videos: ('asf', 'avi', 'gif', 'm4v', 'mkv', 'mov', 'mp4', 'mpeg', 'mpg', 'ts', 'wmv')
[2023-07-03T05:04:29.252+0000] {pod_manager.py:288} INFO - Pod detect-images-zlidpzmf has phase Running
[2023-07-03T05:04:31.324+0000] {kubernetes_pod.py:688} INFO - Deleting pod: detect-images-zlidpzmf
[2023-07-03T05:04:31.392+0000] {taskinstance.py:1776} ERROR - Task failed with exception
Traceback (most recent call last):
  File "/home/airflow/.local/lib/python3.8/site-packages/airflow/providers/cncf/kubernetes/operators/kubernetes_pod.py", line 516, in execute
    return self.execute_sync(context)
  File "/home/airflow/.local/lib/python3.8/site-packages/airflow/providers/cncf/kubernetes/operators/kubernetes_pod.py", line 545, in execute_sync
    self.cleanup(
  File "/home/airflow/.local/lib/python3.8/site-packages/airflow/providers/cncf/kubernetes/operators/kubernetes_pod.py", line 671, in cleanup
    raise AirflowException(
airflow.exceptions.AirflowException: Pod detect-images-zlidpzmf returned a failure:

remote_pod: {'api_version': 'v1',
 'kind': 'Pod',
 'metadata': {'annotations': {'cni.projectcalico.org/containerID': 'b56efab57f0afd9d83c1c90a0df527471be8fd7771bcae2baab309b5ef7789e8',
                              'cni.projectcalico.org/podIP': '',
                              'cni.projectcalico.org/podIPs': ''},
              'cluster_name': None,
              'creation_timestamp': datetime.datetime(2023, 7, 3, 5, 4, 15, tzinfo=tzlocal()),
              'deletion_grace_period_seconds': None,
              'deletion_timestamp': None,
              'finalizers': None,
              'generate_name': None,
              'generation': None,
              'labels': {'***_kpo_in_cluster': 'True',
                         '***_version': '2.5.3',
                         'app': 'my_app',
                         'dag_id': 'yolov5_ml_pipeline',
                         'kubernetes_pod_operator': 'True',
                         'run_id': 'manual__2023-07-03T050335.2586160000-e81c072fd',
                         'task_id': 'detect_images',
                         'try_number': '1'},
              'managed_fields': [{'api_version': 'v1',
                                  'fields_type': 'FieldsV1',
                                  'fields_v1': {'f:metadata': {'f:labels': {'.': {},
                                                                            'f:***_kpo_in_cluster': {},
                                                                            'f:***_version': {},
                                                                            'f:app': {},
                                                                            'f:dag_id': {},
                                                                            'f:kubernetes_pod_operator': {},
                                                                            'f:run_id': {},
                                                                            'f:task_id': {},
                                                                            'f:try_number': {}}},
                                                'f:spec': {'f:affinity': {},
                                                           'f:containers': {'k:{"name":"base"}': {'.': {},
                                                                                                  'f:args': {},
                                                                                                  'f:command': {},
                                                                                                  'f:image': {},
                                                                                                  'f:imagePullPolicy': {},
                                                                                                  'f:name': {},
                                                                                                  'f:resources': {},
                                                                                                  'f:terminationMessagePath': {},
                                                                                                  'f:terminationMessagePolicy': {},
                                                                                                  'f:volumeMounts': {'.': {},
                                                                                                                     'k:{"mountPath":"/data/input/"}': {'.': {},
                                                                                                                                                        'f:mountPath': {},
                                                                                                                                                        'f:name': {}},
                                                                                                                     'k:{"mountPath":"/data/output/"}': {'.': {},
                                                                                                                                                         'f:mountPath': {},
                                                                                                                                                         'f:name': {}}}}},
                                                           'f:dnsPolicy': {},
                                                           'f:enableServiceLinks': {},
                                                           'f:imagePullSecrets': {'.': {},
                                                                                  'k:{"name":"c2hcred"}': {}},
                                                           'f:restartPolicy': {},
                                                           'f:schedulerName': {},
                                                           'f:securityContext': {},
                                                           'f:terminationGracePeriodSeconds': {},
                                                           'f:volumes': {'.': {},
                                                                         'k:{"name":"data-volume"}': {'.': {},
                                                                                                      'f:name': {},
                                                                                                      'f:persistentVolumeClaim': {'.': {},
                                                                                                                                  'f:claimName': {}}}}}},
                                  'manager': 'OpenAPI-Generator',
                                  'operation': 'Update',
                                  'subresource': None,
                                  'time': datetime.datetime(2023, 7, 3, 5, 4, 15, tzinfo=tzlocal())},
                                 {'api_version': 'v1',
                                  'fields_type': 'FieldsV1',
                                  'fields_v1': {'f:metadata': {'f:annotations': {'.': {},
                                                                                 'f:cni.projectcalico.org/containerID': {},
                                                                                 'f:cni.projectcalico.org/podIP': {},
                                                                                 'f:cni.projectcalico.org/podIPs': {}}}},
                                  'manager': 'Go-http-client',
                                  'operation': 'Update',
                                  'subresource': 'status',
                                  'time': datetime.datetime(2023, 7, 3, 5, 4, 16, tzinfo=tzlocal())},
                                 {'api_version': 'v1',
                                  'fields_type': 'FieldsV1',
                                  'fields_v1': {'f:status': {'f:conditions': {'k:{"type":"ContainersReady"}': {'.': {},
                                                                                                               'f:lastProbeTime': {},
                                                                                                               'f:lastTransitionTime': {},
                                                                                                               'f:reason': {},
                                                                                                               'f:status': {},
                                                                                                               'f:type': {}},
                                                                              'k:{"type":"Initialized"}': {'.': {},
                                                                                                           'f:lastProbeTime': {},
                                                                                                           'f:lastTransitionTime': {},
                                                                                                           'f:status': {},
                                                                                                           'f:type': {}},
                                                                              'k:{"type":"Ready"}': {'.': {},
                                                                                                     'f:lastProbeTime': {},
                                                                                                     'f:lastTransitionTime': {},
                                                                                                     'f:reason': {},
                                                                                                     'f:status': {},
                                                                                                     'f:type': {}}},
                                                             'f:containerStatuses': {},
                                                             'f:hostIP': {},
                                                             'f:phase': {},
                                                             'f:podIP': {},
                                                             'f:podIPs': {'.': {},
                                                                          'k:{"ip":"10.233.102.18"}': {'.': {},
                                                                                                       'f:ip': {}}},
                                                             'f:startTime': {}}},
                                  'manager': 'kubelet',
                                  'operation': 'Update',
                                  'subresource': 'status',
                                  'time': datetime.datetime(2023, 7, 3, 5, 4, 28, tzinfo=tzlocal())}],
              'name': 'detect-images-zlidpzmf',
              'namespace': '***-cluster',
              'owner_references': None,
              'resource_version': '20669653',
              'self_link': None,
              'uid': 'bf5ca92f-c59c-4c66-9dd5-e58502d1a9cd'},
 'spec': {'active_deadline_seconds': None,
          'affinity': {'node_affinity': None,
                       'pod_affinity': None,
                       'pod_anti_affinity': None},
          'automount_service_account_token': None,
          'containers': [{'args': ['--weights',
                                   'yolov5s.pt',
                                   '--source',
                                   '/data/input/',
                                   '--project',
                                   '/data/output/'],
                          'command': ['python', 'detect.py'],
                          'env': None,
                          'env_from': None,
                          'image': 'ultralytics/yolov5:latest',
                          'image_pull_policy': 'Always',
                          'lifecycle': None,
                          'liveness_probe': None,
                          'name': 'base',
                          'ports': None,
                          'readiness_probe': None,
                          'resources': {'limits': None, 'requests': None},
                          'security_context': None,
                          'startup_probe': None,
                          'stdin': None,
                          'stdin_once': None,
                          'termination_message_path': '/dev/termination-log',
                          'termination_message_policy': 'File',
                          'tty': None,
                          'volume_devices': None,
                          'volume_mounts': [{'mount_path': '/data/input/',
                                             'mount_propagation': None,
                                             'name': 'data-volume',
                                             'read_only': None,
                                             'sub_path': None,
                                             'sub_path_expr': None},
                                            {'mount_path': '/data/output/',
                                             'mount_propagation': None,
                                             'name': 'data-volume',
                                             'read_only': None,
                                             'sub_path': None,
                                             'sub_path_expr': None},
                                            {'mount_path': '/var/run/secrets/kubernetes.io/serviceaccount',
                                             'mount_propagation': None,
                                             'name': 'kube-api-access-bbnr5',
                                             'read_only': True,
                                             'sub_path': None,
                                             'sub_path_expr': None}],
                          'working_dir': None}],
          'dns_config': None,
          'dns_policy': 'ClusterFirst',
          'enable_service_links': True,
          'ephemeral_containers': None,
          'host_aliases': None,
          'host_ipc': None,
          'host_network': None,
          'host_pid': None,
          'hostname': None,
          'image_pull_secrets': [{'name': 'c2hcred'}],
          'init_containers': None,
          'node_name': 'desk2',
          'node_selector': None,
          'os': None,
          'overhead': None,
          'preemption_policy': 'PreemptLowerPriority',
          'priority': 0,
          'priority_class_name': None,
          'readiness_gates': None,
          'restart_policy': 'Never',
          'runtime_class_name': None,
          'scheduler_name': 'default-scheduler',
          'security_context': {'fs_group': None,
                               'fs_group_change_policy': None,
                               'run_as_group': None,
                               'run_as_non_root': None,
                               'run_as_user': None,
                               'se_linux_options': None,
                               'seccomp_profile': None,
                               'supplemental_groups': None,
                               'sysctls': None,
                               'windows_options': None},
          'service_account': 'default',
          'service_account_name': 'default',
          'set_hostname_as_fqdn': None,
          'share_process_namespace': None,
          'subdomain': None,
          'termination_grace_period_seconds': 30,
          'tolerations': [{'effect': 'NoExecute',
                           'key': 'node.kubernetes.io/not-ready',
                           'operator': 'Exists',
                           'toleration_seconds': 300,
                           'value': None},
                          {'effect': 'NoExecute',
                           'key': 'node.kubernetes.io/unreachable',
                           'operator': 'Exists',
                           'toleration_seconds': 300,
                           'value': None}],
          'topology_spread_constraints': None,
          'volumes': [{'aws_elastic_block_store': None,
                       'azure_disk': None,
                       'azure_file': None,
                       'cephfs': None,
                       'cinder': None,
                       'config_map': None,
                       'csi': None,
                       'downward_api': None,
                       'empty_dir': None,
                       'ephemeral': None,
                       'fc': None,
                       'flex_volume': None,
                       'flocker': None,
                       'gce_persistent_disk': None,
                       'git_repo': None,
                       'glusterfs': None,
                       'host_path': None,
                       'iscsi': None,
                       'name': 'data-volume',
                       'nfs': None,
                       'persistent_volume_claim': {'claim_name': 'data-pvc',
                                                   'read_only': None},
                       'photon_persistent_disk': None,
                       'portworx_volume': None,
                       'projected': None,
                       'quobyte': None,
                       'rbd': None,
                       'scale_io': None,
                       'secret': None,
                       'storageos': None,
                       'vsphere_volume': None},
                      {'aws_elastic_block_store': None,
                       'azure_disk': None,
                       'azure_file': None,
                       'cephfs': None,
                       'cinder': None,
                       'config_map': None,
                       'csi': None,
                       'downward_api': None,
                       'empty_dir': None,
                       'ephemeral': None,
                       'fc': None,
                       'flex_volume': None,
                       'flocker': None,
                       'gce_persistent_disk': None,
                       'git_repo': None,
                       'glusterfs': None,
                       'host_path': None,
                       'iscsi': None,
                       'name': 'kube-api-access-bbnr5',
                       'nfs': None,
                       'persistent_volume_claim': None,
                       'photon_persistent_disk': None,
                       'portworx_volume': None,
                       'projected': {'default_mode': 420,
                                     'sources': [{'config_map': None,
                                                  'downward_api': None,
                                                  'secret': None,
                                                  'service_account_token': {'audience': None,
                                                                            'expiration_seconds': 3607,
                                                                            'path': 'token'}},
                                                 {'config_map': {'items': [{'key': 'ca.crt',
                                                                            'mode': None,
                                                                            'path': 'ca.crt'}],
                                                                 'name': 'kube-root-ca.crt',
                                                                 'optional': None},
                                                  'downward_api': None,
                                                  'secret': None,
                                                  'service_account_token': None},
                                                 {'config_map': None,
                                                  'downward_api': {'items': [{'field_ref': {'api_version': 'v1',
                                                                                            'field_path': 'metadata.namespace'},
                                                                              'mode': None,
                                                                              'path': 'namespace',
                                                                              'resource_field_ref': None}]},
                                                  'secret': None,
                                                  'service_account_token': None}]},
                       'quobyte': None,
                       'rbd': None,
                       'scale_io': None,
                       'secret': None,
                       'storageos': None,
                       'vsphere_volume': None}]},
 'status': {'conditions': [{'last_probe_time': None,
                            'last_transition_time': datetime.datetime(2023, 7, 3, 5, 4, 15, tzinfo=tzlocal()),
                            'message': None,
                            'reason': None,
                            'status': 'True',
                            'type': 'Initialized'},
                           {'last_probe_time': None,
                            'last_transition_time': datetime.datetime(2023, 7, 3, 5, 4, 28, tzinfo=tzlocal()),
                            'message': None,
                            'reason': 'PodFailed',
                            'status': 'False',
                            'type': 'Ready'},
                           {'last_probe_time': None,
                            'last_transition_time': datetime.datetime(2023, 7, 3, 5, 4, 28, tzinfo=tzlocal()),
                            'message': None,
                            'reason': 'PodFailed',
                            'status': 'False',
                            'type': 'ContainersReady'},
                           {'last_probe_time': None,
                            'last_transition_time': datetime.datetime(2023, 7, 3, 5, 4, 15, tzinfo=tzlocal()),
                            'message': None,
                            'reason': None,
                            'status': 'True',
                            'type': 'PodScheduled'}],
            'container_statuses': [{'container_id': 'containerd://c8c259739419fc2ce6d3fa720688e247c965ae4b0dbf6beda731fc42a6b1400d',
                                    'image': 'docker.io/ultralytics/yolov5:latest',
                                    'image_id': 'docker.io/ultralytics/yolov5@sha256:bb4a65dbb9cdb9259002a6ad9decd230f5bea6614be0a27195dc9d00f14e4aa8',
                                    'last_state': {'running': None,
                                                   'terminated': None,
                                                   'waiting': None},
                                    'name': 'base',
                                    'ready': False,
                                    'restart_count': 0,
                                    'started': False,
                                    'state': {'running': None,
                                              'terminated': {'container_id': 'containerd://c8c259739419fc2ce6d3fa720688e247c965ae4b0dbf6beda731fc42a6b1400d',
                                                             'exit_code': 1,
                                                             'finished_at': datetime.datetime(2023, 7, 3, 5, 4, 27, tzinfo=tzlocal()),
                                                             'message': None,
                                                             'reason': 'Error',
                                                             'signal': None,
                                                             'started_at': datetime.datetime(2023, 7, 3, 5, 4, 18, tzinfo=tzlocal())},
                                              'waiting': None}}],
            'ephemeral_container_statuses': None,
            'host_ip': '192.168.20.2',
            'init_container_statuses': None,
            'message': None,
            'nominated_node_name': None,
            'phase': 'Failed',
            'pod_i_ps': [{'ip': '10.233.102.18'}],
            'pod_ip': '10.233.102.18',
            'qos_class': 'BestEffort',
            'reason': None,
            'start_time': datetime.datetime(2023, 7, 3, 5, 4, 15, tzinfo=tzlocal())}}
[2023-07-03T05:04:31.396+0000] {taskinstance.py:1327} INFO - Marking task as FAILED. dag_id=yolov5_ml_pipeline, task_id=detect_images, execution_date=20230703T050335, start_date=20230703T050414, end_date=20230703T050431
[2023-07-03T05:04:31.406+0000] {standard_task_runner.py:100} ERROR - Failed to execute job 288 for task detect_images (Pod detect-images-zlidpzmf returned a failure:

remote_pod: {'api_version': 'v1',
 'kind': 'Pod',
 'metadata': {'annotations': {'cni.projectcalico.org/containerID': 'b56efab57f0afd9d83c1c90a0df527471be8fd7771bcae2baab309b5ef7789e8',
                              'cni.projectcalico.org/podIP': '',
                              'cni.projectcalico.org/podIPs': ''},
              'cluster_name': None,
              'creation_timestamp': datetime.datetime(2023, 7, 3, 5, 4, 15, tzinfo=tzlocal()),
              'deletion_grace_period_seconds': None,
              'deletion_timestamp': None,
              'finalizers': None,
              'generate_name': None,
              'generation': None,
              'labels': {'***_kpo_in_cluster': 'True',
                         '***_version': '2.5.3',
                         'app': 'my_app',
                         'dag_id': 'yolov5_ml_pipeline',
                         'kubernetes_pod_operator': 'True',
                         'run_id': 'manual__2023-07-03T050335.2586160000-e81c072fd',
                         'task_id': 'detect_images',
                         'try_number': '1'},
              'managed_fields': [{'api_version': 'v1',
                                  'fields_type': 'FieldsV1',
                                  'fields_v1': {'f:metadata': {'f:labels': {'.': {},
                                                                            'f:***_kpo_in_cluster': {},
                                                                            'f:***_version': {},
                                                                            'f:app': {},
                                                                            'f:dag_id': {},
                                                                            'f:kubernetes_pod_operator': {},
                                                                            'f:run_id': {},
                                                                            'f:task_id': {},
                                                                            'f:try_number': {}}},
                                                'f:spec': {'f:affinity': {},
                                                           'f:containers': {'k:{"name":"base"}': {'.': {},
                                                                                                  'f:args': {},
                                                                                                  'f:command': {},
                                                                                                  'f:image': {},
                                                                                                  'f:imagePullPolicy': {},
                                                                                                  'f:name': {},
                                                                                                  'f:resources': {},
                                                                                                  'f:terminationMessagePath': {},
                                                                                                  'f:terminationMessagePolicy': {},
                                                                                                  'f:volumeMounts': {'.': {},
                                                                                                                     'k:{"mountPath":"/data/input/"}': {'.': {},
                                                                                                                                                        'f:mountPath': {},
                                                                                                                                                        'f:name': {}},
                                                                                                                     'k:{"mountPath":"/data/output/"}': {'.': {},
                                                                                                                                                         'f:mountPath': {},
                                                                                                                                                         'f:name': {}}}}},
                                                           'f:dnsPolicy': {},
                                                           'f:enableServiceLinks': {},
                                                           'f:imagePullSecrets': {'.': {},
                                                                                  'k:{"name":"c2hcred"}': {}},
                                                           'f:restartPolicy': {},
                                                           'f:schedulerName': {},
                                                           'f:securityContext': {},
                                                           'f:terminationGracePeriodSeconds': {},
                                                           'f:volumes': {'.': {},
                                                                         'k:{"name":"data-volume"}': {'.': {},
                                                                                                      'f:name': {},
                                                                                                      'f:persistentVolumeClaim': {'.': {},
                                                                                                                                  'f:claimName': {}}}}}},
                                  'manager': 'OpenAPI-Generator',
                                  'operation': 'Update',
                                  'subresource': None,
                                  'time': datetime.datetime(2023, 7, 3, 5, 4, 15, tzinfo=tzlocal())},
                                 {'api_version': 'v1',
                                  'fields_type': 'FieldsV1',
                                  'fields_v1': {'f:metadata': {'f:annotations': {'.': {},
                                                                                 'f:cni.projectcalico.org/containerID': {},
                                                                                 'f:cni.projectcalico.org/podIP': {},
                                                                                 'f:cni.projectcalico.org/podIPs': {}}}},
                                  'manager': 'Go-http-client',
                                  'operation': 'Update',
                                  'subresource': 'status',
                                  'time': datetime.datetime(2023, 7, 3, 5, 4, 16, tzinfo=tzlocal())},
                                 {'api_version': 'v1',
                                  'fields_type': 'FieldsV1',
                                  'fields_v1': {'f:status': {'f:conditions': {'k:{"type":"ContainersReady"}': {'.': {},
                                                                                                               'f:lastProbeTime': {},
                                                                                                               'f:lastTransitionTime': {},
                                                                                                               'f:reason': {},
                                                                                                               'f:status': {},
                                                                                                               'f:type': {}},
                                                                              'k:{"type":"Initialized"}': {'.': {},
                                                                                                           'f:lastProbeTime': {},
                                                                                                           'f:lastTransitionTime': {},
                                                                                                           'f:status': {},
                                                                                                           'f:type': {}},
                                                                              'k:{"type":"Ready"}': {'.': {},
                                                                                                     'f:lastProbeTime': {},
                                                                                                     'f:lastTransitionTime': {},
                                                                                                     'f:reason': {},
                                                                                                     'f:status': {},
                                                                                                     'f:type': {}}},
                                                             'f:containerStatuses': {},
                                                             'f:hostIP': {},
                                                             'f:phase': {},
                                                             'f:podIP': {},
                                                             'f:podIPs': {'.': {},
                                                                          'k:{"ip":"10.233.102.18"}': {'.': {},
                                                                                                       'f:ip': {}}},
                                                             'f:startTime': {}}},
                                  'manager': 'kubelet',
                                  'operation': 'Update',
                                  'subresource': 'status',
                                  'time': datetime.datetime(2023, 7, 3, 5, 4, 28, tzinfo=tzlocal())}],
              'name': 'detect-images-zlidpzmf',
              'namespace': '***-cluster',
              'owner_references': None,
              'resource_version': '20669653',
              'self_link': None,
              'uid': 'bf5ca92f-c59c-4c66-9dd5-e58502d1a9cd'},
 'spec': {'active_deadline_seconds': None,
          'affinity': {'node_affinity': None,
                       'pod_affinity': None,
                       'pod_anti_affinity': None},
          'automount_service_account_token': None,
          'containers': [{'args': ['--weights',
                                   'yolov5s.pt',
                                   '--source',
                                   '/data/input/',
                                   '--project',
                                   '/data/output/'],
                          'command': ['python', 'detect.py'],
                          'env': None,
                          'env_from': None,
                          'image': 'ultralytics/yolov5:latest',
                          'image_pull_policy': 'Always',
                          'lifecycle': None,
                          'liveness_probe': None,
                          'name': 'base',
                          'ports': None,
                          'readiness_probe': None,
                          'resources': {'limits': None, 'requests': None},
                          'security_context': None,
                          'startup_probe': None,
                          'stdin': None,
                          'stdin_once': None,
                          'termination_message_path': '/dev/termination-log',
                          'termination_message_policy': 'File',
                          'tty': None,
                          'volume_devices': None,
                          'volume_mounts': [{'mount_path': '/data/input/',
                                             'mount_propagation': None,
                                             'name': 'data-volume',
                                             'read_only': None,
                                             'sub_path': None,
                                             'sub_path_expr': None},
                                            {'mount_path': '/data/output/',
                                             'mount_propagation': None,
                                             'name': 'data-volume',
                                             'read_only': None,
                                             'sub_path': None,
                                             'sub_path_expr': None},
                                            {'mount_path': '/var/run/secrets/kubernetes.io/serviceaccount',
                                             'mount_propagation': None,
                                             'name': 'kube-api-access-bbnr5',
                                             'read_only': True,
                                             'sub_path': None,
                                             'sub_path_expr': None}],
                          'working_dir': None}],
          'dns_config': None,
          'dns_policy': 'ClusterFirst',
          'enable_service_links': True,
          'ephemeral_containers': None,
          'host_aliases': None,
          'host_ipc': None,
          'host_network': None,
          'host_pid': None,
          'hostname': None,
          'image_pull_secrets': [{'name': 'c2hcred'}],
          'init_containers': None,
          'node_name': 'desk2',
          'node_selector': None,
          'os': None,
          'overhead': None,
          'preemption_policy': 'PreemptLowerPriority',
          'priority': 0,
          'priority_class_name': None,
          'readiness_gates': None,
          'restart_policy': 'Never',
          'runtime_class_name': None,
          'scheduler_name': 'default-scheduler',
          'security_context': {'fs_group': None,
                               'fs_group_change_policy': None,
                               'run_as_group': None,
                               'run_as_non_root': None,
                               'run_as_user': None,
                               'se_linux_options': None,
                               'seccomp_profile': None,
                               'supplemental_groups': None,
                               'sysctls': None,
                               'windows_options': None},
          'service_account': 'default',
          'service_account_name': 'default',
          'set_hostname_as_fqdn': None,
          'share_process_namespace': None,
          'subdomain': None,
          'termination_grace_period_seconds': 30,
          'tolerations': [{'effect': 'NoExecute',
                           'key': 'node.kubernetes.io/not-ready',
                           'operator': 'Exists',
                           'toleration_seconds': 300,
                           'value': None},
                          {'effect': 'NoExecute',
                           'key': 'node.kubernetes.io/unreachable',
                           'operator': 'Exists',
                           'toleration_seconds': 300,
                           'value': None}],
          'topology_spread_constraints': None,
          'volumes': [{'aws_elastic_block_store': None,
                       'azure_disk': None,
                       'azure_file': None,
                       'cephfs': None,
                       'cinder': None,
                       'config_map': None,
                       'csi': None,
                       'downward_api': None,
                       'empty_dir': None,
                       'ephemeral': None,
                       'fc': None,
                       'flex_volume': None,
                       'flocker': None,
                       'gce_persistent_disk': None,
                       'git_repo': None,
                       'glusterfs': None,
                       'host_path': None,
                       'iscsi': None,
                       'name': 'data-volume',
                       'nfs': None,
                       'persistent_volume_claim': {'claim_name': 'data-pvc',
                                                   'read_only': None},
                       'photon_persistent_disk': None,
                       'portworx_volume': None,
                       'projected': None,
                       'quobyte': None,
                       'rbd': None,
                       'scale_io': None,
                       'secret': None,
                       'storageos': None,
                       'vsphere_volume': None},
                      {'aws_elastic_block_store': None,
                       'azure_disk': None,
                       'azure_file': None,
                       'cephfs': None,
                       'cinder': None,
                       'config_map': None,
                       'csi': None,
                       'downward_api': None,
                       'empty_dir': None,
                       'ephemeral': None,
                       'fc': None,
                       'flex_volume': None,
                       'flocker': None,
                       'gce_persistent_disk': None,
                       'git_repo': None,
                       'glusterfs': None,
                       'host_path': None,
                       'iscsi': None,
                       'name': 'kube-api-access-bbnr5',
                       'nfs': None,
                       'persistent_volume_claim': None,
                       'photon_persistent_disk': None,
                       'portworx_volume': None,
                       'projected': {'default_mode': 420,
                                     'sources': [{'config_map': None,
                                                  'downward_api': None,
                                                  'secret': None,
                                                  'service_account_token': {'audience': None,
                                                                            'expiration_seconds': 3607,
                                                                            'path': 'token'}},
                                                 {'config_map': {'items': [{'key': 'ca.crt',
                                                                            'mode': None,
                                                                            'path': 'ca.crt'}],
                                                                 'name': 'kube-root-ca.crt',
                                                                 'optional': None},
                                                  'downward_api': None,
                                                  'secret': None,
                                                  'service_account_token': None},
                                                 {'config_map': None,
                                                  'downward_api': {'items': [{'field_ref': {'api_version': 'v1',
                                                                                            'field_path': 'metadata.namespace'},
                                                                              'mode': None,
                                                                              'path': 'namespace',
                                                                              'resource_field_ref': None}]},
                                                  'secret': None,
                                                  'service_account_token': None}]},
                       'quobyte': None,
                       'rbd': None,
                       'scale_io': None,
                       'secret': None,
                       'storageos': None,
                       'vsphere_volume': None}]},
 'status': {'conditions': [{'last_probe_time': None,
                            'last_transition_time': datetime.datetime(2023, 7, 3, 5, 4, 15, tzinfo=tzlocal()),
                            'message': None,
                            'reason': None,
                            'status': 'True',
                            'type': 'Initialized'},
                           {'last_probe_time': None,
                            'last_transition_time': datetime.datetime(2023, 7, 3, 5, 4, 28, tzinfo=tzlocal()),
                            'message': None,
                            'reason': 'PodFailed',
                            'status': 'False',
                            'type': 'Ready'},
                           {'last_probe_time': None,
                            'last_transition_time': datetime.datetime(2023, 7, 3, 5, 4, 28, tzinfo=tzlocal()),
                            'message': None,
                            'reason': 'PodFailed',
                            'status': 'False',
                            'type': 'ContainersReady'},
                           {'last_probe_time': None,
                            'last_transition_time': datetime.datetime(2023, 7, 3, 5, 4, 15, tzinfo=tzlocal()),
                            'message': None,
                            'reason': None,
                            'status': 'True',
                            'type': 'PodScheduled'}],
            'container_statuses': [{'container_id': 'containerd://c8c259739419fc2ce6d3fa720688e247c965ae4b0dbf6beda731fc42a6b1400d',
                                    'image': 'docker.io/ultralytics/yolov5:latest',
                                    'image_id': 'docker.io/ultralytics/yolov5@sha256:bb4a65dbb9cdb9259002a6ad9decd230f5bea6614be0a27195dc9d00f14e4aa8',
                                    'last_state': {'running': None,
                                                   'terminated': None,
                                                   'waiting': None},
                                    'name': 'base',
                                    'ready': False,
                                    'restart_count': 0,
                                    'started': False,
                                    'state': {'running': None,
                                              'terminated': {'container_id': 'containerd://c8c259739419fc2ce6d3fa720688e247c965ae4b0dbf6beda731fc42a6b1400d',
                                                             'exit_code': 1,
                                                             'finished_at': datetime.datetime(2023, 7, 3, 5, 4, 27, tzinfo=tzlocal()),
                                                             'message': None,
                                                             'reason': 'Error',
                                                             'signal': None,
                                                             'started_at': datetime.datetime(2023, 7, 3, 5, 4, 18, tzinfo=tzlocal())},
                                              'waiting': None}}],
            'ephemeral_container_statuses': None,
            'host_ip': '192.168.20.2',
            'init_container_statuses': None,
            'message': None,
            'nominated_node_name': None,
            'phase': 'Failed',
            'pod_i_ps': [{'ip': '10.233.102.18'}],
            'pod_ip': '10.233.102.18',
            'qos_class': 'BestEffort',
            'reason': None,
            'start_time': datetime.datetime(2023, 7, 3, 5, 4, 15, tzinfo=tzlocal())}}; 105)
[2023-07-03T05:04:31.421+0000] {local_task_job.py:212} INFO - Task exited with return code 1
[2023-07-03T05:04:31.444+0000] {taskinstance.py:2596} INFO - 0 downstream tasks scheduled from follow-on schedule check
