[2023-06-20T02:32:33.609+0000] {taskinstance.py:1090} INFO - Dependencies all met for dep_context=non-requeueable deps ti=<TaskInstance: sample_dag.greet scheduled__2023-04-29T00:00:00+00:00 [queued]>
[2023-06-20T02:32:33.618+0000] {taskinstance.py:1090} INFO - Dependencies all met for dep_context=requeueable deps ti=<TaskInstance: sample_dag.greet scheduled__2023-04-29T00:00:00+00:00 [queued]>
[2023-06-20T02:32:33.618+0000] {taskinstance.py:1288} INFO - 
--------------------------------------------------------------------------------
[2023-06-20T02:32:33.618+0000] {taskinstance.py:1289} INFO - Starting attempt 1 of 2
[2023-06-20T02:32:33.618+0000] {taskinstance.py:1290} INFO - 
--------------------------------------------------------------------------------
[2023-06-20T02:32:33.631+0000] {taskinstance.py:1309} INFO - Executing <Task(PythonOperator): greet> on 2023-04-29 00:00:00+00:00
[2023-06-20T02:32:33.634+0000] {standard_task_runner.py:55} INFO - Started process 106 to run task
[2023-06-20T02:32:33.637+0000] {standard_task_runner.py:82} INFO - Running: ['***', 'tasks', 'run', 'sample_dag', 'greet', 'scheduled__2023-04-29T00:00:00+00:00', '--job-id', '95', '--raw', '--subdir', 'DAGS_FOLDER/test_dag.py', '--cfg-path', '/tmp/tmp4mps1mow']
[2023-06-20T02:32:33.638+0000] {standard_task_runner.py:83} INFO - Job 95: Subtask greet
[2023-06-20T02:32:34.226+0000] {task_command.py:389} INFO - Running <TaskInstance: sample_dag.greet scheduled__2023-04-29T00:00:00+00:00 [running]> on host sample-dag-greet-8f148f87be91457fa4f0440568d2f5c7
[2023-06-20T02:32:34.957+0000] {logging_mixin.py:137} WARNING - /home/***/.local/lib/python3.8/site-packages/***/kubernetes/kube_config.py:58 DeprecationWarning: The namespace option in [kubernetes] has been moved to the namespace option in [kubernetes_executor] - the old setting has been used, but please update your config.
[2023-06-20T02:32:34.958+0000] {logging_mixin.py:137} WARNING - /home/***/.local/lib/python3.8/site-packages/***/kubernetes/kube_config.py:64 DeprecationWarning: The namespace option in [kubernetes] has been moved to the namespace option in [kubernetes_executor] - the old setting has been used, but please update your config.
[2023-06-20T02:32:34.959+0000] {pod_generator.py:424} WARNING - Model file /opt/***/pod_templates/pod_template.yaml does not exist
[2023-06-20T02:32:34.998+0000] {taskinstance.py:1516} INFO - Exporting the following env vars:
AIRFLOW_CTX_DAG_OWNER=***
AIRFLOW_CTX_DAG_ID=sample_dag
AIRFLOW_CTX_TASK_ID=greet
AIRFLOW_CTX_EXECUTION_DATE=2023-04-29T00:00:00+00:00
AIRFLOW_CTX_TRY_NUMBER=1
AIRFLOW_CTX_DAG_RUN_ID=scheduled__2023-04-29T00:00:00+00:00
[2023-06-20T02:32:34.999+0000] {logging_mixin.py:137} INFO - Hello, John!
[2023-06-20T02:32:45.009+0000] {python.py:177} INFO - Done. Returned value was: None
[2023-06-20T02:32:45.036+0000] {taskinstance.py:1327} INFO - Marking task as SUCCESS. dag_id=sample_dag, task_id=greet, execution_date=20230429T000000, start_date=20230620T023233, end_date=20230620T023245
[2023-06-20T02:32:45.090+0000] {local_task_job.py:212} INFO - Task exited with return code 0
[2023-06-20T02:32:45.106+0000] {taskinstance.py:2596} INFO - 0 downstream tasks scheduled from follow-on schedule check
