[2023-07-04T12:01:08.958+0000] {taskinstance.py:1090} INFO - Dependencies all met for dep_context=non-requeueable deps ti=<TaskInstance: yolov5_ml_pipeline.detect_images scheduled__2023-07-03T12:00:00+00:00 [queued]>
[2023-07-04T12:01:08.969+0000] {taskinstance.py:1090} INFO - Dependencies all met for dep_context=requeueable deps ti=<TaskInstance: yolov5_ml_pipeline.detect_images scheduled__2023-07-03T12:00:00+00:00 [queued]>
[2023-07-04T12:01:08.969+0000] {taskinstance.py:1288} INFO - 
--------------------------------------------------------------------------------
[2023-07-04T12:01:08.970+0000] {taskinstance.py:1289} INFO - Starting attempt 1 of 1
[2023-07-04T12:01:08.970+0000] {taskinstance.py:1290} INFO - 
--------------------------------------------------------------------------------
[2023-07-04T12:01:08.984+0000] {taskinstance.py:1309} INFO - Executing <Task(KubernetesPodOperator): detect_images> on 2023-07-03 12:00:00+00:00
[2023-07-04T12:01:08.986+0000] {standard_task_runner.py:55} INFO - Started process 162 to run task
[2023-07-04T12:01:08.991+0000] {standard_task_runner.py:82} INFO - Running: ['***', 'tasks', 'run', 'yolov5_ml_pipeline', 'detect_images', 'scheduled__2023-07-03T12:00:00+00:00', '--job-id', '291', '--raw', '--subdir', 'DAGS_FOLDER/yolov5_pipe.py', '--cfg-path', '/tmp/tmp9pwc6cys']
[2023-07-04T12:01:08.994+0000] {standard_task_runner.py:83} INFO - Job 291: Subtask detect_images
[2023-07-04T12:01:09.615+0000] {task_command.py:389} INFO - Running <TaskInstance: yolov5_ml_pipeline.detect_images scheduled__2023-07-03T12:00:00+00:00 [running]> on host yolov5-ml-pipeline-detect-imag-f1f683605cb14cb7a5753035dff62f00
[2023-07-04T12:01:10.437+0000] {logging_mixin.py:137} WARNING - /home/***/.local/lib/python3.8/site-packages/***/kubernetes/kube_config.py:58 DeprecationWarning: The namespace option in [kubernetes] has been moved to the namespace option in [kubernetes_executor] - the old setting has been used, but please update your config.
[2023-07-04T12:01:10.440+0000] {logging_mixin.py:137} WARNING - /home/***/.local/lib/python3.8/site-packages/***/kubernetes/kube_config.py:64 DeprecationWarning: The namespace option in [kubernetes] has been moved to the namespace option in [kubernetes_executor] - the old setting has been used, but please update your config.
[2023-07-04T12:01:10.441+0000] {pod_generator.py:424} WARNING - Model file /opt/***/pod_templates/pod_template.yaml does not exist
[2023-07-04T12:01:10.513+0000] {taskinstance.py:1516} INFO - Exporting the following env vars:
AIRFLOW_CTX_DAG_OWNER=***
AIRFLOW_CTX_DAG_ID=yolov5_ml_pipeline
AIRFLOW_CTX_TASK_ID=detect_images
AIRFLOW_CTX_EXECUTION_DATE=2023-07-03T12:00:00+00:00
AIRFLOW_CTX_TRY_NUMBER=1
AIRFLOW_CTX_DAG_RUN_ID=scheduled__2023-07-03T12:00:00+00:00
[2023-07-04T12:01:10.522+0000] {kubernetes_pod.py:815} INFO - Building pod detect-images-25uk0330 with labels: {'dag_id': 'yolov5_ml_pipeline', 'task_id': 'detect_images', 'run_id': 'scheduled__2023-07-03T1200000000-78660e965', 'kubernetes_pod_operator': 'True', 'try_number': '1'}
[2023-07-04T12:01:10.607+0000] {kubernetes_pod.py:476} INFO - Found matching pod detect-images-25uk0330 with labels {'airflow_kpo_in_cluster': 'True', 'airflow_version': '2.5.3', 'app': 'my_app', 'dag_id': 'yolov5_ml_pipeline', 'kubernetes_pod_operator': 'True', 'run_id': 'scheduled__2023-07-03T1200000000-78660e965', 'task_id': 'detect_images', 'try_number': '1'}
[2023-07-04T12:01:10.608+0000] {kubernetes_pod.py:477} INFO - `try_number` of task_instance: 1
[2023-07-04T12:01:10.608+0000] {kubernetes_pod.py:478} INFO - `try_number` of pod: 1
[2023-07-04T12:01:10.626+0000] {pod_manager.py:187} WARNING - Pod not yet started: detect-images-25uk0330
[2023-07-04T12:01:11.649+0000] {pod_manager.py:187} WARNING - Pod not yet started: detect-images-25uk0330
[2023-07-04T12:01:12.669+0000] {pod_manager.py:187} WARNING - Pod not yet started: detect-images-25uk0330
[2023-07-04T12:01:13.694+0000] {pod_manager.py:187} WARNING - Pod not yet started: detect-images-25uk0330
[2023-07-04T12:01:14.715+0000] {pod_manager.py:187} WARNING - Pod not yet started: detect-images-25uk0330
[2023-07-04T12:01:15.737+0000] {pod_manager.py:187} WARNING - Pod not yet started: detect-images-25uk0330
[2023-07-04T12:01:16.988+0000] {pod_manager.py:187} WARNING - Pod not yet started: detect-images-25uk0330
[2023-07-04T12:01:18.012+0000] {pod_manager.py:187} WARNING - Pod not yet started: detect-images-25uk0330
[2023-07-04T12:01:19.039+0000] {pod_manager.py:187} WARNING - Pod not yet started: detect-images-25uk0330
[2023-07-04T12:01:20.061+0000] {pod_manager.py:187} WARNING - Pod not yet started: detect-images-25uk0330
[2023-07-04T12:01:21.086+0000] {pod_manager.py:187} WARNING - Pod not yet started: detect-images-25uk0330
[2023-07-04T12:01:22.105+0000] {pod_manager.py:187} WARNING - Pod not yet started: detect-images-25uk0330
[2023-07-04T12:01:23.147+0000] {pod_manager.py:187} WARNING - Pod not yet started: detect-images-25uk0330
[2023-07-04T12:01:24.167+0000] {pod_manager.py:187} WARNING - Pod not yet started: detect-images-25uk0330
[2023-07-04T12:01:25.190+0000] {pod_manager.py:187} WARNING - Pod not yet started: detect-images-25uk0330
[2023-07-04T12:01:26.208+0000] {pod_manager.py:187} WARNING - Pod not yet started: detect-images-25uk0330
[2023-07-04T12:01:27.231+0000] {pod_manager.py:187} WARNING - Pod not yet started: detect-images-25uk0330
[2023-07-04T12:01:28.669+0000] {pod_manager.py:187} WARNING - Pod not yet started: detect-images-25uk0330
[2023-07-04T12:01:29.696+0000] {pod_manager.py:187} WARNING - Pod not yet started: detect-images-25uk0330
[2023-07-04T12:01:30.717+0000] {pod_manager.py:187} WARNING - Pod not yet started: detect-images-25uk0330
[2023-07-04T12:01:31.738+0000] {pod_manager.py:187} WARNING - Pod not yet started: detect-images-25uk0330
[2023-07-04T12:01:32.760+0000] {pod_manager.py:187} WARNING - Pod not yet started: detect-images-25uk0330
[2023-07-04T12:01:33.784+0000] {pod_manager.py:187} WARNING - Pod not yet started: detect-images-25uk0330
[2023-07-04T12:01:34.805+0000] {pod_manager.py:187} WARNING - Pod not yet started: detect-images-25uk0330
[2023-07-04T12:01:36.050+0000] {pod_manager.py:187} WARNING - Pod not yet started: detect-images-25uk0330
[2023-07-04T12:01:37.072+0000] {pod_manager.py:187} WARNING - Pod not yet started: detect-images-25uk0330
[2023-07-04T12:01:38.094+0000] {pod_manager.py:187} WARNING - Pod not yet started: detect-images-25uk0330
[2023-07-04T12:01:39.114+0000] {pod_manager.py:187} WARNING - Pod not yet started: detect-images-25uk0330
[2023-07-04T12:01:40.156+0000] {pod_manager.py:187} WARNING - Pod not yet started: detect-images-25uk0330
[2023-07-04T12:01:41.177+0000] {pod_manager.py:187} WARNING - Pod not yet started: detect-images-25uk0330
[2023-07-04T12:01:42.203+0000] {pod_manager.py:187} WARNING - Pod not yet started: detect-images-25uk0330
[2023-07-04T12:01:43.644+0000] {pod_manager.py:187} WARNING - Pod not yet started: detect-images-25uk0330
[2023-07-04T12:01:44.665+0000] {pod_manager.py:187} WARNING - Pod not yet started: detect-images-25uk0330
[2023-07-04T12:01:45.690+0000] {pod_manager.py:187} WARNING - Pod not yet started: detect-images-25uk0330
[2023-07-04T12:01:46.710+0000] {pod_manager.py:187} WARNING - Pod not yet started: detect-images-25uk0330
[2023-07-04T12:01:47.729+0000] {pod_manager.py:187} WARNING - Pod not yet started: detect-images-25uk0330
[2023-07-04T12:01:48.750+0000] {pod_manager.py:187} WARNING - Pod not yet started: detect-images-25uk0330
[2023-07-04T12:01:49.771+0000] {pod_manager.py:187} WARNING - Pod not yet started: detect-images-25uk0330
[2023-07-04T12:01:50.793+0000] {pod_manager.py:187} WARNING - Pod not yet started: detect-images-25uk0330
[2023-07-04T12:01:51.817+0000] {pod_manager.py:187} WARNING - Pod not yet started: detect-images-25uk0330
[2023-07-04T12:01:52.837+0000] {pod_manager.py:187} WARNING - Pod not yet started: detect-images-25uk0330
[2023-07-04T12:01:53.855+0000] {pod_manager.py:187} WARNING - Pod not yet started: detect-images-25uk0330
[2023-07-04T12:01:54.876+0000] {pod_manager.py:187} WARNING - Pod not yet started: detect-images-25uk0330
[2023-07-04T12:01:55.897+0000] {pod_manager.py:187} WARNING - Pod not yet started: detect-images-25uk0330
[2023-07-04T12:01:56.917+0000] {pod_manager.py:187} WARNING - Pod not yet started: detect-images-25uk0330
[2023-07-04T12:01:57.941+0000] {pod_manager.py:187} WARNING - Pod not yet started: detect-images-25uk0330
[2023-07-04T12:01:58.962+0000] {pod_manager.py:187} WARNING - Pod not yet started: detect-images-25uk0330
[2023-07-04T12:01:59.985+0000] {pod_manager.py:187} WARNING - Pod not yet started: detect-images-25uk0330
[2023-07-04T12:02:01.004+0000] {pod_manager.py:187} WARNING - Pod not yet started: detect-images-25uk0330
[2023-07-04T12:02:02.022+0000] {pod_manager.py:187} WARNING - Pod not yet started: detect-images-25uk0330
[2023-07-04T12:02:03.040+0000] {pod_manager.py:187} WARNING - Pod not yet started: detect-images-25uk0330
[2023-07-04T12:02:04.062+0000] {pod_manager.py:187} WARNING - Pod not yet started: detect-images-25uk0330
[2023-07-04T12:02:05.082+0000] {pod_manager.py:187} WARNING - Pod not yet started: detect-images-25uk0330
[2023-07-04T12:02:06.104+0000] {pod_manager.py:187} WARNING - Pod not yet started: detect-images-25uk0330
[2023-07-04T12:02:07.126+0000] {pod_manager.py:187} WARNING - Pod not yet started: detect-images-25uk0330
[2023-07-04T12:02:08.147+0000] {pod_manager.py:187} WARNING - Pod not yet started: detect-images-25uk0330
[2023-07-04T12:02:09.165+0000] {pod_manager.py:187} WARNING - Pod not yet started: detect-images-25uk0330
[2023-07-04T12:02:10.186+0000] {pod_manager.py:187} WARNING - Pod not yet started: detect-images-25uk0330
[2023-07-04T12:02:11.209+0000] {pod_manager.py:187} WARNING - Pod not yet started: detect-images-25uk0330
[2023-07-04T12:02:12.231+0000] {pod_manager.py:187} WARNING - Pod not yet started: detect-images-25uk0330
[2023-07-04T12:02:13.251+0000] {pod_manager.py:187} WARNING - Pod not yet started: detect-images-25uk0330
[2023-07-04T12:02:14.273+0000] {pod_manager.py:187} WARNING - Pod not yet started: detect-images-25uk0330
[2023-07-04T12:02:15.295+0000] {pod_manager.py:187} WARNING - Pod not yet started: detect-images-25uk0330
[2023-07-04T12:02:16.313+0000] {pod_manager.py:187} WARNING - Pod not yet started: detect-images-25uk0330
[2023-07-04T12:02:17.331+0000] {pod_manager.py:187} WARNING - Pod not yet started: detect-images-25uk0330
[2023-07-04T12:02:18.352+0000] {pod_manager.py:187} WARNING - Pod not yet started: detect-images-25uk0330
[2023-07-04T12:02:19.370+0000] {pod_manager.py:187} WARNING - Pod not yet started: detect-images-25uk0330
[2023-07-04T12:02:20.393+0000] {pod_manager.py:187} WARNING - Pod not yet started: detect-images-25uk0330
[2023-07-04T12:02:21.412+0000] {pod_manager.py:187} WARNING - Pod not yet started: detect-images-25uk0330
[2023-07-04T12:02:22.435+0000] {pod_manager.py:187} WARNING - Pod not yet started: detect-images-25uk0330
[2023-07-04T12:02:23.460+0000] {pod_manager.py:187} WARNING - Pod not yet started: detect-images-25uk0330
[2023-07-04T12:02:24.482+0000] {pod_manager.py:187} WARNING - Pod not yet started: detect-images-25uk0330
[2023-07-04T12:02:25.505+0000] {pod_manager.py:187} WARNING - Pod not yet started: detect-images-25uk0330
[2023-07-04T12:02:26.525+0000] {pod_manager.py:187} WARNING - Pod not yet started: detect-images-25uk0330
[2023-07-04T12:02:27.545+0000] {pod_manager.py:187} WARNING - Pod not yet started: detect-images-25uk0330
[2023-07-04T12:02:28.565+0000] {pod_manager.py:187} WARNING - Pod not yet started: detect-images-25uk0330
[2023-07-04T12:02:29.585+0000] {pod_manager.py:187} WARNING - Pod not yet started: detect-images-25uk0330
[2023-07-04T12:02:30.606+0000] {pod_manager.py:187} WARNING - Pod not yet started: detect-images-25uk0330
[2023-07-04T12:02:31.625+0000] {pod_manager.py:187} WARNING - Pod not yet started: detect-images-25uk0330
[2023-07-04T12:02:32.648+0000] {pod_manager.py:187} WARNING - Pod not yet started: detect-images-25uk0330
[2023-07-04T12:02:33.670+0000] {pod_manager.py:187} WARNING - Pod not yet started: detect-images-25uk0330
[2023-07-04T12:02:34.692+0000] {pod_manager.py:187} WARNING - Pod not yet started: detect-images-25uk0330
[2023-07-04T12:02:35.711+0000] {pod_manager.py:187} WARNING - Pod not yet started: detect-images-25uk0330
[2023-07-04T12:02:36.729+0000] {pod_manager.py:187} WARNING - Pod not yet started: detect-images-25uk0330
[2023-07-04T12:02:37.750+0000] {pod_manager.py:187} WARNING - Pod not yet started: detect-images-25uk0330
[2023-07-04T12:02:38.772+0000] {pod_manager.py:187} WARNING - Pod not yet started: detect-images-25uk0330
[2023-07-04T12:02:39.792+0000] {pod_manager.py:187} WARNING - Pod not yet started: detect-images-25uk0330
[2023-07-04T12:02:40.811+0000] {pod_manager.py:187} WARNING - Pod not yet started: detect-images-25uk0330
[2023-07-04T12:02:41.837+0000] {pod_manager.py:187} WARNING - Pod not yet started: detect-images-25uk0330
[2023-07-04T12:02:42.853+0000] {pod_manager.py:187} WARNING - Pod not yet started: detect-images-25uk0330
[2023-07-04T12:02:43.875+0000] {pod_manager.py:187} WARNING - Pod not yet started: detect-images-25uk0330
[2023-07-04T12:02:44.892+0000] {pod_manager.py:187} WARNING - Pod not yet started: detect-images-25uk0330
[2023-07-04T12:02:45.915+0000] {pod_manager.py:187} WARNING - Pod not yet started: detect-images-25uk0330
[2023-07-04T12:02:46.932+0000] {pod_manager.py:187} WARNING - Pod not yet started: detect-images-25uk0330
[2023-07-04T12:02:47.952+0000] {pod_manager.py:187} WARNING - Pod not yet started: detect-images-25uk0330
[2023-07-04T12:02:48.970+0000] {pod_manager.py:187} WARNING - Pod not yet started: detect-images-25uk0330
[2023-07-04T12:02:49.990+0000] {pod_manager.py:187} WARNING - Pod not yet started: detect-images-25uk0330
[2023-07-04T12:02:51.007+0000] {pod_manager.py:187} WARNING - Pod not yet started: detect-images-25uk0330
[2023-07-04T12:02:52.027+0000] {pod_manager.py:187} WARNING - Pod not yet started: detect-images-25uk0330
[2023-07-04T12:02:53.043+0000] {pod_manager.py:187} WARNING - Pod not yet started: detect-images-25uk0330
[2023-07-04T12:02:54.063+0000] {pod_manager.py:187} WARNING - Pod not yet started: detect-images-25uk0330
[2023-07-04T12:02:55.086+0000] {pod_manager.py:187} WARNING - Pod not yet started: detect-images-25uk0330
[2023-07-04T12:02:56.108+0000] {pod_manager.py:187} WARNING - Pod not yet started: detect-images-25uk0330
[2023-07-04T12:02:57.127+0000] {pod_manager.py:187} WARNING - Pod not yet started: detect-images-25uk0330
[2023-07-04T12:02:58.148+0000] {pod_manager.py:187} WARNING - Pod not yet started: detect-images-25uk0330
[2023-07-04T12:02:59.166+0000] {pod_manager.py:187} WARNING - Pod not yet started: detect-images-25uk0330
[2023-07-04T12:03:00.190+0000] {pod_manager.py:187} WARNING - Pod not yet started: detect-images-25uk0330
[2023-07-04T12:03:01.212+0000] {pod_manager.py:187} WARNING - Pod not yet started: detect-images-25uk0330
[2023-07-04T12:03:02.234+0000] {pod_manager.py:187} WARNING - Pod not yet started: detect-images-25uk0330
[2023-07-04T12:03:03.252+0000] {pod_manager.py:187} WARNING - Pod not yet started: detect-images-25uk0330
[2023-07-04T12:03:04.272+0000] {pod_manager.py:187} WARNING - Pod not yet started: detect-images-25uk0330
[2023-07-04T12:03:05.290+0000] {pod_manager.py:187} WARNING - Pod not yet started: detect-images-25uk0330
[2023-07-04T12:03:06.310+0000] {pod_manager.py:187} WARNING - Pod not yet started: detect-images-25uk0330
[2023-07-04T12:03:07.330+0000] {pod_manager.py:187} WARNING - Pod not yet started: detect-images-25uk0330
[2023-07-04T12:03:08.348+0000] {pod_manager.py:187} WARNING - Pod not yet started: detect-images-25uk0330
[2023-07-04T12:03:09.365+0000] {pod_manager.py:187} WARNING - Pod not yet started: detect-images-25uk0330
[2023-07-04T12:03:10.384+0000] {pod_manager.py:187} WARNING - Pod not yet started: detect-images-25uk0330
[2023-07-04T12:03:11.404+0000] {pod_manager.py:187} WARNING - Pod not yet started: detect-images-25uk0330
[2023-07-04T12:03:11.428+0000] {kubernetes_pod.py:688} INFO - Deleting pod: detect-images-25uk0330
[2023-07-04T12:03:11.480+0000] {taskinstance.py:1776} ERROR - Task failed with exception
Traceback (most recent call last):
  File "/home/airflow/.local/lib/python3.8/site-packages/airflow/providers/cncf/kubernetes/operators/kubernetes_pod.py", line 527, in execute_sync
    self.await_pod_start(pod=self.pod)
  File "/home/airflow/.local/lib/python3.8/site-packages/airflow/providers/cncf/kubernetes/operators/kubernetes_pod.py", line 494, in await_pod_start
    self.pod_manager.await_pod_start(pod=pod, startup_timeout=self.startup_timeout_seconds)
  File "/home/airflow/.local/lib/python3.8/site-packages/airflow/providers/cncf/kubernetes/utils/pod_manager.py", line 194, in await_pod_start
    raise PodLaunchFailedException(msg)
airflow.providers.cncf.kubernetes.utils.pod_manager.PodLaunchFailedException: Pod took longer than 120 seconds to start. Check the pod events in kubernetes to determine why.

During handling of the above exception, another exception occurred:

Traceback (most recent call last):
  File "/home/airflow/.local/lib/python3.8/site-packages/airflow/providers/cncf/kubernetes/operators/kubernetes_pod.py", line 516, in execute
    return self.execute_sync(context)
  File "/home/airflow/.local/lib/python3.8/site-packages/airflow/providers/cncf/kubernetes/operators/kubernetes_pod.py", line 545, in execute_sync
    self.cleanup(
  File "/home/airflow/.local/lib/python3.8/site-packages/airflow/providers/cncf/kubernetes/operators/kubernetes_pod.py", line 671, in cleanup
    raise AirflowException(
airflow.exceptions.AirflowException: Pod detect-images-25uk0330 returned a failure:

remote_pod: {'api_version': None,
 'kind': None,
 'metadata': {'annotations': None,
              'cluster_name': None,
              'creation_timestamp': datetime.datetime(2023, 7, 4, 12, 1, 10, tzinfo=tzlocal()),
              'deletion_grace_period_seconds': None,
              'deletion_timestamp': None,
              'finalizers': None,
              'generate_name': None,
              'generation': None,
              'labels': {'***_kpo_in_cluster': 'True',
                         '***_version': '2.5.3',
                         'app': 'my_app',
                         'dag_id': 'yolov5_ml_pipeline',
                         'kubernetes_pod_operator': 'True',
                         'run_id': 'scheduled__2023-07-03T1200000000-78660e965',
                         'task_id': 'detect_images',
                         'try_number': '1'},
              'managed_fields': [{'api_version': 'v1',
                                  'fields_type': 'FieldsV1',
                                  'fields_v1': {'f:metadata': {'f:labels': {'.': {},
                                                                            'f:***_kpo_in_cluster': {},
                                                                            'f:***_version': {},
                                                                            'f:app': {},
                                                                            'f:dag_id': {},
                                                                            'f:kubernetes_pod_operator': {},
                                                                            'f:run_id': {},
                                                                            'f:task_id': {},
                                                                            'f:try_number': {}}},
                                                'f:spec': {'f:affinity': {},
                                                           'f:containers': {'k:{"name":"base"}': {'.': {},
                                                                                                  'f:args': {},
                                                                                                  'f:command': {},
                                                                                                  'f:image': {},
                                                                                                  'f:imagePullPolicy': {},
                                                                                                  'f:name': {},
                                                                                                  'f:resources': {},
                                                                                                  'f:terminationMessagePath': {},
                                                                                                  'f:terminationMessagePolicy': {},
                                                                                                  'f:volumeMounts': {'.': {},
                                                                                                                     'k:{"mountPath":"/data"}': {'.': {},
                                                                                                                                                 'f:mountPath': {},
                                                                                                                                                 'f:name': {}}}}},
                                                           'f:dnsPolicy': {},
                                                           'f:enableServiceLinks': {},
                                                           'f:imagePullSecrets': {'.': {},
                                                                                  'k:{"name":"c2hcred"}': {}},
                                                           'f:restartPolicy': {},
                                                           'f:schedulerName': {},
                                                           'f:securityContext': {},
                                                           'f:terminationGracePeriodSeconds': {},
                                                           'f:volumes': {'.': {},
                                                                         'k:{"name":"data-volume"}': {'.': {},
                                                                                                      'f:name': {},
                                                                                                      'f:persistentVolumeClaim': {'.': {},
                                                                                                                                  'f:claimName': {}}}}}},
                                  'manager': 'OpenAPI-Generator',
                                  'operation': 'Update',
                                  'subresource': None,
                                  'time': datetime.datetime(2023, 7, 4, 12, 1, 10, tzinfo=tzlocal())}],
              'name': 'detect-images-25uk0330',
              'namespace': '***-cluster',
              'owner_references': None,
              'resource_version': '20932234',
              'self_link': None,
              'uid': '7442888e-a8b7-40b7-95c6-3e8e98451e77'},
 'spec': {'active_deadline_seconds': None,
          'affinity': {'node_affinity': None,
                       'pod_affinity': None,
                       'pod_anti_affinity': None},
          'automount_service_account_token': None,
          'containers': [{'args': ['--weights',
                                   'yolov5s.pt',
                                   '--source',
                                   '/data/input/',
                                   '--project',
                                   '/data/output/'],
                          'command': ['python', 'detect.py'],
                          'env': None,
                          'env_from': None,
                          'image': 'ultralytics/yolov5:latest',
                          'image_pull_policy': 'Always',
                          'lifecycle': None,
                          'liveness_probe': None,
                          'name': 'base',
                          'ports': None,
                          'readiness_probe': None,
                          'resources': {'limits': None, 'requests': None},
                          'security_context': None,
                          'startup_probe': None,
                          'stdin': None,
                          'stdin_once': None,
                          'termination_message_path': '/dev/termination-log',
                          'termination_message_policy': 'File',
                          'tty': None,
                          'volume_devices': None,
                          'volume_mounts': [{'mount_path': '/data',
                                             'mount_propagation': None,
                                             'name': 'data-volume',
                                             'read_only': None,
                                             'sub_path': None,
                                             'sub_path_expr': None},
                                            {'mount_path': '/var/run/secrets/kubernetes.io/serviceaccount',
                                             'mount_propagation': None,
                                             'name': 'kube-api-access-v4hpc',
                                             'read_only': True,
                                             'sub_path': None,
                                             'sub_path_expr': None}],
                          'working_dir': None}],
          'dns_config': None,
          'dns_policy': 'ClusterFirst',
          'enable_service_links': True,
          'ephemeral_containers': None,
          'host_aliases': None,
          'host_ipc': None,
          'host_network': None,
          'host_pid': None,
          'hostname': None,
          'image_pull_secrets': [{'name': 'c2hcred'}],
          'init_containers': None,
          'node_name': 'lime',
          'node_selector': None,
          'os': None,
          'overhead': None,
          'preemption_policy': 'PreemptLowerPriority',
          'priority': 0,
          'priority_class_name': None,
          'readiness_gates': None,
          'restart_policy': 'Never',
          'runtime_class_name': None,
          'scheduler_name': 'default-scheduler',
          'security_context': {'fs_group': None,
                               'fs_group_change_policy': None,
                               'run_as_group': None,
                               'run_as_non_root': None,
                               'run_as_user': None,
                               'se_linux_options': None,
                               'seccomp_profile': None,
                               'supplemental_groups': None,
                               'sysctls': None,
                               'windows_options': None},
          'service_account': 'default',
          'service_account_name': 'default',
          'set_hostname_as_fqdn': None,
          'share_process_namespace': None,
          'subdomain': None,
          'termination_grace_period_seconds': 30,
          'tolerations': [{'effect': 'NoExecute',
                           'key': 'node.kubernetes.io/not-ready',
                           'operator': 'Exists',
                           'toleration_seconds': 300,
                           'value': None},
                          {'effect': 'NoExecute',
                           'key': 'node.kubernetes.io/unreachable',
                           'operator': 'Exists',
                           'toleration_seconds': 300,
                           'value': None}],
          'topology_spread_constraints': None,
          'volumes': [{'aws_elastic_block_store': None,
                       'azure_disk': None,
                       'azure_file': None,
                       'cephfs': None,
                       'cinder': None,
                       'config_map': None,
                       'csi': None,
                       'downward_api': None,
                       'empty_dir': None,
                       'ephemeral': None,
                       'fc': None,
                       'flex_volume': None,
                       'flocker': None,
                       'gce_persistent_disk': None,
                       'git_repo': None,
                       'glusterfs': None,
                       'host_path': None,
                       'iscsi': None,
                       'name': 'data-volume',
                       'nfs': None,
                       'persistent_volume_claim': {'claim_name': 'data-pvc',
                                                   'read_only': None},
                       'photon_persistent_disk': None,
                       'portworx_volume': None,
                       'projected': None,
                       'quobyte': None,
                       'rbd': None,
                       'scale_io': None,
                       'secret': None,
                       'storageos': None,
                       'vsphere_volume': None},
                      {'aws_elastic_block_store': None,
                       'azure_disk': None,
                       'azure_file': None,
                       'cephfs': None,
                       'cinder': None,
                       'config_map': None,
                       'csi': None,
                       'downward_api': None,
                       'empty_dir': None,
                       'ephemeral': None,
                       'fc': None,
                       'flex_volume': None,
                       'flocker': None,
                       'gce_persistent_disk': None,
                       'git_repo': None,
                       'glusterfs': None,
                       'host_path': None,
                       'iscsi': None,
                       'name': 'kube-api-access-v4hpc',
                       'nfs': None,
                       'persistent_volume_claim': None,
                       'photon_persistent_disk': None,
                       'portworx_volume': None,
                       'projected': {'default_mode': 420,
                                     'sources': [{'config_map': None,
                                                  'downward_api': None,
                                                  'secret': None,
                                                  'service_account_token': {'audience': None,
                                                                            'expiration_seconds': 3607,
                                                                            'path': 'token'}},
                                                 {'config_map': {'items': [{'key': 'ca.crt',
                                                                            'mode': None,
                                                                            'path': 'ca.crt'}],
                                                                 'name': 'kube-root-ca.crt',
                                                                 'optional': None},
                                                  'downward_api': None,
                                                  'secret': None,
                                                  'service_account_token': None},
                                                 {'config_map': None,
                                                  'downward_api': {'items': [{'field_ref': {'api_version': 'v1',
                                                                                            'field_path': 'metadata.namespace'},
                                                                              'mode': None,
                                                                              'path': 'namespace',
                                                                              'resource_field_ref': None}]},
                                                  'secret': None,
                                                  'service_account_token': None}]},
                       'quobyte': None,
                       'rbd': None,
                       'scale_io': None,
                       'secret': None,
                       'storageos': None,
                       'vsphere_volume': None}]},
 'status': {'conditions': [{'last_probe_time': None,
                            'last_transition_time': datetime.datetime(2023, 7, 4, 12, 1, 10, tzinfo=tzlocal()),
                            'message': None,
                            'reason': None,
                            'status': 'True',
                            'type': 'PodScheduled'}],
            'container_statuses': None,
            'ephemeral_container_statuses': None,
            'host_ip': None,
            'init_container_statuses': None,
            'message': None,
            'nominated_node_name': None,
            'phase': 'Pending',
            'pod_i_ps': None,
            'pod_ip': None,
            'qos_class': 'BestEffort',
            'reason': None,
            'start_time': None}}
[2023-07-04T12:03:11.486+0000] {taskinstance.py:1327} INFO - Marking task as FAILED. dag_id=yolov5_ml_pipeline, task_id=detect_images, execution_date=20230703T120000, start_date=20230704T120108, end_date=20230704T120311
[2023-07-04T12:03:11.486+0000] {logging_mixin.py:137} INFO - Task failed. sleeping for 2minutes
[2023-07-04T12:05:11.609+0000] {standard_task_runner.py:100} ERROR - Failed to execute job 291 for task detect_images (Pod detect-images-25uk0330 returned a failure:

remote_pod: {'api_version': None,
 'kind': None,
 'metadata': {'annotations': None,
              'cluster_name': None,
              'creation_timestamp': datetime.datetime(2023, 7, 4, 12, 1, 10, tzinfo=tzlocal()),
              'deletion_grace_period_seconds': None,
              'deletion_timestamp': None,
              'finalizers': None,
              'generate_name': None,
              'generation': None,
              'labels': {'***_kpo_in_cluster': 'True',
                         '***_version': '2.5.3',
                         'app': 'my_app',
                         'dag_id': 'yolov5_ml_pipeline',
                         'kubernetes_pod_operator': 'True',
                         'run_id': 'scheduled__2023-07-03T1200000000-78660e965',
                         'task_id': 'detect_images',
                         'try_number': '1'},
              'managed_fields': [{'api_version': 'v1',
                                  'fields_type': 'FieldsV1',
                                  'fields_v1': {'f:metadata': {'f:labels': {'.': {},
                                                                            'f:***_kpo_in_cluster': {},
                                                                            'f:***_version': {},
                                                                            'f:app': {},
                                                                            'f:dag_id': {},
                                                                            'f:kubernetes_pod_operator': {},
                                                                            'f:run_id': {},
                                                                            'f:task_id': {},
                                                                            'f:try_number': {}}},
                                                'f:spec': {'f:affinity': {},
                                                           'f:containers': {'k:{"name":"base"}': {'.': {},
                                                                                                  'f:args': {},
                                                                                                  'f:command': {},
                                                                                                  'f:image': {},
                                                                                                  'f:imagePullPolicy': {},
                                                                                                  'f:name': {},
                                                                                                  'f:resources': {},
                                                                                                  'f:terminationMessagePath': {},
                                                                                                  'f:terminationMessagePolicy': {},
                                                                                                  'f:volumeMounts': {'.': {},
                                                                                                                     'k:{"mountPath":"/data"}': {'.': {},
                                                                                                                                                 'f:mountPath': {},
                                                                                                                                                 'f:name': {}}}}},
                                                           'f:dnsPolicy': {},
                                                           'f:enableServiceLinks': {},
                                                           'f:imagePullSecrets': {'.': {},
                                                                                  'k:{"name":"c2hcred"}': {}},
                                                           'f:restartPolicy': {},
                                                           'f:schedulerName': {},
                                                           'f:securityContext': {},
                                                           'f:terminationGracePeriodSeconds': {},
                                                           'f:volumes': {'.': {},
                                                                         'k:{"name":"data-volume"}': {'.': {},
                                                                                                      'f:name': {},
                                                                                                      'f:persistentVolumeClaim': {'.': {},
                                                                                                                                  'f:claimName': {}}}}}},
                                  'manager': 'OpenAPI-Generator',
                                  'operation': 'Update',
                                  'subresource': None,
                                  'time': datetime.datetime(2023, 7, 4, 12, 1, 10, tzinfo=tzlocal())}],
              'name': 'detect-images-25uk0330',
              'namespace': '***-cluster',
              'owner_references': None,
              'resource_version': '20932234',
              'self_link': None,
              'uid': '7442888e-a8b7-40b7-95c6-3e8e98451e77'},
 'spec': {'active_deadline_seconds': None,
          'affinity': {'node_affinity': None,
                       'pod_affinity': None,
                       'pod_anti_affinity': None},
          'automount_service_account_token': None,
          'containers': [{'args': ['--weights',
                                   'yolov5s.pt',
                                   '--source',
                                   '/data/input/',
                                   '--project',
                                   '/data/output/'],
                          'command': ['python', 'detect.py'],
                          'env': None,
                          'env_from': None,
                          'image': 'ultralytics/yolov5:latest',
                          'image_pull_policy': 'Always',
                          'lifecycle': None,
                          'liveness_probe': None,
                          'name': 'base',
                          'ports': None,
                          'readiness_probe': None,
                          'resources': {'limits': None, 'requests': None},
                          'security_context': None,
                          'startup_probe': None,
                          'stdin': None,
                          'stdin_once': None,
                          'termination_message_path': '/dev/termination-log',
                          'termination_message_policy': 'File',
                          'tty': None,
                          'volume_devices': None,
                          'volume_mounts': [{'mount_path': '/data',
                                             'mount_propagation': None,
                                             'name': 'data-volume',
                                             'read_only': None,
                                             'sub_path': None,
                                             'sub_path_expr': None},
                                            {'mount_path': '/var/run/secrets/kubernetes.io/serviceaccount',
                                             'mount_propagation': None,
                                             'name': 'kube-api-access-v4hpc',
                                             'read_only': True,
                                             'sub_path': None,
                                             'sub_path_expr': None}],
                          'working_dir': None}],
          'dns_config': None,
          'dns_policy': 'ClusterFirst',
          'enable_service_links': True,
          'ephemeral_containers': None,
          'host_aliases': None,
          'host_ipc': None,
          'host_network': None,
          'host_pid': None,
          'hostname': None,
          'image_pull_secrets': [{'name': 'c2hcred'}],
          'init_containers': None,
          'node_name': 'lime',
          'node_selector': None,
          'os': None,
          'overhead': None,
          'preemption_policy': 'PreemptLowerPriority',
          'priority': 0,
          'priority_class_name': None,
          'readiness_gates': None,
          'restart_policy': 'Never',
          'runtime_class_name': None,
          'scheduler_name': 'default-scheduler',
          'security_context': {'fs_group': None,
                               'fs_group_change_policy': None,
                               'run_as_group': None,
                               'run_as_non_root': None,
                               'run_as_user': None,
                               'se_linux_options': None,
                               'seccomp_profile': None,
                               'supplemental_groups': None,
                               'sysctls': None,
                               'windows_options': None},
          'service_account': 'default',
          'service_account_name': 'default',
          'set_hostname_as_fqdn': None,
          'share_process_namespace': None,
          'subdomain': None,
          'termination_grace_period_seconds': 30,
          'tolerations': [{'effect': 'NoExecute',
                           'key': 'node.kubernetes.io/not-ready',
                           'operator': 'Exists',
                           'toleration_seconds': 300,
                           'value': None},
                          {'effect': 'NoExecute',
                           'key': 'node.kubernetes.io/unreachable',
                           'operator': 'Exists',
                           'toleration_seconds': 300,
                           'value': None}],
          'topology_spread_constraints': None,
          'volumes': [{'aws_elastic_block_store': None,
                       'azure_disk': None,
                       'azure_file': None,
                       'cephfs': None,
                       'cinder': None,
                       'config_map': None,
                       'csi': None,
                       'downward_api': None,
                       'empty_dir': None,
                       'ephemeral': None,
                       'fc': None,
                       'flex_volume': None,
                       'flocker': None,
                       'gce_persistent_disk': None,
                       'git_repo': None,
                       'glusterfs': None,
                       'host_path': None,
                       'iscsi': None,
                       'name': 'data-volume',
                       'nfs': None,
                       'persistent_volume_claim': {'claim_name': 'data-pvc',
                                                   'read_only': None},
                       'photon_persistent_disk': None,
                       'portworx_volume': None,
                       'projected': None,
                       'quobyte': None,
                       'rbd': None,
                       'scale_io': None,
                       'secret': None,
                       'storageos': None,
                       'vsphere_volume': None},
                      {'aws_elastic_block_store': None,
                       'azure_disk': None,
                       'azure_file': None,
                       'cephfs': None,
                       'cinder': None,
                       'config_map': None,
                       'csi': None,
                       'downward_api': None,
                       'empty_dir': None,
                       'ephemeral': None,
                       'fc': None,
                       'flex_volume': None,
                       'flocker': None,
                       'gce_persistent_disk': None,
                       'git_repo': None,
                       'glusterfs': None,
                       'host_path': None,
                       'iscsi': None,
                       'name': 'kube-api-access-v4hpc',
                       'nfs': None,
                       'persistent_volume_claim': None,
                       'photon_persistent_disk': None,
                       'portworx_volume': None,
                       'projected': {'default_mode': 420,
                                     'sources': [{'config_map': None,
                                                  'downward_api': None,
                                                  'secret': None,
                                                  'service_account_token': {'audience': None,
                                                                            'expiration_seconds': 3607,
                                                                            'path': 'token'}},
                                                 {'config_map': {'items': [{'key': 'ca.crt',
                                                                            'mode': None,
                                                                            'path': 'ca.crt'}],
                                                                 'name': 'kube-root-ca.crt',
                                                                 'optional': None},
                                                  'downward_api': None,
                                                  'secret': None,
                                                  'service_account_token': None},
                                                 {'config_map': None,
                                                  'downward_api': {'items': [{'field_ref': {'api_version': 'v1',
                                                                                            'field_path': 'metadata.namespace'},
                                                                              'mode': None,
                                                                              'path': 'namespace',
                                                                              'resource_field_ref': None}]},
                                                  'secret': None,
                                                  'service_account_token': None}]},
                       'quobyte': None,
                       'rbd': None,
                       'scale_io': None,
                       'secret': None,
                       'storageos': None,
                       'vsphere_volume': None}]},
 'status': {'conditions': [{'last_probe_time': None,
                            'last_transition_time': datetime.datetime(2023, 7, 4, 12, 1, 10, tzinfo=tzlocal()),
                            'message': None,
                            'reason': None,
                            'status': 'True',
                            'type': 'PodScheduled'}],
            'container_statuses': None,
            'ephemeral_container_statuses': None,
            'host_ip': None,
            'init_container_statuses': None,
            'message': None,
            'nominated_node_name': None,
            'phase': 'Pending',
            'pod_i_ps': None,
            'pod_ip': None,
            'qos_class': 'BestEffort',
            'reason': None,
            'start_time': None}}; 162)
[2023-07-04T12:05:11.658+0000] {local_task_job.py:212} INFO - Task exited with return code 1
[2023-07-04T12:05:11.707+0000] {taskinstance.py:2596} INFO - 0 downstream tasks scheduled from follow-on schedule check
