[2023-06-20T02:06:15.189+0000] {taskinstance.py:1090} INFO - Dependencies all met for dep_context=non-requeueable deps ti=<TaskInstance: sample_dag.print_date manual__2023-06-19T05:39:58.893882+00:00 [queued]>
[2023-06-20T02:06:15.197+0000] {taskinstance.py:1090} INFO - Dependencies all met for dep_context=requeueable deps ti=<TaskInstance: sample_dag.print_date manual__2023-06-19T05:39:58.893882+00:00 [queued]>
[2023-06-20T02:06:15.197+0000] {taskinstance.py:1288} INFO - 
--------------------------------------------------------------------------------
[2023-06-20T02:06:15.197+0000] {taskinstance.py:1289} INFO - Starting attempt 2 of 2
[2023-06-20T02:06:15.197+0000] {taskinstance.py:1290} INFO - 
--------------------------------------------------------------------------------
[2023-06-20T02:06:15.215+0000] {taskinstance.py:1309} INFO - Executing <Task(BashOperator): print_date> on 2023-06-19 05:39:58.893882+00:00
[2023-06-20T02:06:15.219+0000] {standard_task_runner.py:55} INFO - Started process 106 to run task
[2023-06-20T02:06:15.221+0000] {standard_task_runner.py:82} INFO - Running: ['***', 'tasks', 'run', 'sample_dag', 'print_date', 'manual__2023-06-19T05:39:58.893882+00:00', '--job-id', '60', '--raw', '--subdir', 'DAGS_FOLDER/test_dag.py', '--cfg-path', '/tmp/tmpxq_wpbdy']
[2023-06-20T02:06:15.222+0000] {standard_task_runner.py:83} INFO - Job 60: Subtask print_date
[2023-06-20T02:06:15.739+0000] {task_command.py:389} INFO - Running <TaskInstance: sample_dag.print_date manual__2023-06-19T05:39:58.893882+00:00 [running]> on host sample-dag-print-date-b175bb7197dd47a8880ce5aba9e3e7c9
[2023-06-20T02:06:16.522+0000] {logging_mixin.py:137} WARNING - /home/***/.local/lib/python3.8/site-packages/***/kubernetes/kube_config.py:58 DeprecationWarning: The namespace option in [kubernetes] has been moved to the namespace option in [kubernetes_executor] - the old setting has been used, but please update your config.
[2023-06-20T02:06:16.524+0000] {logging_mixin.py:137} WARNING - /home/***/.local/lib/python3.8/site-packages/***/kubernetes/kube_config.py:64 DeprecationWarning: The namespace option in [kubernetes] has been moved to the namespace option in [kubernetes_executor] - the old setting has been used, but please update your config.
[2023-06-20T02:06:16.525+0000] {pod_generator.py:424} WARNING - Model file /opt/***/pod_templates/pod_template.yaml does not exist
[2023-06-20T02:06:16.583+0000] {taskinstance.py:1516} INFO - Exporting the following env vars:
AIRFLOW_CTX_DAG_OWNER=***
AIRFLOW_CTX_DAG_ID=sample_dag
AIRFLOW_CTX_TASK_ID=print_date
AIRFLOW_CTX_EXECUTION_DATE=2023-06-19T05:39:58.893882+00:00
AIRFLOW_CTX_TRY_NUMBER=2
AIRFLOW_CTX_DAG_RUN_ID=manual__2023-06-19T05:39:58.893882+00:00
[2023-06-20T02:06:16.584+0000] {subprocess.py:63} INFO - Tmp dir root location: 
 /tmp
[2023-06-20T02:06:16.584+0000] {subprocess.py:75} INFO - Running command: ['/bin/bash', '-c', 'date']
[2023-06-20T02:06:16.604+0000] {subprocess.py:86} INFO - Output:
[2023-06-20T02:06:16.605+0000] {subprocess.py:93} INFO - Tue Jun 20 02:06:16 UTC 2023
[2023-06-20T02:06:16.606+0000] {subprocess.py:97} INFO - Command exited with return code 0
[2023-06-20T02:06:16.640+0000] {taskinstance.py:1327} INFO - Marking task as SUCCESS. dag_id=sample_dag, task_id=print_date, execution_date=20230619T053958, start_date=20230620T020615, end_date=20230620T020616
[2023-06-20T02:06:16.686+0000] {local_task_job.py:212} INFO - Task exited with return code 0
[2023-06-20T02:06:16.709+0000] {taskinstance.py:2596} INFO - 1 downstream tasks scheduled from follow-on schedule check
