[2023-06-26T03:10:36.909+0000] {taskinstance.py:1090} INFO - Dependencies all met for dep_context=non-requeueable deps ti=<TaskInstance: sample_dag.print_date scheduled__2023-06-25T00:00:00+00:00 [queued]>
[2023-06-26T03:10:36.915+0000] {taskinstance.py:1090} INFO - Dependencies all met for dep_context=requeueable deps ti=<TaskInstance: sample_dag.print_date scheduled__2023-06-25T00:00:00+00:00 [queued]>
[2023-06-26T03:10:36.915+0000] {taskinstance.py:1288} INFO - 
--------------------------------------------------------------------------------
[2023-06-26T03:10:36.915+0000] {taskinstance.py:1289} INFO - Starting attempt 1 of 2
[2023-06-26T03:10:36.915+0000] {taskinstance.py:1290} INFO - 
--------------------------------------------------------------------------------
[2023-06-26T03:10:36.926+0000] {taskinstance.py:1309} INFO - Executing <Task(BashOperator): print_date> on 2023-06-25 00:00:00+00:00
[2023-06-26T03:10:36.928+0000] {standard_task_runner.py:55} INFO - Started process 106 to run task
[2023-06-26T03:10:36.931+0000] {standard_task_runner.py:82} INFO - Running: ['***', 'tasks', 'run', 'sample_dag', 'print_date', 'scheduled__2023-06-25T00:00:00+00:00', '--job-id', '237', '--raw', '--subdir', 'DAGS_FOLDER/test_dag.py', '--cfg-path', '/tmp/tmpahy69wg3']
[2023-06-26T03:10:36.933+0000] {standard_task_runner.py:83} INFO - Job 237: Subtask print_date
[2023-06-26T03:10:37.499+0000] {task_command.py:389} INFO - Running <TaskInstance: sample_dag.print_date scheduled__2023-06-25T00:00:00+00:00 [running]> on host sample-dag-print-date-07b65a3db1914a719abc9eb6d2876eb4
[2023-06-26T03:10:38.290+0000] {logging_mixin.py:137} WARNING - /home/***/.local/lib/python3.8/site-packages/***/kubernetes/kube_config.py:58 DeprecationWarning: The namespace option in [kubernetes] has been moved to the namespace option in [kubernetes_executor] - the old setting has been used, but please update your config.
[2023-06-26T03:10:38.291+0000] {logging_mixin.py:137} WARNING - /home/***/.local/lib/python3.8/site-packages/***/kubernetes/kube_config.py:64 DeprecationWarning: The namespace option in [kubernetes] has been moved to the namespace option in [kubernetes_executor] - the old setting has been used, but please update your config.
[2023-06-26T03:10:38.292+0000] {pod_generator.py:424} WARNING - Model file /opt/***/pod_templates/pod_template.yaml does not exist
[2023-06-26T03:10:38.340+0000] {taskinstance.py:1516} INFO - Exporting the following env vars:
AIRFLOW_CTX_DAG_OWNER=***
AIRFLOW_CTX_DAG_ID=sample_dag
AIRFLOW_CTX_TASK_ID=print_date
AIRFLOW_CTX_EXECUTION_DATE=2023-06-25T00:00:00+00:00
AIRFLOW_CTX_TRY_NUMBER=1
AIRFLOW_CTX_DAG_RUN_ID=scheduled__2023-06-25T00:00:00+00:00
[2023-06-26T03:10:38.341+0000] {subprocess.py:63} INFO - Tmp dir root location: 
 /tmp
[2023-06-26T03:10:38.342+0000] {subprocess.py:75} INFO - Running command: ['/bin/bash', '-c', 'date']
[2023-06-26T03:10:38.356+0000] {subprocess.py:86} INFO - Output:
[2023-06-26T03:10:38.359+0000] {subprocess.py:93} INFO - Mon Jun 26 03:10:38 UTC 2023
[2023-06-26T03:10:38.359+0000] {subprocess.py:97} INFO - Command exited with return code 0
[2023-06-26T03:10:38.387+0000] {taskinstance.py:1327} INFO - Marking task as SUCCESS. dag_id=sample_dag, task_id=print_date, execution_date=20230625T000000, start_date=20230626T031036, end_date=20230626T031038
[2023-06-26T03:10:38.426+0000] {local_task_job.py:212} INFO - Task exited with return code 0
[2023-06-26T03:10:38.447+0000] {taskinstance.py:2596} INFO - 1 downstream tasks scheduled from follow-on schedule check
