[2023-06-26T03:04:55.276+0000] {taskinstance.py:1090} INFO - Dependencies all met for dep_context=non-requeueable deps ti=<TaskInstance: sample_dag.print_date scheduled__2023-06-21T00:00:00+00:00 [queued]>
[2023-06-26T03:04:55.283+0000] {taskinstance.py:1090} INFO - Dependencies all met for dep_context=requeueable deps ti=<TaskInstance: sample_dag.print_date scheduled__2023-06-21T00:00:00+00:00 [queued]>
[2023-06-26T03:04:55.283+0000] {taskinstance.py:1288} INFO - 
--------------------------------------------------------------------------------
[2023-06-26T03:04:55.283+0000] {taskinstance.py:1289} INFO - Starting attempt 1 of 2
[2023-06-26T03:04:55.283+0000] {taskinstance.py:1290} INFO - 
--------------------------------------------------------------------------------
[2023-06-26T03:04:55.295+0000] {taskinstance.py:1309} INFO - Executing <Task(BashOperator): print_date> on 2023-06-21 00:00:00+00:00
[2023-06-26T03:04:55.297+0000] {standard_task_runner.py:55} INFO - Started process 106 to run task
[2023-06-26T03:04:55.299+0000] {standard_task_runner.py:82} INFO - Running: ['***', 'tasks', 'run', 'sample_dag', 'print_date', 'scheduled__2023-06-21T00:00:00+00:00', '--job-id', '229', '--raw', '--subdir', 'DAGS_FOLDER/test_dag.py', '--cfg-path', '/tmp/tmp53_afwfi']
[2023-06-26T03:04:55.300+0000] {standard_task_runner.py:83} INFO - Job 229: Subtask print_date
[2023-06-26T03:04:55.871+0000] {task_command.py:389} INFO - Running <TaskInstance: sample_dag.print_date scheduled__2023-06-21T00:00:00+00:00 [running]> on host sample-dag-print-date-9e23dd8e04724ce1b467eeea1474b3dc
[2023-06-26T03:04:56.714+0000] {logging_mixin.py:137} WARNING - /home/***/.local/lib/python3.8/site-packages/***/kubernetes/kube_config.py:58 DeprecationWarning: The namespace option in [kubernetes] has been moved to the namespace option in [kubernetes_executor] - the old setting has been used, but please update your config.
[2023-06-26T03:04:56.715+0000] {logging_mixin.py:137} WARNING - /home/***/.local/lib/python3.8/site-packages/***/kubernetes/kube_config.py:64 DeprecationWarning: The namespace option in [kubernetes] has been moved to the namespace option in [kubernetes_executor] - the old setting has been used, but please update your config.
[2023-06-26T03:04:56.716+0000] {pod_generator.py:424} WARNING - Model file /opt/***/pod_templates/pod_template.yaml does not exist
[2023-06-26T03:04:56.754+0000] {taskinstance.py:1516} INFO - Exporting the following env vars:
AIRFLOW_CTX_DAG_OWNER=***
AIRFLOW_CTX_DAG_ID=sample_dag
AIRFLOW_CTX_TASK_ID=print_date
AIRFLOW_CTX_EXECUTION_DATE=2023-06-21T00:00:00+00:00
AIRFLOW_CTX_TRY_NUMBER=1
AIRFLOW_CTX_DAG_RUN_ID=scheduled__2023-06-21T00:00:00+00:00
[2023-06-26T03:04:56.754+0000] {subprocess.py:63} INFO - Tmp dir root location: 
 /tmp
[2023-06-26T03:04:56.755+0000] {subprocess.py:75} INFO - Running command: ['/bin/bash', '-c', 'date']
[2023-06-26T03:04:56.767+0000] {subprocess.py:86} INFO - Output:
[2023-06-26T03:04:56.770+0000] {subprocess.py:93} INFO - Mon Jun 26 03:04:56 UTC 2023
[2023-06-26T03:04:56.770+0000] {subprocess.py:97} INFO - Command exited with return code 0
[2023-06-26T03:04:56.798+0000] {taskinstance.py:1327} INFO - Marking task as SUCCESS. dag_id=sample_dag, task_id=print_date, execution_date=20230621T000000, start_date=20230626T030455, end_date=20230626T030456
[2023-06-26T03:04:56.838+0000] {local_task_job.py:212} INFO - Task exited with return code 0
[2023-06-26T03:04:56.861+0000] {taskinstance.py:2596} INFO - 1 downstream tasks scheduled from follow-on schedule check
