[2023-06-20T06:59:28.889+0000] {taskinstance.py:1090} INFO - Dependencies all met for dep_context=non-requeueable deps ti=<TaskInstance: hello_world.hello_task manual__2023-06-20T06:58:51.653351+00:00 [queued]>
[2023-06-20T06:59:28.898+0000] {taskinstance.py:1090} INFO - Dependencies all met for dep_context=requeueable deps ti=<TaskInstance: hello_world.hello_task manual__2023-06-20T06:58:51.653351+00:00 [queued]>
[2023-06-20T06:59:28.898+0000] {taskinstance.py:1288} INFO - 
--------------------------------------------------------------------------------
[2023-06-20T06:59:28.898+0000] {taskinstance.py:1289} INFO - Starting attempt 1 of 1
[2023-06-20T06:59:28.898+0000] {taskinstance.py:1290} INFO - 
--------------------------------------------------------------------------------
[2023-06-20T06:59:28.922+0000] {taskinstance.py:1309} INFO - Executing <Task(PythonOperator): hello_task> on 2023-06-20 06:58:51.653351+00:00
[2023-06-20T06:59:28.926+0000] {standard_task_runner.py:55} INFO - Started process 106 to run task
[2023-06-20T06:59:28.932+0000] {standard_task_runner.py:82} INFO - Running: ['***', 'tasks', 'run', 'hello_world', 'hello_task', 'manual__2023-06-20T06:58:51.653351+00:00', '--job-id', '201', '--raw', '--subdir', 'DAGS_FOLDER/test.py', '--cfg-path', '/tmp/tmpz2xh6hod']
[2023-06-20T06:59:28.934+0000] {standard_task_runner.py:83} INFO - Job 201: Subtask hello_task
[2023-06-20T06:59:29.533+0000] {task_command.py:389} INFO - Running <TaskInstance: hello_world.hello_task manual__2023-06-20T06:58:51.653351+00:00 [running]> on host hello-world-hello-task-ca424ad2300844ab898e9e82e727f764
[2023-06-20T06:59:30.231+0000] {logging_mixin.py:137} WARNING - /home/***/.local/lib/python3.8/site-packages/***/kubernetes/kube_config.py:58 DeprecationWarning: The namespace option in [kubernetes] has been moved to the namespace option in [kubernetes_executor] - the old setting has been used, but please update your config.
[2023-06-20T06:59:30.232+0000] {logging_mixin.py:137} WARNING - /home/***/.local/lib/python3.8/site-packages/***/kubernetes/kube_config.py:64 DeprecationWarning: The namespace option in [kubernetes] has been moved to the namespace option in [kubernetes_executor] - the old setting has been used, but please update your config.
[2023-06-20T06:59:30.233+0000] {pod_generator.py:424} WARNING - Model file /opt/***/pod_templates/pod_template.yaml does not exist
[2023-06-20T06:59:30.279+0000] {taskinstance.py:1516} INFO - Exporting the following env vars:
AIRFLOW_CTX_DAG_OWNER=***
AIRFLOW_CTX_DAG_ID=hello_world
AIRFLOW_CTX_TASK_ID=hello_task
AIRFLOW_CTX_EXECUTION_DATE=2023-06-20T06:58:51.653351+00:00
AIRFLOW_CTX_TRY_NUMBER=1
AIRFLOW_CTX_DAG_RUN_ID=manual__2023-06-20T06:58:51.653351+00:00
[2023-06-20T06:59:30.279+0000] {logging_mixin.py:137} INFO - 
Hello World
[2023-06-20T07:01:30.377+0000] {python.py:177} INFO - Done. Returned value was: None
[2023-06-20T07:01:30.388+0000] {taskinstance.py:1327} INFO - Marking task as SUCCESS. dag_id=hello_world, task_id=hello_task, execution_date=20230620T065851, start_date=20230620T065928, end_date=20230620T070130
[2023-06-20T07:01:30.419+0000] {local_task_job.py:212} INFO - Task exited with return code 0
[2023-06-20T07:01:30.437+0000] {taskinstance.py:2596} INFO - 0 downstream tasks scheduled from follow-on schedule check
