[2023-06-20T03:30:43.324+0000] {taskinstance.py:1090} INFO - Dependencies all met for dep_context=non-requeueable deps ti=<TaskInstance: sample_dag.print_date scheduled__2023-06-03T00:00:00+00:00 [queued]>
[2023-06-20T03:30:43.331+0000] {taskinstance.py:1090} INFO - Dependencies all met for dep_context=requeueable deps ti=<TaskInstance: sample_dag.print_date scheduled__2023-06-03T00:00:00+00:00 [queued]>
[2023-06-20T03:30:43.331+0000] {taskinstance.py:1288} INFO - 
--------------------------------------------------------------------------------
[2023-06-20T03:30:43.331+0000] {taskinstance.py:1289} INFO - Starting attempt 1 of 2
[2023-06-20T03:30:43.332+0000] {taskinstance.py:1290} INFO - 
--------------------------------------------------------------------------------
[2023-06-20T03:30:43.342+0000] {taskinstance.py:1309} INFO - Executing <Task(BashOperator): print_date> on 2023-06-03 00:00:00+00:00
[2023-06-20T03:30:43.344+0000] {standard_task_runner.py:55} INFO - Started process 106 to run task
[2023-06-20T03:30:43.346+0000] {standard_task_runner.py:82} INFO - Running: ['***', 'tasks', 'run', 'sample_dag', 'print_date', 'scheduled__2023-06-03T00:00:00+00:00', '--job-id', '164', '--raw', '--subdir', 'DAGS_FOLDER/test_dag.py', '--cfg-path', '/tmp/tmprtds8li7']
[2023-06-20T03:30:43.347+0000] {standard_task_runner.py:83} INFO - Job 164: Subtask print_date
[2023-06-20T03:30:43.978+0000] {task_command.py:389} INFO - Running <TaskInstance: sample_dag.print_date scheduled__2023-06-03T00:00:00+00:00 [running]> on host sample-dag-print-date-8d6e8ee370b44d2ba2f5f611bf755804
[2023-06-20T03:30:44.821+0000] {logging_mixin.py:137} WARNING - /home/***/.local/lib/python3.8/site-packages/***/kubernetes/kube_config.py:58 DeprecationWarning: The namespace option in [kubernetes] has been moved to the namespace option in [kubernetes_executor] - the old setting has been used, but please update your config.
[2023-06-20T03:30:44.822+0000] {logging_mixin.py:137} WARNING - /home/***/.local/lib/python3.8/site-packages/***/kubernetes/kube_config.py:64 DeprecationWarning: The namespace option in [kubernetes] has been moved to the namespace option in [kubernetes_executor] - the old setting has been used, but please update your config.
[2023-06-20T03:30:44.823+0000] {pod_generator.py:424} WARNING - Model file /opt/***/pod_templates/pod_template.yaml does not exist
[2023-06-20T03:30:44.865+0000] {taskinstance.py:1516} INFO - Exporting the following env vars:
AIRFLOW_CTX_DAG_OWNER=***
AIRFLOW_CTX_DAG_ID=sample_dag
AIRFLOW_CTX_TASK_ID=print_date
AIRFLOW_CTX_EXECUTION_DATE=2023-06-03T00:00:00+00:00
AIRFLOW_CTX_TRY_NUMBER=1
AIRFLOW_CTX_DAG_RUN_ID=scheduled__2023-06-03T00:00:00+00:00
[2023-06-20T03:30:44.866+0000] {subprocess.py:63} INFO - Tmp dir root location: 
 /tmp
[2023-06-20T03:30:44.866+0000] {subprocess.py:75} INFO - Running command: ['/bin/bash', '-c', 'date']
[2023-06-20T03:30:44.878+0000] {subprocess.py:86} INFO - Output:
[2023-06-20T03:30:44.880+0000] {subprocess.py:93} INFO - Tue Jun 20 03:30:44 UTC 2023
[2023-06-20T03:30:44.880+0000] {subprocess.py:97} INFO - Command exited with return code 0
[2023-06-20T03:30:44.907+0000] {taskinstance.py:1327} INFO - Marking task as SUCCESS. dag_id=sample_dag, task_id=print_date, execution_date=20230603T000000, start_date=20230620T033043, end_date=20230620T033044
[2023-06-20T03:30:44.962+0000] {local_task_job.py:212} INFO - Task exited with return code 0
[2023-06-20T03:30:45.038+0000] {taskinstance.py:2596} INFO - 1 downstream tasks scheduled from follow-on schedule check
