[2023-06-23T12:00:39.243+0000] {taskinstance.py:1090} INFO - Dependencies all met for dep_context=non-requeueable deps ti=<TaskInstance: text_hello.hello_task scheduled__2023-06-22T12:00:00+00:00 [queued]>
[2023-06-23T12:00:39.254+0000] {taskinstance.py:1090} INFO - Dependencies all met for dep_context=requeueable deps ti=<TaskInstance: text_hello.hello_task scheduled__2023-06-22T12:00:00+00:00 [queued]>
[2023-06-23T12:00:39.254+0000] {taskinstance.py:1288} INFO - 
--------------------------------------------------------------------------------
[2023-06-23T12:00:39.254+0000] {taskinstance.py:1289} INFO - Starting attempt 1 of 1
[2023-06-23T12:00:39.254+0000] {taskinstance.py:1290} INFO - 
--------------------------------------------------------------------------------
[2023-06-23T12:00:39.271+0000] {taskinstance.py:1309} INFO - Executing <Task(KubernetesPodOperator): hello_task> on 2023-06-22 12:00:00+00:00
[2023-06-23T12:00:39.274+0000] {standard_task_runner.py:55} INFO - Started process 106 to run task
[2023-06-23T12:00:39.277+0000] {standard_task_runner.py:82} INFO - Running: ['***', 'tasks', 'run', 'text_hello', 'hello_task', 'scheduled__2023-06-22T12:00:00+00:00', '--job-id', '220', '--raw', '--subdir', 'DAGS_FOLDER/kubernetesExecutor_sample.py', '--cfg-path', '/tmp/tmp4mdghhww']
[2023-06-23T12:00:39.278+0000] {standard_task_runner.py:83} INFO - Job 220: Subtask hello_task
[2023-06-23T12:00:39.836+0000] {task_command.py:389} INFO - Running <TaskInstance: text_hello.hello_task scheduled__2023-06-22T12:00:00+00:00 [running]> on host text-hello-hello-task-356d73ec38404cf0bd5bd67af4bb9795
[2023-06-23T12:00:40.666+0000] {logging_mixin.py:137} WARNING - /home/***/.local/lib/python3.8/site-packages/***/kubernetes/kube_config.py:58 DeprecationWarning: The namespace option in [kubernetes] has been moved to the namespace option in [kubernetes_executor] - the old setting has been used, but please update your config.
[2023-06-23T12:00:40.667+0000] {logging_mixin.py:137} WARNING - /home/***/.local/lib/python3.8/site-packages/***/kubernetes/kube_config.py:64 DeprecationWarning: The namespace option in [kubernetes] has been moved to the namespace option in [kubernetes_executor] - the old setting has been used, but please update your config.
[2023-06-23T12:00:40.668+0000] {pod_generator.py:424} WARNING - Model file /opt/***/pod_templates/pod_template.yaml does not exist
[2023-06-23T12:00:40.716+0000] {taskinstance.py:1516} INFO - Exporting the following env vars:
AIRFLOW_CTX_DAG_OWNER=***
AIRFLOW_CTX_DAG_ID=text_hello
AIRFLOW_CTX_TASK_ID=hello_task
AIRFLOW_CTX_EXECUTION_DATE=2023-06-22T12:00:00+00:00
AIRFLOW_CTX_TRY_NUMBER=1
AIRFLOW_CTX_DAG_RUN_ID=scheduled__2023-06-22T12:00:00+00:00
[2023-06-23T12:00:40.719+0000] {kubernetes_pod.py:815} INFO - Building pod text-hello-pod-zscc1lvx with labels: {'dag_id': 'text_hello', 'task_id': 'hello_task', 'run_id': 'scheduled__2023-06-22T1200000000-6960d6ee6', 'kubernetes_pod_operator': 'True', 'try_number': '1'}
[2023-06-23T12:00:40.775+0000] {kubernetes_pod.py:476} INFO - Found matching pod text-hello-pod-zscc1lvx with labels {'airflow_kpo_in_cluster': 'True', 'airflow_version': '2.5.3', 'dag_id': 'text_hello', 'kubernetes_pod_operator': 'True', 'run_id': 'scheduled__2023-06-22T1200000000-6960d6ee6', 'task_id': 'hello_task', 'try_number': '1'}
[2023-06-23T12:00:40.776+0000] {kubernetes_pod.py:477} INFO - `try_number` of task_instance: 1
[2023-06-23T12:00:40.776+0000] {kubernetes_pod.py:478} INFO - `try_number` of pod: 1
[2023-06-23T12:00:40.784+0000] {pod_manager.py:187} WARNING - Pod not yet started: text-hello-pod-zscc1lvx
[2023-06-23T12:00:41.809+0000] {pod_manager.py:187} WARNING - Pod not yet started: text-hello-pod-zscc1lvx
[2023-06-23T12:00:42.826+0000] {pod_manager.py:187} WARNING - Pod not yet started: text-hello-pod-zscc1lvx
[2023-06-23T12:00:43.844+0000] {pod_manager.py:187} WARNING - Pod not yet started: text-hello-pod-zscc1lvx
[2023-06-23T12:00:44.857+0000] {pod_manager.py:187} WARNING - Pod not yet started: text-hello-pod-zscc1lvx
[2023-06-23T12:00:45.875+0000] {pod_manager.py:187} WARNING - Pod not yet started: text-hello-pod-zscc1lvx
[2023-06-23T12:00:46.906+0000] {pod_manager.py:187} WARNING - Pod not yet started: text-hello-pod-zscc1lvx
[2023-06-23T12:00:47.940+0000] {pod_manager.py:187} WARNING - Pod not yet started: text-hello-pod-zscc1lvx
[2023-06-23T12:00:48.959+0000] {pod_manager.py:187} WARNING - Pod not yet started: text-hello-pod-zscc1lvx
[2023-06-23T12:00:49.972+0000] {pod_manager.py:187} WARNING - Pod not yet started: text-hello-pod-zscc1lvx
[2023-06-23T12:00:51.002+0000] {pod_manager.py:187} WARNING - Pod not yet started: text-hello-pod-zscc1lvx
[2023-06-23T12:00:52.019+0000] {pod_manager.py:187} WARNING - Pod not yet started: text-hello-pod-zscc1lvx
[2023-06-23T12:00:53.034+0000] {pod_manager.py:187} WARNING - Pod not yet started: text-hello-pod-zscc1lvx
[2023-06-23T12:00:54.056+0000] {pod_manager.py:187} WARNING - Pod not yet started: text-hello-pod-zscc1lvx
[2023-06-23T12:00:55.084+0000] {pod_manager.py:187} WARNING - Pod not yet started: text-hello-pod-zscc1lvx
[2023-06-23T12:00:56.101+0000] {pod_manager.py:187} WARNING - Pod not yet started: text-hello-pod-zscc1lvx
[2023-06-23T12:00:57.131+0000] {pod_manager.py:187} WARNING - Pod not yet started: text-hello-pod-zscc1lvx
[2023-06-23T12:00:58.149+0000] {pod_manager.py:187} WARNING - Pod not yet started: text-hello-pod-zscc1lvx
[2023-06-23T12:00:59.176+0000] {pod_manager.py:187} WARNING - Pod not yet started: text-hello-pod-zscc1lvx
[2023-06-23T12:01:00.200+0000] {pod_manager.py:187} WARNING - Pod not yet started: text-hello-pod-zscc1lvx
[2023-06-23T12:01:01.212+0000] {pod_manager.py:187} WARNING - Pod not yet started: text-hello-pod-zscc1lvx
[2023-06-23T12:01:02.229+0000] {pod_manager.py:187} WARNING - Pod not yet started: text-hello-pod-zscc1lvx
[2023-06-23T12:01:03.246+0000] {pod_manager.py:187} WARNING - Pod not yet started: text-hello-pod-zscc1lvx
[2023-06-23T12:01:04.259+0000] {pod_manager.py:187} WARNING - Pod not yet started: text-hello-pod-zscc1lvx
[2023-06-23T12:01:05.279+0000] {pod_manager.py:187} WARNING - Pod not yet started: text-hello-pod-zscc1lvx
[2023-06-23T12:01:06.290+0000] {pod_manager.py:187} WARNING - Pod not yet started: text-hello-pod-zscc1lvx
[2023-06-23T12:01:07.314+0000] {pod_manager.py:187} WARNING - Pod not yet started: text-hello-pod-zscc1lvx
[2023-06-23T12:01:08.327+0000] {pod_manager.py:187} WARNING - Pod not yet started: text-hello-pod-zscc1lvx
[2023-06-23T12:01:09.343+0000] {pod_manager.py:187} WARNING - Pod not yet started: text-hello-pod-zscc1lvx
[2023-06-23T12:01:10.352+0000] {pod_manager.py:187} WARNING - Pod not yet started: text-hello-pod-zscc1lvx
[2023-06-23T12:01:11.378+0000] {pod_manager.py:187} WARNING - Pod not yet started: text-hello-pod-zscc1lvx
[2023-06-23T12:01:12.412+0000] {pod_manager.py:187} WARNING - Pod not yet started: text-hello-pod-zscc1lvx
[2023-06-23T12:01:13.430+0000] {pod_manager.py:187} WARNING - Pod not yet started: text-hello-pod-zscc1lvx
[2023-06-23T12:01:14.445+0000] {pod_manager.py:187} WARNING - Pod not yet started: text-hello-pod-zscc1lvx
[2023-06-23T12:01:15.457+0000] {pod_manager.py:187} WARNING - Pod not yet started: text-hello-pod-zscc1lvx
[2023-06-23T12:01:16.465+0000] {pod_manager.py:187} WARNING - Pod not yet started: text-hello-pod-zscc1lvx
[2023-06-23T12:01:17.472+0000] {pod_manager.py:187} WARNING - Pod not yet started: text-hello-pod-zscc1lvx
[2023-06-23T12:01:18.498+0000] {pod_manager.py:187} WARNING - Pod not yet started: text-hello-pod-zscc1lvx
[2023-06-23T12:01:19.523+0000] {pod_manager.py:187} WARNING - Pod not yet started: text-hello-pod-zscc1lvx
[2023-06-23T12:01:20.537+0000] {pod_manager.py:187} WARNING - Pod not yet started: text-hello-pod-zscc1lvx
[2023-06-23T12:01:21.548+0000] {pod_manager.py:187} WARNING - Pod not yet started: text-hello-pod-zscc1lvx
[2023-06-23T12:01:22.557+0000] {pod_manager.py:187} WARNING - Pod not yet started: text-hello-pod-zscc1lvx
[2023-06-23T12:01:23.577+0000] {pod_manager.py:187} WARNING - Pod not yet started: text-hello-pod-zscc1lvx
[2023-06-23T12:01:24.603+0000] {pod_manager.py:187} WARNING - Pod not yet started: text-hello-pod-zscc1lvx
[2023-06-23T12:01:25.628+0000] {pod_manager.py:187} WARNING - Pod not yet started: text-hello-pod-zscc1lvx
[2023-06-23T12:01:26.642+0000] {pod_manager.py:187} WARNING - Pod not yet started: text-hello-pod-zscc1lvx
[2023-06-23T12:01:27.655+0000] {pod_manager.py:187} WARNING - Pod not yet started: text-hello-pod-zscc1lvx
[2023-06-23T12:01:28.665+0000] {pod_manager.py:187} WARNING - Pod not yet started: text-hello-pod-zscc1lvx
[2023-06-23T12:01:29.691+0000] {pod_manager.py:187} WARNING - Pod not yet started: text-hello-pod-zscc1lvx
[2023-06-23T12:01:30.717+0000] {pod_manager.py:187} WARNING - Pod not yet started: text-hello-pod-zscc1lvx
[2023-06-23T12:01:31.737+0000] {pod_manager.py:187} WARNING - Pod not yet started: text-hello-pod-zscc1lvx
[2023-06-23T12:01:32.750+0000] {pod_manager.py:187} WARNING - Pod not yet started: text-hello-pod-zscc1lvx
[2023-06-23T12:01:33.768+0000] {pod_manager.py:187} WARNING - Pod not yet started: text-hello-pod-zscc1lvx
[2023-06-23T12:01:34.778+0000] {pod_manager.py:187} WARNING - Pod not yet started: text-hello-pod-zscc1lvx
[2023-06-23T12:01:35.791+0000] {pod_manager.py:187} WARNING - Pod not yet started: text-hello-pod-zscc1lvx
[2023-06-23T12:01:36.821+0000] {pod_manager.py:187} WARNING - Pod not yet started: text-hello-pod-zscc1lvx
[2023-06-23T12:01:37.836+0000] {pod_manager.py:187} WARNING - Pod not yet started: text-hello-pod-zscc1lvx
[2023-06-23T12:01:38.853+0000] {pod_manager.py:187} WARNING - Pod not yet started: text-hello-pod-zscc1lvx
[2023-06-23T12:01:39.876+0000] {pod_manager.py:187} WARNING - Pod not yet started: text-hello-pod-zscc1lvx
[2023-06-23T12:01:40.889+0000] {pod_manager.py:187} WARNING - Pod not yet started: text-hello-pod-zscc1lvx
[2023-06-23T12:01:41.911+0000] {pod_manager.py:187} WARNING - Pod not yet started: text-hello-pod-zscc1lvx
[2023-06-23T12:01:42.924+0000] {pod_manager.py:187} WARNING - Pod not yet started: text-hello-pod-zscc1lvx
[2023-06-23T12:01:43.935+0000] {pod_manager.py:187} WARNING - Pod not yet started: text-hello-pod-zscc1lvx
[2023-06-23T12:01:44.945+0000] {pod_manager.py:187} WARNING - Pod not yet started: text-hello-pod-zscc1lvx
[2023-06-23T12:01:45.960+0000] {pod_manager.py:187} WARNING - Pod not yet started: text-hello-pod-zscc1lvx
[2023-06-23T12:01:46.986+0000] {pod_manager.py:187} WARNING - Pod not yet started: text-hello-pod-zscc1lvx
[2023-06-23T12:01:48.025+0000] {pod_manager.py:187} WARNING - Pod not yet started: text-hello-pod-zscc1lvx
[2023-06-23T12:01:49.039+0000] {pod_manager.py:187} WARNING - Pod not yet started: text-hello-pod-zscc1lvx
[2023-06-23T12:01:50.052+0000] {pod_manager.py:187} WARNING - Pod not yet started: text-hello-pod-zscc1lvx
[2023-06-23T12:01:51.062+0000] {pod_manager.py:187} WARNING - Pod not yet started: text-hello-pod-zscc1lvx
[2023-06-23T12:01:52.085+0000] {pod_manager.py:187} WARNING - Pod not yet started: text-hello-pod-zscc1lvx
[2023-06-23T12:01:53.102+0000] {pod_manager.py:187} WARNING - Pod not yet started: text-hello-pod-zscc1lvx
[2023-06-23T12:01:54.128+0000] {pod_manager.py:187} WARNING - Pod not yet started: text-hello-pod-zscc1lvx
[2023-06-23T12:01:55.140+0000] {pod_manager.py:187} WARNING - Pod not yet started: text-hello-pod-zscc1lvx
[2023-06-23T12:01:56.155+0000] {pod_manager.py:187} WARNING - Pod not yet started: text-hello-pod-zscc1lvx
[2023-06-23T12:01:57.169+0000] {pod_manager.py:187} WARNING - Pod not yet started: text-hello-pod-zscc1lvx
[2023-06-23T12:01:58.203+0000] {pod_manager.py:187} WARNING - Pod not yet started: text-hello-pod-zscc1lvx
[2023-06-23T12:01:59.228+0000] {pod_manager.py:187} WARNING - Pod not yet started: text-hello-pod-zscc1lvx
[2023-06-23T12:02:00.263+0000] {pod_manager.py:187} WARNING - Pod not yet started: text-hello-pod-zscc1lvx
[2023-06-23T12:02:01.306+0000] {pod_manager.py:187} WARNING - Pod not yet started: text-hello-pod-zscc1lvx
[2023-06-23T12:02:02.326+0000] {pod_manager.py:187} WARNING - Pod not yet started: text-hello-pod-zscc1lvx
[2023-06-23T12:02:03.341+0000] {pod_manager.py:187} WARNING - Pod not yet started: text-hello-pod-zscc1lvx
[2023-06-23T12:02:04.354+0000] {pod_manager.py:187} WARNING - Pod not yet started: text-hello-pod-zscc1lvx
[2023-06-23T12:02:05.364+0000] {pod_manager.py:187} WARNING - Pod not yet started: text-hello-pod-zscc1lvx
[2023-06-23T12:02:06.377+0000] {pod_manager.py:187} WARNING - Pod not yet started: text-hello-pod-zscc1lvx
[2023-06-23T12:02:07.410+0000] {pod_manager.py:187} WARNING - Pod not yet started: text-hello-pod-zscc1lvx
[2023-06-23T12:02:08.424+0000] {pod_manager.py:187} WARNING - Pod not yet started: text-hello-pod-zscc1lvx
[2023-06-23T12:02:09.437+0000] {pod_manager.py:187} WARNING - Pod not yet started: text-hello-pod-zscc1lvx
[2023-06-23T12:02:10.452+0000] {pod_manager.py:187} WARNING - Pod not yet started: text-hello-pod-zscc1lvx
[2023-06-23T12:02:11.464+0000] {pod_manager.py:187} WARNING - Pod not yet started: text-hello-pod-zscc1lvx
[2023-06-23T12:02:12.481+0000] {pod_manager.py:187} WARNING - Pod not yet started: text-hello-pod-zscc1lvx
[2023-06-23T12:02:13.508+0000] {pod_manager.py:187} WARNING - Pod not yet started: text-hello-pod-zscc1lvx
[2023-06-23T12:02:14.529+0000] {pod_manager.py:187} WARNING - Pod not yet started: text-hello-pod-zscc1lvx
[2023-06-23T12:02:15.540+0000] {pod_manager.py:187} WARNING - Pod not yet started: text-hello-pod-zscc1lvx
[2023-06-23T12:02:16.552+0000] {pod_manager.py:187} WARNING - Pod not yet started: text-hello-pod-zscc1lvx
[2023-06-23T12:02:17.573+0000] {pod_manager.py:187} WARNING - Pod not yet started: text-hello-pod-zscc1lvx
[2023-06-23T12:02:18.601+0000] {pod_manager.py:187} WARNING - Pod not yet started: text-hello-pod-zscc1lvx
[2023-06-23T12:02:19.626+0000] {pod_manager.py:187} WARNING - Pod not yet started: text-hello-pod-zscc1lvx
[2023-06-23T12:02:20.641+0000] {pod_manager.py:187} WARNING - Pod not yet started: text-hello-pod-zscc1lvx
[2023-06-23T12:02:21.652+0000] {pod_manager.py:187} WARNING - Pod not yet started: text-hello-pod-zscc1lvx
[2023-06-23T12:02:22.669+0000] {pod_manager.py:187} WARNING - Pod not yet started: text-hello-pod-zscc1lvx
[2023-06-23T12:02:23.693+0000] {pod_manager.py:187} WARNING - Pod not yet started: text-hello-pod-zscc1lvx
[2023-06-23T12:02:24.731+0000] {pod_manager.py:187} WARNING - Pod not yet started: text-hello-pod-zscc1lvx
[2023-06-23T12:02:25.744+0000] {pod_manager.py:187} WARNING - Pod not yet started: text-hello-pod-zscc1lvx
[2023-06-23T12:02:26.754+0000] {pod_manager.py:187} WARNING - Pod not yet started: text-hello-pod-zscc1lvx
[2023-06-23T12:02:27.767+0000] {pod_manager.py:187} WARNING - Pod not yet started: text-hello-pod-zscc1lvx
[2023-06-23T12:02:28.778+0000] {pod_manager.py:187} WARNING - Pod not yet started: text-hello-pod-zscc1lvx
[2023-06-23T12:02:29.806+0000] {pod_manager.py:187} WARNING - Pod not yet started: text-hello-pod-zscc1lvx
[2023-06-23T12:02:30.832+0000] {pod_manager.py:187} WARNING - Pod not yet started: text-hello-pod-zscc1lvx
[2023-06-23T12:02:31.845+0000] {pod_manager.py:187} WARNING - Pod not yet started: text-hello-pod-zscc1lvx
[2023-06-23T12:02:32.856+0000] {pod_manager.py:187} WARNING - Pod not yet started: text-hello-pod-zscc1lvx
[2023-06-23T12:02:33.869+0000] {pod_manager.py:187} WARNING - Pod not yet started: text-hello-pod-zscc1lvx
[2023-06-23T12:02:34.882+0000] {pod_manager.py:187} WARNING - Pod not yet started: text-hello-pod-zscc1lvx
[2023-06-23T12:02:35.892+0000] {pod_manager.py:187} WARNING - Pod not yet started: text-hello-pod-zscc1lvx
[2023-06-23T12:02:36.922+0000] {pod_manager.py:187} WARNING - Pod not yet started: text-hello-pod-zscc1lvx
[2023-06-23T12:02:37.940+0000] {pod_manager.py:187} WARNING - Pod not yet started: text-hello-pod-zscc1lvx
[2023-06-23T12:02:38.955+0000] {pod_manager.py:187} WARNING - Pod not yet started: text-hello-pod-zscc1lvx
[2023-06-23T12:02:39.970+0000] {pod_manager.py:187} WARNING - Pod not yet started: text-hello-pod-zscc1lvx
[2023-06-23T12:02:40.982+0000] {pod_manager.py:187} WARNING - Pod not yet started: text-hello-pod-zscc1lvx
[2023-06-23T12:02:41.002+0000] {kubernetes_pod.py:688} INFO - Deleting pod: text-hello-pod-zscc1lvx
[2023-06-23T12:02:41.052+0000] {taskinstance.py:1776} ERROR - Task failed with exception
Traceback (most recent call last):
  File "/home/airflow/.local/lib/python3.8/site-packages/airflow/providers/cncf/kubernetes/operators/kubernetes_pod.py", line 527, in execute_sync
    self.await_pod_start(pod=self.pod)
  File "/home/airflow/.local/lib/python3.8/site-packages/airflow/providers/cncf/kubernetes/operators/kubernetes_pod.py", line 494, in await_pod_start
    self.pod_manager.await_pod_start(pod=pod, startup_timeout=self.startup_timeout_seconds)
  File "/home/airflow/.local/lib/python3.8/site-packages/airflow/providers/cncf/kubernetes/utils/pod_manager.py", line 194, in await_pod_start
    raise PodLaunchFailedException(msg)
airflow.providers.cncf.kubernetes.utils.pod_manager.PodLaunchFailedException: Pod took longer than 120 seconds to start. Check the pod events in kubernetes to determine why.

During handling of the above exception, another exception occurred:

Traceback (most recent call last):
  File "/home/airflow/.local/lib/python3.8/site-packages/airflow/providers/cncf/kubernetes/operators/kubernetes_pod.py", line 516, in execute
    return self.execute_sync(context)
  File "/home/airflow/.local/lib/python3.8/site-packages/airflow/providers/cncf/kubernetes/operators/kubernetes_pod.py", line 545, in execute_sync
    self.cleanup(
  File "/home/airflow/.local/lib/python3.8/site-packages/airflow/providers/cncf/kubernetes/operators/kubernetes_pod.py", line 671, in cleanup
    raise AirflowException(
airflow.exceptions.AirflowException: Pod text-hello-pod-zscc1lvx returned a failure:

remote_pod: {'api_version': None,
 'kind': None,
 'metadata': {'annotations': None,
              'cluster_name': None,
              'creation_timestamp': datetime.datetime(2023, 6, 23, 12, 0, 40, tzinfo=tzlocal()),
              'deletion_grace_period_seconds': None,
              'deletion_timestamp': None,
              'finalizers': None,
              'generate_name': None,
              'generation': None,
              'labels': {'***_kpo_in_cluster': 'True',
                         '***_version': '2.5.3',
                         'dag_id': 'text_hello',
                         'kubernetes_pod_operator': 'True',
                         'run_id': 'scheduled__2023-06-22T1200000000-6960d6ee6',
                         'task_id': 'hello_task',
                         'try_number': '1'},
              'managed_fields': [{'api_version': 'v1',
                                  'fields_type': 'FieldsV1',
                                  'fields_v1': {'f:metadata': {'f:labels': {'.': {},
                                                                            'f:***_kpo_in_cluster': {},
                                                                            'f:***_version': {},
                                                                            'f:dag_id': {},
                                                                            'f:kubernetes_pod_operator': {},
                                                                            'f:run_id': {},
                                                                            'f:task_id': {},
                                                                            'f:try_number': {}}},
                                                'f:spec': {'f:affinity': {},
                                                           'f:containers': {'k:{"name":"base"}': {'.': {},
                                                                                                  'f:args': {},
                                                                                                  'f:command': {},
                                                                                                  'f:image': {},
                                                                                                  'f:imagePullPolicy': {},
                                                                                                  'f:name': {},
                                                                                                  'f:resources': {},
                                                                                                  'f:terminationMessagePath': {},
                                                                                                  'f:terminationMessagePolicy': {}}},
                                                           'f:dnsPolicy': {},
                                                           'f:enableServiceLinks': {},
                                                           'f:imagePullSecrets': {'.': {},
                                                                                  'k:{"name":"regcred"}': {}},
                                                           'f:restartPolicy': {},
                                                           'f:schedulerName': {},
                                                           'f:securityContext': {},
                                                           'f:terminationGracePeriodSeconds': {}}},
                                  'manager': 'OpenAPI-Generator',
                                  'operation': 'Update',
                                  'subresource': None,
                                  'time': datetime.datetime(2023, 6, 23, 12, 0, 40, tzinfo=tzlocal())}],
              'name': 'text-hello-pod-zscc1lvx',
              'namespace': '***-cluster',
              'owner_references': None,
              'resource_version': '18729913',
              'self_link': None,
              'uid': '017dd886-7d1e-4cf2-8614-5ebfa4ef4822'},
 'spec': {'active_deadline_seconds': None,
          'affinity': {'node_affinity': None,
                       'pod_affinity': None,
                       'pod_anti_affinity': None},
          'automount_service_account_token': None,
          'containers': [{'args': ['\n'
                                   '        print("Run this command!!!")\n'
                                   '        # import time\n'
                                   '        # from datetime import datetime\n'
                                   '        # now = datetime.now()  # current '
                                   'date and time\n'
                                   '        # with '
                                   'open("/data/hello_world.txt", "w") as f:\n'
                                   '        #     f.write(f"Hello World, '
                                   "Current Time: {now.strftime('%Y-%m-%d "
                                   '%H:%M:%S\')}")\n'
                                   '        # time.sleep(120)  # Sleep for 60 '
                                   'seconds\n'
                                   '        '],
                          'command': ['python', '-c'],
                          'env': None,
                          'env_from': None,
                          'image': 'text_hello:v0.2',
                          'image_pull_policy': 'IfNotPresent',
                          'lifecycle': None,
                          'liveness_probe': None,
                          'name': 'base',
                          'ports': None,
                          'readiness_probe': None,
                          'resources': {'limits': None, 'requests': None},
                          'security_context': None,
                          'startup_probe': None,
                          'stdin': None,
                          'stdin_once': None,
                          'termination_message_path': '/dev/termination-log',
                          'termination_message_policy': 'File',
                          'tty': None,
                          'volume_devices': None,
                          'volume_mounts': [{'mount_path': '/var/run/secrets/kubernetes.io/serviceaccount',
                                             'mount_propagation': None,
                                             'name': 'kube-api-access-tv7tf',
                                             'read_only': True,
                                             'sub_path': None,
                                             'sub_path_expr': None}],
                          'working_dir': None}],
          'dns_config': None,
          'dns_policy': 'ClusterFirst',
          'enable_service_links': True,
          'ephemeral_containers': None,
          'host_aliases': None,
          'host_ipc': None,
          'host_network': None,
          'host_pid': None,
          'hostname': None,
          'image_pull_secrets': [{'name': 'regcred'}],
          'init_containers': None,
          'node_name': None,
          'node_selector': None,
          'os': None,
          'overhead': None,
          'preemption_policy': 'PreemptLowerPriority',
          'priority': 0,
          'priority_class_name': None,
          'readiness_gates': None,
          'restart_policy': 'Never',
          'runtime_class_name': None,
          'scheduler_name': 'default-scheduler',
          'security_context': {'fs_group': None,
                               'fs_group_change_policy': None,
                               'run_as_group': None,
                               'run_as_non_root': None,
                               'run_as_user': None,
                               'se_linux_options': None,
                               'seccomp_profile': None,
                               'supplemental_groups': None,
                               'sysctls': None,
                               'windows_options': None},
          'service_account': 'default',
          'service_account_name': 'default',
          'set_hostname_as_fqdn': None,
          'share_process_namespace': None,
          'subdomain': None,
          'termination_grace_period_seconds': 30,
          'tolerations': [{'effect': 'NoExecute',
                           'key': 'node.kubernetes.io/not-ready',
                           'operator': 'Exists',
                           'toleration_seconds': 300,
                           'value': None},
                          {'effect': 'NoExecute',
                           'key': 'node.kubernetes.io/unreachable',
                           'operator': 'Exists',
                           'toleration_seconds': 300,
                           'value': None}],
          'topology_spread_constraints': None,
          'volumes': [{'aws_elastic_block_store': None,
                       'azure_disk': None,
                       'azure_file': None,
                       'cephfs': None,
                       'cinder': None,
                       'config_map': None,
                       'csi': None,
                       'downward_api': None,
                       'empty_dir': None,
                       'ephemeral': None,
                       'fc': None,
                       'flex_volume': None,
                       'flocker': None,
                       'gce_persistent_disk': None,
                       'git_repo': None,
                       'glusterfs': None,
                       'host_path': None,
                       'iscsi': None,
                       'name': 'kube-api-access-tv7tf',
                       'nfs': None,
                       'persistent_volume_claim': None,
                       'photon_persistent_disk': None,
                       'portworx_volume': None,
                       'projected': {'default_mode': 420,
                                     'sources': [{'config_map': None,
                                                  'downward_api': None,
                                                  'secret': None,
                                                  'service_account_token': {'audience': None,
                                                                            'expiration_seconds': 3607,
                                                                            'path': 'token'}},
                                                 {'config_map': {'items': [{'key': 'ca.crt',
                                                                            'mode': None,
                                                                            'path': 'ca.crt'}],
                                                                 'name': 'kube-root-ca.crt',
                                                                 'optional': None},
                                                  'downward_api': None,
                                                  'secret': None,
                                                  'service_account_token': None},
                                                 {'config_map': None,
                                                  'downward_api': {'items': [{'field_ref': {'api_version': 'v1',
                                                                                            'field_path': 'metadata.namespace'},
                                                                              'mode': None,
                                                                              'path': 'namespace',
                                                                              'resource_field_ref': None}]},
                                                  'secret': None,
                                                  'service_account_token': None}]},
                       'quobyte': None,
                       'rbd': None,
                       'scale_io': None,
                       'secret': None,
                       'storageos': None,
                       'vsphere_volume': None}]},
 'status': {'conditions': None,
            'container_statuses': None,
            'ephemeral_container_statuses': None,
            'host_ip': None,
            'init_container_statuses': None,
            'message': None,
            'nominated_node_name': None,
            'phase': 'Pending',
            'pod_i_ps': None,
            'pod_ip': None,
            'qos_class': 'BestEffort',
            'reason': None,
            'start_time': None}}
[2023-06-23T12:02:41.057+0000] {taskinstance.py:1327} INFO - Marking task as FAILED. dag_id=text_hello, task_id=hello_task, execution_date=20230622T120000, start_date=20230623T120039, end_date=20230623T120241
[2023-06-23T12:02:41.077+0000] {standard_task_runner.py:100} ERROR - Failed to execute job 220 for task hello_task (Pod text-hello-pod-zscc1lvx returned a failure:

remote_pod: {'api_version': None,
 'kind': None,
 'metadata': {'annotations': None,
              'cluster_name': None,
              'creation_timestamp': datetime.datetime(2023, 6, 23, 12, 0, 40, tzinfo=tzlocal()),
              'deletion_grace_period_seconds': None,
              'deletion_timestamp': None,
              'finalizers': None,
              'generate_name': None,
              'generation': None,
              'labels': {'***_kpo_in_cluster': 'True',
                         '***_version': '2.5.3',
                         'dag_id': 'text_hello',
                         'kubernetes_pod_operator': 'True',
                         'run_id': 'scheduled__2023-06-22T1200000000-6960d6ee6',
                         'task_id': 'hello_task',
                         'try_number': '1'},
              'managed_fields': [{'api_version': 'v1',
                                  'fields_type': 'FieldsV1',
                                  'fields_v1': {'f:metadata': {'f:labels': {'.': {},
                                                                            'f:***_kpo_in_cluster': {},
                                                                            'f:***_version': {},
                                                                            'f:dag_id': {},
                                                                            'f:kubernetes_pod_operator': {},
                                                                            'f:run_id': {},
                                                                            'f:task_id': {},
                                                                            'f:try_number': {}}},
                                                'f:spec': {'f:affinity': {},
                                                           'f:containers': {'k:{"name":"base"}': {'.': {},
                                                                                                  'f:args': {},
                                                                                                  'f:command': {},
                                                                                                  'f:image': {},
                                                                                                  'f:imagePullPolicy': {},
                                                                                                  'f:name': {},
                                                                                                  'f:resources': {},
                                                                                                  'f:terminationMessagePath': {},
                                                                                                  'f:terminationMessagePolicy': {}}},
                                                           'f:dnsPolicy': {},
                                                           'f:enableServiceLinks': {},
                                                           'f:imagePullSecrets': {'.': {},
                                                                                  'k:{"name":"regcred"}': {}},
                                                           'f:restartPolicy': {},
                                                           'f:schedulerName': {},
                                                           'f:securityContext': {},
                                                           'f:terminationGracePeriodSeconds': {}}},
                                  'manager': 'OpenAPI-Generator',
                                  'operation': 'Update',
                                  'subresource': None,
                                  'time': datetime.datetime(2023, 6, 23, 12, 0, 40, tzinfo=tzlocal())}],
              'name': 'text-hello-pod-zscc1lvx',
              'namespace': '***-cluster',
              'owner_references': None,
              'resource_version': '18729913',
              'self_link': None,
              'uid': '017dd886-7d1e-4cf2-8614-5ebfa4ef4822'},
 'spec': {'active_deadline_seconds': None,
          'affinity': {'node_affinity': None,
                       'pod_affinity': None,
                       'pod_anti_affinity': None},
          'automount_service_account_token': None,
          'containers': [{'args': ['\n'
                                   '        print("Run this command!!!")\n'
                                   '        # import time\n'
                                   '        # from datetime import datetime\n'
                                   '        # now = datetime.now()  # current '
                                   'date and time\n'
                                   '        # with '
                                   'open("/data/hello_world.txt", "w") as f:\n'
                                   '        #     f.write(f"Hello World, '
                                   "Current Time: {now.strftime('%Y-%m-%d "
                                   '%H:%M:%S\')}")\n'
                                   '        # time.sleep(120)  # Sleep for 60 '
                                   'seconds\n'
                                   '        '],
                          'command': ['python', '-c'],
                          'env': None,
                          'env_from': None,
                          'image': 'text_hello:v0.2',
                          'image_pull_policy': 'IfNotPresent',
                          'lifecycle': None,
                          'liveness_probe': None,
                          'name': 'base',
                          'ports': None,
                          'readiness_probe': None,
                          'resources': {'limits': None, 'requests': None},
                          'security_context': None,
                          'startup_probe': None,
                          'stdin': None,
                          'stdin_once': None,
                          'termination_message_path': '/dev/termination-log',
                          'termination_message_policy': 'File',
                          'tty': None,
                          'volume_devices': None,
                          'volume_mounts': [{'mount_path': '/var/run/secrets/kubernetes.io/serviceaccount',
                                             'mount_propagation': None,
                                             'name': 'kube-api-access-tv7tf',
                                             'read_only': True,
                                             'sub_path': None,
                                             'sub_path_expr': None}],
                          'working_dir': None}],
          'dns_config': None,
          'dns_policy': 'ClusterFirst',
          'enable_service_links': True,
          'ephemeral_containers': None,
          'host_aliases': None,
          'host_ipc': None,
          'host_network': None,
          'host_pid': None,
          'hostname': None,
          'image_pull_secrets': [{'name': 'regcred'}],
          'init_containers': None,
          'node_name': None,
          'node_selector': None,
          'os': None,
          'overhead': None,
          'preemption_policy': 'PreemptLowerPriority',
          'priority': 0,
          'priority_class_name': None,
          'readiness_gates': None,
          'restart_policy': 'Never',
          'runtime_class_name': None,
          'scheduler_name': 'default-scheduler',
          'security_context': {'fs_group': None,
                               'fs_group_change_policy': None,
                               'run_as_group': None,
                               'run_as_non_root': None,
                               'run_as_user': None,
                               'se_linux_options': None,
                               'seccomp_profile': None,
                               'supplemental_groups': None,
                               'sysctls': None,
                               'windows_options': None},
          'service_account': 'default',
          'service_account_name': 'default',
          'set_hostname_as_fqdn': None,
          'share_process_namespace': None,
          'subdomain': None,
          'termination_grace_period_seconds': 30,
          'tolerations': [{'effect': 'NoExecute',
                           'key': 'node.kubernetes.io/not-ready',
                           'operator': 'Exists',
                           'toleration_seconds': 300,
                           'value': None},
                          {'effect': 'NoExecute',
                           'key': 'node.kubernetes.io/unreachable',
                           'operator': 'Exists',
                           'toleration_seconds': 300,
                           'value': None}],
          'topology_spread_constraints': None,
          'volumes': [{'aws_elastic_block_store': None,
                       'azure_disk': None,
                       'azure_file': None,
                       'cephfs': None,
                       'cinder': None,
                       'config_map': None,
                       'csi': None,
                       'downward_api': None,
                       'empty_dir': None,
                       'ephemeral': None,
                       'fc': None,
                       'flex_volume': None,
                       'flocker': None,
                       'gce_persistent_disk': None,
                       'git_repo': None,
                       'glusterfs': None,
                       'host_path': None,
                       'iscsi': None,
                       'name': 'kube-api-access-tv7tf',
                       'nfs': None,
                       'persistent_volume_claim': None,
                       'photon_persistent_disk': None,
                       'portworx_volume': None,
                       'projected': {'default_mode': 420,
                                     'sources': [{'config_map': None,
                                                  'downward_api': None,
                                                  'secret': None,
                                                  'service_account_token': {'audience': None,
                                                                            'expiration_seconds': 3607,
                                                                            'path': 'token'}},
                                                 {'config_map': {'items': [{'key': 'ca.crt',
                                                                            'mode': None,
                                                                            'path': 'ca.crt'}],
                                                                 'name': 'kube-root-ca.crt',
                                                                 'optional': None},
                                                  'downward_api': None,
                                                  'secret': None,
                                                  'service_account_token': None},
                                                 {'config_map': None,
                                                  'downward_api': {'items': [{'field_ref': {'api_version': 'v1',
                                                                                            'field_path': 'metadata.namespace'},
                                                                              'mode': None,
                                                                              'path': 'namespace',
                                                                              'resource_field_ref': None}]},
                                                  'secret': None,
                                                  'service_account_token': None}]},
                       'quobyte': None,
                       'rbd': None,
                       'scale_io': None,
                       'secret': None,
                       'storageos': None,
                       'vsphere_volume': None}]},
 'status': {'conditions': None,
            'container_statuses': None,
            'ephemeral_container_statuses': None,
            'host_ip': None,
            'init_container_statuses': None,
            'message': None,
            'nominated_node_name': None,
            'phase': 'Pending',
            'pod_i_ps': None,
            'pod_ip': None,
            'qos_class': 'BestEffort',
            'reason': None,
            'start_time': None}}; 106)
[2023-06-23T12:02:41.089+0000] {local_task_job.py:212} INFO - Task exited with return code 1
[2023-06-23T12:02:41.109+0000] {taskinstance.py:2596} INFO - 0 downstream tasks scheduled from follow-on schedule check
