[2023-06-20T02:11:03.174+0000] {taskinstance.py:1090} INFO - Dependencies all met for dep_context=non-requeueable deps ti=<TaskInstance: sample_dag.greet manual__2023-06-19T08:34:42.520874+00:00 [queued]>
[2023-06-20T02:11:03.181+0000] {taskinstance.py:1090} INFO - Dependencies all met for dep_context=requeueable deps ti=<TaskInstance: sample_dag.greet manual__2023-06-19T08:34:42.520874+00:00 [queued]>
[2023-06-20T02:11:03.181+0000] {taskinstance.py:1288} INFO - 
--------------------------------------------------------------------------------
[2023-06-20T02:11:03.182+0000] {taskinstance.py:1289} INFO - Starting attempt 1 of 2
[2023-06-20T02:11:03.182+0000] {taskinstance.py:1290} INFO - 
--------------------------------------------------------------------------------
[2023-06-20T02:11:03.196+0000] {taskinstance.py:1309} INFO - Executing <Task(PythonOperator): greet> on 2023-06-19 08:34:42.520874+00:00
[2023-06-20T02:11:03.200+0000] {standard_task_runner.py:55} INFO - Started process 106 to run task
[2023-06-20T02:11:03.203+0000] {standard_task_runner.py:82} INFO - Running: ['***', 'tasks', 'run', 'sample_dag', 'greet', 'manual__2023-06-19T08:34:42.520874+00:00', '--job-id', '67', '--raw', '--subdir', 'DAGS_FOLDER/test_dag.py', '--cfg-path', '/tmp/tmpme96jklv']
[2023-06-20T02:11:03.204+0000] {standard_task_runner.py:83} INFO - Job 67: Subtask greet
[2023-06-20T02:11:03.837+0000] {task_command.py:389} INFO - Running <TaskInstance: sample_dag.greet manual__2023-06-19T08:34:42.520874+00:00 [running]> on host sample-dag-greet-68173baad2d74d448b373b47a8290c1b
[2023-06-20T02:11:04.590+0000] {logging_mixin.py:137} WARNING - /home/***/.local/lib/python3.8/site-packages/***/kubernetes/kube_config.py:58 DeprecationWarning: The namespace option in [kubernetes] has been moved to the namespace option in [kubernetes_executor] - the old setting has been used, but please update your config.
[2023-06-20T02:11:04.591+0000] {logging_mixin.py:137} WARNING - /home/***/.local/lib/python3.8/site-packages/***/kubernetes/kube_config.py:64 DeprecationWarning: The namespace option in [kubernetes] has been moved to the namespace option in [kubernetes_executor] - the old setting has been used, but please update your config.
[2023-06-20T02:11:04.592+0000] {pod_generator.py:424} WARNING - Model file /opt/***/pod_templates/pod_template.yaml does not exist
[2023-06-20T02:11:04.632+0000] {taskinstance.py:1516} INFO - Exporting the following env vars:
AIRFLOW_CTX_DAG_OWNER=***
AIRFLOW_CTX_DAG_ID=sample_dag
AIRFLOW_CTX_TASK_ID=greet
AIRFLOW_CTX_EXECUTION_DATE=2023-06-19T08:34:42.520874+00:00
AIRFLOW_CTX_TRY_NUMBER=1
AIRFLOW_CTX_DAG_RUN_ID=manual__2023-06-19T08:34:42.520874+00:00
[2023-06-20T02:11:04.633+0000] {logging_mixin.py:137} INFO - Hello, John!
[2023-06-20T02:11:04.633+0000] {python.py:177} INFO - Done. Returned value was: None
[2023-06-20T02:11:04.646+0000] {taskinstance.py:1327} INFO - Marking task as SUCCESS. dag_id=sample_dag, task_id=greet, execution_date=20230619T083442, start_date=20230620T021103, end_date=20230620T021104
[2023-06-20T02:11:04.699+0000] {local_task_job.py:212} INFO - Task exited with return code 0
[2023-06-20T02:11:04.745+0000] {taskinstance.py:2596} INFO - 0 downstream tasks scheduled from follow-on schedule check
