[2023-06-30T08:29:14.774+0000] {taskinstance.py:1090} INFO - Dependencies all met for dep_context=non-requeueable deps ti=<TaskInstance: yolov5_ml_pipeline.detect_images manual__2023-06-30T08:28:34.459045+00:00 [queued]>
[2023-06-30T08:29:14.781+0000] {taskinstance.py:1090} INFO - Dependencies all met for dep_context=requeueable deps ti=<TaskInstance: yolov5_ml_pipeline.detect_images manual__2023-06-30T08:28:34.459045+00:00 [queued]>
[2023-06-30T08:29:14.781+0000] {taskinstance.py:1288} INFO - 
--------------------------------------------------------------------------------
[2023-06-30T08:29:14.781+0000] {taskinstance.py:1289} INFO - Starting attempt 1 of 1
[2023-06-30T08:29:14.781+0000] {taskinstance.py:1290} INFO - 
--------------------------------------------------------------------------------
[2023-06-30T08:29:14.792+0000] {taskinstance.py:1309} INFO - Executing <Task(KubernetesPodOperator): detect_images> on 2023-06-30 08:28:34.459045+00:00
[2023-06-30T08:29:14.795+0000] {standard_task_runner.py:55} INFO - Started process 105 to run task
[2023-06-30T08:29:14.797+0000] {standard_task_runner.py:82} INFO - Running: ['***', 'tasks', 'run', 'yolov5_ml_pipeline', 'detect_images', 'manual__2023-06-30T08:28:34.459045+00:00', '--job-id', '262', '--raw', '--subdir', 'DAGS_FOLDER/yolov5_pipe.py', '--cfg-path', '/tmp/tmp_hqobv6p']
[2023-06-30T08:29:14.798+0000] {standard_task_runner.py:83} INFO - Job 262: Subtask detect_images
[2023-06-30T08:29:15.313+0000] {task_command.py:389} INFO - Running <TaskInstance: yolov5_ml_pipeline.detect_images manual__2023-06-30T08:28:34.459045+00:00 [running]> on host yolov5-ml-pipeline-detect-imag-5e0a266703134f1387b3f42c3363406c
[2023-06-30T08:29:16.029+0000] {logging_mixin.py:137} WARNING - /home/***/.local/lib/python3.8/site-packages/***/kubernetes/kube_config.py:58 DeprecationWarning: The namespace option in [kubernetes] has been moved to the namespace option in [kubernetes_executor] - the old setting has been used, but please update your config.
[2023-06-30T08:29:16.030+0000] {logging_mixin.py:137} WARNING - /home/***/.local/lib/python3.8/site-packages/***/kubernetes/kube_config.py:64 DeprecationWarning: The namespace option in [kubernetes] has been moved to the namespace option in [kubernetes_executor] - the old setting has been used, but please update your config.
[2023-06-30T08:29:16.031+0000] {pod_generator.py:424} WARNING - Model file /opt/***/pod_templates/pod_template.yaml does not exist
[2023-06-30T08:29:16.081+0000] {taskinstance.py:1516} INFO - Exporting the following env vars:
AIRFLOW_CTX_DAG_OWNER=***
AIRFLOW_CTX_DAG_ID=yolov5_ml_pipeline
AIRFLOW_CTX_TASK_ID=detect_images
AIRFLOW_CTX_EXECUTION_DATE=2023-06-30T08:28:34.459045+00:00
AIRFLOW_CTX_TRY_NUMBER=1
AIRFLOW_CTX_DAG_RUN_ID=manual__2023-06-30T08:28:34.459045+00:00
[2023-06-30T08:29:16.084+0000] {kubernetes_pod.py:815} INFO - Building pod detect-images-m54dem2c with labels: {'dag_id': 'yolov5_ml_pipeline', 'task_id': 'detect_images', 'run_id': 'manual__2023-06-30T082834.4590450000-34d796d18', 'kubernetes_pod_operator': 'True', 'try_number': '1'}
[2023-06-30T08:29:16.151+0000] {kubernetes_pod.py:476} INFO - Found matching pod detect-images-m54dem2c with labels {'airflow_kpo_in_cluster': 'True', 'airflow_version': '2.5.3', 'app': 'my_app', 'dag_id': 'yolov5_ml_pipeline', 'kubernetes_pod_operator': 'True', 'run_id': 'manual__2023-06-30T082834.4590450000-34d796d18', 'task_id': 'detect_images', 'try_number': '1'}
[2023-06-30T08:29:16.152+0000] {kubernetes_pod.py:477} INFO - `try_number` of task_instance: 1
[2023-06-30T08:29:16.152+0000] {kubernetes_pod.py:478} INFO - `try_number` of pod: 1
[2023-06-30T08:29:16.162+0000] {pod_manager.py:187} WARNING - Pod not yet started: detect-images-m54dem2c
[2023-06-30T08:29:17.183+0000] {pod_manager.py:187} WARNING - Pod not yet started: detect-images-m54dem2c
[2023-06-30T08:29:18.214+0000] {pod_manager.py:187} WARNING - Pod not yet started: detect-images-m54dem2c
[2023-06-30T08:29:19.241+0000] {pod_manager.py:187} WARNING - Pod not yet started: detect-images-m54dem2c
[2023-06-30T08:29:22.496+0000] {pod_manager.py:235} INFO - [34m[1mdetect: [0mweights=['yolov5s.pt'], source=/data/input/bus.jpg, data=data/coco128.yaml, imgsz=[640, 640], conf_thres=0.25, iou_thres=0.45, max_det=1000, device=, view_img=False, save_txt=False, save_conf=False, save_crop=False, nosave=False, classes=None, agnostic_nms=False, augment=False, visualize=False, update=False, project=runs/detect, name=exp, exist_ok=False, line_thickness=3, hide_labels=False, hide_conf=False, half=False, dnn=False, vid_stride=1
[2023-06-30T08:29:22.817+0000] {pod_manager.py:235} INFO - YOLOv5 ðŸš€ v7.0-187-g0004c74 Python-3.10.9 torch-2.0.0 CUDA:0 (NVIDIA GeForce RTX 3090, 24267MiB)
[2023-06-30T08:29:22.818+0000] {pod_manager.py:235} INFO - 
[2023-06-30T08:29:23.171+0000] {pod_manager.py:235} INFO - Downloading https://github.com/ultralytics/yolov5/releases/download/v7.0/yolov5s.pt to yolov5s.pt...
[2023-06-30T08:29:26.190+0000] {pod_manager.py:235} INFO -   0%|          | 0.00/14.1M [00:00<?, ?B/s]  1%|          | 88.0k/14.1M [00:00<00:33, 435kB/s]  2%|â–         | 232k/14.1M [00:00<00:17, 849kB/s]   2%|â–         | 336k/14.1M [00:00<00:17, 823kB/s]  4%|â–         | 584k/14.1M [00:00<00:12, 1.16MB/s]  7%|â–‹         | 1.01M/14.1M [00:00<00:06, 2.11MB/s]  9%|â–‰         | 1.24M/14.1M [00:00<00:06, 2.20MB/s] 15%|â–ˆâ–        | 2.10M/14.1M [00:00<00:03, 4.16MB/s] 18%|â–ˆâ–Š        | 2.54M/14.1M [00:01<00:02, 4.17MB/s] 32%|â–ˆâ–ˆâ–ˆâ–      | 4.50M/14.1M [00:01<00:01, 8.87MB/s] 38%|â–ˆâ–ˆâ–ˆâ–Š      | 5.41M/14.1M [00:01<00:01, 8.85MB/s] 61%|â–ˆâ–ˆâ–ˆâ–ˆâ–ˆâ–ˆâ–   | 8.67M/14.1M [00:01<00:00, 16.1MB/s] 73%|â–ˆâ–ˆâ–ˆâ–ˆâ–ˆâ–ˆâ–ˆâ–Ž  | 10.3M/14.1M [00:01<00:00, 15.1MB/s] 93%|â–ˆâ–ˆâ–ˆâ–ˆâ–ˆâ–ˆâ–ˆâ–ˆâ–ˆâ–Ž| 13.1M/14.1M [00:01<00:00, 16.7MB/s]100%|â–ˆâ–ˆâ–ˆâ–ˆâ–ˆâ–ˆâ–ˆâ–ˆâ–ˆâ–ˆ| 14.1M/14.1M [00:01<00:00, 9.01MB/s]
[2023-06-30T08:29:26.190+0000] {pod_manager.py:235} INFO - 
[2023-06-30T08:29:27.231+0000] {pod_manager.py:235} INFO - Fusing layers...
[2023-06-30T08:29:28.254+0000] {pod_manager.py:260} WARNING - Pod detect-images-m54dem2c log read interrupted but container base still running
[2023-06-30T08:29:29.264+0000] {pod_manager.py:235} INFO - Fusing layers...
[2023-06-30T08:29:29.310+0000] {pod_manager.py:288} INFO - Pod detect-images-m54dem2c has phase Running
[2023-06-30T08:29:31.376+0000] {kubernetes_pod.py:688} INFO - Deleting pod: detect-images-m54dem2c
[2023-06-30T08:29:31.418+0000] {taskinstance.py:1776} ERROR - Task failed with exception
Traceback (most recent call last):
  File "/home/airflow/.local/lib/python3.8/site-packages/airflow/providers/cncf/kubernetes/operators/kubernetes_pod.py", line 516, in execute
    return self.execute_sync(context)
  File "/home/airflow/.local/lib/python3.8/site-packages/airflow/providers/cncf/kubernetes/operators/kubernetes_pod.py", line 545, in execute_sync
    self.cleanup(
  File "/home/airflow/.local/lib/python3.8/site-packages/airflow/providers/cncf/kubernetes/operators/kubernetes_pod.py", line 671, in cleanup
    raise AirflowException(
airflow.exceptions.AirflowException: Pod detect-images-m54dem2c returned a failure:

remote_pod: {'api_version': 'v1',
 'kind': 'Pod',
 'metadata': {'annotations': {'cni.projectcalico.org/containerID': '992c5d51a3ac44e8d950c5df9c56558f511b2d9e4809a8200fa42e8c13ad6c6d',
                              'cni.projectcalico.org/podIP': '',
                              'cni.projectcalico.org/podIPs': ''},
              'cluster_name': None,
              'creation_timestamp': datetime.datetime(2023, 6, 30, 8, 29, 16, tzinfo=tzlocal()),
              'deletion_grace_period_seconds': None,
              'deletion_timestamp': None,
              'finalizers': None,
              'generate_name': None,
              'generation': None,
              'labels': {'***_kpo_in_cluster': 'True',
                         '***_version': '2.5.3',
                         'app': 'my_app',
                         'dag_id': 'yolov5_ml_pipeline',
                         'kubernetes_pod_operator': 'True',
                         'run_id': 'manual__2023-06-30T082834.4590450000-34d796d18',
                         'task_id': 'detect_images',
                         'try_number': '1'},
              'managed_fields': [{'api_version': 'v1',
                                  'fields_type': 'FieldsV1',
                                  'fields_v1': {'f:metadata': {'f:annotations': {'.': {},
                                                                                 'f:cni.projectcalico.org/containerID': {},
                                                                                 'f:cni.projectcalico.org/podIP': {},
                                                                                 'f:cni.projectcalico.org/podIPs': {}}}},
                                  'manager': 'Go-http-client',
                                  'operation': 'Update',
                                  'subresource': 'status',
                                  'time': datetime.datetime(2023, 6, 30, 8, 29, 16, tzinfo=tzlocal())},
                                 {'api_version': 'v1',
                                  'fields_type': 'FieldsV1',
                                  'fields_v1': {'f:metadata': {'f:labels': {'.': {},
                                                                            'f:***_kpo_in_cluster': {},
                                                                            'f:***_version': {},
                                                                            'f:app': {},
                                                                            'f:dag_id': {},
                                                                            'f:kubernetes_pod_operator': {},
                                                                            'f:run_id': {},
                                                                            'f:task_id': {},
                                                                            'f:try_number': {}}},
                                                'f:spec': {'f:affinity': {},
                                                           'f:containers': {'k:{"name":"base"}': {'.': {},
                                                                                                  'f:args': {},
                                                                                                  'f:command': {},
                                                                                                  'f:image': {},
                                                                                                  'f:imagePullPolicy': {},
                                                                                                  'f:name': {},
                                                                                                  'f:resources': {'.': {},
                                                                                                                  'f:limits': {'.': {},
                                                                                                                               'f:cpu': {},
                                                                                                                               'f:memory': {},
                                                                                                                               'f:nvidia.com/gpu': {}},
                                                                                                                  'f:requests': {'.': {},
                                                                                                                                 'f:cpu': {},
                                                                                                                                 'f:memory': {},
                                                                                                                                 'f:nvidia.com/gpu': {}}},
                                                                                                  'f:terminationMessagePath': {},
                                                                                                  'f:terminationMessagePolicy': {},
                                                                                                  'f:volumeMounts': {'.': {},
                                                                                                                     'k:{"mountPath":"/data/input"}': {'.': {},
                                                                                                                                                       'f:mountPath': {},
                                                                                                                                                       'f:name': {}},
                                                                                                                     'k:{"mountPath":"/data/output"}': {'.': {},
                                                                                                                                                        'f:mountPath': {},
                                                                                                                                                        'f:name': {}}}}},
                                                           'f:dnsPolicy': {},
                                                           'f:enableServiceLinks': {},
                                                           'f:imagePullSecrets': {'.': {},
                                                                                  'k:{"name":"c2hcred"}': {}},
                                                           'f:restartPolicy': {},
                                                           'f:schedulerName': {},
                                                           'f:securityContext': {},
                                                           'f:terminationGracePeriodSeconds': {},
                                                           'f:volumes': {'.': {},
                                                                         'k:{"name":"data-volume"}': {'.': {},
                                                                                                      'f:name': {},
                                                                                                      'f:persistentVolumeClaim': {'.': {},
                                                                                                                                  'f:claimName': {}}}}}},
                                  'manager': 'OpenAPI-Generator',
                                  'operation': 'Update',
                                  'subresource': None,
                                  'time': datetime.datetime(2023, 6, 30, 8, 29, 16, tzinfo=tzlocal())},
                                 {'api_version': 'v1',
                                  'fields_type': 'FieldsV1',
                                  'fields_v1': {'f:status': {'f:conditions': {'k:{"type":"ContainersReady"}': {'.': {},
                                                                                                               'f:lastProbeTime': {},
                                                                                                               'f:lastTransitionTime': {},
                                                                                                               'f:reason': {},
                                                                                                               'f:status': {},
                                                                                                               'f:type': {}},
                                                                              'k:{"type":"Initialized"}': {'.': {},
                                                                                                           'f:lastProbeTime': {},
                                                                                                           'f:lastTransitionTime': {},
                                                                                                           'f:status': {},
                                                                                                           'f:type': {}},
                                                                              'k:{"type":"Ready"}': {'.': {},
                                                                                                     'f:lastProbeTime': {},
                                                                                                     'f:lastTransitionTime': {},
                                                                                                     'f:reason': {},
                                                                                                     'f:status': {},
                                                                                                     'f:type': {}}},
                                                             'f:containerStatuses': {},
                                                             'f:hostIP': {},
                                                             'f:phase': {},
                                                             'f:podIP': {},
                                                             'f:podIPs': {'.': {},
                                                                          'k:{"ip":"10.233.102.34"}': {'.': {},
                                                                                                       'f:ip': {}}},
                                                             'f:startTime': {}}},
                                  'manager': 'kubelet',
                                  'operation': 'Update',
                                  'subresource': 'status',
                                  'time': datetime.datetime(2023, 6, 30, 8, 29, 28, tzinfo=tzlocal())}],
              'name': 'detect-images-m54dem2c',
              'namespace': '***-cluster',
              'owner_references': None,
              'resource_version': '20098813',
              'self_link': None,
              'uid': 'cf5917f5-d3a8-4922-94fe-950a753637a3'},
 'spec': {'active_deadline_seconds': None,
          'affinity': {'node_affinity': None,
                       'pod_affinity': None,
                       'pod_anti_affinity': None},
          'automount_service_account_token': None,
          'containers': [{'args': ['--weights',
                                   'yolov5s.pt',
                                   '--source',
                                   '/data/input/bus.jpg'],
                          'command': ['python', 'detect.py'],
                          'env': None,
                          'env_from': None,
                          'image': 'ultralytics/yolov5:latest',
                          'image_pull_policy': 'Always',
                          'lifecycle': None,
                          'liveness_probe': None,
                          'name': 'base',
                          'ports': None,
                          'readiness_probe': None,
                          'resources': {'limits': {'cpu': '1',
                                                   'memory': '2Gi',
                                                   'nvidia.com/gpu': '1'},
                                        'requests': {'cpu': '1',
                                                     'memory': '1Gi',
                                                     'nvidia.com/gpu': '1'}},
                          'security_context': None,
                          'startup_probe': None,
                          'stdin': None,
                          'stdin_once': None,
                          'termination_message_path': '/dev/termination-log',
                          'termination_message_policy': 'File',
                          'tty': None,
                          'volume_devices': None,
                          'volume_mounts': [{'mount_path': '/data/input',
                                             'mount_propagation': None,
                                             'name': 'data-volume',
                                             'read_only': None,
                                             'sub_path': None,
                                             'sub_path_expr': None},
                                            {'mount_path': '/data/output',
                                             'mount_propagation': None,
                                             'name': 'data-volume',
                                             'read_only': None,
                                             'sub_path': None,
                                             'sub_path_expr': None},
                                            {'mount_path': '/var/run/secrets/kubernetes.io/serviceaccount',
                                             'mount_propagation': None,
                                             'name': 'kube-api-access-g5k6k',
                                             'read_only': True,
                                             'sub_path': None,
                                             'sub_path_expr': None}],
                          'working_dir': None}],
          'dns_config': None,
          'dns_policy': 'ClusterFirst',
          'enable_service_links': True,
          'ephemeral_containers': None,
          'host_aliases': None,
          'host_ipc': None,
          'host_network': None,
          'host_pid': None,
          'hostname': None,
          'image_pull_secrets': [{'name': 'c2hcred'}],
          'init_containers': None,
          'node_name': 'desk2',
          'node_selector': None,
          'os': None,
          'overhead': None,
          'preemption_policy': 'PreemptLowerPriority',
          'priority': 0,
          'priority_class_name': None,
          'readiness_gates': None,
          'restart_policy': 'Never',
          'runtime_class_name': None,
          'scheduler_name': 'default-scheduler',
          'security_context': {'fs_group': None,
                               'fs_group_change_policy': None,
                               'run_as_group': None,
                               'run_as_non_root': None,
                               'run_as_user': None,
                               'se_linux_options': None,
                               'seccomp_profile': None,
                               'supplemental_groups': None,
                               'sysctls': None,
                               'windows_options': None},
          'service_account': 'default',
          'service_account_name': 'default',
          'set_hostname_as_fqdn': None,
          'share_process_namespace': None,
          'subdomain': None,
          'termination_grace_period_seconds': 30,
          'tolerations': [{'effect': 'NoExecute',
                           'key': 'node.kubernetes.io/not-ready',
                           'operator': 'Exists',
                           'toleration_seconds': 300,
                           'value': None},
                          {'effect': 'NoExecute',
                           'key': 'node.kubernetes.io/unreachable',
                           'operator': 'Exists',
                           'toleration_seconds': 300,
                           'value': None}],
          'topology_spread_constraints': None,
          'volumes': [{'aws_elastic_block_store': None,
                       'azure_disk': None,
                       'azure_file': None,
                       'cephfs': None,
                       'cinder': None,
                       'config_map': None,
                       'csi': None,
                       'downward_api': None,
                       'empty_dir': None,
                       'ephemeral': None,
                       'fc': None,
                       'flex_volume': None,
                       'flocker': None,
                       'gce_persistent_disk': None,
                       'git_repo': None,
                       'glusterfs': None,
                       'host_path': None,
                       'iscsi': None,
                       'name': 'data-volume',
                       'nfs': None,
                       'persistent_volume_claim': {'claim_name': 'data-pvc',
                                                   'read_only': None},
                       'photon_persistent_disk': None,
                       'portworx_volume': None,
                       'projected': None,
                       'quobyte': None,
                       'rbd': None,
                       'scale_io': None,
                       'secret': None,
                       'storageos': None,
                       'vsphere_volume': None},
                      {'aws_elastic_block_store': None,
                       'azure_disk': None,
                       'azure_file': None,
                       'cephfs': None,
                       'cinder': None,
                       'config_map': None,
                       'csi': None,
                       'downward_api': None,
                       'empty_dir': None,
                       'ephemeral': None,
                       'fc': None,
                       'flex_volume': None,
                       'flocker': None,
                       'gce_persistent_disk': None,
                       'git_repo': None,
                       'glusterfs': None,
                       'host_path': None,
                       'iscsi': None,
                       'name': 'kube-api-access-g5k6k',
                       'nfs': None,
                       'persistent_volume_claim': None,
                       'photon_persistent_disk': None,
                       'portworx_volume': None,
                       'projected': {'default_mode': 420,
                                     'sources': [{'config_map': None,
                                                  'downward_api': None,
                                                  'secret': None,
                                                  'service_account_token': {'audience': None,
                                                                            'expiration_seconds': 3607,
                                                                            'path': 'token'}},
                                                 {'config_map': {'items': [{'key': 'ca.crt',
                                                                            'mode': None,
                                                                            'path': 'ca.crt'}],
                                                                 'name': 'kube-root-ca.crt',
                                                                 'optional': None},
                                                  'downward_api': None,
                                                  'secret': None,
                                                  'service_account_token': None},
                                                 {'config_map': None,
                                                  'downward_api': {'items': [{'field_ref': {'api_version': 'v1',
                                                                                            'field_path': 'metadata.namespace'},
                                                                              'mode': None,
                                                                              'path': 'namespace',
                                                                              'resource_field_ref': None}]},
                                                  'secret': None,
                                                  'service_account_token': None}]},
                       'quobyte': None,
                       'rbd': None,
                       'scale_io': None,
                       'secret': None,
                       'storageos': None,
                       'vsphere_volume': None}]},
 'status': {'conditions': [{'last_probe_time': None,
                            'last_transition_time': datetime.datetime(2023, 6, 30, 8, 29, 16, tzinfo=tzlocal()),
                            'message': None,
                            'reason': None,
                            'status': 'True',
                            'type': 'Initialized'},
                           {'last_probe_time': None,
                            'last_transition_time': datetime.datetime(2023, 6, 30, 8, 29, 28, tzinfo=tzlocal()),
                            'message': None,
                            'reason': 'PodFailed',
                            'status': 'False',
                            'type': 'Ready'},
                           {'last_probe_time': None,
                            'last_transition_time': datetime.datetime(2023, 6, 30, 8, 29, 28, tzinfo=tzlocal()),
                            'message': None,
                            'reason': 'PodFailed',
                            'status': 'False',
                            'type': 'ContainersReady'},
                           {'last_probe_time': None,
                            'last_transition_time': datetime.datetime(2023, 6, 30, 8, 29, 16, tzinfo=tzlocal()),
                            'message': None,
                            'reason': None,
                            'status': 'True',
                            'type': 'PodScheduled'}],
            'container_statuses': [{'container_id': 'containerd://b12eed873c37b0c5bf548b6c7f80211ff9dd99b3b9af5d1e6442b8d7b9adb09d',
                                    'image': 'docker.io/ultralytics/yolov5:latest',
                                    'image_id': 'docker.io/ultralytics/yolov5@sha256:98068afa74d0960828884b5f5f11f651c7d5bfa112c481bc192e446bcaeea091',
                                    'last_state': {'running': None,
                                                   'terminated': None,
                                                   'waiting': None},
                                    'name': 'base',
                                    'ready': False,
                                    'restart_count': 0,
                                    'started': False,
                                    'state': {'running': None,
                                              'terminated': {'container_id': 'containerd://b12eed873c37b0c5bf548b6c7f80211ff9dd99b3b9af5d1e6442b8d7b9adb09d',
                                                             'exit_code': 137,
                                                             'finished_at': datetime.datetime(2023, 6, 30, 8, 29, 28, tzinfo=tzlocal()),
                                                             'message': None,
                                                             'reason': 'OOMKilled',
                                                             'signal': None,
                                                             'started_at': datetime.datetime(2023, 6, 30, 8, 29, 18, tzinfo=tzlocal())},
                                              'waiting': None}}],
            'ephemeral_container_statuses': None,
            'host_ip': '192.168.20.2',
            'init_container_statuses': None,
            'message': None,
            'nominated_node_name': None,
            'phase': 'Failed',
            'pod_i_ps': [{'ip': '10.233.102.34'}],
            'pod_ip': '10.233.102.34',
            'qos_class': 'Burstable',
            'reason': None,
            'start_time': datetime.datetime(2023, 6, 30, 8, 29, 16, tzinfo=tzlocal())}}
[2023-06-30T08:29:31.421+0000] {taskinstance.py:1327} INFO - Marking task as FAILED. dag_id=yolov5_ml_pipeline, task_id=detect_images, execution_date=20230630T082834, start_date=20230630T082914, end_date=20230630T082931
[2023-06-30T08:29:31.421+0000] {logging_mixin.py:137} INFO - Task failed. sleeping for 2minutes
[2023-06-30T08:31:31.535+0000] {standard_task_runner.py:100} ERROR - Failed to execute job 262 for task detect_images (Pod detect-images-m54dem2c returned a failure:

remote_pod: {'api_version': 'v1',
 'kind': 'Pod',
 'metadata': {'annotations': {'cni.projectcalico.org/containerID': '992c5d51a3ac44e8d950c5df9c56558f511b2d9e4809a8200fa42e8c13ad6c6d',
                              'cni.projectcalico.org/podIP': '',
                              'cni.projectcalico.org/podIPs': ''},
              'cluster_name': None,
              'creation_timestamp': datetime.datetime(2023, 6, 30, 8, 29, 16, tzinfo=tzlocal()),
              'deletion_grace_period_seconds': None,
              'deletion_timestamp': None,
              'finalizers': None,
              'generate_name': None,
              'generation': None,
              'labels': {'***_kpo_in_cluster': 'True',
                         '***_version': '2.5.3',
                         'app': 'my_app',
                         'dag_id': 'yolov5_ml_pipeline',
                         'kubernetes_pod_operator': 'True',
                         'run_id': 'manual__2023-06-30T082834.4590450000-34d796d18',
                         'task_id': 'detect_images',
                         'try_number': '1'},
              'managed_fields': [{'api_version': 'v1',
                                  'fields_type': 'FieldsV1',
                                  'fields_v1': {'f:metadata': {'f:annotations': {'.': {},
                                                                                 'f:cni.projectcalico.org/containerID': {},
                                                                                 'f:cni.projectcalico.org/podIP': {},
                                                                                 'f:cni.projectcalico.org/podIPs': {}}}},
                                  'manager': 'Go-http-client',
                                  'operation': 'Update',
                                  'subresource': 'status',
                                  'time': datetime.datetime(2023, 6, 30, 8, 29, 16, tzinfo=tzlocal())},
                                 {'api_version': 'v1',
                                  'fields_type': 'FieldsV1',
                                  'fields_v1': {'f:metadata': {'f:labels': {'.': {},
                                                                            'f:***_kpo_in_cluster': {},
                                                                            'f:***_version': {},
                                                                            'f:app': {},
                                                                            'f:dag_id': {},
                                                                            'f:kubernetes_pod_operator': {},
                                                                            'f:run_id': {},
                                                                            'f:task_id': {},
                                                                            'f:try_number': {}}},
                                                'f:spec': {'f:affinity': {},
                                                           'f:containers': {'k:{"name":"base"}': {'.': {},
                                                                                                  'f:args': {},
                                                                                                  'f:command': {},
                                                                                                  'f:image': {},
                                                                                                  'f:imagePullPolicy': {},
                                                                                                  'f:name': {},
                                                                                                  'f:resources': {'.': {},
                                                                                                                  'f:limits': {'.': {},
                                                                                                                               'f:cpu': {},
                                                                                                                               'f:memory': {},
                                                                                                                               'f:nvidia.com/gpu': {}},
                                                                                                                  'f:requests': {'.': {},
                                                                                                                                 'f:cpu': {},
                                                                                                                                 'f:memory': {},
                                                                                                                                 'f:nvidia.com/gpu': {}}},
                                                                                                  'f:terminationMessagePath': {},
                                                                                                  'f:terminationMessagePolicy': {},
                                                                                                  'f:volumeMounts': {'.': {},
                                                                                                                     'k:{"mountPath":"/data/input"}': {'.': {},
                                                                                                                                                       'f:mountPath': {},
                                                                                                                                                       'f:name': {}},
                                                                                                                     'k:{"mountPath":"/data/output"}': {'.': {},
                                                                                                                                                        'f:mountPath': {},
                                                                                                                                                        'f:name': {}}}}},
                                                           'f:dnsPolicy': {},
                                                           'f:enableServiceLinks': {},
                                                           'f:imagePullSecrets': {'.': {},
                                                                                  'k:{"name":"c2hcred"}': {}},
                                                           'f:restartPolicy': {},
                                                           'f:schedulerName': {},
                                                           'f:securityContext': {},
                                                           'f:terminationGracePeriodSeconds': {},
                                                           'f:volumes': {'.': {},
                                                                         'k:{"name":"data-volume"}': {'.': {},
                                                                                                      'f:name': {},
                                                                                                      'f:persistentVolumeClaim': {'.': {},
                                                                                                                                  'f:claimName': {}}}}}},
                                  'manager': 'OpenAPI-Generator',
                                  'operation': 'Update',
                                  'subresource': None,
                                  'time': datetime.datetime(2023, 6, 30, 8, 29, 16, tzinfo=tzlocal())},
                                 {'api_version': 'v1',
                                  'fields_type': 'FieldsV1',
                                  'fields_v1': {'f:status': {'f:conditions': {'k:{"type":"ContainersReady"}': {'.': {},
                                                                                                               'f:lastProbeTime': {},
                                                                                                               'f:lastTransitionTime': {},
                                                                                                               'f:reason': {},
                                                                                                               'f:status': {},
                                                                                                               'f:type': {}},
                                                                              'k:{"type":"Initialized"}': {'.': {},
                                                                                                           'f:lastProbeTime': {},
                                                                                                           'f:lastTransitionTime': {},
                                                                                                           'f:status': {},
                                                                                                           'f:type': {}},
                                                                              'k:{"type":"Ready"}': {'.': {},
                                                                                                     'f:lastProbeTime': {},
                                                                                                     'f:lastTransitionTime': {},
                                                                                                     'f:reason': {},
                                                                                                     'f:status': {},
                                                                                                     'f:type': {}}},
                                                             'f:containerStatuses': {},
                                                             'f:hostIP': {},
                                                             'f:phase': {},
                                                             'f:podIP': {},
                                                             'f:podIPs': {'.': {},
                                                                          'k:{"ip":"10.233.102.34"}': {'.': {},
                                                                                                       'f:ip': {}}},
                                                             'f:startTime': {}}},
                                  'manager': 'kubelet',
                                  'operation': 'Update',
                                  'subresource': 'status',
                                  'time': datetime.datetime(2023, 6, 30, 8, 29, 28, tzinfo=tzlocal())}],
              'name': 'detect-images-m54dem2c',
              'namespace': '***-cluster',
              'owner_references': None,
              'resource_version': '20098813',
              'self_link': None,
              'uid': 'cf5917f5-d3a8-4922-94fe-950a753637a3'},
 'spec': {'active_deadline_seconds': None,
          'affinity': {'node_affinity': None,
                       'pod_affinity': None,
                       'pod_anti_affinity': None},
          'automount_service_account_token': None,
          'containers': [{'args': ['--weights',
                                   'yolov5s.pt',
                                   '--source',
                                   '/data/input/bus.jpg'],
                          'command': ['python', 'detect.py'],
                          'env': None,
                          'env_from': None,
                          'image': 'ultralytics/yolov5:latest',
                          'image_pull_policy': 'Always',
                          'lifecycle': None,
                          'liveness_probe': None,
                          'name': 'base',
                          'ports': None,
                          'readiness_probe': None,
                          'resources': {'limits': {'cpu': '1',
                                                   'memory': '2Gi',
                                                   'nvidia.com/gpu': '1'},
                                        'requests': {'cpu': '1',
                                                     'memory': '1Gi',
                                                     'nvidia.com/gpu': '1'}},
                          'security_context': None,
                          'startup_probe': None,
                          'stdin': None,
                          'stdin_once': None,
                          'termination_message_path': '/dev/termination-log',
                          'termination_message_policy': 'File',
                          'tty': None,
                          'volume_devices': None,
                          'volume_mounts': [{'mount_path': '/data/input',
                                             'mount_propagation': None,
                                             'name': 'data-volume',
                                             'read_only': None,
                                             'sub_path': None,
                                             'sub_path_expr': None},
                                            {'mount_path': '/data/output',
                                             'mount_propagation': None,
                                             'name': 'data-volume',
                                             'read_only': None,
                                             'sub_path': None,
                                             'sub_path_expr': None},
                                            {'mount_path': '/var/run/secrets/kubernetes.io/serviceaccount',
                                             'mount_propagation': None,
                                             'name': 'kube-api-access-g5k6k',
                                             'read_only': True,
                                             'sub_path': None,
                                             'sub_path_expr': None}],
                          'working_dir': None}],
          'dns_config': None,
          'dns_policy': 'ClusterFirst',
          'enable_service_links': True,
          'ephemeral_containers': None,
          'host_aliases': None,
          'host_ipc': None,
          'host_network': None,
          'host_pid': None,
          'hostname': None,
          'image_pull_secrets': [{'name': 'c2hcred'}],
          'init_containers': None,
          'node_name': 'desk2',
          'node_selector': None,
          'os': None,
          'overhead': None,
          'preemption_policy': 'PreemptLowerPriority',
          'priority': 0,
          'priority_class_name': None,
          'readiness_gates': None,
          'restart_policy': 'Never',
          'runtime_class_name': None,
          'scheduler_name': 'default-scheduler',
          'security_context': {'fs_group': None,
                               'fs_group_change_policy': None,
                               'run_as_group': None,
                               'run_as_non_root': None,
                               'run_as_user': None,
                               'se_linux_options': None,
                               'seccomp_profile': None,
                               'supplemental_groups': None,
                               'sysctls': None,
                               'windows_options': None},
          'service_account': 'default',
          'service_account_name': 'default',
          'set_hostname_as_fqdn': None,
          'share_process_namespace': None,
          'subdomain': None,
          'termination_grace_period_seconds': 30,
          'tolerations': [{'effect': 'NoExecute',
                           'key': 'node.kubernetes.io/not-ready',
                           'operator': 'Exists',
                           'toleration_seconds': 300,
                           'value': None},
                          {'effect': 'NoExecute',
                           'key': 'node.kubernetes.io/unreachable',
                           'operator': 'Exists',
                           'toleration_seconds': 300,
                           'value': None}],
          'topology_spread_constraints': None,
          'volumes': [{'aws_elastic_block_store': None,
                       'azure_disk': None,
                       'azure_file': None,
                       'cephfs': None,
                       'cinder': None,
                       'config_map': None,
                       'csi': None,
                       'downward_api': None,
                       'empty_dir': None,
                       'ephemeral': None,
                       'fc': None,
                       'flex_volume': None,
                       'flocker': None,
                       'gce_persistent_disk': None,
                       'git_repo': None,
                       'glusterfs': None,
                       'host_path': None,
                       'iscsi': None,
                       'name': 'data-volume',
                       'nfs': None,
                       'persistent_volume_claim': {'claim_name': 'data-pvc',
                                                   'read_only': None},
                       'photon_persistent_disk': None,
                       'portworx_volume': None,
                       'projected': None,
                       'quobyte': None,
                       'rbd': None,
                       'scale_io': None,
                       'secret': None,
                       'storageos': None,
                       'vsphere_volume': None},
                      {'aws_elastic_block_store': None,
                       'azure_disk': None,
                       'azure_file': None,
                       'cephfs': None,
                       'cinder': None,
                       'config_map': None,
                       'csi': None,
                       'downward_api': None,
                       'empty_dir': None,
                       'ephemeral': None,
                       'fc': None,
                       'flex_volume': None,
                       'flocker': None,
                       'gce_persistent_disk': None,
                       'git_repo': None,
                       'glusterfs': None,
                       'host_path': None,
                       'iscsi': None,
                       'name': 'kube-api-access-g5k6k',
                       'nfs': None,
                       'persistent_volume_claim': None,
                       'photon_persistent_disk': None,
                       'portworx_volume': None,
                       'projected': {'default_mode': 420,
                                     'sources': [{'config_map': None,
                                                  'downward_api': None,
                                                  'secret': None,
                                                  'service_account_token': {'audience': None,
                                                                            'expiration_seconds': 3607,
                                                                            'path': 'token'}},
                                                 {'config_map': {'items': [{'key': 'ca.crt',
                                                                            'mode': None,
                                                                            'path': 'ca.crt'}],
                                                                 'name': 'kube-root-ca.crt',
                                                                 'optional': None},
                                                  'downward_api': None,
                                                  'secret': None,
                                                  'service_account_token': None},
                                                 {'config_map': None,
                                                  'downward_api': {'items': [{'field_ref': {'api_version': 'v1',
                                                                                            'field_path': 'metadata.namespace'},
                                                                              'mode': None,
                                                                              'path': 'namespace',
                                                                              'resource_field_ref': None}]},
                                                  'secret': None,
                                                  'service_account_token': None}]},
                       'quobyte': None,
                       'rbd': None,
                       'scale_io': None,
                       'secret': None,
                       'storageos': None,
                       'vsphere_volume': None}]},
 'status': {'conditions': [{'last_probe_time': None,
                            'last_transition_time': datetime.datetime(2023, 6, 30, 8, 29, 16, tzinfo=tzlocal()),
                            'message': None,
                            'reason': None,
                            'status': 'True',
                            'type': 'Initialized'},
                           {'last_probe_time': None,
                            'last_transition_time': datetime.datetime(2023, 6, 30, 8, 29, 28, tzinfo=tzlocal()),
                            'message': None,
                            'reason': 'PodFailed',
                            'status': 'False',
                            'type': 'Ready'},
                           {'last_probe_time': None,
                            'last_transition_time': datetime.datetime(2023, 6, 30, 8, 29, 28, tzinfo=tzlocal()),
                            'message': None,
                            'reason': 'PodFailed',
                            'status': 'False',
                            'type': 'ContainersReady'},
                           {'last_probe_time': None,
                            'last_transition_time': datetime.datetime(2023, 6, 30, 8, 29, 16, tzinfo=tzlocal()),
                            'message': None,
                            'reason': None,
                            'status': 'True',
                            'type': 'PodScheduled'}],
            'container_statuses': [{'container_id': 'containerd://b12eed873c37b0c5bf548b6c7f80211ff9dd99b3b9af5d1e6442b8d7b9adb09d',
                                    'image': 'docker.io/ultralytics/yolov5:latest',
                                    'image_id': 'docker.io/ultralytics/yolov5@sha256:98068afa74d0960828884b5f5f11f651c7d5bfa112c481bc192e446bcaeea091',
                                    'last_state': {'running': None,
                                                   'terminated': None,
                                                   'waiting': None},
                                    'name': 'base',
                                    'ready': False,
                                    'restart_count': 0,
                                    'started': False,
                                    'state': {'running': None,
                                              'terminated': {'container_id': 'containerd://b12eed873c37b0c5bf548b6c7f80211ff9dd99b3b9af5d1e6442b8d7b9adb09d',
                                                             'exit_code': 137,
                                                             'finished_at': datetime.datetime(2023, 6, 30, 8, 29, 28, tzinfo=tzlocal()),
                                                             'message': None,
                                                             'reason': 'OOMKilled',
                                                             'signal': None,
                                                             'started_at': datetime.datetime(2023, 6, 30, 8, 29, 18, tzinfo=tzlocal())},
                                              'waiting': None}}],
            'ephemeral_container_statuses': None,
            'host_ip': '192.168.20.2',
            'init_container_statuses': None,
            'message': None,
            'nominated_node_name': None,
            'phase': 'Failed',
            'pod_i_ps': [{'ip': '10.233.102.34'}],
            'pod_ip': '10.233.102.34',
            'qos_class': 'Burstable',
            'reason': None,
            'start_time': datetime.datetime(2023, 6, 30, 8, 29, 16, tzinfo=tzlocal())}}; 105)
[2023-06-30T08:31:31.572+0000] {local_task_job.py:212} INFO - Task exited with return code 1
[2023-06-30T08:31:31.634+0000] {taskinstance.py:2596} INFO - 0 downstream tasks scheduled from follow-on schedule check
