[2023-06-23T08:39:42.394+0000] {taskinstance.py:1090} INFO - Dependencies all met for dep_context=non-requeueable deps ti=<TaskInstance: text_hello.hello_task manual__2023-06-23T08:39:03.266909+00:00 [queued]>
[2023-06-23T08:39:42.404+0000] {taskinstance.py:1090} INFO - Dependencies all met for dep_context=requeueable deps ti=<TaskInstance: text_hello.hello_task manual__2023-06-23T08:39:03.266909+00:00 [queued]>
[2023-06-23T08:39:42.404+0000] {taskinstance.py:1288} INFO - 
--------------------------------------------------------------------------------
[2023-06-23T08:39:42.404+0000] {taskinstance.py:1289} INFO - Starting attempt 1 of 1
[2023-06-23T08:39:42.404+0000] {taskinstance.py:1290} INFO - 
--------------------------------------------------------------------------------
[2023-06-23T08:39:42.416+0000] {taskinstance.py:1309} INFO - Executing <Task(KubernetesPodOperator): hello_task> on 2023-06-23 08:39:03.266909+00:00
[2023-06-23T08:39:42.418+0000] {standard_task_runner.py:55} INFO - Started process 106 to run task
[2023-06-23T08:39:42.420+0000] {standard_task_runner.py:82} INFO - Running: ['***', 'tasks', 'run', 'text_hello', 'hello_task', 'manual__2023-06-23T08:39:03.266909+00:00', '--job-id', '219', '--raw', '--subdir', 'DAGS_FOLDER/kubernetesExecutor_sample.py', '--cfg-path', '/tmp/tmp1j20quhk']
[2023-06-23T08:39:42.422+0000] {standard_task_runner.py:83} INFO - Job 219: Subtask hello_task
[2023-06-23T08:39:42.958+0000] {task_command.py:389} INFO - Running <TaskInstance: text_hello.hello_task manual__2023-06-23T08:39:03.266909+00:00 [running]> on host text-hello-hello-task-dcd484a762d34577b4514847af09ff28
[2023-06-23T08:39:43.772+0000] {logging_mixin.py:137} WARNING - /home/***/.local/lib/python3.8/site-packages/***/kubernetes/kube_config.py:58 DeprecationWarning: The namespace option in [kubernetes] has been moved to the namespace option in [kubernetes_executor] - the old setting has been used, but please update your config.
[2023-06-23T08:39:43.773+0000] {logging_mixin.py:137} WARNING - /home/***/.local/lib/python3.8/site-packages/***/kubernetes/kube_config.py:64 DeprecationWarning: The namespace option in [kubernetes] has been moved to the namespace option in [kubernetes_executor] - the old setting has been used, but please update your config.
[2023-06-23T08:39:43.774+0000] {pod_generator.py:424} WARNING - Model file /opt/***/pod_templates/pod_template.yaml does not exist
[2023-06-23T08:39:43.819+0000] {taskinstance.py:1516} INFO - Exporting the following env vars:
AIRFLOW_CTX_DAG_OWNER=***
AIRFLOW_CTX_DAG_ID=text_hello
AIRFLOW_CTX_TASK_ID=hello_task
AIRFLOW_CTX_EXECUTION_DATE=2023-06-23T08:39:03.266909+00:00
AIRFLOW_CTX_TRY_NUMBER=1
AIRFLOW_CTX_DAG_RUN_ID=manual__2023-06-23T08:39:03.266909+00:00
[2023-06-23T08:39:43.824+0000] {kubernetes_pod.py:815} INFO - Building pod text-hello-pod-5ayb9nh5 with labels: {'dag_id': 'text_hello', 'task_id': 'hello_task', 'run_id': 'manual__2023-06-23T083903.2669090000-b7d0a2a57', 'kubernetes_pod_operator': 'True', 'try_number': '1'}
[2023-06-23T08:39:43.876+0000] {kubernetes_pod.py:476} INFO - Found matching pod text-hello-pod-5ayb9nh5 with labels {'airflow_kpo_in_cluster': 'True', 'airflow_version': '2.5.3', 'dag_id': 'text_hello', 'kubernetes_pod_operator': 'True', 'run_id': 'manual__2023-06-23T083903.2669090000-b7d0a2a57', 'task_id': 'hello_task', 'try_number': '1'}
[2023-06-23T08:39:43.877+0000] {kubernetes_pod.py:477} INFO - `try_number` of task_instance: 1
[2023-06-23T08:39:43.877+0000] {kubernetes_pod.py:478} INFO - `try_number` of pod: 1
[2023-06-23T08:39:43.883+0000] {pod_manager.py:187} WARNING - Pod not yet started: text-hello-pod-5ayb9nh5
[2023-06-23T08:39:44.907+0000] {pod_manager.py:187} WARNING - Pod not yet started: text-hello-pod-5ayb9nh5
[2023-06-23T08:39:45.919+0000] {pod_manager.py:187} WARNING - Pod not yet started: text-hello-pod-5ayb9nh5
[2023-06-23T08:39:46.937+0000] {pod_manager.py:187} WARNING - Pod not yet started: text-hello-pod-5ayb9nh5
[2023-06-23T08:39:47.947+0000] {pod_manager.py:187} WARNING - Pod not yet started: text-hello-pod-5ayb9nh5
[2023-06-23T08:39:48.960+0000] {pod_manager.py:187} WARNING - Pod not yet started: text-hello-pod-5ayb9nh5
[2023-06-23T08:39:49.972+0000] {pod_manager.py:187} WARNING - Pod not yet started: text-hello-pod-5ayb9nh5
[2023-06-23T08:39:51.004+0000] {pod_manager.py:187} WARNING - Pod not yet started: text-hello-pod-5ayb9nh5
[2023-06-23T08:39:52.017+0000] {pod_manager.py:187} WARNING - Pod not yet started: text-hello-pod-5ayb9nh5
[2023-06-23T08:39:53.031+0000] {pod_manager.py:187} WARNING - Pod not yet started: text-hello-pod-5ayb9nh5
[2023-06-23T08:39:54.043+0000] {pod_manager.py:187} WARNING - Pod not yet started: text-hello-pod-5ayb9nh5
[2023-06-23T08:39:55.062+0000] {pod_manager.py:187} WARNING - Pod not yet started: text-hello-pod-5ayb9nh5
[2023-06-23T08:39:56.086+0000] {pod_manager.py:187} WARNING - Pod not yet started: text-hello-pod-5ayb9nh5
[2023-06-23T08:39:57.110+0000] {pod_manager.py:187} WARNING - Pod not yet started: text-hello-pod-5ayb9nh5
[2023-06-23T08:39:58.131+0000] {pod_manager.py:187} WARNING - Pod not yet started: text-hello-pod-5ayb9nh5
[2023-06-23T08:39:59.143+0000] {pod_manager.py:187} WARNING - Pod not yet started: text-hello-pod-5ayb9nh5
[2023-06-23T08:40:00.155+0000] {pod_manager.py:187} WARNING - Pod not yet started: text-hello-pod-5ayb9nh5
[2023-06-23T08:40:01.183+0000] {pod_manager.py:187} WARNING - Pod not yet started: text-hello-pod-5ayb9nh5
[2023-06-23T08:40:02.211+0000] {pod_manager.py:187} WARNING - Pod not yet started: text-hello-pod-5ayb9nh5
[2023-06-23T08:40:03.221+0000] {pod_manager.py:187} WARNING - Pod not yet started: text-hello-pod-5ayb9nh5
[2023-06-23T08:40:04.237+0000] {pod_manager.py:187} WARNING - Pod not yet started: text-hello-pod-5ayb9nh5
[2023-06-23T08:40:05.255+0000] {pod_manager.py:187} WARNING - Pod not yet started: text-hello-pod-5ayb9nh5
[2023-06-23T08:40:06.274+0000] {pod_manager.py:187} WARNING - Pod not yet started: text-hello-pod-5ayb9nh5
[2023-06-23T08:40:07.302+0000] {pod_manager.py:187} WARNING - Pod not yet started: text-hello-pod-5ayb9nh5
[2023-06-23T08:40:08.313+0000] {pod_manager.py:187} WARNING - Pod not yet started: text-hello-pod-5ayb9nh5
[2023-06-23T08:40:09.325+0000] {pod_manager.py:187} WARNING - Pod not yet started: text-hello-pod-5ayb9nh5
[2023-06-23T08:40:10.337+0000] {pod_manager.py:187} WARNING - Pod not yet started: text-hello-pod-5ayb9nh5
[2023-06-23T08:40:11.355+0000] {pod_manager.py:187} WARNING - Pod not yet started: text-hello-pod-5ayb9nh5
[2023-06-23T08:40:12.383+0000] {pod_manager.py:187} WARNING - Pod not yet started: text-hello-pod-5ayb9nh5
[2023-06-23T08:40:13.401+0000] {pod_manager.py:187} WARNING - Pod not yet started: text-hello-pod-5ayb9nh5
[2023-06-23T08:40:14.427+0000] {pod_manager.py:187} WARNING - Pod not yet started: text-hello-pod-5ayb9nh5
[2023-06-23T08:40:15.444+0000] {pod_manager.py:187} WARNING - Pod not yet started: text-hello-pod-5ayb9nh5
[2023-06-23T08:40:16.472+0000] {pod_manager.py:187} WARNING - Pod not yet started: text-hello-pod-5ayb9nh5
[2023-06-23T08:40:17.504+0000] {pod_manager.py:187} WARNING - Pod not yet started: text-hello-pod-5ayb9nh5
[2023-06-23T08:40:18.514+0000] {pod_manager.py:187} WARNING - Pod not yet started: text-hello-pod-5ayb9nh5
[2023-06-23T08:40:19.531+0000] {pod_manager.py:187} WARNING - Pod not yet started: text-hello-pod-5ayb9nh5
[2023-06-23T08:40:20.543+0000] {pod_manager.py:187} WARNING - Pod not yet started: text-hello-pod-5ayb9nh5
[2023-06-23T08:40:21.568+0000] {pod_manager.py:187} WARNING - Pod not yet started: text-hello-pod-5ayb9nh5
[2023-06-23T08:40:22.596+0000] {pod_manager.py:187} WARNING - Pod not yet started: text-hello-pod-5ayb9nh5
[2023-06-23T08:40:23.611+0000] {pod_manager.py:187} WARNING - Pod not yet started: text-hello-pod-5ayb9nh5
[2023-06-23T08:40:24.624+0000] {pod_manager.py:187} WARNING - Pod not yet started: text-hello-pod-5ayb9nh5
[2023-06-23T08:40:25.650+0000] {pod_manager.py:187} WARNING - Pod not yet started: text-hello-pod-5ayb9nh5
[2023-06-23T08:40:26.658+0000] {pod_manager.py:187} WARNING - Pod not yet started: text-hello-pod-5ayb9nh5
[2023-06-23T08:40:27.671+0000] {pod_manager.py:187} WARNING - Pod not yet started: text-hello-pod-5ayb9nh5
[2023-06-23T08:40:28.686+0000] {pod_manager.py:187} WARNING - Pod not yet started: text-hello-pod-5ayb9nh5
[2023-06-23T08:40:29.718+0000] {pod_manager.py:187} WARNING - Pod not yet started: text-hello-pod-5ayb9nh5
[2023-06-23T08:40:30.731+0000] {pod_manager.py:187} WARNING - Pod not yet started: text-hello-pod-5ayb9nh5
[2023-06-23T08:40:31.748+0000] {pod_manager.py:187} WARNING - Pod not yet started: text-hello-pod-5ayb9nh5
[2023-06-23T08:40:32.774+0000] {pod_manager.py:187} WARNING - Pod not yet started: text-hello-pod-5ayb9nh5
[2023-06-23T08:40:33.787+0000] {pod_manager.py:187} WARNING - Pod not yet started: text-hello-pod-5ayb9nh5
[2023-06-23T08:40:34.803+0000] {pod_manager.py:187} WARNING - Pod not yet started: text-hello-pod-5ayb9nh5
[2023-06-23T08:40:35.818+0000] {pod_manager.py:187} WARNING - Pod not yet started: text-hello-pod-5ayb9nh5
[2023-06-23T08:40:36.834+0000] {pod_manager.py:187} WARNING - Pod not yet started: text-hello-pod-5ayb9nh5
[2023-06-23T08:40:37.843+0000] {pod_manager.py:187} WARNING - Pod not yet started: text-hello-pod-5ayb9nh5
[2023-06-23T08:40:38.855+0000] {pod_manager.py:187} WARNING - Pod not yet started: text-hello-pod-5ayb9nh5
[2023-06-23T08:40:39.876+0000] {pod_manager.py:187} WARNING - Pod not yet started: text-hello-pod-5ayb9nh5
[2023-06-23T08:40:40.907+0000] {pod_manager.py:187} WARNING - Pod not yet started: text-hello-pod-5ayb9nh5
[2023-06-23T08:40:41.927+0000] {pod_manager.py:187} WARNING - Pod not yet started: text-hello-pod-5ayb9nh5
[2023-06-23T08:40:42.939+0000] {pod_manager.py:187} WARNING - Pod not yet started: text-hello-pod-5ayb9nh5
[2023-06-23T08:40:43.988+0000] {pod_manager.py:187} WARNING - Pod not yet started: text-hello-pod-5ayb9nh5
[2023-06-23T08:40:45.016+0000] {pod_manager.py:187} WARNING - Pod not yet started: text-hello-pod-5ayb9nh5
[2023-06-23T08:40:46.033+0000] {pod_manager.py:187} WARNING - Pod not yet started: text-hello-pod-5ayb9nh5
[2023-06-23T08:40:47.062+0000] {pod_manager.py:187} WARNING - Pod not yet started: text-hello-pod-5ayb9nh5
[2023-06-23T08:40:48.076+0000] {pod_manager.py:187} WARNING - Pod not yet started: text-hello-pod-5ayb9nh5
[2023-06-23T08:40:49.118+0000] {pod_manager.py:187} WARNING - Pod not yet started: text-hello-pod-5ayb9nh5
[2023-06-23T08:40:50.133+0000] {pod_manager.py:187} WARNING - Pod not yet started: text-hello-pod-5ayb9nh5
[2023-06-23T08:40:51.144+0000] {pod_manager.py:187} WARNING - Pod not yet started: text-hello-pod-5ayb9nh5
[2023-06-23T08:40:52.168+0000] {pod_manager.py:187} WARNING - Pod not yet started: text-hello-pod-5ayb9nh5
[2023-06-23T08:40:53.181+0000] {pod_manager.py:187} WARNING - Pod not yet started: text-hello-pod-5ayb9nh5
[2023-06-23T08:40:54.220+0000] {pod_manager.py:187} WARNING - Pod not yet started: text-hello-pod-5ayb9nh5
[2023-06-23T08:40:55.239+0000] {pod_manager.py:187} WARNING - Pod not yet started: text-hello-pod-5ayb9nh5
[2023-06-23T08:40:56.250+0000] {pod_manager.py:187} WARNING - Pod not yet started: text-hello-pod-5ayb9nh5
[2023-06-23T08:40:57.267+0000] {pod_manager.py:187} WARNING - Pod not yet started: text-hello-pod-5ayb9nh5
[2023-06-23T08:40:58.281+0000] {pod_manager.py:187} WARNING - Pod not yet started: text-hello-pod-5ayb9nh5
[2023-06-23T08:40:59.296+0000] {pod_manager.py:187} WARNING - Pod not yet started: text-hello-pod-5ayb9nh5
[2023-06-23T08:41:00.323+0000] {pod_manager.py:187} WARNING - Pod not yet started: text-hello-pod-5ayb9nh5
[2023-06-23T08:41:01.347+0000] {pod_manager.py:187} WARNING - Pod not yet started: text-hello-pod-5ayb9nh5
[2023-06-23T08:41:02.361+0000] {pod_manager.py:187} WARNING - Pod not yet started: text-hello-pod-5ayb9nh5
[2023-06-23T08:41:03.375+0000] {pod_manager.py:187} WARNING - Pod not yet started: text-hello-pod-5ayb9nh5
[2023-06-23T08:41:04.384+0000] {pod_manager.py:187} WARNING - Pod not yet started: text-hello-pod-5ayb9nh5
[2023-06-23T08:41:05.403+0000] {pod_manager.py:187} WARNING - Pod not yet started: text-hello-pod-5ayb9nh5
[2023-06-23T08:41:06.418+0000] {pod_manager.py:187} WARNING - Pod not yet started: text-hello-pod-5ayb9nh5
[2023-06-23T08:41:07.437+0000] {pod_manager.py:187} WARNING - Pod not yet started: text-hello-pod-5ayb9nh5
[2023-06-23T08:41:08.450+0000] {pod_manager.py:187} WARNING - Pod not yet started: text-hello-pod-5ayb9nh5
[2023-06-23T08:41:09.460+0000] {pod_manager.py:187} WARNING - Pod not yet started: text-hello-pod-5ayb9nh5
[2023-06-23T08:41:10.470+0000] {pod_manager.py:187} WARNING - Pod not yet started: text-hello-pod-5ayb9nh5
[2023-06-23T08:41:11.483+0000] {pod_manager.py:187} WARNING - Pod not yet started: text-hello-pod-5ayb9nh5
[2023-06-23T08:41:12.508+0000] {pod_manager.py:187} WARNING - Pod not yet started: text-hello-pod-5ayb9nh5
[2023-06-23T08:41:13.529+0000] {pod_manager.py:187} WARNING - Pod not yet started: text-hello-pod-5ayb9nh5
[2023-06-23T08:41:14.539+0000] {pod_manager.py:187} WARNING - Pod not yet started: text-hello-pod-5ayb9nh5
[2023-06-23T08:41:15.553+0000] {pod_manager.py:187} WARNING - Pod not yet started: text-hello-pod-5ayb9nh5
[2023-06-23T08:41:16.565+0000] {pod_manager.py:187} WARNING - Pod not yet started: text-hello-pod-5ayb9nh5
[2023-06-23T08:41:17.593+0000] {pod_manager.py:187} WARNING - Pod not yet started: text-hello-pod-5ayb9nh5
[2023-06-23T08:41:18.622+0000] {pod_manager.py:187} WARNING - Pod not yet started: text-hello-pod-5ayb9nh5
[2023-06-23T08:41:19.652+0000] {pod_manager.py:187} WARNING - Pod not yet started: text-hello-pod-5ayb9nh5
[2023-06-23T08:41:20.662+0000] {pod_manager.py:187} WARNING - Pod not yet started: text-hello-pod-5ayb9nh5
[2023-06-23T08:41:21.671+0000] {pod_manager.py:187} WARNING - Pod not yet started: text-hello-pod-5ayb9nh5
[2023-06-23T08:41:22.700+0000] {pod_manager.py:187} WARNING - Pod not yet started: text-hello-pod-5ayb9nh5
[2023-06-23T08:41:23.712+0000] {pod_manager.py:187} WARNING - Pod not yet started: text-hello-pod-5ayb9nh5
[2023-06-23T08:41:24.730+0000] {pod_manager.py:187} WARNING - Pod not yet started: text-hello-pod-5ayb9nh5
[2023-06-23T08:41:25.747+0000] {pod_manager.py:187} WARNING - Pod not yet started: text-hello-pod-5ayb9nh5
[2023-06-23T08:41:26.760+0000] {pod_manager.py:187} WARNING - Pod not yet started: text-hello-pod-5ayb9nh5
[2023-06-23T08:41:27.785+0000] {pod_manager.py:187} WARNING - Pod not yet started: text-hello-pod-5ayb9nh5
[2023-06-23T08:41:28.811+0000] {pod_manager.py:187} WARNING - Pod not yet started: text-hello-pod-5ayb9nh5
[2023-06-23T08:41:29.838+0000] {pod_manager.py:187} WARNING - Pod not yet started: text-hello-pod-5ayb9nh5
[2023-06-23T08:41:30.848+0000] {pod_manager.py:187} WARNING - Pod not yet started: text-hello-pod-5ayb9nh5
[2023-06-23T08:41:31.864+0000] {pod_manager.py:187} WARNING - Pod not yet started: text-hello-pod-5ayb9nh5
[2023-06-23T08:41:32.879+0000] {pod_manager.py:187} WARNING - Pod not yet started: text-hello-pod-5ayb9nh5
[2023-06-23T08:41:33.893+0000] {pod_manager.py:187} WARNING - Pod not yet started: text-hello-pod-5ayb9nh5
[2023-06-23T08:41:34.904+0000] {pod_manager.py:187} WARNING - Pod not yet started: text-hello-pod-5ayb9nh5
[2023-06-23T08:41:35.918+0000] {pod_manager.py:187} WARNING - Pod not yet started: text-hello-pod-5ayb9nh5
[2023-06-23T08:41:36.953+0000] {pod_manager.py:187} WARNING - Pod not yet started: text-hello-pod-5ayb9nh5
[2023-06-23T08:41:37.970+0000] {pod_manager.py:187} WARNING - Pod not yet started: text-hello-pod-5ayb9nh5
[2023-06-23T08:41:38.980+0000] {pod_manager.py:187} WARNING - Pod not yet started: text-hello-pod-5ayb9nh5
[2023-06-23T08:41:39.998+0000] {pod_manager.py:187} WARNING - Pod not yet started: text-hello-pod-5ayb9nh5
[2023-06-23T08:41:41.030+0000] {pod_manager.py:187} WARNING - Pod not yet started: text-hello-pod-5ayb9nh5
[2023-06-23T08:41:42.043+0000] {pod_manager.py:187} WARNING - Pod not yet started: text-hello-pod-5ayb9nh5
[2023-06-23T08:41:43.059+0000] {pod_manager.py:187} WARNING - Pod not yet started: text-hello-pod-5ayb9nh5
[2023-06-23T08:41:44.088+0000] {pod_manager.py:187} WARNING - Pod not yet started: text-hello-pod-5ayb9nh5
[2023-06-23T08:41:44.113+0000] {kubernetes_pod.py:688} INFO - Deleting pod: text-hello-pod-5ayb9nh5
[2023-06-23T08:41:44.147+0000] {taskinstance.py:1776} ERROR - Task failed with exception
Traceback (most recent call last):
  File "/home/airflow/.local/lib/python3.8/site-packages/airflow/providers/cncf/kubernetes/operators/kubernetes_pod.py", line 527, in execute_sync
    self.await_pod_start(pod=self.pod)
  File "/home/airflow/.local/lib/python3.8/site-packages/airflow/providers/cncf/kubernetes/operators/kubernetes_pod.py", line 494, in await_pod_start
    self.pod_manager.await_pod_start(pod=pod, startup_timeout=self.startup_timeout_seconds)
  File "/home/airflow/.local/lib/python3.8/site-packages/airflow/providers/cncf/kubernetes/utils/pod_manager.py", line 194, in await_pod_start
    raise PodLaunchFailedException(msg)
airflow.providers.cncf.kubernetes.utils.pod_manager.PodLaunchFailedException: Pod took longer than 120 seconds to start. Check the pod events in kubernetes to determine why.

During handling of the above exception, another exception occurred:

Traceback (most recent call last):
  File "/home/airflow/.local/lib/python3.8/site-packages/airflow/providers/cncf/kubernetes/operators/kubernetes_pod.py", line 516, in execute
    return self.execute_sync(context)
  File "/home/airflow/.local/lib/python3.8/site-packages/airflow/providers/cncf/kubernetes/operators/kubernetes_pod.py", line 545, in execute_sync
    self.cleanup(
  File "/home/airflow/.local/lib/python3.8/site-packages/airflow/providers/cncf/kubernetes/operators/kubernetes_pod.py", line 671, in cleanup
    raise AirflowException(
airflow.exceptions.AirflowException: Pod text-hello-pod-5ayb9nh5 returned a failure:

remote_pod: {'api_version': None,
 'kind': None,
 'metadata': {'annotations': None,
              'cluster_name': None,
              'creation_timestamp': datetime.datetime(2023, 6, 23, 8, 39, 43, tzinfo=tzlocal()),
              'deletion_grace_period_seconds': None,
              'deletion_timestamp': None,
              'finalizers': None,
              'generate_name': None,
              'generation': None,
              'labels': {'***_kpo_in_cluster': 'True',
                         '***_version': '2.5.3',
                         'dag_id': 'text_hello',
                         'kubernetes_pod_operator': 'True',
                         'run_id': 'manual__2023-06-23T083903.2669090000-b7d0a2a57',
                         'task_id': 'hello_task',
                         'try_number': '1'},
              'managed_fields': [{'api_version': 'v1',
                                  'fields_type': 'FieldsV1',
                                  'fields_v1': {'f:metadata': {'f:labels': {'.': {},
                                                                            'f:***_kpo_in_cluster': {},
                                                                            'f:***_version': {},
                                                                            'f:dag_id': {},
                                                                            'f:kubernetes_pod_operator': {},
                                                                            'f:run_id': {},
                                                                            'f:task_id': {},
                                                                            'f:try_number': {}}},
                                                'f:spec': {'f:affinity': {},
                                                           'f:containers': {'k:{"name":"base"}': {'.': {},
                                                                                                  'f:args': {},
                                                                                                  'f:command': {},
                                                                                                  'f:image': {},
                                                                                                  'f:imagePullPolicy': {},
                                                                                                  'f:name': {},
                                                                                                  'f:resources': {},
                                                                                                  'f:terminationMessagePath': {},
                                                                                                  'f:terminationMessagePolicy': {}}},
                                                           'f:dnsPolicy': {},
                                                           'f:enableServiceLinks': {},
                                                           'f:imagePullSecrets': {'.': {},
                                                                                  'k:{"name":"regcred"}': {}},
                                                           'f:restartPolicy': {},
                                                           'f:schedulerName': {},
                                                           'f:securityContext': {},
                                                           'f:terminationGracePeriodSeconds': {}}},
                                  'manager': 'OpenAPI-Generator',
                                  'operation': 'Update',
                                  'subresource': None,
                                  'time': datetime.datetime(2023, 6, 23, 8, 39, 43, tzinfo=tzlocal())}],
              'name': 'text-hello-pod-5ayb9nh5',
              'namespace': '***-cluster',
              'owner_references': None,
              'resource_version': '18702000',
              'self_link': None,
              'uid': '67b00b88-b801-439a-a48e-3e77576a3d44'},
 'spec': {'active_deadline_seconds': None,
          'affinity': {'node_affinity': None,
                       'pod_affinity': None,
                       'pod_anti_affinity': None},
          'automount_service_account_token': None,
          'containers': [{'args': ['\n'
                                   '        print("Run this command!!!")\n'
                                   '        # import time\n'
                                   '        # from datetime import datetime\n'
                                   '        # now = datetime.now()  # current '
                                   'date and time\n'
                                   '        # with '
                                   'open("/data/hello_world.txt", "w") as f:\n'
                                   '        #     f.write(f"Hello World, '
                                   "Current Time: {now.strftime('%Y-%m-%d "
                                   '%H:%M:%S\')}")\n'
                                   '        # time.sleep(120)  # Sleep for 60 '
                                   'seconds\n'
                                   '        '],
                          'command': ['python', '-c'],
                          'env': None,
                          'env_from': None,
                          'image': 'text_hello:v0.1',
                          'image_pull_policy': 'IfNotPresent',
                          'lifecycle': None,
                          'liveness_probe': None,
                          'name': 'base',
                          'ports': None,
                          'readiness_probe': None,
                          'resources': {'limits': None, 'requests': None},
                          'security_context': None,
                          'startup_probe': None,
                          'stdin': None,
                          'stdin_once': None,
                          'termination_message_path': '/dev/termination-log',
                          'termination_message_policy': 'File',
                          'tty': None,
                          'volume_devices': None,
                          'volume_mounts': [{'mount_path': '/var/run/secrets/kubernetes.io/serviceaccount',
                                             'mount_propagation': None,
                                             'name': 'kube-api-access-5mmmp',
                                             'read_only': True,
                                             'sub_path': None,
                                             'sub_path_expr': None}],
                          'working_dir': None}],
          'dns_config': None,
          'dns_policy': 'ClusterFirst',
          'enable_service_links': True,
          'ephemeral_containers': None,
          'host_aliases': None,
          'host_ipc': None,
          'host_network': None,
          'host_pid': None,
          'hostname': None,
          'image_pull_secrets': [{'name': 'regcred'}],
          'init_containers': None,
          'node_name': 'desk2',
          'node_selector': None,
          'os': None,
          'overhead': None,
          'preemption_policy': 'PreemptLowerPriority',
          'priority': 0,
          'priority_class_name': None,
          'readiness_gates': None,
          'restart_policy': 'Never',
          'runtime_class_name': None,
          'scheduler_name': 'default-scheduler',
          'security_context': {'fs_group': None,
                               'fs_group_change_policy': None,
                               'run_as_group': None,
                               'run_as_non_root': None,
                               'run_as_user': None,
                               'se_linux_options': None,
                               'seccomp_profile': None,
                               'supplemental_groups': None,
                               'sysctls': None,
                               'windows_options': None},
          'service_account': 'default',
          'service_account_name': 'default',
          'set_hostname_as_fqdn': None,
          'share_process_namespace': None,
          'subdomain': None,
          'termination_grace_period_seconds': 30,
          'tolerations': [{'effect': 'NoExecute',
                           'key': 'node.kubernetes.io/not-ready',
                           'operator': 'Exists',
                           'toleration_seconds': 300,
                           'value': None},
                          {'effect': 'NoExecute',
                           'key': 'node.kubernetes.io/unreachable',
                           'operator': 'Exists',
                           'toleration_seconds': 300,
                           'value': None}],
          'topology_spread_constraints': None,
          'volumes': [{'aws_elastic_block_store': None,
                       'azure_disk': None,
                       'azure_file': None,
                       'cephfs': None,
                       'cinder': None,
                       'config_map': None,
                       'csi': None,
                       'downward_api': None,
                       'empty_dir': None,
                       'ephemeral': None,
                       'fc': None,
                       'flex_volume': None,
                       'flocker': None,
                       'gce_persistent_disk': None,
                       'git_repo': None,
                       'glusterfs': None,
                       'host_path': None,
                       'iscsi': None,
                       'name': 'kube-api-access-5mmmp',
                       'nfs': None,
                       'persistent_volume_claim': None,
                       'photon_persistent_disk': None,
                       'portworx_volume': None,
                       'projected': {'default_mode': 420,
                                     'sources': [{'config_map': None,
                                                  'downward_api': None,
                                                  'secret': None,
                                                  'service_account_token': {'audience': None,
                                                                            'expiration_seconds': 3607,
                                                                            'path': 'token'}},
                                                 {'config_map': {'items': [{'key': 'ca.crt',
                                                                            'mode': None,
                                                                            'path': 'ca.crt'}],
                                                                 'name': 'kube-root-ca.crt',
                                                                 'optional': None},
                                                  'downward_api': None,
                                                  'secret': None,
                                                  'service_account_token': None},
                                                 {'config_map': None,
                                                  'downward_api': {'items': [{'field_ref': {'api_version': 'v1',
                                                                                            'field_path': 'metadata.namespace'},
                                                                              'mode': None,
                                                                              'path': 'namespace',
                                                                              'resource_field_ref': None}]},
                                                  'secret': None,
                                                  'service_account_token': None}]},
                       'quobyte': None,
                       'rbd': None,
                       'scale_io': None,
                       'secret': None,
                       'storageos': None,
                       'vsphere_volume': None}]},
 'status': {'conditions': [{'last_probe_time': None,
                            'last_transition_time': datetime.datetime(2023, 6, 23, 8, 39, 43, tzinfo=tzlocal()),
                            'message': None,
                            'reason': None,
                            'status': 'True',
                            'type': 'PodScheduled'}],
            'container_statuses': None,
            'ephemeral_container_statuses': None,
            'host_ip': None,
            'init_container_statuses': None,
            'message': None,
            'nominated_node_name': None,
            'phase': 'Pending',
            'pod_i_ps': None,
            'pod_ip': None,
            'qos_class': 'BestEffort',
            'reason': None,
            'start_time': None}}
[2023-06-23T08:41:44.152+0000] {taskinstance.py:1327} INFO - Marking task as FAILED. dag_id=text_hello, task_id=hello_task, execution_date=20230623T083903, start_date=20230623T083942, end_date=20230623T084144
[2023-06-23T08:41:44.168+0000] {standard_task_runner.py:100} ERROR - Failed to execute job 219 for task hello_task (Pod text-hello-pod-5ayb9nh5 returned a failure:

remote_pod: {'api_version': None,
 'kind': None,
 'metadata': {'annotations': None,
              'cluster_name': None,
              'creation_timestamp': datetime.datetime(2023, 6, 23, 8, 39, 43, tzinfo=tzlocal()),
              'deletion_grace_period_seconds': None,
              'deletion_timestamp': None,
              'finalizers': None,
              'generate_name': None,
              'generation': None,
              'labels': {'***_kpo_in_cluster': 'True',
                         '***_version': '2.5.3',
                         'dag_id': 'text_hello',
                         'kubernetes_pod_operator': 'True',
                         'run_id': 'manual__2023-06-23T083903.2669090000-b7d0a2a57',
                         'task_id': 'hello_task',
                         'try_number': '1'},
              'managed_fields': [{'api_version': 'v1',
                                  'fields_type': 'FieldsV1',
                                  'fields_v1': {'f:metadata': {'f:labels': {'.': {},
                                                                            'f:***_kpo_in_cluster': {},
                                                                            'f:***_version': {},
                                                                            'f:dag_id': {},
                                                                            'f:kubernetes_pod_operator': {},
                                                                            'f:run_id': {},
                                                                            'f:task_id': {},
                                                                            'f:try_number': {}}},
                                                'f:spec': {'f:affinity': {},
                                                           'f:containers': {'k:{"name":"base"}': {'.': {},
                                                                                                  'f:args': {},
                                                                                                  'f:command': {},
                                                                                                  'f:image': {},
                                                                                                  'f:imagePullPolicy': {},
                                                                                                  'f:name': {},
                                                                                                  'f:resources': {},
                                                                                                  'f:terminationMessagePath': {},
                                                                                                  'f:terminationMessagePolicy': {}}},
                                                           'f:dnsPolicy': {},
                                                           'f:enableServiceLinks': {},
                                                           'f:imagePullSecrets': {'.': {},
                                                                                  'k:{"name":"regcred"}': {}},
                                                           'f:restartPolicy': {},
                                                           'f:schedulerName': {},
                                                           'f:securityContext': {},
                                                           'f:terminationGracePeriodSeconds': {}}},
                                  'manager': 'OpenAPI-Generator',
                                  'operation': 'Update',
                                  'subresource': None,
                                  'time': datetime.datetime(2023, 6, 23, 8, 39, 43, tzinfo=tzlocal())}],
              'name': 'text-hello-pod-5ayb9nh5',
              'namespace': '***-cluster',
              'owner_references': None,
              'resource_version': '18702000',
              'self_link': None,
              'uid': '67b00b88-b801-439a-a48e-3e77576a3d44'},
 'spec': {'active_deadline_seconds': None,
          'affinity': {'node_affinity': None,
                       'pod_affinity': None,
                       'pod_anti_affinity': None},
          'automount_service_account_token': None,
          'containers': [{'args': ['\n'
                                   '        print("Run this command!!!")\n'
                                   '        # import time\n'
                                   '        # from datetime import datetime\n'
                                   '        # now = datetime.now()  # current '
                                   'date and time\n'
                                   '        # with '
                                   'open("/data/hello_world.txt", "w") as f:\n'
                                   '        #     f.write(f"Hello World, '
                                   "Current Time: {now.strftime('%Y-%m-%d "
                                   '%H:%M:%S\')}")\n'
                                   '        # time.sleep(120)  # Sleep for 60 '
                                   'seconds\n'
                                   '        '],
                          'command': ['python', '-c'],
                          'env': None,
                          'env_from': None,
                          'image': 'text_hello:v0.1',
                          'image_pull_policy': 'IfNotPresent',
                          'lifecycle': None,
                          'liveness_probe': None,
                          'name': 'base',
                          'ports': None,
                          'readiness_probe': None,
                          'resources': {'limits': None, 'requests': None},
                          'security_context': None,
                          'startup_probe': None,
                          'stdin': None,
                          'stdin_once': None,
                          'termination_message_path': '/dev/termination-log',
                          'termination_message_policy': 'File',
                          'tty': None,
                          'volume_devices': None,
                          'volume_mounts': [{'mount_path': '/var/run/secrets/kubernetes.io/serviceaccount',
                                             'mount_propagation': None,
                                             'name': 'kube-api-access-5mmmp',
                                             'read_only': True,
                                             'sub_path': None,
                                             'sub_path_expr': None}],
                          'working_dir': None}],
          'dns_config': None,
          'dns_policy': 'ClusterFirst',
          'enable_service_links': True,
          'ephemeral_containers': None,
          'host_aliases': None,
          'host_ipc': None,
          'host_network': None,
          'host_pid': None,
          'hostname': None,
          'image_pull_secrets': [{'name': 'regcred'}],
          'init_containers': None,
          'node_name': 'desk2',
          'node_selector': None,
          'os': None,
          'overhead': None,
          'preemption_policy': 'PreemptLowerPriority',
          'priority': 0,
          'priority_class_name': None,
          'readiness_gates': None,
          'restart_policy': 'Never',
          'runtime_class_name': None,
          'scheduler_name': 'default-scheduler',
          'security_context': {'fs_group': None,
                               'fs_group_change_policy': None,
                               'run_as_group': None,
                               'run_as_non_root': None,
                               'run_as_user': None,
                               'se_linux_options': None,
                               'seccomp_profile': None,
                               'supplemental_groups': None,
                               'sysctls': None,
                               'windows_options': None},
          'service_account': 'default',
          'service_account_name': 'default',
          'set_hostname_as_fqdn': None,
          'share_process_namespace': None,
          'subdomain': None,
          'termination_grace_period_seconds': 30,
          'tolerations': [{'effect': 'NoExecute',
                           'key': 'node.kubernetes.io/not-ready',
                           'operator': 'Exists',
                           'toleration_seconds': 300,
                           'value': None},
                          {'effect': 'NoExecute',
                           'key': 'node.kubernetes.io/unreachable',
                           'operator': 'Exists',
                           'toleration_seconds': 300,
                           'value': None}],
          'topology_spread_constraints': None,
          'volumes': [{'aws_elastic_block_store': None,
                       'azure_disk': None,
                       'azure_file': None,
                       'cephfs': None,
                       'cinder': None,
                       'config_map': None,
                       'csi': None,
                       'downward_api': None,
                       'empty_dir': None,
                       'ephemeral': None,
                       'fc': None,
                       'flex_volume': None,
                       'flocker': None,
                       'gce_persistent_disk': None,
                       'git_repo': None,
                       'glusterfs': None,
                       'host_path': None,
                       'iscsi': None,
                       'name': 'kube-api-access-5mmmp',
                       'nfs': None,
                       'persistent_volume_claim': None,
                       'photon_persistent_disk': None,
                       'portworx_volume': None,
                       'projected': {'default_mode': 420,
                                     'sources': [{'config_map': None,
                                                  'downward_api': None,
                                                  'secret': None,
                                                  'service_account_token': {'audience': None,
                                                                            'expiration_seconds': 3607,
                                                                            'path': 'token'}},
                                                 {'config_map': {'items': [{'key': 'ca.crt',
                                                                            'mode': None,
                                                                            'path': 'ca.crt'}],
                                                                 'name': 'kube-root-ca.crt',
                                                                 'optional': None},
                                                  'downward_api': None,
                                                  'secret': None,
                                                  'service_account_token': None},
                                                 {'config_map': None,
                                                  'downward_api': {'items': [{'field_ref': {'api_version': 'v1',
                                                                                            'field_path': 'metadata.namespace'},
                                                                              'mode': None,
                                                                              'path': 'namespace',
                                                                              'resource_field_ref': None}]},
                                                  'secret': None,
                                                  'service_account_token': None}]},
                       'quobyte': None,
                       'rbd': None,
                       'scale_io': None,
                       'secret': None,
                       'storageos': None,
                       'vsphere_volume': None}]},
 'status': {'conditions': [{'last_probe_time': None,
                            'last_transition_time': datetime.datetime(2023, 6, 23, 8, 39, 43, tzinfo=tzlocal()),
                            'message': None,
                            'reason': None,
                            'status': 'True',
                            'type': 'PodScheduled'}],
            'container_statuses': None,
            'ephemeral_container_statuses': None,
            'host_ip': None,
            'init_container_statuses': None,
            'message': None,
            'nominated_node_name': None,
            'phase': 'Pending',
            'pod_i_ps': None,
            'pod_ip': None,
            'qos_class': 'BestEffort',
            'reason': None,
            'start_time': None}}; 106)
[2023-06-23T08:41:44.189+0000] {local_task_job.py:212} INFO - Task exited with return code 1
[2023-06-23T08:41:44.207+0000] {taskinstance.py:2596} INFO - 0 downstream tasks scheduled from follow-on schedule check
